Added Component: Designator=B1(PS1240P02BT)
Added Component: Designator=C1(Cap_Ceramic_0603)
Added Component: Designator=C2(Cap_Ceramic_0603)
Added Component: Designator=C3(Cap_Ceramic_0603)
Added Component: Designator=C4(Cap_Ceramic_0603)
Added Component: Designator=C5(Cap_Ceramic_0603)
Added Component: Designator=C6(Cap_Ceramic_0603)
Added Component: Designator=C7(Cap_Ceramic_0603)
Added Component: Designator=C8(Cap_Ceramic_0603)
Added Component: Designator=C9(Cap_Ceramic_0603)
Added Component: Designator=C10(Cap_Ceramic_0603)
Added Component: Designator=C11(Cap_Ceramic_0603)
Added Component: Designator=C12(Cap_Ceramic_0603)
Added Component: Designator=C13(Cap_Ceramic_0603)
Added Component: Designator=C14(Cap_Ceramic_0603)
Added Component: Designator=C15(Cap_Ceramic_0603)
Added Component: Designator=C16(Cap_Ceramic_0603)
Added Component: Designator=C17(Cap_Ceramic_0603)
Added Component: Designator=C18(CAP_ALU_10x10mm)
Added Component: Designator=C19(Cap_Ceramic_0603)
Added Component: Designator=C20(Cap_Ceramic_0603)
Added Component: Designator=C21(CAP_ALU_16x16mm)
Added Component: Designator=C22(CAP_ALU_16x16mm)
Added Component: Designator=C23(CAP_ALU_16x16mm)
Added Component: Designator=C24(CAP_ALU_16x16mm)
Added Component: Designator=C25(Cap_Ceramic_0603)
Added Component: Designator=C26(Cap_Ceramic_0603)
Added Component: Designator=D1(NUP2105L)
Add component (AddParameter): Name = "ComponentLink1Description"; Value = "Datasheet"; VariantName = "[No Variations]"
Add component (AddParameter): Name = "ComponentLink1URL"; Value = "https://www.onsemi.cn/PowerSolutions/document/NUP2105L-D.PDF"; VariantName = "[No Variations]"
Add component (AddParameter): Name = "ComponentLink2Description"; Value = "LCSC"; VariantName = "[No Variations]"
Add component (AddParameter): Name = "ComponentLink2URL"; Value = "https://lcsc.com/product-detail/TVS_ON-Semiconductor-NUP2105LT1G_C14486.html"; VariantName = "[No Variations]"
Add component (AddParameter): Name = "ComponentLink3Description"; Value = "Digikey"; VariantName = "[No Variations]"
Add component (AddParameter): Name = "ComponentLink3URL"; Value = "https://www.digikey.com.au/product-detail/en/on-semiconductor/SZNUP2105LT1G/SZNUP2105LT1GOSCT-ND/3487669"; VariantName = "[No Variations]"
Add component (AddParameter): Name = "Parameter 1"; Value = ""; VariantName = "[No Variations]"
Added Component: Designator=D2(SMA)
Added Component: Designator=D3(SMA)
Added Component: Designator=DA1(LED DIP RED 10)
Added Component: Designator=DS1(LED GREEN 0603)
Added Component: Designator=FID1(FIDUCIAL 1MM)
Added Component: Designator=FID2(FIDUCIAL 1MM)
Added Component: Designator=FID3(FIDUCIAL 1MM)
Added Component: Designator=FID4(FIDUCIAL 1MM)
Added Component: Designator=J1A(Jumper_2Way_Pin)
Added Component: Designator=J1B(Jumper_2Way_Pin)
Added Component: Designator=J1C(Jumper_2Way_Pin)
Added Component: Designator=J1D(Jumper_2Way_Pin)
Added Component: Designator=J1E(Jumper_2Way_Pin)
Added Component: Designator=J1F(Jumper_2Way_Pin)
Added Component: Designator=J1G(Jumper_2Way_Pin)
Added Component: Designator=J1H(Jumper_2Way_Pin)
Added Component: Designator=J2(SUPERSEAL RIGHT 26WAY)
Added Component: Designator=J3(IDC 1.27MM 10P)
Added Component: Designator=J4(Jumper_2Way_Pin)
Added Component: Designator=J5(Jumper_2Way_Pin)
Added Component: Designator=J6(Jumper_2Way_Pin)
Added Component: Designator=K1(G5V-2)
Added Component: Designator=K2(CPC1014N)
Added Component: Designator=L1(Inductor_0603)
Add component (AddParameter): Name = "ComponentLink1Description"; Value = "Digikey"; VariantName = "[No Variations]"
Add component (AddParameter): Name = "ComponentLink1URL"; Value = "https://www.digikey.com.au/product-detail/en/w%C3%BCrth-elektronik/74404064221/732-7261-1-ND/5353241"; VariantName = "[No Variations]"
Add component (AddParameter): Name = "ComponentLink2Description"; Value = "LCSC A"; VariantName = "[No Variations]"
Add component (AddParameter): Name = "ComponentLink2URL"; Value = "https://lcsc.com/product-detail/Power-Inductors_Sunlord-SWPA6045S221MT_C91047.html"; VariantName = "[No Variations]"
Add component (AddParameter): Name = "ComponentLink3Description"; Value = "LCSC B"; VariantName = "[No Variations]"
Add component (AddParameter): Name = "ComponentLink3URL"; Value = "https://lcsc.com/product-detail/Power-Inductors_SXN-Shun-Xiang-Nuo-Elec-SMNR6045-221MT_C467145.html"; VariantName = "[No Variations]"
Added Component: Designator=L2(Inductor_6x6mm)
Add component (AddParameter): Name = "ComponentLink1Description"; Value = "Digikey"; VariantName = "[No Variations]"
Add component (AddParameter): Name = "ComponentLink1URL"; Value = "https://www.digikey.com.au/product-detail/en/w%C3%BCrth-elektronik/74404064221/732-7261-1-ND/5353241"; VariantName = "[No Variations]"
Add component (AddParameter): Name = "ComponentLink2Description"; Value = "LCSC A"; VariantName = "[No Variations]"
Add component (AddParameter): Name = "ComponentLink2URL"; Value = "https://lcsc.com/product-detail/Power-Inductors_Sunlord-SWPA6045S221MT_C91047.html"; VariantName = "[No Variations]"
Add component (AddParameter): Name = "ComponentLink3Description"; Value = "LCSC B"; VariantName = "[No Variations]"
Add component (AddParameter): Name = "ComponentLink3URL"; Value = "https://lcsc.com/product-detail/Power-Inductors_SXN-Shun-Xiang-Nuo-Elec-SMNR6045-221MT_C467145.html"; VariantName = "[No Variations]"
Added Component: Designator=LOGO1(QUTMS LOGO 30MM)
Added Component: Designator=LYID1(LAYER IDENT 2)
Added Component: Designator=P1(HDR1X3)
Add component (AddParameter): Name = "LatestRevisionDate"; Value = "17-Jul-2002"; VariantName = "[No Variations]"
Add component (AddParameter): Name = "LatestRevisionNote"; Value = "Re-released for DXP Platform."; VariantName = "[No Variations]"
Add component (AddParameter): Name = "Publisher"; Value = "Altium Limited"; VariantName = "[No Variations]"
Added Component: Designator=Q1(SOT23-3)
Added Component: Designator=Q2(SOT23-3)
Added Component: Designator=Q3(SOT23-3)
Added Component: Designator=Q4(SOT23-3)
Added Component: Designator=Q5(SOT23-3)
Added Component: Designator=Q6(SOT23-3)
Added Component: Designator=R1(Res_ThinFilm_0603)
Added Component: Designator=R2(Res_ThinFilm_0603)
Added Component: Designator=R3(Res_ThinFilm_0603)
Added Component: Designator=R4(Res_ThinFilm_0603)
Added Component: Designator=R5(Res_ThinFilm_0603)
Added Component: Designator=R6(Res_ThinFilm_0603)
Added Component: Designator=R7(Res_ThinFilm_0603)
Added Component: Designator=R8(Res_ThinFilm_0603)
Added Component: Designator=R9(Res_ThinFilm_0603)
Added Component: Designator=R10(Res_ThinFilm_0603)
Added Component: Designator=R11(Res_ThinFilm_0603)
Added Component: Designator=R12(Res_ThinFilm_0603)
Added Component: Designator=R13(Res_ThinFilm_0603)
Added Component: Designator=R14(Res_ThinFilm_0603)
Added Component: Designator=R15(Res_ThinFilm_0603)
Added Component: Designator=R16(Res_ThinFilm_0603)
Added Component: Designator=R17A(Res_ThinFilm_0603)
Added Component: Designator=R17B(Res_ThinFilm_0603)
Added Component: Designator=R17C(Res_ThinFilm_0603)
Added Component: Designator=R17D(Res_ThinFilm_0603)
Added Component: Designator=R17E(Res_ThinFilm_0603)
Added Component: Designator=R17F(Res_ThinFilm_0603)
Added Component: Designator=R17G(Res_ThinFilm_0603)
Added Component: Designator=R17H(Res_ThinFilm_0603)
Added Component: Designator=R18(Res_ThinFilm_0603)
Added Component: Designator=R19(Res_ThinFilm_0603)
Added Component: Designator=R20(Res_ThinFilm_0603)
Added Component: Designator=R21(Res_ThinFilm_0603)
Added Component: Designator=R22(Res_ThinFilm_0603)
Added Component: Designator=R23(Res_ThinFilm_0603)
Added Component: Designator=R24(Res_ThinFilm_0603)
Added Component: Designator=R25(Res_ThinFilm_0603)
Added Component: Designator=R26(Res_ThinFilm_0603)
Added Component: Designator=R27(Res_ThinFilm_0603)
Added Component: Designator=R28(Res_ThinFilm_0603)
Added Component: Designator=R29(Res_ThinFilm_1210)
Added Component: Designator=R30(Res_ThinFilm_0603)
Added Component: Designator=R31(Res_ThinFilm_0603)
Added Component: Designator=R32(Res_ThinFilm_0603)
Added Component: Designator=R33(Res_ThinFilm_0603)
Added Component: Designator=R34(Res_ThinFilm_0603)
Added Component: Designator=R35(Res_ThinFilm_0603)
Added Component: Designator=R36(Res_ThinFilm_0603)
Added Component: Designator=R37(Res_ThinFilm_0603)
Added Component: Designator=R38(Res_ThinFilm_0603)
Added Component: Designator=R39(Res_ThinFilm_0603)
Added Component: Designator=R40(Res_ThinFilm_0603)
Added Component: Designator=R41(Res_ThinFilm_0603)
Added Component: Designator=R42(Res_ThinFilm_0603)
Added Component: Designator=R43(Res_ThinFilm_0603)
Added Component: Designator=SW1(BTN B3U-1000P)
Add component (AddParameter): Name = "ComponentLink1Description"; Value = "LCSC"; VariantName = "[No Variations]"
Add component (AddParameter): Name = "ComponentLink1URL"; Value = "https://lcsc.com/product-detail/Tactile-Switches_BRIGHT-TSA063G50-250_C294565.html"; VariantName = "[No Variations]"
Added Component: Designator=TP1(TestPointSMD)
Added Component: Designator=TP2(TestPointSMD)
Added Component: Designator=TP3(TestPointSMD)
Added Component: Designator=U1(TSSOP-24)
Added Component: Designator=U2(STM32F042C6)
Add component (AddParameter): Name = "ComponentLink1Description"; Value = "Digikey"; VariantName = "[No Variations]"
Add component (AddParameter): Name = "ComponentLink1URL"; Value = "https://www.digikey.com.au/product-detail/en/stmicroelectronics/STM32F302RCT6TR/497-19000-1-ND/9974332"; VariantName = "[No Variations]"
Add component (AddParameter): Name = "ComponentLink2Description"; Value = "Datasheet"; VariantName = "[No Variations]"
Add component (AddParameter): Name = "ComponentLink2URL"; Value = "http://www.st.com/content/ccc/resource/technical/document/datasheet/67/73/21/b9/f2/b3/4d/f8/DM00094064.pdf/files/DM00094064.pdf/jcr:content/translations/en.DM00094064.pdf"; VariantName = "[No Variations]"
Added Component: Designator=U3(DSC1001DI1-008.0000TCT-ND)
Added Component: Designator=U4(Si8621BC-B-IS)
Add component (AddParameter): Name = "ComponentLink1Description"; Value = "Digikey"; VariantName = "[No Variations]"
Add component (AddParameter): Name = "ComponentLink1URL"; Value = "https://www.digikey.com.au/product-detail/en/silicon-labs/SI8621BC-B-ISR/336-4774-1-ND/8611005"; VariantName = "[No Variations]"
Add component (AddParameter): Name = "ComponentLink2Description"; Value = "Datasheet"; VariantName = "[No Variations]"
Add component (AddParameter): Name = "ComponentLink2URL"; Value = "https://www.silabs.com/documents/public/data-sheets/si861x-2x-datasheet.pdf"; VariantName = "[No Variations]"
Added Component: Designator=U5(SN65HVD233DR)
Add component (AddParameter): Name = "ComponentLink1Description"; Value = "LCSC"; VariantName = "[No Variations]"
Add component (AddParameter): Name = "ComponentLink1URL"; Value = "https://lcsc.com/product-detail/CAN-ICs_Texas-Instruments_SN65HVD233DRG4_Texas-Instruments-Texas-Instruments-SN65HVD233DRG4_C61643.html"; VariantName = "[No Variations]"
Add component (AddParameter): Name = "ComponentLink2Description"; Value = "Digikey"; VariantName = "[No Variations]"
Add component (AddParameter): Name = "ComponentLink2URL"; Value = "https://www.digikey.com.au/product-detail/en/texas-instruments/SN65HVD233DR/296-35967-1-ND/4134960"; VariantName = "[No Variations]"
Add component (AddParameter): Name = "ComponentLink3Description"; Value = "Datasheet"; VariantName = "[No Variations]"
Add component (AddParameter): Name = "ComponentLink3URL"; Value = "https://www.ti.com/lit/ds/symlink/sn65hvd233.pdf?ts=1588560888178"; VariantName = "[No Variations]"
Add component (AddParameter): Name = "ComponentLink4Description"; Value = "Ti Product Page"; VariantName = "[No Variations]"
Add component (AddParameter): Name = "ComponentLink4URL"; Value = "https://www.ti.com/product/SN65HVD233"; VariantName = "[No Variations]"
Added Component: Designator=U6(LMR14010)
Added Component: Designator=U7(SOIC-8)
Added Pin To Net: NetName=+12 Pin=C26-1
Added Pin To Net: NetName=+12 Pin=U7-8
Added Net: Name=+12
Added Pin To Net: NetName=3V3 Pin=C2-2
Added Pin To Net: NetName=3V3 Pin=C3-2
Added Pin To Net: NetName=3V3 Pin=C4-2
Added Pin To Net: NetName=3V3 Pin=C5-2
Added Pin To Net: NetName=3V3 Pin=C6-2
Added Pin To Net: NetName=3V3 Pin=C7-2
Added Pin To Net: NetName=3V3 Pin=C8-2
Added Pin To Net: NetName=3V3 Pin=C9-2
Added Pin To Net: NetName=3V3 Pin=C12-2
Added Pin To Net: NetName=3V3 Pin=C15-2
Added Pin To Net: NetName=3V3 Pin=C19-2
Added Pin To Net: NetName=3V3 Pin=C20-2
Added Pin To Net: NetName=3V3 Pin=J3-1
Added Pin To Net: NetName=3V3 Pin=J5-1
Added Pin To Net: NetName=3V3 Pin=L1-1
Added Pin To Net: NetName=3V3 Pin=L2-2
Added Pin To Net: NetName=3V3 Pin=R18-2
Added Pin To Net: NetName=3V3 Pin=R19-2
Added Pin To Net: NetName=3V3 Pin=R20-2
Added Pin To Net: NetName=3V3 Pin=R21-2
Added Pin To Net: NetName=3V3 Pin=R22-2
Added Pin To Net: NetName=3V3 Pin=R23-2
Added Pin To Net: NetName=3V3 Pin=R24-2
Added Pin To Net: NetName=3V3 Pin=R25-2
Added Pin To Net: NetName=3V3 Pin=R26-2
Added Pin To Net: NetName=3V3 Pin=R30-2
Added Pin To Net: NetName=3V3 Pin=R31-2
Added Pin To Net: NetName=3V3 Pin=R35-1
Added Pin To Net: NetName=3V3 Pin=R36-2
Added Pin To Net: NetName=3V3 Pin=TP1-1
Added Pin To Net: NetName=3V3 Pin=U2-1
Added Pin To Net: NetName=3V3 Pin=U2-19
Added Pin To Net: NetName=3V3 Pin=U2-32
Added Pin To Net: NetName=3V3 Pin=U2-48
Added Pin To Net: NetName=3V3 Pin=U3-1
Added Pin To Net: NetName=3V3 Pin=U3-4
Added Pin To Net: NetName=3V3 Pin=U4-1
Added Net: Name=3V3
Added Pin To Net: NetName=12 Pin=C1-2
Added Pin To Net: NetName=12 Pin=C18-A
Added Pin To Net: NetName=12 Pin=J2-26
Added Pin To Net: NetName=12 Pin=R1-2
Added Pin To Net: NetName=12 Pin=R4-2
Added Pin To Net: NetName=12 Pin=R5-2
Added Pin To Net: NetName=12 Pin=R6-2
Added Pin To Net: NetName=12 Pin=U1-24
Added Pin To Net: NetName=12 Pin=U6-4
Added Pin To Net: NetName=12 Pin=U6-5
Added Net: Name=12
Added Pin To Net: NetName=BUZZER MOS Pin=Q4-G
Added Pin To Net: NetName=BUZZER MOS Pin=R34-1
Added Net: Name=BUZZER MOS
Added Pin To Net: NetName=BUZZER NEG Pin=B1-2
Added Pin To Net: NetName=BUZZER NEG Pin=Q4-D
Added Pin To Net: NetName=BUZZER NEG Pin=R33-1
Added Net: Name=BUZZER NEG
Added Pin To Net: NetName=BUZZER POS Pin=B1-1
Added Pin To Net: NetName=BUZZER POS Pin=J5-2
Added Pin To Net: NetName=BUZZER POS Pin=R33-2
Added Net: Name=BUZZER POS
Added Pin To Net: NetName=BUZZER Pin=R34-2
Added Net: Name=BUZZER
Added Pin To Net: NetName=CAN H Pin=D1-2
Added Pin To Net: NetName=CAN H Pin=J2-6
Added Pin To Net: NetName=CAN H Pin=J4-1
Added Pin To Net: NetName=CAN H Pin=U5-7
Added Net: Name=CAN H
Added Pin To Net: NetName=CAN L Pin=D1-1
Added Pin To Net: NetName=CAN L Pin=J2-7
Added Pin To Net: NetName=CAN L Pin=R29-1
Added Pin To Net: NetName=CAN L Pin=U5-6
Added Net: Name=CAN L
Added Pin To Net: NetName=CAN RX Pin=U2-44
Added Pin To Net: NetName=CAN RX Pin=U4-3
Added Net: Name=CAN RX
Added Pin To Net: NetName=CAN TERM Pin=J4-2
Added Pin To Net: NetName=CAN TERM Pin=R29-2
Added Net: Name=CAN TERM
Added Pin To Net: NetName=CAN TX Pin=U2-45
Added Pin To Net: NetName=CAN TX Pin=U4-2
Added Net: Name=CAN TX
Added Pin To Net: NetName=CHAIN IN Pin=J2-19
Added Pin To Net: NetName=CHAIN IN Pin=K1-13
Added Net: Name=CHAIN IN
Added Pin To Net: NetName=CHAIN OUT Pin=J2-13
Added Pin To Net: NetName=CHAIN OUT Pin=K1-9
Added Pin To Net: NetName=CHAIN OUT Pin=R28-2
Added Net: Name=CHAIN OUT
Added Pin To Net: NetName=COMMON X Pin=R40-1
Added Pin To Net: NetName=COMMON X Pin=U1-1
Added Net: Name=COMMON X
Added Pin To Net: NetName=COMMON Y Pin=R42-1
Added Pin To Net: NetName=COMMON Y Pin=U1-17
Added Net: Name=COMMON Y
Added Pin To Net: NetName=GND Pin=C1-1
Added Pin To Net: NetName=GND Pin=C2-1
Added Pin To Net: NetName=GND Pin=C3-1
Added Pin To Net: NetName=GND Pin=C4-1
Added Pin To Net: NetName=GND Pin=C5-1
Added Pin To Net: NetName=GND Pin=C6-1
Added Pin To Net: NetName=GND Pin=C7-1
Added Pin To Net: NetName=GND Pin=C8-1
Added Pin To Net: NetName=GND Pin=C9-1
Added Pin To Net: NetName=GND Pin=C10-1
Added Pin To Net: NetName=GND Pin=C11-1
Added Pin To Net: NetName=GND Pin=C12-1
Added Pin To Net: NetName=GND Pin=C13-1
Added Pin To Net: NetName=GND Pin=C15-1
Added Pin To Net: NetName=GND Pin=C18-K
Added Pin To Net: NetName=GND Pin=C19-1
Added Pin To Net: NetName=GND Pin=C20-1
Added Pin To Net: NetName=GND Pin=C26-2
Added Pin To Net: NetName=GND Pin=D2-A
Added Pin To Net: NetName=GND Pin=D3-A
Added Pin To Net: NetName=GND Pin=DA1-19
Added Pin To Net: NetName=GND Pin=DA1-20
Added Pin To Net: NetName=GND Pin=DS1-2
Added Pin To Net: NetName=GND Pin=J2-24
Added Pin To Net: NetName=GND Pin=J2-25
Added Pin To Net: NetName=GND Pin=J3-3
Added Pin To Net: NetName=GND Pin=J3-5
Added Pin To Net: NetName=GND Pin=J3-9
Added Pin To Net: NetName=GND Pin=K1-16
Added Pin To Net: NetName=GND Pin=P1-3
Added Pin To Net: NetName=GND Pin=Q1-S
Added Pin To Net: NetName=GND Pin=Q2-S
Added Pin To Net: NetName=GND Pin=Q3-S
Added Pin To Net: NetName=GND Pin=Q4-S
Added Pin To Net: NetName=GND Pin=Q5-S
Added Pin To Net: NetName=GND Pin=Q6-S
Added Pin To Net: NetName=GND Pin=R32-1
Added Pin To Net: NetName=GND Pin=R43-1
Added Pin To Net: NetName=GND Pin=SW1-1
Added Pin To Net: NetName=GND Pin=U1-12
Added Pin To Net: NetName=GND Pin=U1-13
Added Pin To Net: NetName=GND Pin=U2-6
Added Pin To Net: NetName=GND Pin=U2-12
Added Pin To Net: NetName=GND Pin=U2-31
Added Pin To Net: NetName=GND Pin=U2-47
Added Pin To Net: NetName=GND Pin=U3-2
Added Pin To Net: NetName=GND Pin=U4-4
Added Pin To Net: NetName=GND Pin=U6-2
Added Pin To Net: NetName=GND Pin=U7-4
Added Pin To Net: NetName=GND Pin=U7-5
Added Net: Name=GND
Added Pin To Net: NetName=ISO 3V3 Pin=C14-2
Added Pin To Net: NetName=ISO 3V3 Pin=C16-2
Added Pin To Net: NetName=ISO 3V3 Pin=U4-8
Added Pin To Net: NetName=ISO 3V3 Pin=U5-3
Added Net: Name=ISO 3V3
Added Pin To Net: NetName=ISO CAN RX Pin=U4-6
Added Pin To Net: NetName=ISO CAN RX Pin=U5-4
Added Net: Name=ISO CAN RX
Added Pin To Net: NetName=ISO CAN TX Pin=U4-7
Added Pin To Net: NetName=ISO CAN TX Pin=U5-1
Added Net: Name=ISO CAN TX
Added Pin To Net: NetName=ISO GND Pin=C14-1
Added Pin To Net: NetName=ISO GND Pin=C16-1
Added Pin To Net: NetName=ISO GND Pin=D1-3
Added Pin To Net: NetName=ISO GND Pin=U4-5
Added Pin To Net: NetName=ISO GND Pin=U5-2
Added Pin To Net: NetName=ISO GND Pin=U5-8
Added Net: Name=ISO GND
Added Pin To Net: NetName=LATCH RESET Pin=J2-5
Added Pin To Net: NetName=LATCH RESET Pin=R27-2
Added Pin To Net: NetName=LATCH RESET Pin=R37-1
Added Net: Name=LATCH RESET
Added Pin To Net: NetName=LED0 Pin=DA1-11
Added Net: Name=LED0
Added Pin To Net: NetName=LED1 Pin=DA1-12
Added Net: Name=LED1
Added Pin To Net: NetName=LED2 Pin=DA1-13
Added Net: Name=LED2
Added Pin To Net: NetName=LED3 Pin=DA1-14
Added Net: Name=LED3
Added Pin To Net: NetName=LED4 Pin=DA1-15
Added Net: Name=LED4
Added Pin To Net: NetName=LED5 Pin=DA1-16
Added Net: Name=LED5
Added Pin To Net: NetName=LED6 Pin=DA1-17
Added Net: Name=LED6
Added Pin To Net: NetName=LED7 Pin=DA1-18
Added Net: Name=LED7
Added Pin To Net: NetName=MUX1 Pin=R7-2
Added Net: Name=MUX1
Added Pin To Net: NetName=MUX2 Pin=R8-2
Added Net: Name=MUX2
Added Pin To Net: NetName=MUX3 Pin=R9-2
Added Net: Name=MUX3
Added Pin To Net: NetName=MUX HV1 Pin=Q1-D
Added Pin To Net: NetName=MUX HV1 Pin=R4-1
Added Pin To Net: NetName=MUX HV1 Pin=U1-10
Added Net: Name=MUX HV1
Added Pin To Net: NetName=MUX HV2 Pin=Q2-D
Added Pin To Net: NetName=MUX HV2 Pin=R5-1
Added Pin To Net: NetName=MUX HV2 Pin=U1-11
Added Net: Name=MUX HV2
Added Pin To Net: NetName=MUX HV3 Pin=Q3-D
Added Pin To Net: NetName=MUX HV3 Pin=R6-1
Added Pin To Net: NetName=MUX HV3 Pin=U1-14
Added Net: Name=MUX HV3
Added Pin To Net: NetName=MUX M1 Pin=Q1-G
Added Pin To Net: NetName=MUX M1 Pin=R7-1
Added Net: Name=MUX M1
Added Pin To Net: NetName=MUX M2 Pin=Q2-G
Added Pin To Net: NetName=MUX M2 Pin=R8-1
Added Net: Name=MUX M2
Added Pin To Net: NetName=MUX M3 Pin=Q3-G
Added Pin To Net: NetName=MUX M3 Pin=R9-1
Added Net: Name=MUX M3
Added Pin To Net: NetName=NetC10_2 Pin=C10-2
Added Pin To Net: NetName=NetC10_2 Pin=C11-2
Added Pin To Net: NetName=NetC10_2 Pin=L1-2
Added Pin To Net: NetName=NetC10_2 Pin=U2-13
Added Net: Name=NetC10_2
Added Pin To Net: NetName=NetC21_K Pin=C21-K
Added Pin To Net: NetName=NetC21_K Pin=C22-K
Added Pin To Net: NetName=NetC21_K Pin=C23-K
Added Pin To Net: NetName=NetC21_K Pin=C24-K
Added Pin To Net: NetName=NetC21_K Pin=K2-4
Added Net: Name=NetC21_K
Added Pin To Net: NetName=NetC25_1 Pin=C25-1
Added Pin To Net: NetName=NetC25_1 Pin=Q5-G
Added Pin To Net: NetName=NetC25_1 Pin=Q6-D
Added Net: Name=NetC25_1
Added Pin To Net: NetName=NetC25_2 Pin=C25-2
Added Pin To Net: NetName=NetC25_2 Pin=R36-1
Added Net: Name=NetC25_2
Added Pin To Net: NetName=NetD3_K Pin=D3-K
Added Pin To Net: NetName=NetD3_K Pin=J6-2
Added Pin To Net: NetName=NetD3_K Pin=K1-1
Added Pin To Net: NetName=NetD3_K Pin=K1-8
Added Pin To Net: NetName=NetD3_K Pin=K2-3
Added Net: Name=NetD3_K
Added Pin To Net: NetName=NetDA1_1 Pin=DA1-1
Added Pin To Net: NetName=NetDA1_1 Pin=R28-1
Added Net: Name=NetDA1_1
Added Pin To Net: NetName=NetDA1_2 Pin=DA1-2
Added Pin To Net: NetName=NetDA1_2 Pin=R27-1
Added Net: Name=NetDA1_2
Added Pin To Net: NetName=NetDA1_3 Pin=DA1-3
Added Pin To Net: NetName=NetDA1_3 Pin=R26-1
Added Net: Name=NetDA1_3
Added Pin To Net: NetName=NetDA1_4 Pin=DA1-4
Added Pin To Net: NetName=NetDA1_4 Pin=R25-1
Added Net: Name=NetDA1_4
Added Pin To Net: NetName=NetDA1_5 Pin=DA1-5
Added Pin To Net: NetName=NetDA1_5 Pin=R24-1
Added Net: Name=NetDA1_5
Added Pin To Net: NetName=NetDA1_6 Pin=DA1-6
Added Pin To Net: NetName=NetDA1_6 Pin=R23-1
Added Net: Name=NetDA1_6
Added Pin To Net: NetName=NetDA1_7 Pin=DA1-7
Added Pin To Net: NetName=NetDA1_7 Pin=R22-1
Added Net: Name=NetDA1_7
Added Pin To Net: NetName=NetDA1_8 Pin=DA1-8
Added Pin To Net: NetName=NetDA1_8 Pin=R21-1
Added Net: Name=NetDA1_8
Added Pin To Net: NetName=NetDA1_9 Pin=DA1-9
Added Pin To Net: NetName=NetDA1_9 Pin=R20-1
Added Net: Name=NetDA1_9
Added Pin To Net: NetName=NetDA1_10 Pin=DA1-10
Added Pin To Net: NetName=NetDA1_10 Pin=R19-1
Added Net: Name=NetDA1_10
Added Pin To Net: NetName=NetDS1_1 Pin=DS1-1
Added Pin To Net: NetName=NetDS1_1 Pin=R31-1
Added Net: Name=NetDS1_1
Added Pin To Net: NetName=NetK2_1 Pin=K2-1
Added Pin To Net: NetName=NetK2_1 Pin=R35-2
Added Net: Name=NetK2_1
Added Pin To Net: NetName=NetK2_2 Pin=K2-2
Added Pin To Net: NetName=NetK2_2 Pin=Q5-D
Added Net: Name=NetK2_2
Added Pin To Net: NetName=NetQ6_G Pin=Q6-G
Added Pin To Net: NetName=NetQ6_G Pin=R37-2
Added Net: Name=NetQ6_G
Added Pin To Net: NetName=NetR38_1 Pin=R38-1
Added Pin To Net: NetName=NetR38_1 Pin=R40-2
Added Pin To Net: NetName=NetR38_1 Pin=U7-2
Added Net: Name=NetR38_1
Added Pin To Net: NetName=NetR38_2 Pin=R38-2
Added Pin To Net: NetName=NetR38_2 Pin=R41-1
Added Pin To Net: NetName=NetR38_2 Pin=U7-1
Added Net: Name=NetR38_2
Added Pin To Net: NetName=NetR39_1 Pin=R39-1
Added Pin To Net: NetName=NetR39_1 Pin=R41-2
Added Pin To Net: NetName=NetR39_1 Pin=U7-6
Added Net: Name=NetR39_1
Added Pin To Net: NetName=NetR42_2 Pin=R42-2
Added Pin To Net: NetName=NetR42_2 Pin=R43-2
Added Pin To Net: NetName=NetR42_2 Pin=U7-3
Added Net: Name=NetR42_2
Added Pin To Net: NetName=NRST Pin=C13-2
Added Pin To Net: NetName=NRST Pin=J3-10
Added Pin To Net: NetName=NRST Pin=R18-1
Added Pin To Net: NetName=NRST Pin=SW1-2
Added Pin To Net: NetName=NRST Pin=U2-7
Added Net: Name=NRST
Added Pin To Net: NetName=OSC IN Pin=U2-5
Added Pin To Net: NetName=OSC IN Pin=U3-3
Added Net: Name=OSC IN
Added Pin To Net: NetName=PROG A Pin=J3-6
Added Net: Name=PROG A
Added Pin To Net: NetName=PROG B Pin=J3-7
Added Net: Name=PROG B
Added Pin To Net: NetName=PROG C Pin=J3-8
Added Net: Name=PROG C
Added Pin To Net: NetName=PWR CB Pin=C17-1
Added Pin To Net: NetName=PWR CB Pin=U6-1
Added Net: Name=PWR CB
Added Pin To Net: NetName=PWR FB Pin=R30-1
Added Pin To Net: NetName=PWR FB Pin=R32-2
Added Pin To Net: NetName=PWR FB Pin=TP3-1
Added Pin To Net: NetName=PWR FB Pin=U6-3
Added Net: Name=PWR FB
Added Pin To Net: NetName=PWR SW Pin=C17-2
Added Pin To Net: NetName=PWR SW Pin=D2-K
Added Pin To Net: NetName=PWR SW Pin=L2-1
Added Pin To Net: NetName=PWR SW Pin=TP2-1
Added Pin To Net: NetName=PWR SW Pin=U6-6
Added Net: Name=PWR SW
Added Pin To Net: NetName=SEG IN1 Pin=J1H-1
Added Pin To Net: NetName=SEG IN1 Pin=J2-1
Added Pin To Net: NetName=SEG IN1 Pin=J2-12
Added Pin To Net: NetName=SEG IN1 Pin=R1-1
Added Pin To Net: NetName=SEG IN1 Pin=R2-1
Added Pin To Net: NetName=SEG IN1 Pin=R17H-2
Added Net: Name=SEG IN1
Added Pin To Net: NetName=SEG IN2 Pin=J1G-1
Added Pin To Net: NetName=SEG IN2 Pin=J1H-2
Added Pin To Net: NetName=SEG IN2 Pin=J2-2
Added Pin To Net: NetName=SEG IN2 Pin=J2-8
Added Pin To Net: NetName=SEG IN2 Pin=R3-1
Added Pin To Net: NetName=SEG IN2 Pin=R17G-2
Added Pin To Net: NetName=SEG IN2 Pin=R17H-1
Added Net: Name=SEG IN2
Added Pin To Net: NetName=SEG IN3 Pin=J1F-1
Added Pin To Net: NetName=SEG IN3 Pin=J1G-2
Added Pin To Net: NetName=SEG IN3 Pin=J2-3
Added Pin To Net: NetName=SEG IN3 Pin=J2-9
Added Pin To Net: NetName=SEG IN3 Pin=R10-1
Added Pin To Net: NetName=SEG IN3 Pin=R17F-2
Added Pin To Net: NetName=SEG IN3 Pin=R17G-1
Added Net: Name=SEG IN3
Added Pin To Net: NetName=SEG IN4 Pin=J1E-1
Added Pin To Net: NetName=SEG IN4 Pin=J1F-2
Added Pin To Net: NetName=SEG IN4 Pin=J2-4
Added Pin To Net: NetName=SEG IN4 Pin=J2-10
Added Pin To Net: NetName=SEG IN4 Pin=R11-1
Added Pin To Net: NetName=SEG IN4 Pin=R17E-2
Added Pin To Net: NetName=SEG IN4 Pin=R17F-1
Added Net: Name=SEG IN4
Added Pin To Net: NetName=SEG IN5 Pin=J1D-1
Added Pin To Net: NetName=SEG IN5 Pin=J1E-2
Added Pin To Net: NetName=SEG IN5 Pin=J2-11
Added Pin To Net: NetName=SEG IN5 Pin=J2-20
Added Pin To Net: NetName=SEG IN5 Pin=R12-1
Added Pin To Net: NetName=SEG IN5 Pin=R17D-2
Added Pin To Net: NetName=SEG IN5 Pin=R17E-1
Added Net: Name=SEG IN5
Added Pin To Net: NetName=SEG IN6 Pin=J1C-1
Added Pin To Net: NetName=SEG IN6 Pin=J1D-2
Added Pin To Net: NetName=SEG IN6 Pin=J2-14
Added Pin To Net: NetName=SEG IN6 Pin=J2-21
Added Pin To Net: NetName=SEG IN6 Pin=R13-1
Added Pin To Net: NetName=SEG IN6 Pin=R17C-2
Added Pin To Net: NetName=SEG IN6 Pin=R17D-1
Added Net: Name=SEG IN6
Added Pin To Net: NetName=SEG IN7 Pin=J1B-1
Added Pin To Net: NetName=SEG IN7 Pin=J1C-2
Added Pin To Net: NetName=SEG IN7 Pin=J2-15
Added Pin To Net: NetName=SEG IN7 Pin=J2-22
Added Pin To Net: NetName=SEG IN7 Pin=R14-1
Added Pin To Net: NetName=SEG IN7 Pin=R17B-2
Added Pin To Net: NetName=SEG IN7 Pin=R17C-1
Added Net: Name=SEG IN7
Added Pin To Net: NetName=SEG IN8 Pin=J1A-1
Added Pin To Net: NetName=SEG IN8 Pin=J1B-2
Added Pin To Net: NetName=SEG IN8 Pin=J2-16
Added Pin To Net: NetName=SEG IN8 Pin=J2-23
Added Pin To Net: NetName=SEG IN8 Pin=R15-1
Added Pin To Net: NetName=SEG IN8 Pin=R17A-2
Added Pin To Net: NetName=SEG IN8 Pin=R17B-1
Added Net: Name=SEG IN8
Added Pin To Net: NetName=SEG IN9 Pin=C21-A
Added Pin To Net: NetName=SEG IN9 Pin=C22-A
Added Pin To Net: NetName=SEG IN9 Pin=C23-A
Added Pin To Net: NetName=SEG IN9 Pin=C24-A
Added Pin To Net: NetName=SEG IN9 Pin=J1A-2
Added Pin To Net: NetName=SEG IN9 Pin=J2-17
Added Pin To Net: NetName=SEG IN9 Pin=J2-18
Added Pin To Net: NetName=SEG IN9 Pin=J6-1
Added Pin To Net: NetName=SEG IN9 Pin=K1-4
Added Pin To Net: NetName=SEG IN9 Pin=R16-1
Added Pin To Net: NetName=SEG IN9 Pin=R17A-1
Added Net: Name=SEG IN9
Added Pin To Net: NetName=SEG SENSE1 Pin=R2-2
Added Pin To Net: NetName=SEG SENSE1 Pin=U1-9
Added Net: Name=SEG SENSE1
Added Pin To Net: NetName=SEG SENSE2 Pin=R3-2
Added Pin To Net: NetName=SEG SENSE2 Pin=U1-8
Added Pin To Net: NetName=SEG SENSE2 Pin=U1-23
Added Net: Name=SEG SENSE2
Added Pin To Net: NetName=SEG SENSE3 Pin=R10-2
Added Pin To Net: NetName=SEG SENSE3 Pin=U1-7
Added Pin To Net: NetName=SEG SENSE3 Pin=U1-22
Added Net: Name=SEG SENSE3
Added Pin To Net: NetName=SEG SENSE4 Pin=R11-2
Added Pin To Net: NetName=SEG SENSE4 Pin=U1-6
Added Pin To Net: NetName=SEG SENSE4 Pin=U1-21
Added Net: Name=SEG SENSE4
Added Pin To Net: NetName=SEG SENSE5 Pin=R12-2
Added Pin To Net: NetName=SEG SENSE5 Pin=U1-5
Added Pin To Net: NetName=SEG SENSE5 Pin=U1-20
Added Net: Name=SEG SENSE5
Added Pin To Net: NetName=SEG SENSE6 Pin=R13-2
Added Pin To Net: NetName=SEG SENSE6 Pin=U1-4
Added Pin To Net: NetName=SEG SENSE6 Pin=U1-19
Added Net: Name=SEG SENSE6
Added Pin To Net: NetName=SEG SENSE7 Pin=R14-2
Added Pin To Net: NetName=SEG SENSE7 Pin=U1-3
Added Pin To Net: NetName=SEG SENSE7 Pin=U1-18
Added Net: Name=SEG SENSE7
Added Pin To Net: NetName=SEG SENSE8 Pin=R15-2
Added Pin To Net: NetName=SEG SENSE8 Pin=U1-2
Added Pin To Net: NetName=SEG SENSE8 Pin=U1-16
Added Net: Name=SEG SENSE8
Added Pin To Net: NetName=SEG SENSE9 Pin=R16-2
Added Pin To Net: NetName=SEG SENSE9 Pin=U1-15
Added Net: Name=SEG SENSE9
Added Pin To Net: NetName=SEG SENSE Pin=R39-2
Added Pin To Net: NetName=SEG SENSE Pin=U7-7
Added Net: Name=SEG SENSE
Added Pin To Net: NetName=SWCLK Pin=J3-4
Added Net: Name=SWCLK
Added Pin To Net: NetName=SWDIO Pin=J3-2
Added Pin To Net: NetName=SWDIO Pin=U2-46
Added Net: Name=SWDIO
Added Pin To Net: NetName=USART1 RX Pin=P1-2
Added Net: Name=USART1 RX
Added Pin To Net: NetName=USART1 TX Pin=P1-1
Added Net: Name=USART1 TX
Added Class: Name=SHDN-S01-V00-ShutdownBoard
Added Class: Name=SHDN-S02-V00-ShutdownSegments
Added Class: Name=SHDN-S03-V00-ShutdownSegment1
Added Class: Name=SHDN-S03-V00-ShutdownSegment2
Added Class: Name=SHDN-S03-V00-ShutdownSegment3
Added Class: Name=SHDN-S03-V00-ShutdownSegment4
Added Class: Name=SHDN-S03-V00-ShutdownSegment5
Added Class: Name=SHDN-S03-V00-ShutdownSegment6
Added Class: Name=SHDN-S03-V00-ShutdownSegment7
Added Class: Name=SHDN-S03-V00-ShutdownSegment8
Added Class: Name=SHDN-S04-V00-ShutdownRelay
Added Class: Name=SHDN-S05-V00-Connector
Added Class: Name=SHDN-S06-V00-Microcontroller
Added Class: Name=SHDN-S07-V00-IsolatedCAN
Added Class: Name=SHDN-S08-V00-PSU
Added Class: Name=SHDN-S09-V00-Buzzer
Added Class: Name=SHDN-S10-V00-ShutdownSense
Added Class: Name=MUX[1..3]
Added Class: Name=SEG IN[1..9]
Added Class: Name=SEG SENSE[1..9]
Added Class: Name=SHDN-S03-V00-ShutdownSegment
Added Room: Name=SHDN-S01-V00-ShutdownBoard
Added Room: Name=SHDN-S02-V00-ShutdownSegments
Added Room: Name=SHDN-S03-V00-ShutdownSegment1
Added Room: Name=SHDN-S03-V00-ShutdownSegment2
Added Room: Name=SHDN-S03-V00-ShutdownSegment3
Added Room: Name=SHDN-S03-V00-ShutdownSegment4
Added Room: Name=SHDN-S03-V00-ShutdownSegment5
Added Room: Name=SHDN-S03-V00-ShutdownSegment6
Added Room: Name=SHDN-S03-V00-ShutdownSegment7
Added Room: Name=SHDN-S03-V00-ShutdownSegment8
Added Room: Name=SHDN-S04-V00-ShutdownRelay
Added Room: Name=SHDN-S05-V00-Connector
Added Room: Name=SHDN-S06-V00-Microcontroller
Added Room: Name=SHDN-S07-V00-IsolatedCAN
Added Room: Name=SHDN-S08-V00-PSU
Added Room: Name=SHDN-S09-V00-Buzzer
Added Room: Name=SHDN-S10-V00-ShutdownSense
