Added Component: Designator=DS7(LED BLUE 0603)
Added Component: Designator=DS8(LED BLUE 0603)
Added Component: Designator=J8(Jumper_2Way_Solderable)
Added Component: Designator=R56(Res_ThinFilm_0603)
Added Component: Designator=R57(Res_ThinFilm_0603)
Added Component: Designator=TP3(TestPointSMD)
Added Component: Designator=TP4(TestPointSMD)
Added Component: Designator=TP5(TestPointSMD)
Added Pin To Net: NetName=3V3 Pin=J8-1
Added Pin To Net: NetName=CAN TX Pin=R56-1
Added Pin To Net: NetName=CAN RX Pin=R57-1
Added Pin To Net: NetName=3V3 Pin=TP3-1
Added Pin To Net: NetName=PWR SW Pin=TP4-1
Added Pin To Net: NetName=PWR FB Pin=TP5-1
Added Pin To Net: NetName=CAN LED Pin=DS7-1
Added Pin To Net: NetName=CAN LED Pin=DS8-1
Added Pin To Net: NetName=CAN LED Pin=J8-2
Added Net: Name=CAN LED
Added Pin To Net: NetName=CAN RX LED Pin=DS8-2
Added Pin To Net: NetName=CAN RX LED Pin=R57-2
Added Net: Name=CAN RX LED
Added Pin To Net: NetName=CAN TX LED Pin=DS7-2
Added Pin To Net: NetName=CAN TX LED Pin=R56-2
Added Net: Name=CAN TX LED
Added Member To Class: ClassName=SHDN-S07-V00-CAN Member=Component DS7 LED Blue 0603
Added Member To Class: ClassName=SHDN-S07-V00-CAN Member=Component DS8 LED Blue 0603
Added Member To Class: ClassName=SHDN-S07-V00-CAN Member=Component J8 Jumper 2Way Solderable
Added Member To Class: ClassName=SHDN-S07-V00-CAN Member=Component R56 330R 5% 0603
Added Member To Class: ClassName=SHDN-S07-V00-CAN Member=Component R57 330R 5% 0603
Added Member To Class: ClassName=SHDN-S08-V00-PSU Member=Component TP3 TestPoint_SMD
Added Member To Class: ClassName=SHDN-S08-V00-PSU Member=Component TP4 TestPoint_SMD
Added Member To Class: ClassName=SHDN-S08-V00-PSU Member=Component TP5 TestPoint_SMD
