Added Component: Designator=B1(PS1240P02BT)
Added Component: Designator=C1(Cap_Ceramic_0603)
Added Component: Designator=C2(Cap_Ceramic_0603)
Added Component: Designator=C3(Cap_Ceramic_0603)
Added Component: Designator=C4(Cap_Ceramic_0603)
Added Component: Designator=C5(Cap_Ceramic_0603)
Added Component: Designator=C6(Cap_Ceramic_0603)
Added Component: Designator=C7(Cap_Ceramic_0603)
Added Component: Designator=C8(Cap_Ceramic_0603)
Added Component: Designator=C9(Cap_Ceramic_0603)
Added Component: Designator=C10(Cap_Ceramic_0603)
Added Component: Designator=C11(Cap_Ceramic_0603)
Added Component: Designator=C12(Cap_Ceramic_0603)
Added Component: Designator=C13(Cap_Ceramic_0603)
Added Component: Designator=C14(Cap_Ceramic_0603)
Added Component: Designator=C15(Cap_Ceramic_0603)
Added Component: Designator=C16(Cap_Ceramic_0603)
Added Component: Designator=C17(Cap_Ceramic_0603)
Added Component: Designator=C18(Cap_Ceramic_1206)
Added Component: Designator=C19(Cap_Ceramic_1210)
Added Component: Designator=C20(Cap_Ceramic_1210)
Added Component: Designator=C21(CAP_ALU_16x16mm)
Added Component: Designator=C22(CAP_ALU_16x16mm)
Added Component: Designator=C23(CAP_ALU_16x16mm)
Added Component: Designator=C24(CAP_ALU_16x16mm)
Added Component: Designator=C25(Cap_Ceramic_0603)
Added Component: Designator=C26(Cap_Ceramic_0603)
Added Component: Designator=C27(Cap_Ceramic_1206)
Added Component: Designator=C28A(Cap_Ceramic_0603)
Added Component: Designator=C28B(Cap_Ceramic_0603)
Added Component: Designator=D1(NUP2105L)
Add component (AddParameter): Name = "ComponentLink1Description"; Value = "Datasheet"; VariantName = "[No Variations]"
Add component (AddParameter): Name = "ComponentLink1URL"; Value = "https://www.onsemi.cn/PowerSolutions/document/NUP2105L-D.PDF"; VariantName = "[No Variations]"
Add component (AddParameter): Name = "ComponentLink2Description"; Value = "LCSC"; VariantName = "[No Variations]"
Add component (AddParameter): Name = "ComponentLink2URL"; Value = "https://lcsc.com/product-detail/TVS_ON-Semiconductor-NUP2105LT1G_C14486.html"; VariantName = "[No Variations]"
Add component (AddParameter): Name = "ComponentLink3Description"; Value = "Digikey"; VariantName = "[No Variations]"
Add component (AddParameter): Name = "ComponentLink3URL"; Value = "https://www.digikey.com.au/product-detail/en/on-semiconductor/SZNUP2105LT1G/SZNUP2105LT1GOSCT-ND/3487669"; VariantName = "[No Variations]"
Add component (AddParameter): Name = "Parameter 1"; Value = ""; VariantName = "[No Variations]"
Added Component: Designator=D2(SMA)
Added Component: Designator=D3(SMA)
Add component (AddParameter): Name = "Manufacturer"; Value = "Generic"; VariantName = "[No Variations]"
Add component (AddParameter): Name = "MPN"; Value = "5V6 500mW SMA"; VariantName = "[No Variations]"
Added Component: Designator=D4A(LED 7 SEG 0.56")
Added Component: Designator=D4B(LED 7 SEG 0.56")
Added Component: Designator=DS1(LED GREEN 0603)
Added Component: Designator=FID1(FIDUCIAL 1MM)
Added Component: Designator=FID2(FIDUCIAL 1MM)
Added Component: Designator=FID3(FIDUCIAL 1MM)
Added Component: Designator=FID4(FIDUCIAL 1MM)
Added Component: Designator=J1A(Jumper_2Way_Pin)
Added Component: Designator=J1B(Jumper_2Way_Pin)
Added Component: Designator=J1C(Jumper_2Way_Pin)
Added Component: Designator=J1D(Jumper_2Way_Pin)
Added Component: Designator=J1E(Jumper_2Way_Pin)
Added Component: Designator=J1F(Jumper_2Way_Pin)
Added Component: Designator=J1G(Jumper_2Way_Pin)
Added Component: Designator=J1H(Jumper_2Way_Pin)
Added Component: Designator=J2(SUPERSEAL RIGHT 26WAY)
Added Component: Designator=J3(IDC 1.27MM 10P)
Added Component: Designator=J4(Jumper_2Way_Pin)
Added Component: Designator=J5(Jumper_2Way_Pin)
Added Component: Designator=J6(Jumper_2Way_Pin)
Added Component: Designator=K1(G5V-2)
Added Component: Designator=K2(CPC1014N)
Added Component: Designator=L1(Inductor_0603)
Add component (AddParameter): Name = "ComponentLink1Description"; Value = "Digikey"; VariantName = "[No Variations]"
Add component (AddParameter): Name = "ComponentLink1URL"; Value = "https://www.digikey.com.au/product-detail/en/w%C3%BCrth-elektronik/74404064221/732-7261-1-ND/5353241"; VariantName = "[No Variations]"
Add component (AddParameter): Name = "ComponentLink2Description"; Value = "LCSC A"; VariantName = "[No Variations]"
Add component (AddParameter): Name = "ComponentLink2URL"; Value = "https://lcsc.com/product-detail/Power-Inductors_Sunlord-SWPA6045S221MT_C91047.html"; VariantName = "[No Variations]"
Add component (AddParameter): Name = "ComponentLink3Description"; Value = "LCSC B"; VariantName = "[No Variations]"
Add component (AddParameter): Name = "ComponentLink3URL"; Value = "https://lcsc.com/product-detail/Power-Inductors_SXN-Shun-Xiang-Nuo-Elec-SMNR6045-221MT_C467145.html"; VariantName = "[No Variations]"
Added Component: Designator=L2(Inductor_6x6mm)
Add component (AddParameter): Name = "ComponentLink1Description"; Value = "Digikey"; VariantName = "[No Variations]"
Add component (AddParameter): Name = "ComponentLink1URL"; Value = "https://www.digikey.com.au/product-detail/en/w%C3%BCrth-elektronik/74404064221/732-7261-1-ND/5353241"; VariantName = "[No Variations]"
Add component (AddParameter): Name = "ComponentLink2Description"; Value = "LCSC A"; VariantName = "[No Variations]"
Add component (AddParameter): Name = "ComponentLink2URL"; Value = "https://lcsc.com/product-detail/Power-Inductors_Sunlord-SWPA6045S221MT_C91047.html"; VariantName = "[No Variations]"
Add component (AddParameter): Name = "ComponentLink3Description"; Value = "LCSC B"; VariantName = "[No Variations]"
Add component (AddParameter): Name = "ComponentLink3URL"; Value = "https://lcsc.com/product-detail/Power-Inductors_SXN-Shun-Xiang-Nuo-Elec-SMNR6045-221MT_C467145.html"; VariantName = "[No Variations]"
Added Component: Designator=LOGO1(QUTMS LOGO 30MM)
Added Component: Designator=LYID1(LAYER IDENT 2)
Added Component: Designator=M1(M3.2 UNPLATED)
Added Component: Designator=M2(M3.2 UNPLATED)
Added Component: Designator=M3(M3.2 UNPLATED)
Added Component: Designator=M4(M3.2 UNPLATED)
Added Component: Designator=P1(HDR1X3)
Add component (AddParameter): Name = "LatestRevisionDate"; Value = "17-Jul-2002"; VariantName = "[No Variations]"
Add component (AddParameter): Name = "LatestRevisionNote"; Value = "Re-released for DXP Platform."; VariantName = "[No Variations]"
Add component (AddParameter): Name = "Publisher"; Value = "Altium Limited"; VariantName = "[No Variations]"
Added Component: Designator=Q1(SOT23-3)
Added Component: Designator=Q2(SOT23-3)
Added Component: Designator=Q3(SOT23-3)
Added Component: Designator=Q4(SOT23-3)
Added Component: Designator=Q5(SOT23-3)
Added Component: Designator=Q6(SOT23-3)
Added Component: Designator=Q7A(SOT23-3)
Added Component: Designator=Q7B(SOT23-3)
Added Component: Designator=R1(Res_ThinFilm_0603)
Added Component: Designator=R2(Res_ThinFilm_0603)
Added Component: Designator=R3(Res_ThinFilm_0603)
Added Component: Designator=R4(Res_ThinFilm_0603)
Added Component: Designator=R5(Res_ThinFilm_0603)
Added Component: Designator=R6(Res_ThinFilm_0603)
Added Component: Designator=R7(Res_ThinFilm_0603)
Added Component: Designator=R8(Res_ThinFilm_0603)
Added Component: Designator=R9(Res_ThinFilm_0603)
Added Component: Designator=R10(Res_ThinFilm_0603)
Added Component: Designator=R11(Res_ThinFilm_0603)
Added Component: Designator=R12(Res_ThinFilm_0603)
Added Component: Designator=R13(Res_ThinFilm_0603)
Added Component: Designator=R14(Res_ThinFilm_0603)
Added Component: Designator=R15(Res_ThinFilm_0603)
Added Component: Designator=R16(Res_ThinFilm_0603)
Added Component: Designator=R17A(Res_ThinFilm_0603)
Added Component: Designator=R17B(Res_ThinFilm_0603)
Added Component: Designator=R17C(Res_ThinFilm_0603)
Added Component: Designator=R17D(Res_ThinFilm_0603)
Added Component: Designator=R17E(Res_ThinFilm_0603)
Added Component: Designator=R17F(Res_ThinFilm_0603)
Added Component: Designator=R17G(Res_ThinFilm_0603)
Added Component: Designator=R17H(Res_ThinFilm_0603)
Added Component: Designator=R18(Res_ThinFilm_0603)
Added Component: Designator=R19A(Res_ThinFilm_0603)
Added Component: Designator=R19B(Res_ThinFilm_0603)
Added Component: Designator=R20A(Res_ThinFilm_0603)
Added Component: Designator=R20B(Res_ThinFilm_0603)
Added Component: Designator=R21A(Res_ThinFilm_0603)
Added Component: Designator=R21B(Res_ThinFilm_0603)
Added Component: Designator=R22A(Res_ThinFilm_0603)
Added Component: Designator=R22B(Res_ThinFilm_0603)
Added Component: Designator=R23A(Res_ThinFilm_0603)
Added Component: Designator=R23B(Res_ThinFilm_0603)
Added Component: Designator=R24A(Res_ThinFilm_0603)
Added Component: Designator=R24B(Res_ThinFilm_0603)
Added Component: Designator=R25A(Res_ThinFilm_0603)
Added Component: Designator=R25B(Res_ThinFilm_0603)
Added Component: Designator=R26A(Res_ThinFilm_0603)
Added Component: Designator=R26B(Res_ThinFilm_0603)
Added Component: Designator=R29(Res_ThinFilm_1210)
Added Component: Designator=R30(Res_ThinFilm_0603)
Added Component: Designator=R31(Res_ThinFilm_0603)
Added Component: Designator=R32(Res_ThinFilm_0603)
Added Component: Designator=R33(Res_ThinFilm_0603)
Added Component: Designator=R34(Res_ThinFilm_0603)
Added Component: Designator=R35(Res_ThinFilm_0603)
Added Component: Designator=R36(Res_ThinFilm_0603)
Added Component: Designator=R37(Res_ThinFilm_0603)
Added Component: Designator=R38(Res_ThinFilm_0603)
Added Component: Designator=R39(Res_ThinFilm_0603)
Added Component: Designator=R40(Res_ThinFilm_0603)
Added Component: Designator=R41(Res_ThinFilm_0603)
Added Component: Designator=R42(Res_ThinFilm_0603)
Added Component: Designator=R43(Res_ThinFilm_0603)
Added Component: Designator=SW1(BTN B3U-1000P)
Add component (AddParameter): Name = "ComponentLink1Description"; Value = "LCSC"; VariantName = "[No Variations]"
Add component (AddParameter): Name = "ComponentLink1URL"; Value = "https://lcsc.com/product-detail/Tactile-Switches_BRIGHT-TSA063G50-250_C294565.html"; VariantName = "[No Variations]"
Added Component: Designator=SW2(BTN STANDARD 4.5mm X 4.5mm)
Add component (AddParameter): Name = "ComponentLink1Description"; Value = "LCSC"; VariantName = "[No Variations]"
Add component (AddParameter): Name = "ComponentLink1URL"; Value = "https://lcsc.com/product-detail/Tactile-Switches_BRIGHT-TSA063G50-250_C294565.html"; VariantName = "[No Variations]"
Added Component: Designator=TP1(TestPointSMD)
Added Component: Designator=TP2(TestPointSMD)
Added Component: Designator=TP3(TestPointSMD)
Added Component: Designator=U1(TSSOP-24)
Added Component: Designator=U2(STM32F042C6)
Add component (AddParameter): Name = "ComponentLink1Description"; Value = "Digikey"; VariantName = "[No Variations]"
Add component (AddParameter): Name = "ComponentLink1URL"; Value = "https://www.digikey.com.au/product-detail/en/stmicroelectronics/STM32F302RCT6TR/497-19000-1-ND/9974332"; VariantName = "[No Variations]"
Add component (AddParameter): Name = "ComponentLink2Description"; Value = "Datasheet"; VariantName = "[No Variations]"
Add component (AddParameter): Name = "ComponentLink2URL"; Value = "http://www.st.com/content/ccc/resource/technical/document/datasheet/67/73/21/b9/f2/b3/4d/f8/DM00094064.pdf/files/DM00094064.pdf/jcr:content/translations/en.DM00094064.pdf"; VariantName = "[No Variations]"
Added Component: Designator=U3(DSC1001DI1-008.0000TCT-ND)
Added Component: Designator=U4(Si8621BC-B-IS)
Add component (AddParameter): Name = "ComponentLink1Description"; Value = "Digikey"; VariantName = "[No Variations]"
Add component (AddParameter): Name = "ComponentLink1URL"; Value = "https://www.digikey.com.au/product-detail/en/silicon-labs/SI8621BC-B-ISR/336-4774-1-ND/8611005"; VariantName = "[No Variations]"
Add component (AddParameter): Name = "ComponentLink2Description"; Value = "Datasheet"; VariantName = "[No Variations]"
Add component (AddParameter): Name = "ComponentLink2URL"; Value = "https://www.silabs.com/documents/public/data-sheets/si861x-2x-datasheet.pdf"; VariantName = "[No Variations]"
Added Component: Designator=U5(SN65HVD233DR)
Add component (AddParameter): Name = "ComponentLink1Description"; Value = "LCSC"; VariantName = "[No Variations]"
Add component (AddParameter): Name = "ComponentLink1URL"; Value = "https://lcsc.com/product-detail/CAN-ICs_Texas-Instruments_SN65HVD233DRG4_Texas-Instruments-Texas-Instruments-SN65HVD233DRG4_C61643.html"; VariantName = "[No Variations]"
Add component (AddParameter): Name = "ComponentLink2Description"; Value = "Digikey"; VariantName = "[No Variations]"
Add component (AddParameter): Name = "ComponentLink2URL"; Value = "https://www.digikey.com.au/product-detail/en/texas-instruments/SN65HVD233DR/296-35967-1-ND/4134960"; VariantName = "[No Variations]"
Add component (AddParameter): Name = "ComponentLink3Description"; Value = "Datasheet"; VariantName = "[No Variations]"
Add component (AddParameter): Name = "ComponentLink3URL"; Value = "https://www.ti.com/lit/ds/symlink/sn65hvd233.pdf?ts=1588560888178"; VariantName = "[No Variations]"
Add component (AddParameter): Name = "ComponentLink4Description"; Value = "Ti Product Page"; VariantName = "[No Variations]"
Add component (AddParameter): Name = "ComponentLink4URL"; Value = "https://www.ti.com/product/SN65HVD233"; VariantName = "[No Variations]"
Added Component: Designator=U6(LMR14010)
Added Component: Designator=U7(SOIC-8)
Added Component: Designator=U8A(16-TSSOP)
Added Component: Designator=U8B(16-TSSOP)
Added Pin To Net: NetName=BUZZER POS Pin=B1-1
Added Pin To Net: NetName=BUZZER NEG Pin=B1-2
Added Pin To Net: NetName=GND Pin=C1-1
Added Pin To Net: NetName=12 Pin=C1-2
Added Pin To Net: NetName=GND Pin=C2-1
Added Pin To Net: NetName=3V3 Pin=C2-2
Added Pin To Net: NetName=GND Pin=C3-1
Added Pin To Net: NetName=3V3 Pin=C3-2
Added Pin To Net: NetName=GND Pin=C4-1
Added Pin To Net: NetName=3V3 Pin=C4-2
Added Pin To Net: NetName=GND Pin=C5-1
Added Pin To Net: NetName=3V3 Pin=C5-2
Added Pin To Net: NetName=GND Pin=C6-1
Added Pin To Net: NetName=3V3 Pin=C6-2
Added Pin To Net: NetName=GND Pin=C7-1
Added Pin To Net: NetName=3V3 Pin=C7-2
Added Pin To Net: NetName=GND Pin=C8-1
Added Pin To Net: NetName=3V3 Pin=C8-2
Added Pin To Net: NetName=GND Pin=C9-1
Added Pin To Net: NetName=3V3 Pin=C9-2
Added Pin To Net: NetName=GND Pin=C10-1
Added Pin To Net: NetName=NetC10_2 Pin=C10-2
Added Pin To Net: NetName=GND Pin=C11-1
Added Pin To Net: NetName=NetC10_2 Pin=C11-2
Added Pin To Net: NetName=GND Pin=C12-1
Added Pin To Net: NetName=3V3 Pin=C12-2
Added Pin To Net: NetName=GND Pin=C13-1
Added Pin To Net: NetName=NRST Pin=C13-2
Added Pin To Net: NetName=ISO GND Pin=C14-1
Added Pin To Net: NetName=3V3 Pin=C14-2
Added Pin To Net: NetName=GND Pin=C15-1
Added Pin To Net: NetName=3V3 Pin=C15-2
Added Pin To Net: NetName=ISO GND Pin=C16-1
Added Pin To Net: NetName=3V3 Pin=C16-2
Added Pin To Net: NetName=PWR CB Pin=C17-1
Added Pin To Net: NetName=PWR SW Pin=C17-2
Added Pin To Net: NetName=GND Pin=C18-1
Added Pin To Net: NetName=12 Pin=C18-2
Added Pin To Net: NetName=GND Pin=C19-1
Added Pin To Net: NetName=3V3 Pin=C19-2
Added Pin To Net: NetName=GND Pin=C20-1
Added Pin To Net: NetName=3V3 Pin=C20-2
Added Pin To Net: NetName=SEG IN9 Pin=C21-A
Added Pin To Net: NetName=SEG IN9 Pin=C22-A
Added Pin To Net: NetName=SEG IN9 Pin=C23-A
Added Pin To Net: NetName=SEG IN9 Pin=C24-A
Added Pin To Net: NetName=+12 Pin=C26-1
Added Pin To Net: NetName=GND Pin=C26-2
Added Pin To Net: NetName=GND Pin=C27-1
Added Pin To Net: NetName=12 Pin=C27-2
Added Pin To Net: NetName=3V3 Pin=C28A-1
Added Pin To Net: NetName=GND Pin=C28A-2
Added Pin To Net: NetName=3V3 Pin=C28B-1
Added Pin To Net: NetName=GND Pin=C28B-2
Added Pin To Net: NetName=CAN L Pin=D1-1
Added Pin To Net: NetName=CAN H Pin=D1-2
Added Pin To Net: NetName=ISO GND Pin=D1-3
Added Pin To Net: NetName=GND Pin=D2-A
Added Pin To Net: NetName=PWR SW Pin=D2-K
Added Pin To Net: NetName=GND Pin=D3-A
Added Pin To Net: NetName=7SEG ERA Pin=D4A-1
Added Pin To Net: NetName=7SEG DRA Pin=D4A-2
Added Pin To Net: NetName=NetD4A_3 Pin=D4A-3
Added Pin To Net: NetName=7SEG CRA Pin=D4A-4
Added Pin To Net: NetName=7SEG DPRA Pin=D4A-5
Added Pin To Net: NetName=7SEG BRA Pin=D4A-6
Added Pin To Net: NetName=7SEG ARA Pin=D4A-7
Added Pin To Net: NetName=NetD4A_3 Pin=D4A-8
Added Pin To Net: NetName=7SEG FRA Pin=D4A-9
Added Pin To Net: NetName=7SEG GRA Pin=D4A-10
Added Pin To Net: NetName=7SEG ERB Pin=D4B-1
Added Pin To Net: NetName=7SEG DRB Pin=D4B-2
Added Pin To Net: NetName=NetD4B_3 Pin=D4B-3
Added Pin To Net: NetName=7SEG CRB Pin=D4B-4
Added Pin To Net: NetName=7SEG DPRB Pin=D4B-5
Added Pin To Net: NetName=7SEG BRB Pin=D4B-6
Added Pin To Net: NetName=7SEG ARB Pin=D4B-7
Added Pin To Net: NetName=NetD4B_3 Pin=D4B-8
Added Pin To Net: NetName=7SEG FRB Pin=D4B-9
Added Pin To Net: NetName=7SEG GRB Pin=D4B-10
Added Pin To Net: NetName=NetDS1_1 Pin=DS1-1
Added Pin To Net: NetName=GND Pin=DS1-2
Added Pin To Net: NetName=SEG IN8 Pin=J1A-1
Added Pin To Net: NetName=SEG IN9 Pin=J1A-2
Added Pin To Net: NetName=SEG IN7 Pin=J1B-1
Added Pin To Net: NetName=SEG IN8 Pin=J1B-2
Added Pin To Net: NetName=SEG IN6 Pin=J1C-1
Added Pin To Net: NetName=SEG IN7 Pin=J1C-2
Added Pin To Net: NetName=SEG IN5 Pin=J1D-1
Added Pin To Net: NetName=SEG IN6 Pin=J1D-2
Added Pin To Net: NetName=SEG IN4 Pin=J1E-1
Added Pin To Net: NetName=SEG IN5 Pin=J1E-2
Added Pin To Net: NetName=SEG IN3 Pin=J1F-1
Added Pin To Net: NetName=SEG IN4 Pin=J1F-2
Added Pin To Net: NetName=SEG IN2 Pin=J1G-1
Added Pin To Net: NetName=SEG IN3 Pin=J1G-2
Added Pin To Net: NetName=SEG IN1 Pin=J1H-1
Added Pin To Net: NetName=SEG IN2 Pin=J1H-2
Added Pin To Net: NetName=SEG IN1 Pin=J2-1
Added Pin To Net: NetName=SEG IN2 Pin=J2-2
Added Pin To Net: NetName=SEG IN3 Pin=J2-3
Added Pin To Net: NetName=SEG IN4 Pin=J2-4
Added Pin To Net: NetName=LATCH RESET Pin=J2-5
Added Pin To Net: NetName=CAN H Pin=J2-6
Added Pin To Net: NetName=CAN L Pin=J2-7
Added Pin To Net: NetName=SEG IN2 Pin=J2-8
Added Pin To Net: NetName=SEG IN3 Pin=J2-9
Added Pin To Net: NetName=SEG IN4 Pin=J2-10
Added Pin To Net: NetName=SEG IN5 Pin=J2-11
Added Pin To Net: NetName=SEG IN1 Pin=J2-12
Added Pin To Net: NetName=CHAIN OUT Pin=J2-13
Added Pin To Net: NetName=SEG IN6 Pin=J2-14
Added Pin To Net: NetName=SEG IN7 Pin=J2-15
Added Pin To Net: NetName=SEG IN8 Pin=J2-16
Added Pin To Net: NetName=SEG IN9 Pin=J2-17
Added Pin To Net: NetName=SEG IN9 Pin=J2-18
Added Pin To Net: NetName=CHAIN IN Pin=J2-19
Added Pin To Net: NetName=SEG IN5 Pin=J2-20
Added Pin To Net: NetName=SEG IN6 Pin=J2-21
Added Pin To Net: NetName=SEG IN7 Pin=J2-22
Added Pin To Net: NetName=SEG IN8 Pin=J2-23
Added Pin To Net: NetName=GND Pin=J2-24
Added Pin To Net: NetName=GND Pin=J2-25
Added Pin To Net: NetName=12 Pin=J2-26
Added Pin To Net: NetName=3V3 Pin=J3-1
Added Pin To Net: NetName=SWDIO Pin=J3-2
Added Pin To Net: NetName=GND Pin=J3-3
Added Pin To Net: NetName=SWCLK Pin=J3-4
Added Pin To Net: NetName=GND Pin=J3-5
Added Pin To Net: NetName=PROG A Pin=J3-6
Added Pin To Net: NetName=PROG B Pin=J3-7
Added Pin To Net: NetName=PROG C Pin=J3-8
Added Pin To Net: NetName=GND Pin=J3-9
Added Pin To Net: NetName=NRST Pin=J3-10
Added Pin To Net: NetName=CAN H Pin=J4-1
Added Pin To Net: NetName=CAN TERM Pin=J4-2
Added Pin To Net: NetName=3V3 Pin=J5-1
Added Pin To Net: NetName=BUZZER POS Pin=J5-2
Added Pin To Net: NetName=SEG IN9 Pin=J6-1
Added Pin To Net: NetName=SEG IN9 Pin=K1-4
Added Pin To Net: NetName=CHAIN OUT Pin=K1-9
Added Pin To Net: NetName=CHAIN IN Pin=K1-13
Added Pin To Net: NetName=GND Pin=K1-16
Added Pin To Net: NetName=NetK2_1 Pin=K2-1
Added Pin To Net: NetName=3V3 Pin=L1-1
Added Pin To Net: NetName=NetC10_2 Pin=L1-2
Added Pin To Net: NetName=PWR SW Pin=L2-1
Added Pin To Net: NetName=3V3 Pin=L2-2
Added Pin To Net: NetName=USART1 TX Pin=P1-1
Added Pin To Net: NetName=USART1 RX Pin=P1-2
Added Pin To Net: NetName=GND Pin=P1-3
Added Pin To Net: NetName=MUX HV1 Pin=Q1-D
Added Pin To Net: NetName=MUX M1 Pin=Q1-G
Added Pin To Net: NetName=GND Pin=Q1-S
Added Pin To Net: NetName=MUX HV2 Pin=Q2-D
Added Pin To Net: NetName=MUX M2 Pin=Q2-G
Added Pin To Net: NetName=GND Pin=Q2-S
Added Pin To Net: NetName=MUX HV3 Pin=Q3-D
Added Pin To Net: NetName=MUX M3 Pin=Q3-G
Added Pin To Net: NetName=GND Pin=Q3-S
Added Pin To Net: NetName=BUZZER NEG Pin=Q4-D
Added Pin To Net: NetName=BUZZER MOS Pin=Q4-G
Added Pin To Net: NetName=GND Pin=Q4-S
Added Pin To Net: NetName=GND Pin=Q5-S
Added Pin To Net: NetName=NetQ6_G Pin=Q6-G
Added Pin To Net: NetName=NetD4A_3 Pin=Q7A-D
Added Pin To Net: NetName=7SEG CATH A Pin=Q7A-G
Added Pin To Net: NetName=GND Pin=Q7A-S
Added Pin To Net: NetName=NetD4B_3 Pin=Q7B-D
Added Pin To Net: NetName=7SEG CATH B Pin=Q7B-G
Added Pin To Net: NetName=GND Pin=Q7B-S
Added Pin To Net: NetName=SEG IN1 Pin=R1-1
Added Pin To Net: NetName=12 Pin=R1-2
Added Pin To Net: NetName=SEG IN1 Pin=R2-1
Added Pin To Net: NetName=SEG SENSE1 Pin=R2-2
Added Pin To Net: NetName=SEG IN2 Pin=R3-1
Added Pin To Net: NetName=SEG SENSE2 Pin=R3-2
Added Pin To Net: NetName=MUX HV1 Pin=R4-1
Added Pin To Net: NetName=12 Pin=R4-2
Added Pin To Net: NetName=MUX HV2 Pin=R5-1
Added Pin To Net: NetName=12 Pin=R5-2
Added Pin To Net: NetName=MUX HV3 Pin=R6-1
Added Pin To Net: NetName=12 Pin=R6-2
Added Pin To Net: NetName=MUX M1 Pin=R7-1
Added Pin To Net: NetName=MUX1 Pin=R7-2
Added Pin To Net: NetName=MUX M2 Pin=R8-1
Added Pin To Net: NetName=MUX2 Pin=R8-2
Added Pin To Net: NetName=MUX M3 Pin=R9-1
Added Pin To Net: NetName=MUX3 Pin=R9-2
Added Pin To Net: NetName=SEG IN3 Pin=R10-1
Added Pin To Net: NetName=SEG SENSE3 Pin=R10-2
Added Pin To Net: NetName=SEG IN4 Pin=R11-1
Added Pin To Net: NetName=SEG SENSE4 Pin=R11-2
Added Pin To Net: NetName=SEG IN5 Pin=R12-1
Added Pin To Net: NetName=SEG SENSE5 Pin=R12-2
Added Pin To Net: NetName=SEG IN6 Pin=R13-1
Added Pin To Net: NetName=SEG SENSE6 Pin=R13-2
Added Pin To Net: NetName=SEG IN7 Pin=R14-1
Added Pin To Net: NetName=SEG SENSE7 Pin=R14-2
Added Pin To Net: NetName=SEG IN8 Pin=R15-1
Added Pin To Net: NetName=SEG SENSE8 Pin=R15-2
Added Pin To Net: NetName=SEG IN9 Pin=R16-1
Added Pin To Net: NetName=SEG SENSE9 Pin=R16-2
Added Pin To Net: NetName=SEG IN9 Pin=R17A-1
Added Pin To Net: NetName=SEG IN8 Pin=R17A-2
Added Pin To Net: NetName=SEG IN8 Pin=R17B-1
Added Pin To Net: NetName=SEG IN7 Pin=R17B-2
Added Pin To Net: NetName=SEG IN7 Pin=R17C-1
Added Pin To Net: NetName=SEG IN6 Pin=R17C-2
Added Pin To Net: NetName=SEG IN6 Pin=R17D-1
Added Pin To Net: NetName=SEG IN5 Pin=R17D-2
Added Pin To Net: NetName=SEG IN5 Pin=R17E-1
Added Pin To Net: NetName=SEG IN4 Pin=R17E-2
Added Pin To Net: NetName=SEG IN4 Pin=R17F-1
Added Pin To Net: NetName=SEG IN3 Pin=R17F-2
Added Pin To Net: NetName=SEG IN3 Pin=R17G-1
Added Pin To Net: NetName=SEG IN2 Pin=R17G-2
Added Pin To Net: NetName=SEG IN2 Pin=R17H-1
Added Pin To Net: NetName=SEG IN1 Pin=R17H-2
Added Pin To Net: NetName=NRST Pin=R18-1
Added Pin To Net: NetName=3V3 Pin=R18-2
Added Pin To Net: NetName=7SEG AA Pin=R19A-1
Added Pin To Net: NetName=7SEG ARA Pin=R19A-2
Added Pin To Net: NetName=7SEG AB Pin=R19B-1
Added Pin To Net: NetName=7SEG ARB Pin=R19B-2
Added Pin To Net: NetName=7SEG BA Pin=R20A-1
Added Pin To Net: NetName=7SEG BRA Pin=R20A-2
Added Pin To Net: NetName=7SEG BB Pin=R20B-1
Added Pin To Net: NetName=7SEG BRB Pin=R20B-2
Added Pin To Net: NetName=7SEG CA Pin=R21A-1
Added Pin To Net: NetName=7SEG CRA Pin=R21A-2
Added Pin To Net: NetName=7SEG CB Pin=R21B-1
Added Pin To Net: NetName=7SEG CRB Pin=R21B-2
Added Pin To Net: NetName=7SEG DA Pin=R22A-1
Added Pin To Net: NetName=7SEG DRA Pin=R22A-2
Added Pin To Net: NetName=7SEG DB Pin=R22B-1
Added Pin To Net: NetName=7SEG DRB Pin=R22B-2
Added Pin To Net: NetName=7SEG EA Pin=R23A-1
Added Pin To Net: NetName=7SEG ERA Pin=R23A-2
Added Pin To Net: NetName=7SEG EB Pin=R23B-1
Added Pin To Net: NetName=7SEG ERB Pin=R23B-2
Added Pin To Net: NetName=7SEG FA Pin=R24A-1
Added Pin To Net: NetName=7SEG FRA Pin=R24A-2
Added Pin To Net: NetName=7SEG FB Pin=R24B-1
Added Pin To Net: NetName=7SEG FRB Pin=R24B-2
Added Pin To Net: NetName=7SEG GA Pin=R25A-1
Added Pin To Net: NetName=7SEG GRA Pin=R25A-2
Added Pin To Net: NetName=7SEG GB Pin=R25B-1
Added Pin To Net: NetName=7SEG GRB Pin=R25B-2
Added Pin To Net: NetName=7SEG DP B Pin=R26A-1
Added Pin To Net: NetName=7SEG DPRA Pin=R26A-2
Added Pin To Net: NetName=7SEG DP A Pin=R26B-1
Added Pin To Net: NetName=7SEG DPRB Pin=R26B-2
Added Pin To Net: NetName=CAN L Pin=R29-1
Added Pin To Net: NetName=CAN TERM Pin=R29-2
Added Pin To Net: NetName=PWR FB Pin=R30-1
Added Pin To Net: NetName=3V3 Pin=R30-2
Added Pin To Net: NetName=NetDS1_1 Pin=R31-1
Added Pin To Net: NetName=3V3 Pin=R31-2
Added Pin To Net: NetName=GND Pin=R32-1
Added Pin To Net: NetName=PWR FB Pin=R32-2
Added Pin To Net: NetName=BUZZER NEG Pin=R33-1
Added Pin To Net: NetName=BUZZER POS Pin=R33-2
Added Pin To Net: NetName=BUZZER MOS Pin=R34-1
Added Pin To Net: NetName=BUZZER Pin=R34-2
Added Pin To Net: NetName=3V3 Pin=R35-1
Added Pin To Net: NetName=NetK2_1 Pin=R35-2
Added Pin To Net: NetName=3V3 Pin=R36-2
Added Pin To Net: NetName=LATCH RESET Pin=R37-1
Added Pin To Net: NetName=NetQ6_G Pin=R37-2
Added Pin To Net: NetName=GDIFF- Pin=R38-1
Added Pin To Net: NetName=GDIFF Pin=R38-2
Added Pin To Net: NetName=GAIN+ Pin=R39-1
Added Pin To Net: NetName=SEG SENSE Pin=R39-2
Added Pin To Net: NetName=COMMON X Pin=R40-1
Added Pin To Net: NetName=GDIFF- Pin=R40-2
Added Pin To Net: NetName=GDIFF Pin=R41-1
Added Pin To Net: NetName=GAIN+ Pin=R41-2
Added Pin To Net: NetName=COMMON Y Pin=R42-1
Added Pin To Net: NetName=GDIFF+ Pin=R42-2
Added Pin To Net: NetName=GND Pin=R43-1
Added Pin To Net: NetName=GDIFF+ Pin=R43-2
Added Pin To Net: NetName=GND Pin=SW1-1
Added Pin To Net: NetName=NRST Pin=SW1-2
Added Pin To Net: NetName=3V3 Pin=TP1-1
Added Pin To Net: NetName=PWR SW Pin=TP2-1
Added Pin To Net: NetName=PWR FB Pin=TP3-1
Added Pin To Net: NetName=COMMON X Pin=U1-1
Added Pin To Net: NetName=SEG SENSE8 Pin=U1-2
Added Pin To Net: NetName=SEG SENSE7 Pin=U1-3
Added Pin To Net: NetName=SEG SENSE6 Pin=U1-4
Added Pin To Net: NetName=SEG SENSE5 Pin=U1-5
Added Pin To Net: NetName=SEG SENSE4 Pin=U1-6
Added Pin To Net: NetName=SEG SENSE3 Pin=U1-7
Added Pin To Net: NetName=SEG SENSE2 Pin=U1-8
Added Pin To Net: NetName=SEG SENSE1 Pin=U1-9
Added Pin To Net: NetName=MUX HV1 Pin=U1-10
Added Pin To Net: NetName=MUX HV2 Pin=U1-11
Added Pin To Net: NetName=GND Pin=U1-12
Added Pin To Net: NetName=GND Pin=U1-13
Added Pin To Net: NetName=MUX HV3 Pin=U1-14
Added Pin To Net: NetName=SEG SENSE9 Pin=U1-15
Added Pin To Net: NetName=SEG SENSE8 Pin=U1-16
Added Pin To Net: NetName=COMMON Y Pin=U1-17
Added Pin To Net: NetName=SEG SENSE7 Pin=U1-18
Added Pin To Net: NetName=SEG SENSE6 Pin=U1-19
Added Pin To Net: NetName=SEG SENSE5 Pin=U1-20
Added Pin To Net: NetName=SEG SENSE4 Pin=U1-21
Added Pin To Net: NetName=SEG SENSE3 Pin=U1-22
Added Pin To Net: NetName=SEG SENSE2 Pin=U1-23
Added Pin To Net: NetName=12 Pin=U1-24
Added Pin To Net: NetName=3V3 Pin=U2-1
Added Pin To Net: NetName=PC13 Pin=U2-2
Added Pin To Net: NetName=PC14 Pin=U2-3
Added Pin To Net: NetName=PC15 Pin=U2-4
Added Pin To Net: NetName=OSC IN Pin=U2-5
Added Pin To Net: NetName=GND Pin=U2-6
Added Pin To Net: NetName=NRST Pin=U2-7
Added Pin To Net: NetName=GND Pin=U2-12
Added Pin To Net: NetName=NetC10_2 Pin=U2-13
Added Pin To Net: NetName=BUZZER Pin=U2-14
Added Pin To Net: NetName=MUX1 Pin=U2-17
Added Pin To Net: NetName=PF4 Pin=U2-18
Added Pin To Net: NetName=3V3 Pin=U2-19
Added Pin To Net: NetName=MUX2 Pin=U2-20
Added Pin To Net: NetName=MUX3 Pin=U2-21
Added Pin To Net: NetName=SEG SENSE Pin=U2-22
Added Pin To Net: NetName=USART1 TX Pin=U2-26
Added Pin To Net: NetName=USART1 RX Pin=U2-27
Added Pin To Net: NetName=7SEG DP A Pin=U2-28
Added Pin To Net: NetName=7SEG D2 Pin=U2-29
Added Pin To Net: NetName=7SEG D1 Pin=U2-30
Added Pin To Net: NetName=GND Pin=U2-31
Added Pin To Net: NetName=3V3 Pin=U2-32
Added Pin To Net: NetName=7SEG D0 Pin=U2-33
Added Pin To Net: NetName=7SEG LT Pin=U2-34
Added Pin To Net: NetName=CAN RX Pin=U2-44
Added Pin To Net: NetName=CAN TX Pin=U2-45
Added Pin To Net: NetName=SWDIO Pin=U2-46
Added Pin To Net: NetName=GND Pin=U2-47
Added Pin To Net: NetName=3V3 Pin=U2-48
Added Pin To Net: NetName=3V3 Pin=U3-1
Added Pin To Net: NetName=GND Pin=U3-2
Added Pin To Net: NetName=OSC IN Pin=U3-3
Added Pin To Net: NetName=3V3 Pin=U3-4
Added Pin To Net: NetName=3V3 Pin=U4-1
Added Pin To Net: NetName=CAN TX Pin=U4-2
Added Pin To Net: NetName=CAN RX Pin=U4-3
Added Pin To Net: NetName=GND Pin=U4-4
Added Pin To Net: NetName=ISO GND Pin=U4-5
Added Pin To Net: NetName=ISO CAN RX Pin=U4-6
Added Pin To Net: NetName=ISO CAN TX Pin=U4-7
Added Pin To Net: NetName=3V3 Pin=U4-8
Added Pin To Net: NetName=ISO CAN TX Pin=U5-1
Added Pin To Net: NetName=ISO GND Pin=U5-2
Added Pin To Net: NetName=3V3 Pin=U5-3
Added Pin To Net: NetName=ISO CAN RX Pin=U5-4
Added Pin To Net: NetName=CAN L Pin=U5-6
Added Pin To Net: NetName=CAN H Pin=U5-7
Added Pin To Net: NetName=ISO GND Pin=U5-8
Added Pin To Net: NetName=PWR CB Pin=U6-1
Added Pin To Net: NetName=GND Pin=U6-2
Added Pin To Net: NetName=PWR FB Pin=U6-3
Added Pin To Net: NetName=12 Pin=U6-4
Added Pin To Net: NetName=12 Pin=U6-5
Added Pin To Net: NetName=PWR SW Pin=U6-6
Added Pin To Net: NetName=GDIFF Pin=U7-1
Added Pin To Net: NetName=GDIFF- Pin=U7-2
Added Pin To Net: NetName=GDIFF+ Pin=U7-3
Added Pin To Net: NetName=GND Pin=U7-4
Added Pin To Net: NetName=GND Pin=U7-5
Added Pin To Net: NetName=GAIN+ Pin=U7-6
Added Pin To Net: NetName=SEG SENSE Pin=U7-7
Added Pin To Net: NetName=+12 Pin=U7-8
Added Pin To Net: NetName=7SEG D1 Pin=U8A-1
Added Pin To Net: NetName=7SEG D2 Pin=U8A-2
Added Pin To Net: NetName=7SEG LT Pin=U8A-3
Added Pin To Net: NetName=3V3 Pin=U8A-4
Added Pin To Net: NetName=GND Pin=U8A-5
Added Pin To Net: NetName=7SEG D3 Pin=U8A-6
Added Pin To Net: NetName=7SEG D0 Pin=U8A-7
Added Pin To Net: NetName=GND Pin=U8A-8
Added Pin To Net: NetName=7SEG EA Pin=U8A-9
Added Pin To Net: NetName=7SEG DA Pin=U8A-10
Added Pin To Net: NetName=7SEG CA Pin=U8A-11
Added Pin To Net: NetName=7SEG BA Pin=U8A-12
Added Pin To Net: NetName=7SEG AA Pin=U8A-13
Added Pin To Net: NetName=7SEG GA Pin=U8A-14
Added Pin To Net: NetName=7SEG FA Pin=U8A-15
Added Pin To Net: NetName=3V3 Pin=U8A-16
Added Pin To Net: NetName=7SEG D1 Pin=U8B-1
Added Pin To Net: NetName=7SEG D2 Pin=U8B-2
Added Pin To Net: NetName=7SEG LT Pin=U8B-3
Added Pin To Net: NetName=3V3 Pin=U8B-4
Added Pin To Net: NetName=GND Pin=U8B-5
Added Pin To Net: NetName=7SEG D3 Pin=U8B-6
Added Pin To Net: NetName=7SEG D0 Pin=U8B-7
Added Pin To Net: NetName=GND Pin=U8B-8
Added Pin To Net: NetName=7SEG EB Pin=U8B-9
Added Pin To Net: NetName=7SEG DB Pin=U8B-10
Added Pin To Net: NetName=7SEG CB Pin=U8B-11
Added Pin To Net: NetName=7SEG BB Pin=U8B-12
Added Pin To Net: NetName=7SEG AB Pin=U8B-13
Added Pin To Net: NetName=7SEG GB Pin=U8B-14
Added Pin To Net: NetName=7SEG FB Pin=U8B-15
Added Pin To Net: NetName=3V3 Pin=U8B-16
Added Pin To Net: NetName=RELAY IN Pin=D3-K
Added Pin To Net: NetName=RELAY IN Pin=J6-2
Added Pin To Net: NetName=RELAY IN Pin=K1-1
Added Pin To Net: NetName=RELAY IN Pin=K1-8
Added Pin To Net: NetName=RELAY IN Pin=K2-3
Added Net: Name=RELAY IN
Added Pin To Net: NetName=SSR CHARGE Pin=C25-2
Added Pin To Net: NetName=SSR CHARGE Pin=Q6-D
Added Pin To Net: NetName=SSR CHARGE Pin=R36-1
Added Pin To Net: NetName=SSR CHARGE Pin=SW2-2
Added Pin To Net: NetName=SSR CHARGE Pin=SW2-4
Added Net: Name=SSR CHARGE
Added Pin To Net: NetName=SSR DRAIN Pin=K2-2
Added Pin To Net: NetName=SSR DRAIN Pin=Q5-D
Added Net: Name=SSR DRAIN
Added Pin To Net: NetName=SSR HIGH Pin=C21-K
Added Pin To Net: NetName=SSR HIGH Pin=C22-K
Added Pin To Net: NetName=SSR HIGH Pin=C23-K
Added Pin To Net: NetName=SSR HIGH Pin=C24-K
Added Pin To Net: NetName=SSR HIGH Pin=K2-4
Added Net: Name=SSR HIGH
Added Pin To Net: NetName=SSR TRIGGER Pin=C25-1
Added Pin To Net: NetName=SSR TRIGGER Pin=Q5-G
Added Pin To Net: NetName=SSR TRIGGER Pin=Q6-S
Added Pin To Net: NetName=SSR TRIGGER Pin=SW2-1
Added Pin To Net: NetName=SSR TRIGGER Pin=SW2-3
Added Net: Name=SSR TRIGGER
Added Member To Class: ClassName=SHDN-S09-V00-Buzzer Member=Component B1 PS1240P02BT
Added Member To Class: ClassName=SHDN-S02-V00-ShutdownSegments Member=Component C1 100nF
Added Member To Class: ClassName=SHDN-S06-V00-Microcontroller Member=Component C2 100nF
Added Member To Class: ClassName=SHDN-S06-V00-Microcontroller Member=Component C3 4u7
Added Member To Class: ClassName=SHDN-S06-V00-Microcontroller Member=Component C4 100nF
Added Member To Class: ClassName=SHDN-S06-V00-Microcontroller Member=Component C5 4u7
Added Member To Class: ClassName=SHDN-S06-V00-Microcontroller Member=Component C6 100nF
Added Member To Class: ClassName=SHDN-S06-V00-Microcontroller Member=Component C7 4u7
Added Member To Class: ClassName=SHDN-S06-V00-Microcontroller Member=Component C8 100nF
Added Member To Class: ClassName=SHDN-S06-V00-Microcontroller Member=Component C9 4u7
Added Member To Class: ClassName=SHDN-S06-V00-Microcontroller Member=Component C10 1uF
Added Member To Class: ClassName=SHDN-S06-V00-Microcontroller Member=Component C11 10nF
Added Member To Class: ClassName=SHDN-S06-V00-Microcontroller Member=Component C12 100nF
Added Member To Class: ClassName=SHDN-S06-V00-Microcontroller Member=Component C13 100nF
Added Member To Class: ClassName=SHDN-S07-V00-IsolatedCAN Member=Component C14 100nF
Added Member To Class: ClassName=SHDN-S07-V00-IsolatedCAN Member=Component C15 100nF
Added Member To Class: ClassName=SHDN-S07-V00-IsolatedCAN Member=Component C16 100nF
Added Member To Class: ClassName=SHDN-S08-V00-PSU Member=Component C17 100nF 100V
Added Member To Class: ClassName=SHDN-S08-V00-PSU Member=Component C18 22uF 35V 1206
Added Member To Class: ClassName=SHDN-S08-V00-PSU Member=Component C19 47uF 16V 10% X7R 1210
Added Member To Class: ClassName=SHDN-S08-V00-PSU Member=Component C20 47uF 16V 10% X7R 1210
Added Member To Class: ClassName=SHDN-S04-V00-ShutdownRelay Member=Component C21 1F 25V 20%
Added Member To Class: ClassName=SHDN-S04-V00-ShutdownRelay Member=Component C22 1F 25V 20%
Added Member To Class: ClassName=SHDN-S04-V00-ShutdownRelay Member=Component C23 1F 25V 20%
Added Member To Class: ClassName=SHDN-S04-V00-ShutdownRelay Member=Component C24 1F 25V 20%
Added Member To Class: ClassName=SHDN-S04-V00-ShutdownRelay Member=Component C25 1uF 25V
Added Member To Class: ClassName=SHDN-S10-V00-ShutdownSense Member=Component C26 100nF
Added Member To Class: ClassName=SHDN-S08-V00-PSU Member=Component C27 22uF 35V 1206
Added Member To Class: ClassName=SHDN-S11-V00-7SegmentDisplay1 Member=Component C28A (C28) 100nF 50V 5% X7R 0603
Added Member To Class: ClassName=SHDN-S11-V00-7SegmentDisplay2 Member=Component C28B (C28) 100nF 50V 5% X7R 0603
Added Member To Class: ClassName=SHDN-S07-V00-IsolatedCAN Member=Component D1 NUP2105L
Added Member To Class: ClassName=SHDN-S08-V00-PSU Member=Component D2 B260A-13-F
Added Member To Class: ClassName=SHDN-S04-V00-ShutdownRelay Member=Component D3 SMAZ6V2-13-F
Added Member To Class: ClassName=SHDN-S11-V00-7SegmentDisplay1 Member=Component D4A (D4) LED 7-Seg Display 0.56" Generic
Added Member To Class: ClassName=SHDN-S11-V00-7SegmentDisplay2 Member=Component D4B (D4) LED 7-Seg Display 0.56" Generic
Added Member To Class: ClassName=SHDN-S08-V00-PSU Member=Component DS1 LED Green 0603
Added Member To Class: ClassName=SHDN-S01-V00-ShutdownBoard Member=Component FID1 Fiducial 1MM
Added Member To Class: ClassName=SHDN-S01-V00-ShutdownBoard Member=Component FID2 Fiducial 1MM
Added Member To Class: ClassName=SHDN-S01-V00-ShutdownBoard Member=Component FID3 Fiducial 1MM
Added Member To Class: ClassName=SHDN-S01-V00-ShutdownBoard Member=Component FID4 Fiducial 1MM
Added Member To Class: ClassName=SHDN-S03-V00-ShutdownSegment1 Member=Component J1A (J1) Jumper 2Way Pins
Added Member To Class: ClassName=SHDN-S03-V00-ShutdownSegment2 Member=Component J1B (J1) Jumper 2Way Pins
Added Member To Class: ClassName=SHDN-S03-V00-ShutdownSegment3 Member=Component J1C (J1) Jumper 2Way Pins
Added Member To Class: ClassName=SHDN-S03-V00-ShutdownSegment4 Member=Component J1D (J1) Jumper 2Way Pins
Added Member To Class: ClassName=SHDN-S03-V00-ShutdownSegment5 Member=Component J1E (J1) Jumper 2Way Pins
Added Member To Class: ClassName=SHDN-S03-V00-ShutdownSegment6 Member=Component J1F (J1) Jumper 2Way Pins
Added Member To Class: ClassName=SHDN-S03-V00-ShutdownSegment7 Member=Component J1G (J1) Jumper 2Way Pins
Added Member To Class: ClassName=SHDN-S03-V00-ShutdownSegment8 Member=Component J1H (J1) Jumper 2Way Pins
Added Member To Class: ClassName=SHDN-S05-V00-Connector Member=Component J2 9-6437287-8
Added Member To Class: ClassName=SHDN-S06-V00-Microcontroller Member=Component J3 IDC 10P 2x5 1.27mm
Added Member To Class: ClassName=SHDN-S07-V00-IsolatedCAN Member=Component J4 Jumper 2Way Pins
Added Member To Class: ClassName=SHDN-S09-V00-Buzzer Member=Component J5 Jumper 2Way Pins
Added Member To Class: ClassName=SHDN-S04-V00-ShutdownRelay Member=Component J6 Jumper 2Way Pins
Added Member To Class: ClassName=SHDN-S04-V00-ShutdownRelay Member=Component K1 G5V-2-DC12
Added Member To Class: ClassName=SHDN-S04-V00-ShutdownRelay Member=Component K2 CPC1014N
Added Member To Class: ClassName=SHDN-S06-V00-Microcontroller Member=Component L1 10uH, 10%, 0603
Added Member To Class: ClassName=SHDN-S08-V00-PSU Member=Component L2 74404064221
Added Member To Class: ClassName=SHDN-S01-V00-ShutdownBoard Member=Component LOGO1 30mm Wide QUTMS Logo
Added Member To Class: ClassName=SHDN-S01-V00-ShutdownBoard Member=Component LYID1 2 Layer Identification PCB Marker
Added Member To Class: ClassName=SHDN-S01-V00-ShutdownBoard Member=Component M1 Hole M3 Tight Unplated
Added Member To Class: ClassName=SHDN-S01-V00-ShutdownBoard Member=Component M2 Hole M3 Tight Unplated
Added Member To Class: ClassName=SHDN-S01-V00-ShutdownBoard Member=Component M3 Hole M3 Tight Unplated
Added Member To Class: ClassName=SHDN-S01-V00-ShutdownBoard Member=Component M4 Hole M3 Tight Unplated
Added Member To Class: ClassName=SHDN-S06-V00-Microcontroller Member=Component P1 UART
Added Member To Class: ClassName=SHDN-S02-V00-ShutdownSegments Member=Component Q1 2N7002
Added Member To Class: ClassName=SHDN-S02-V00-ShutdownSegments Member=Component Q2 2N7002
Added Member To Class: ClassName=SHDN-S02-V00-ShutdownSegments Member=Component Q3 2N7002
Added Member To Class: ClassName=SHDN-S09-V00-Buzzer Member=Component Q4 2N7002
Added Member To Class: ClassName=SHDN-S04-V00-ShutdownRelay Member=Component Q5 2N7002
Added Member To Class: ClassName=SHDN-S04-V00-ShutdownRelay Member=Component Q6 2N7002
Added Member To Class: ClassName=SHDN-S11-V00-7SegmentDisplay1 Member=Component Q7A (Q7) 2N7002
Added Member To Class: ClassName=SHDN-S11-V00-7SegmentDisplay2 Member=Component Q7B (Q7) 2N7002
Added Member To Class: ClassName=SHDN-S02-V00-ShutdownSegments Member=Component R1 DNF 0603
Added Member To Class: ClassName=SHDN-S02-V00-ShutdownSegments Member=Component R2 10k 5% 0603
Added Member To Class: ClassName=SHDN-S02-V00-ShutdownSegments Member=Component R3 10k 5% 0603
Added Member To Class: ClassName=SHDN-S02-V00-ShutdownSegments Member=Component R4 1k
Added Member To Class: ClassName=SHDN-S02-V00-ShutdownSegments Member=Component R5 1k
Added Member To Class: ClassName=SHDN-S02-V00-ShutdownSegments Member=Component R6 1k
Added Member To Class: ClassName=SHDN-S02-V00-ShutdownSegments Member=Component R7 1k
Added Member To Class: ClassName=SHDN-S02-V00-ShutdownSegments Member=Component R8 1k
Added Member To Class: ClassName=SHDN-S02-V00-ShutdownSegments Member=Component R9 1k
Added Member To Class: ClassName=SHDN-S02-V00-ShutdownSegments Member=Component R10 10k 5% 0603
Added Member To Class: ClassName=SHDN-S02-V00-ShutdownSegments Member=Component R11 10k 5% 0603
Added Member To Class: ClassName=SHDN-S02-V00-ShutdownSegments Member=Component R12 10k 5% 0603
Added Member To Class: ClassName=SHDN-S02-V00-ShutdownSegments Member=Component R13 10k 5% 0603
Added Member To Class: ClassName=SHDN-S02-V00-ShutdownSegments Member=Component R14 10k 5% 0603
Added Member To Class: ClassName=SHDN-S02-V00-ShutdownSegments Member=Component R15 10k 5% 0603
Added Member To Class: ClassName=SHDN-S02-V00-ShutdownSegments Member=Component R16 10k 5% 0603
Added Member To Class: ClassName=SHDN-S03-V00-ShutdownSegment1 Member=Component R17A (R17) 10k
Added Member To Class: ClassName=SHDN-S03-V00-ShutdownSegment2 Member=Component R17B (R17) 10k
Added Member To Class: ClassName=SHDN-S03-V00-ShutdownSegment3 Member=Component R17C (R17) 10k
Added Member To Class: ClassName=SHDN-S03-V00-ShutdownSegment4 Member=Component R17D (R17) 10k
Added Member To Class: ClassName=SHDN-S03-V00-ShutdownSegment5 Member=Component R17E (R17) 10k
Added Member To Class: ClassName=SHDN-S03-V00-ShutdownSegment6 Member=Component R17F (R17) 10k
Added Member To Class: ClassName=SHDN-S03-V00-ShutdownSegment7 Member=Component R17G (R17) 10k
Added Member To Class: ClassName=SHDN-S03-V00-ShutdownSegment8 Member=Component R17H (R17) 10k
Added Member To Class: ClassName=SHDN-S06-V00-Microcontroller Member=Component R18 4k7
Added Member To Class: ClassName=SHDN-S11-V00-7SegmentDisplay1 Member=Component R19A (R19) 330R
Added Member To Class: ClassName=SHDN-S11-V00-7SegmentDisplay2 Member=Component R19B (R19) 330R
Added Member To Class: ClassName=SHDN-S11-V00-7SegmentDisplay1 Member=Component R20A (R20) 330R
Added Member To Class: ClassName=SHDN-S11-V00-7SegmentDisplay2 Member=Component R20B (R20) 330R
Added Member To Class: ClassName=SHDN-S11-V00-7SegmentDisplay1 Member=Component R21A (R21) 330R
Added Member To Class: ClassName=SHDN-S11-V00-7SegmentDisplay2 Member=Component R21B (R21) 330R
Added Member To Class: ClassName=SHDN-S11-V00-7SegmentDisplay1 Member=Component R22A (R22) 330R
Added Member To Class: ClassName=SHDN-S11-V00-7SegmentDisplay2 Member=Component R22B (R22) 330R
Added Member To Class: ClassName=SHDN-S11-V00-7SegmentDisplay1 Member=Component R23A (R23) 330R
Added Member To Class: ClassName=SHDN-S11-V00-7SegmentDisplay2 Member=Component R23B (R23) 330R
Added Member To Class: ClassName=SHDN-S11-V00-7SegmentDisplay1 Member=Component R24A (R24) 330R
Added Member To Class: ClassName=SHDN-S11-V00-7SegmentDisplay2 Member=Component R24B (R24) 330R
Added Member To Class: ClassName=SHDN-S11-V00-7SegmentDisplay1 Member=Component R25A (R25) 330R
Added Member To Class: ClassName=SHDN-S11-V00-7SegmentDisplay2 Member=Component R25B (R25) 330R
Added Member To Class: ClassName=SHDN-S11-V00-7SegmentDisplay1 Member=Component R26A (R26) 330R
Added Member To Class: ClassName=SHDN-S11-V00-7SegmentDisplay2 Member=Component R26B (R26) 330R
Added Member To Class: ClassName=SHDN-S07-V00-IsolatedCAN Member=Component R29 120R 1% 1210
Added Member To Class: ClassName=SHDN-S08-V00-PSU Member=Component R30 64k9 1%
Added Member To Class: ClassName=SHDN-S08-V00-PSU Member=Component R31 1k
Added Member To Class: ClassName=SHDN-S08-V00-PSU Member=Component R32 19k6 1%
Added Member To Class: ClassName=SHDN-S09-V00-Buzzer Member=Component R33 1k
Added Member To Class: ClassName=SHDN-S09-V00-Buzzer Member=Component R34 1k
Added Member To Class: ClassName=SHDN-S04-V00-ShutdownRelay Member=Component R35 120R
Added Member To Class: ClassName=SHDN-S04-V00-ShutdownRelay Member=Component R36 47k
Added Member To Class: ClassName=SHDN-S04-V00-ShutdownRelay Member=Component R37 1k
Added Member To Class: ClassName=SHDN-S10-V00-ShutdownSense Member=Component R38 1k 5% 0603
Added Member To Class: ClassName=SHDN-S10-V00-ShutdownSense Member=Component R39 1k 5% 0603
Added Member To Class: ClassName=SHDN-S10-V00-ShutdownSense Member=Component R40 1k 5% 0603
Added Member To Class: ClassName=SHDN-S10-V00-ShutdownSense Member=Component R41 1k 5% 0603
Added Member To Class: ClassName=SHDN-S10-V00-ShutdownSense Member=Component R42 1k 5% 0603
Added Member To Class: ClassName=SHDN-S10-V00-ShutdownSense Member=Component R43 1k 5% 0603
Added Member To Class: ClassName=SHDN-S06-V00-Microcontroller Member=Component SW1 B3U-1000P
Added Member To Class: ClassName=SHDN-S04-V00-ShutdownRelay Member=Component SW2 BTN 4.5mm
Added Member To Class: ClassName=SHDN-S08-V00-PSU Member=Component TP1 TestPoint_SMD
Added Member To Class: ClassName=SHDN-S08-V00-PSU Member=Component TP2 TestPoint_SMD
Added Member To Class: ClassName=SHDN-S08-V00-PSU Member=Component TP3 TestPoint_SMD
Added Member To Class: ClassName=SHDN-S02-V00-ShutdownSegments Member=Component U1 CD4097BPW
Added Member To Class: ClassName=SHDN-S06-V00-Microcontroller Member=Component U2 STM32F302RC
Added Member To Class: ClassName=SHDN-S06-V00-Microcontroller Member=Component U3 DSC1001DI1-008.0000T
Added Member To Class: ClassName=SHDN-S07-V00-IsolatedCAN Member=Component U4 Si8621BC-B-IS
Added Member To Class: ClassName=SHDN-S07-V00-IsolatedCAN Member=Component U5 SN65HVD233
Added Member To Class: ClassName=SHDN-S08-V00-PSU Member=Component U6 LMR14010
Added Member To Class: ClassName=SHDN-S10-V00-ShutdownSense Member=Component U7 LM358
Added Member To Class: ClassName=SHDN-S11-V00-7SegmentDisplay1 Member=Component U8A (U8) CD4511BPWR
Added Member To Class: ClassName=SHDN-S11-V00-7SegmentDisplay2 Member=Component U8B (U8) CD4511BPWR
Added Room: Name=SHDN-S01-V00-ShutdownBoard
Added Room: Name=SHDN-S02-V00-ShutdownSegments
Added Room: Name=SHDN-S03-V00-ShutdownSegment1
Added Room: Name=SHDN-S03-V00-ShutdownSegment2
Added Room: Name=SHDN-S03-V00-ShutdownSegment3
Added Room: Name=SHDN-S03-V00-ShutdownSegment4
Added Room: Name=SHDN-S03-V00-ShutdownSegment5
Added Room: Name=SHDN-S03-V00-ShutdownSegment6
Added Room: Name=SHDN-S03-V00-ShutdownSegment7
Added Room: Name=SHDN-S03-V00-ShutdownSegment8
Added Room: Name=SHDN-S04-V00-ShutdownRelay
Added Room: Name=SHDN-S05-V00-Connector
Added Room: Name=SHDN-S06-V00-Microcontroller
Added Room: Name=SHDN-S07-V00-IsolatedCAN
Added Room: Name=SHDN-S08-V00-PSU
Added Room: Name=SHDN-S09-V00-Buzzer
Added Room: Name=SHDN-S10-V00-ShutdownSense
Added Room: Name=SHDN-S11-V00-7SegmentDisplay1
Added Room: Name=SHDN-S11-V00-7SegmentDisplay2
