Added Component: Designator=B1(PS1240P02BT)
Added Component: Designator=C1(Cap_Ceramic_0603)
Added Component: Designator=C2(Cap_Ceramic_0603)
Added Component: Designator=C3(Cap_Ceramic_0603)
Added Component: Designator=C4(Cap_Ceramic_0603)
Added Component: Designator=C5(Cap_Ceramic_0603)
Added Component: Designator=C6(Cap_Ceramic_0603)
Added Component: Designator=C7(Cap_Ceramic_0603)
Added Component: Designator=C8(Cap_Ceramic_0603)
Added Component: Designator=C9(Cap_Ceramic_0603)
Added Component: Designator=C10(Cap_Ceramic_0603)
Added Component: Designator=C11(Cap_Ceramic_0603)
Added Component: Designator=C12(Cap_Ceramic_0603)
Added Component: Designator=C13(Cap_Ceramic_0603)
Added Component: Designator=C14(Cap_Ceramic_0603)
Added Component: Designator=C15(Cap_Ceramic_0603)
Added Component: Designator=C16(Cap_Ceramic_0603)
Added Component: Designator=C17(Cap_Ceramic_0603)
Added Component: Designator=C18(Cap_Ceramic_1206)
Added Component: Designator=C19(Cap_Ceramic_1206)
Added Component: Designator=C20(Cap_Ceramic_1210)
Added Component: Designator=C21(Cap_Ceramic_1210)
Added Component: Designator=C22(CAP_ALU_16x16mm)
Added Component: Designator=C23(CAP_ALU_16x16mm)
Added Component: Designator=C24(CAP_ALU_16x16mm)
Added Component: Designator=C25(CAP_ALU_16x16mm)
Added Component: Designator=C26(Cap_Ceramic_0603)
Added Component: Designator=C27(Cap_Ceramic_0603)
Added Component: Designator=C28A(Cap_Ceramic_0603)
Added Component: Designator=C28B(Cap_Ceramic_0603)
Added Component: Designator=D1(SOD123)
Add component (AddParameter): Name = "ComponentLink1Description"; Value = "Digikey"; VariantName = "[No Variations]"
Add component (AddParameter): Name = "ComponentLink1URL"; Value = "https://www.digikey.com.au/product-detail/en/vishay-semiconductor-diodes-division/BZT52B3V3-G3-08/BZT52B3V3-G3-08GICT-ND/8284035"; VariantName = "[No Variations]"
Add component (AddParameter): Name = "ComponentLink2Description"; Value = "Datasheet"; VariantName = "[No Variations]"
Add component (AddParameter): Name = "ComponentLink2URL"; Value = "https://www.vishay.com/docs/83340/bzt52g.pdf"; VariantName = "[No Variations]"
Added Component: Designator=D2(SOD123)
Add component (AddParameter): Name = "ComponentLink1Description"; Value = "Digikey"; VariantName = "[No Variations]"
Add component (AddParameter): Name = "ComponentLink1URL"; Value = "https://www.digikey.com.au/product-detail/en/vishay-semiconductor-diodes-division/BZT52B3V3-G3-08/BZT52B3V3-G3-08GICT-ND/8284035"; VariantName = "[No Variations]"
Add component (AddParameter): Name = "ComponentLink2Description"; Value = "Datasheet"; VariantName = "[No Variations]"
Add component (AddParameter): Name = "ComponentLink2URL"; Value = "https://www.vishay.com/docs/83340/bzt52g.pdf"; VariantName = "[No Variations]"
Added Component: Designator=D3(SOD123)
Add component (AddParameter): Name = "ComponentLink1Description"; Value = "Digikey"; VariantName = "[No Variations]"
Add component (AddParameter): Name = "ComponentLink1URL"; Value = "https://www.digikey.com.au/product-detail/en/vishay-semiconductor-diodes-division/BZT52B3V3-G3-08/BZT52B3V3-G3-08GICT-ND/8284035"; VariantName = "[No Variations]"
Add component (AddParameter): Name = "ComponentLink2Description"; Value = "Datasheet"; VariantName = "[No Variations]"
Add component (AddParameter): Name = "ComponentLink2URL"; Value = "https://www.vishay.com/docs/83340/bzt52g.pdf"; VariantName = "[No Variations]"
Added Component: Designator=D4(SOD123)
Add component (AddParameter): Name = "ComponentLink1Description"; Value = "Digikey"; VariantName = "[No Variations]"
Add component (AddParameter): Name = "ComponentLink1URL"; Value = "https://www.digikey.com.au/product-detail/en/vishay-semiconductor-diodes-division/BZT52B3V3-G3-08/BZT52B3V3-G3-08GICT-ND/8284035"; VariantName = "[No Variations]"
Add component (AddParameter): Name = "ComponentLink2Description"; Value = "Datasheet"; VariantName = "[No Variations]"
Add component (AddParameter): Name = "ComponentLink2URL"; Value = "https://www.vishay.com/docs/83340/bzt52g.pdf"; VariantName = "[No Variations]"
Added Component: Designator=D5(SOD123)
Add component (AddParameter): Name = "ComponentLink1Description"; Value = "Digikey"; VariantName = "[No Variations]"
Add component (AddParameter): Name = "ComponentLink1URL"; Value = "https://www.digikey.com.au/product-detail/en/vishay-semiconductor-diodes-division/BZT52B3V3-G3-08/BZT52B3V3-G3-08GICT-ND/8284035"; VariantName = "[No Variations]"
Add component (AddParameter): Name = "ComponentLink2Description"; Value = "Datasheet"; VariantName = "[No Variations]"
Add component (AddParameter): Name = "ComponentLink2URL"; Value = "https://www.vishay.com/docs/83340/bzt52g.pdf"; VariantName = "[No Variations]"
Added Component: Designator=D6(NUP2105L)
Add component (AddParameter): Name = "ComponentLink1Description"; Value = "Datasheet"; VariantName = "[No Variations]"
Add component (AddParameter): Name = "ComponentLink1URL"; Value = "https://www.onsemi.cn/PowerSolutions/document/NUP2105L-D.PDF"; VariantName = "[No Variations]"
Add component (AddParameter): Name = "ComponentLink2Description"; Value = "LCSC"; VariantName = "[No Variations]"
Add component (AddParameter): Name = "ComponentLink2URL"; Value = "https://lcsc.com/product-detail/TVS_ON-Semiconductor-NUP2105LT1G_C14486.html"; VariantName = "[No Variations]"
Add component (AddParameter): Name = "ComponentLink3Description"; Value = "Digikey"; VariantName = "[No Variations]"
Add component (AddParameter): Name = "ComponentLink3URL"; Value = "https://www.digikey.com.au/product-detail/en/on-semiconductor/SZNUP2105LT1G/SZNUP2105LT1GOSCT-ND/3487669"; VariantName = "[No Variations]"
Add component (AddParameter): Name = "Parameter 1"; Value = ""; VariantName = "[No Variations]"
Added Component: Designator=D7(SMA)
Added Component: Designator=D8(SMA)
Add component (AddParameter): Name = "Manufacturer"; Value = "Generic"; VariantName = "[No Variations]"
Add component (AddParameter): Name = "MPN"; Value = "5V6 500mW SMA"; VariantName = "[No Variations]"
Added Component: Designator=D9(SMA)
Added Component: Designator=D10(SOD123)
Add component (AddParameter): Name = "ComponentLink1Description"; Value = "Digikey"; VariantName = "[No Variations]"
Add component (AddParameter): Name = "ComponentLink1URL"; Value = "https://www.digikey.com.au/product-detail/en/vishay-semiconductor-diodes-division/BZT52B3V3-G3-08/BZT52B3V3-G3-08GICT-ND/8284035"; VariantName = "[No Variations]"
Add component (AddParameter): Name = "ComponentLink2Description"; Value = "Datasheet"; VariantName = "[No Variations]"
Add component (AddParameter): Name = "ComponentLink2URL"; Value = "https://www.vishay.com/docs/83340/bzt52g.pdf"; VariantName = "[No Variations]"
Added Component: Designator=D11(SOD123)
Add component (AddParameter): Name = "ComponentLink1Description"; Value = "Digikey"; VariantName = "[No Variations]"
Add component (AddParameter): Name = "ComponentLink1URL"; Value = "https://www.digikey.com.au/product-detail/en/vishay-semiconductor-diodes-division/BZT52B3V3-G3-08/BZT52B3V3-G3-08GICT-ND/8284035"; VariantName = "[No Variations]"
Add component (AddParameter): Name = "ComponentLink2Description"; Value = "Datasheet"; VariantName = "[No Variations]"
Add component (AddParameter): Name = "ComponentLink2URL"; Value = "https://www.vishay.com/docs/83340/bzt52g.pdf"; VariantName = "[No Variations]"
Added Component: Designator=D12A(LED 7 SEG 0.56")
Added Component: Designator=D12B(LED 7 SEG 0.56")
Added Component: Designator=DS1(LED ORANGE 0603)
Added Component: Designator=DS2(LED ORANGE 0603)
Added Component: Designator=DS3(LED GREEN 0603)
Added Component: Designator=DS4(LED ORANGE 0603)
Added Component: Designator=DS5(LED ORANGE 0603)
Added Component: Designator=DS6(LED ORANGE 0603)
Added Component: Designator=FID1(FIDUCIAL 1MM)
Added Component: Designator=FID2(FIDUCIAL 1MM)
Added Component: Designator=FID3(FIDUCIAL 1MM)
Added Component: Designator=FID4(FIDUCIAL 1MM)
Added Component: Designator=J1(Jumper_2Way_Solderable)
Added Component: Designator=J2A(Jumper_2Way_Pin)
Added Component: Designator=J2B(Jumper_2Way_Pin)
Added Component: Designator=J2C(Jumper_2Way_Pin)
Added Component: Designator=J2D(Jumper_2Way_Pin)
Added Component: Designator=J2E(Jumper_2Way_Pin)
Added Component: Designator=J2F(Jumper_2Way_Pin)
Added Component: Designator=J2G(Jumper_2Way_Pin)
Added Component: Designator=J2H(Jumper_2Way_Pin)
Added Component: Designator=J3(SUPERSEAL RIGHT 26WAY)
Added Component: Designator=J4(IDC 1.27MM 10P)
Added Component: Designator=J5(Jumper_2Way_Pin)
Added Component: Designator=J6(Jumper_2Way_Pin)
Added Component: Designator=J7(Jumper_2Way_Pin)
Added Component: Designator=K1(G5V-2)
Added Component: Designator=K2(CPC1014N)
Added Component: Designator=L1(Inductor_0603)
Add component (AddParameter): Name = "ComponentLink1Description"; Value = "Digikey"; VariantName = "[No Variations]"
Add component (AddParameter): Name = "ComponentLink1URL"; Value = "https://www.digikey.com.au/product-detail/en/w%C3%BCrth-elektronik/74404064221/732-7261-1-ND/5353241"; VariantName = "[No Variations]"
Add component (AddParameter): Name = "ComponentLink2Description"; Value = "LCSC A"; VariantName = "[No Variations]"
Add component (AddParameter): Name = "ComponentLink2URL"; Value = "https://lcsc.com/product-detail/Power-Inductors_Sunlord-SWPA6045S221MT_C91047.html"; VariantName = "[No Variations]"
Add component (AddParameter): Name = "ComponentLink3Description"; Value = "LCSC B"; VariantName = "[No Variations]"
Add component (AddParameter): Name = "ComponentLink3URL"; Value = "https://lcsc.com/product-detail/Power-Inductors_SXN-Shun-Xiang-Nuo-Elec-SMNR6045-221MT_C467145.html"; VariantName = "[No Variations]"
Added Component: Designator=L2(Inductor_6x6mm)
Add component (AddParameter): Name = "ComponentLink1Description"; Value = "Digikey"; VariantName = "[No Variations]"
Add component (AddParameter): Name = "ComponentLink1URL"; Value = "https://www.digikey.com.au/product-detail/en/w%C3%BCrth-elektronik/74404064221/732-7261-1-ND/5353241"; VariantName = "[No Variations]"
Add component (AddParameter): Name = "ComponentLink2Description"; Value = "LCSC A"; VariantName = "[No Variations]"
Add component (AddParameter): Name = "ComponentLink2URL"; Value = "https://lcsc.com/product-detail/Power-Inductors_Sunlord-SWPA6045S221MT_C91047.html"; VariantName = "[No Variations]"
Add component (AddParameter): Name = "ComponentLink3Description"; Value = "LCSC B"; VariantName = "[No Variations]"
Add component (AddParameter): Name = "ComponentLink3URL"; Value = "https://lcsc.com/product-detail/Power-Inductors_SXN-Shun-Xiang-Nuo-Elec-SMNR6045-221MT_C467145.html"; VariantName = "[No Variations]"
Added Component: Designator=LOGO1(QUTMS LOGO 30MM)
Added Component: Designator=LYID1(LAYER IDENT 2)
Added Component: Designator=M1(M3.2 UNPLATED)
Added Component: Designator=M2(M3.2 UNPLATED)
Added Component: Designator=M3(M3.2 UNPLATED)
Added Component: Designator=M4(M3.2 UNPLATED)
Added Component: Designator=P1(HDR1X3)
Add component (AddParameter): Name = "LatestRevisionDate"; Value = "17-Jul-2002"; VariantName = "[No Variations]"
Add component (AddParameter): Name = "LatestRevisionNote"; Value = "Re-released for DXP Platform."; VariantName = "[No Variations]"
Add component (AddParameter): Name = "Publisher"; Value = "Altium Limited"; VariantName = "[No Variations]"
Added Component: Designator=Q1(SOT23-3)
Added Component: Designator=Q2A(SOT23-3)
Added Component: Designator=Q2B(SOT23-3)
Added Component: Designator=R1(Res_ThinFilm_0603)
Added Component: Designator=R2(Res_ThinFilm_1210)
Added Component: Designator=R3(Res_ThinFilm_0603)
Added Component: Designator=R4(Res_ThinFilm_0603)
Added Component: Designator=R5(Res_ThinFilm_0603)
Added Component: Designator=R6(Res_ThinFilm_0603)
Added Component: Designator=R7(Res_ThinFilm_0603)
Added Component: Designator=R8(Res_ThinFilm_0603)
Added Component: Designator=R9(Res_ThinFilm_0603)
Added Component: Designator=R10(Res_ThinFilm_0603)
Added Component: Designator=R11(Res_ThinFilm_0603)
Added Component: Designator=R12A(Res_ThinFilm_1210)
Added Component: Designator=R12B(Res_ThinFilm_1210)
Added Component: Designator=R12C(Res_ThinFilm_1210)
Added Component: Designator=R12D(Res_ThinFilm_1210)
Added Component: Designator=R12E(Res_ThinFilm_1210)
Added Component: Designator=R12F(Res_ThinFilm_1210)
Added Component: Designator=R12G(Res_ThinFilm_1210)
Added Component: Designator=R12H(Res_ThinFilm_1210)
Added Component: Designator=R13(Res_ThinFilm_0603)
Added Component: Designator=R14(Res_ThinFilm_0603)
Added Component: Designator=R15(Res_ThinFilm_0603)
Added Component: Designator=R16(Res_ThinFilm_0603)
Added Component: Designator=R17(Res_ThinFilm_0603)
Added Component: Designator=R18(Res_ThinFilm_0603)
Added Component: Designator=R19(Res_ThinFilm_0603)
Added Component: Designator=R20(Res_ThinFilm_0603)
Added Component: Designator=R21(Res_ThinFilm_1210)
Added Component: Designator=R22(Res_ThinFilm_0603)
Added Component: Designator=R23(Res_ThinFilm_0603)
Added Component: Designator=R24(Res_ThinFilm_0603)
Added Component: Designator=R25(Res_ThinFilm_0603)
Added Component: Designator=R26(Res_ThinFilm_0603)
Added Component: Designator=R27(Res_ThinFilm_0603)
Added Component: Designator=R28(Res_ThinFilm_0603)
Added Component: Designator=R29(Res_ThinFilm_0603)
Added Component: Designator=R30(Res_ThinFilm_0603)
Added Component: Designator=R31(Res_ThinFilm_0603)
Added Component: Designator=R32(Res_ThinFilm_0603)
Added Component: Designator=R33(Res_ThinFilm_0603)
Added Component: Designator=R34(Res_ThinFilm_0603)
Added Component: Designator=R35(Res_ThinFilm_0603)
Added Component: Designator=R36(Res_ThinFilm_0603)
Added Component: Designator=R37(Res_ThinFilm_0603)
Added Component: Designator=R38(Res_ThinFilm_0603)
Added Component: Designator=R39(Res_ThinFilm_0603)
Added Component: Designator=R40(Res_ThinFilm_0603)
Added Component: Designator=R41(Res_ThinFilm_0603)
Added Component: Designator=R42(Res_ThinFilm_0603)
Added Component: Designator=R43(Res_ThinFilm_0603)
Added Component: Designator=R44(Res_ThinFilm_0603)
Added Component: Designator=R45A(Res_ThinFilm_0603)
Added Component: Designator=R45B(Res_ThinFilm_0603)
Added Component: Designator=R46A(Res_ThinFilm_0603)
Added Component: Designator=R46B(Res_ThinFilm_0603)
Added Component: Designator=R47A(Res_ThinFilm_0603)
Added Component: Designator=R47B(Res_ThinFilm_0603)
Added Component: Designator=R48A(Res_ThinFilm_0603)
Added Component: Designator=R48B(Res_ThinFilm_0603)
Added Component: Designator=R49A(Res_ThinFilm_0603)
Added Component: Designator=R49B(Res_ThinFilm_0603)
Added Component: Designator=R50A(Res_ThinFilm_0603)
Added Component: Designator=R50B(Res_ThinFilm_0603)
Added Component: Designator=R51A(Res_ThinFilm_0603)
Added Component: Designator=R51B(Res_ThinFilm_0603)
Added Component: Designator=R52A(Res_ThinFilm_0603)
Added Component: Designator=R52B(Res_ThinFilm_0603)
Added Component: Designator=R53A(Res_ThinFilm_0603)
Added Component: Designator=R53B(Res_ThinFilm_0603)
Added Component: Designator=R54A(Res_ThinFilm_0603)
Added Component: Designator=R54B(Res_ThinFilm_0603)
Added Component: Designator=SW1(BTN B3U-1000P)
Add component (AddParameter): Name = "ComponentLink1Description"; Value = "LCSC"; VariantName = "[No Variations]"
Add component (AddParameter): Name = "ComponentLink1URL"; Value = "https://lcsc.com/product-detail/Tactile-Switches_BRIGHT-TSA063G50-250_C294565.html"; VariantName = "[No Variations]"
Added Component: Designator=SW2(BTN STANDARD 4.5mm X 4.5mm)
Add component (AddParameter): Name = "ComponentLink1Description"; Value = "LCSC"; VariantName = "[No Variations]"
Add component (AddParameter): Name = "ComponentLink1URL"; Value = "https://lcsc.com/product-detail/Tactile-Switches_BRIGHT-TSA063G50-250_C294565.html"; VariantName = "[No Variations]"
Added Component: Designator=T1(SOT23-3 - Transistor)
Add component (AddParameter): Name = "ComponentLink1Description"; Value = "Digikey"; VariantName = "[No Variations]"
Add component (AddParameter): Name = "ComponentLink1URL"; Value = "https://www.digikey.com.au/product-detail/en/diodes-incorporated/DDTC143ZCA-7-F/DDTC143ZCA-FDICT-ND/815626"; VariantName = "[No Variations]"
Add component (AddParameter): Name = "ComponentLink2Description"; Value = "Datasheet"; VariantName = "[No Variations]"
Add component (AddParameter): Name = "ComponentLink2URL"; Value = "https://www.diodes.com/assets/Datasheets/ds30330.pdf"; VariantName = "[No Variations]"
Added Component: Designator=TP1(TestPointSMD)
Added Component: Designator=TP2(TestPointSMD)
Added Component: Designator=TP3(TestPointSMD)
Added Component: Designator=TP4(TestPointSMD)
Added Component: Designator=TP5(TestPointSMD)
Added Component: Designator=U1(TSSOP-16)
Added Component: Designator=U2(TSSOP-24)
Added Component: Designator=U3(STM32F302RC)
Add component (AddParameter): Name = "ComponentLink1Description"; Value = "Digikey"; VariantName = "[No Variations]"
Add component (AddParameter): Name = "ComponentLink1URL"; Value = "https://www.digikey.com.au/product-detail/en/stmicroelectronics/STM32F302RCT6TR/497-19000-1-ND/9974332"; VariantName = "[No Variations]"
Add component (AddParameter): Name = "ComponentLink2Description"; Value = "Datasheet"; VariantName = "[No Variations]"
Add component (AddParameter): Name = "ComponentLink2URL"; Value = "http://www.st.com/content/ccc/resource/technical/document/datasheet/67/73/21/b9/f2/b3/4d/f8/DM00094064.pdf/files/DM00094064.pdf/jcr:content/translations/en.DM00094064.pdf"; VariantName = "[No Variations]"
Added Component: Designator=U4(DSC1001DI1-008.0000TCT-ND)
Added Component: Designator=U5(SN65HVD233DR)
Add component (AddParameter): Name = "ComponentLink1Description"; Value = "LCSC"; VariantName = "[No Variations]"
Add component (AddParameter): Name = "ComponentLink1URL"; Value = "https://lcsc.com/product-detail/CAN-ICs_Texas-Instruments_SN65HVD233DRG4_Texas-Instruments-Texas-Instruments-SN65HVD233DRG4_C61643.html"; VariantName = "[No Variations]"
Add component (AddParameter): Name = "ComponentLink2Description"; Value = "Digikey"; VariantName = "[No Variations]"
Add component (AddParameter): Name = "ComponentLink2URL"; Value = "https://www.digikey.com.au/product-detail/en/texas-instruments/SN65HVD233DR/296-35967-1-ND/4134960"; VariantName = "[No Variations]"
Add component (AddParameter): Name = "ComponentLink3Description"; Value = "Datasheet"; VariantName = "[No Variations]"
Add component (AddParameter): Name = "ComponentLink3URL"; Value = "https://www.ti.com/lit/ds/symlink/sn65hvd233.pdf?ts=1588560888178"; VariantName = "[No Variations]"
Add component (AddParameter): Name = "ComponentLink4Description"; Value = "Ti Product Page"; VariantName = "[No Variations]"
Add component (AddParameter): Name = "ComponentLink4URL"; Value = "https://www.ti.com/product/SN65HVD233"; VariantName = "[No Variations]"
Added Component: Designator=U6(LMR14010)
Added Component: Designator=U7(TSSOP-8)
Added Component: Designator=U8A(16-TSSOP)
Added Component: Designator=U8B(16-TSSOP)
Added Pin To Net: NetName=BUZZER POS Pin=B1-1
Added Pin To Net: NetName=BUZZER NEG Pin=B1-2
Added Pin To Net: NetName=GND Pin=C1-1
Added Pin To Net: NetName=GND Pin=C2-1
Added Pin To Net: NetName=3V3 Pin=C2-2
Added Pin To Net: NetName=GND Pin=C3-1
Added Pin To Net: NetName=GND Pin=C4-1
Added Pin To Net: NetName=3V3 Pin=C4-2
Added Pin To Net: NetName=GND Pin=C5-1
Added Pin To Net: NetName=3V3 Pin=C5-2
Added Pin To Net: NetName=GND Pin=C6-1
Added Pin To Net: NetName=3V3 Pin=C6-2
Added Pin To Net: NetName=GND Pin=C7-1
Added Pin To Net: NetName=3V3 Pin=C7-2
Added Pin To Net: NetName=GND Pin=C8-1
Added Pin To Net: NetName=3V3 Pin=C8-2
Added Pin To Net: NetName=GND Pin=C9-1
Added Pin To Net: NetName=3V3 Pin=C9-2
Added Pin To Net: NetName=GND Pin=C10-1
Added Pin To Net: NetName=3V3 Pin=C10-2
Added Pin To Net: NetName=GND Pin=C11-1
Added Pin To Net: NetName=3V3 Pin=C11-2
Added Pin To Net: NetName=GND Pin=C12-1
Added Pin To Net: NetName=GND Pin=C13-1
Added Pin To Net: NetName=GND Pin=C14-1
Added Pin To Net: NetName=3V3 Pin=C14-2
Added Pin To Net: NetName=GND Pin=C15-1
Added Pin To Net: NetName=NRST Pin=C15-2
Added Pin To Net: NetName=ISO GND Pin=C16-1
Added Pin To Net: NetName=3V3 Pin=C16-2
Added Pin To Net: NetName=PWR CB Pin=C17-1
Added Pin To Net: NetName=PWR SW Pin=C17-2
Added Pin To Net: NetName=GND Pin=C18-1
Added Pin To Net: NetName=GND Pin=C19-1
Added Pin To Net: NetName=GND Pin=C20-1
Added Pin To Net: NetName=3V3 Pin=C20-2
Added Pin To Net: NetName=GND Pin=C21-1
Added Pin To Net: NetName=3V3 Pin=C21-2
Added Pin To Net: NetName=SEG IN9 Pin=C22-A
Added Pin To Net: NetName=SEG IN9 Pin=C23-A
Added Pin To Net: NetName=SEG IN9 Pin=C24-A
Added Pin To Net: NetName=SEG IN9 Pin=C25-A
Added Pin To Net: NetName=GND Pin=C27-2
Added Pin To Net: NetName=3V3 Pin=C28A-1
Added Pin To Net: NetName=GND Pin=C28A-2
Added Pin To Net: NetName=3V3 Pin=C28B-1
Added Pin To Net: NetName=GND Pin=C28B-2
Added Pin To Net: NetName=GND Pin=D1-A
Added Pin To Net: NetName=GND Pin=D2-A
Added Pin To Net: NetName=GND Pin=D3-A
Added Pin To Net: NetName=GND Pin=D4-A
Added Pin To Net: NetName=GND Pin=D5-A
Added Pin To Net: NetName=CAN L Pin=D6-1
Added Pin To Net: NetName=CAN H Pin=D6-2
Added Pin To Net: NetName=ISO GND Pin=D6-3
Added Pin To Net: NetName=GND Pin=D7-A
Added Pin To Net: NetName=PWR SW Pin=D7-K
Added Pin To Net: NetName=GND Pin=D9-K
Added Pin To Net: NetName=GND Pin=D10-A
Added Pin To Net: NetName=GND Pin=D11-A
Added Pin To Net: NetName=7SEG ERA Pin=D12A-1
Added Pin To Net: NetName=7SEG DRA Pin=D12A-2
Added Pin To Net: NetName=7SEG CRA Pin=D12A-4
Added Pin To Net: NetName=7SEG DPRA Pin=D12A-5
Added Pin To Net: NetName=7SEG BRA Pin=D12A-6
Added Pin To Net: NetName=7SEG ARA Pin=D12A-7
Added Pin To Net: NetName=7SEG FRA Pin=D12A-9
Added Pin To Net: NetName=7SEG GRA Pin=D12A-10
Added Pin To Net: NetName=7SEG ERB Pin=D12B-1
Added Pin To Net: NetName=7SEG DRB Pin=D12B-2
Added Pin To Net: NetName=7SEG CRB Pin=D12B-4
Added Pin To Net: NetName=7SEG DPRB Pin=D12B-5
Added Pin To Net: NetName=7SEG BRB Pin=D12B-6
Added Pin To Net: NetName=7SEG ARB Pin=D12B-7
Added Pin To Net: NetName=7SEG FRB Pin=D12B-9
Added Pin To Net: NetName=7SEG GRB Pin=D12B-10
Added Pin To Net: NetName=GND Pin=DS1-2
Added Pin To Net: NetName=GND Pin=DS2-2
Added Pin To Net: NetName=GND Pin=DS3-2
Added Pin To Net: NetName=GND Pin=DS4-2
Added Pin To Net: NetName=GND Pin=DS5-2
Added Pin To Net: NetName=GND Pin=DS6-2
Added Pin To Net: NetName=SEG IN1 Pin=J1-2
Added Pin To Net: NetName=SEG IN8 Pin=J2A-1
Added Pin To Net: NetName=SEG IN9 Pin=J2A-2
Added Pin To Net: NetName=SEG IN7 Pin=J2B-1
Added Pin To Net: NetName=SEG IN8 Pin=J2B-2
Added Pin To Net: NetName=SEG IN6 Pin=J2C-1
Added Pin To Net: NetName=SEG IN7 Pin=J2C-2
Added Pin To Net: NetName=SEG IN5 Pin=J2D-1
Added Pin To Net: NetName=SEG IN6 Pin=J2D-2
Added Pin To Net: NetName=SEG IN4 Pin=J2E-1
Added Pin To Net: NetName=SEG IN5 Pin=J2E-2
Added Pin To Net: NetName=SEG IN3 Pin=J2F-1
Added Pin To Net: NetName=SEG IN4 Pin=J2F-2
Added Pin To Net: NetName=SEG IN2 Pin=J2G-1
Added Pin To Net: NetName=SEG IN3 Pin=J2G-2
Added Pin To Net: NetName=SEG IN1 Pin=J2H-1
Added Pin To Net: NetName=SEG IN2 Pin=J2H-2
Added Pin To Net: NetName=SEG IN1 Pin=J3-1
Added Pin To Net: NetName=SEG IN2 Pin=J3-2
Added Pin To Net: NetName=SEG IN3 Pin=J3-3
Added Pin To Net: NetName=SEG IN4 Pin=J3-4
Added Pin To Net: NetName=LATCH RESET Pin=J3-5
Added Pin To Net: NetName=CAN H Pin=J3-6
Added Pin To Net: NetName=CAN L Pin=J3-7
Added Pin To Net: NetName=SEG IN2 Pin=J3-8
Added Pin To Net: NetName=SEG IN3 Pin=J3-9
Added Pin To Net: NetName=SEG IN4 Pin=J3-10
Added Pin To Net: NetName=SEG IN5 Pin=J3-11
Added Pin To Net: NetName=SEG IN1 Pin=J3-12
Added Pin To Net: NetName=CHAIN OUT Pin=J3-13
Added Pin To Net: NetName=SEG IN6 Pin=J3-14
Added Pin To Net: NetName=SEG IN7 Pin=J3-15
Added Pin To Net: NetName=SEG IN8 Pin=J3-16
Added Pin To Net: NetName=SEG IN9 Pin=J3-17
Added Pin To Net: NetName=SEG IN9 Pin=J3-18
Added Pin To Net: NetName=CHAIN IN Pin=J3-19
Added Pin To Net: NetName=SEG IN5 Pin=J3-20
Added Pin To Net: NetName=SEG IN6 Pin=J3-21
Added Pin To Net: NetName=SEG IN7 Pin=J3-22
Added Pin To Net: NetName=SEG IN8 Pin=J3-23
Added Pin To Net: NetName=GND Pin=J3-24
Added Pin To Net: NetName=GND Pin=J3-25
Added Pin To Net: NetName=12 Pin=J3-26
Added Pin To Net: NetName=3V3 Pin=J4-1
Added Pin To Net: NetName=SWDIO Pin=J4-2
Added Pin To Net: NetName=GND Pin=J4-3
Added Pin To Net: NetName=SWCLK Pin=J4-4
Added Pin To Net: NetName=GND Pin=J4-5
Added Pin To Net: NetName=PROG A Pin=J4-6
Added Pin To Net: NetName=PROG B Pin=J4-7
Added Pin To Net: NetName=PROG C Pin=J4-8
Added Pin To Net: NetName=GND Pin=J4-9
Added Pin To Net: NetName=NRST Pin=J4-10
Added Pin To Net: NetName=CAN H Pin=J5-1
Added Pin To Net: NetName=CAN TERM Pin=J5-2
Added Pin To Net: NetName=3V3 Pin=J6-1
Added Pin To Net: NetName=BUZZER POS Pin=J6-2
Added Pin To Net: NetName=SEG IN9 Pin=J7-1
Added Pin To Net: NetName=SEG IN9 Pin=K1-4
Added Pin To Net: NetName=CHAIN OUT Pin=K1-9
Added Pin To Net: NetName=CHAIN IN Pin=K1-13
Added Pin To Net: NetName=GND Pin=K1-16
Added Pin To Net: NetName=NetK2_1 Pin=K2-1
Added Pin To Net: NetName=3V3 Pin=L1-1
Added Pin To Net: NetName=PWR SW Pin=L2-1
Added Pin To Net: NetName=3V3 Pin=L2-2
Added Pin To Net: NetName=USART1 TX Pin=P1-1
Added Pin To Net: NetName=USART1 RX Pin=P1-2
Added Pin To Net: NetName=GND Pin=P1-3
Added Pin To Net: NetName=BUZZER NEG Pin=Q1-D
Added Pin To Net: NetName=BUZZER MOS Pin=Q1-G
Added Pin To Net: NetName=GND Pin=Q1-S
Added Pin To Net: NetName=GND Pin=Q2A-S
Added Pin To Net: NetName=GND Pin=Q2B-S
Added Pin To Net: NetName=SEG IN1 Pin=R1-1
Added Pin To Net: NetName=SEG IN1 Pin=R2-1
Added Pin To Net: NetName=SEG IN1 Pin=R3-1
Added Pin To Net: NetName=SEG SENSE1 Pin=R3-2
Added Pin To Net: NetName=SEG IN2 Pin=R4-1
Added Pin To Net: NetName=SEG SENSE2 Pin=R4-2
Added Pin To Net: NetName=SEG IN3 Pin=R5-1
Added Pin To Net: NetName=SEG SENSE3 Pin=R5-2
Added Pin To Net: NetName=SEG IN4 Pin=R6-1
Added Pin To Net: NetName=SEG SENSE4 Pin=R6-2
Added Pin To Net: NetName=SEG IN5 Pin=R7-1
Added Pin To Net: NetName=SEG SENSE5 Pin=R7-2
Added Pin To Net: NetName=SEG IN6 Pin=R8-1
Added Pin To Net: NetName=SEG SENSE6 Pin=R8-2
Added Pin To Net: NetName=SEG IN7 Pin=R9-1
Added Pin To Net: NetName=SEG SENSE7 Pin=R9-2
Added Pin To Net: NetName=SEG IN8 Pin=R10-1
Added Pin To Net: NetName=SEG SENSE8 Pin=R10-2
Added Pin To Net: NetName=SEG IN9 Pin=R11-1
Added Pin To Net: NetName=SEG SENSE9 Pin=R11-2
Added Pin To Net: NetName=SEG IN9 Pin=R12A-1
Added Pin To Net: NetName=SEG IN8 Pin=R12A-2
Added Pin To Net: NetName=SEG IN8 Pin=R12B-1
Added Pin To Net: NetName=SEG IN7 Pin=R12B-2
Added Pin To Net: NetName=SEG IN7 Pin=R12C-1
Added Pin To Net: NetName=SEG IN6 Pin=R12C-2
Added Pin To Net: NetName=SEG IN6 Pin=R12D-1
Added Pin To Net: NetName=SEG IN5 Pin=R12D-2
Added Pin To Net: NetName=SEG IN5 Pin=R12E-1
Added Pin To Net: NetName=SEG IN4 Pin=R12E-2
Added Pin To Net: NetName=SEG IN4 Pin=R12F-1
Added Pin To Net: NetName=SEG IN3 Pin=R12F-2
Added Pin To Net: NetName=SEG IN3 Pin=R12G-1
Added Pin To Net: NetName=SEG IN2 Pin=R12G-2
Added Pin To Net: NetName=SEG IN2 Pin=R12H-1
Added Pin To Net: NetName=SEG IN1 Pin=R12H-2
Added Pin To Net: NetName=LATCH RESET Pin=R13-2
Added Pin To Net: NetName=NRST Pin=R16-1
Added Pin To Net: NetName=3V3 Pin=R16-2
Added Pin To Net: NetName=CHAIN OUT Pin=R17-2
Added Pin To Net: NetName=CHAIN IN Pin=R19-2
Added Pin To Net: NetName=CAN L Pin=R21-1
Added Pin To Net: NetName=CAN TERM Pin=R21-2
Added Pin To Net: NetName=PWR FB Pin=R22-1
Added Pin To Net: NetName=3V3 Pin=R22-2
Added Pin To Net: NetName=3V3 Pin=R23-2
Added Pin To Net: NetName=GND Pin=R24-1
Added Pin To Net: NetName=PWR FB Pin=R24-2
Added Pin To Net: NetName=BUZZER NEG Pin=R25-1
Added Pin To Net: NetName=BUZZER POS Pin=R25-2
Added Pin To Net: NetName=BUZZER MOS Pin=R26-1
Added Pin To Net: NetName=BUZZER Pin=R26-2
Added Pin To Net: NetName=BUZZER Pin=R27-1
Added Pin To Net: NetName=GND Pin=R27-2
Added Pin To Net: NetName=LATCH RESET Pin=R28-2
Added Pin To Net: NetName=LATCH RESET Pin=R29-2
Added Pin To Net: NetName=NetK2_1 Pin=R32-2
Added Pin To Net: NetName=CHAIN OUT Pin=R34-2
Added Pin To Net: NetName=GDIFF Pin=R35-1
Added Pin To Net: NetName=GND Pin=R36-1
Added Pin To Net: NetName=GDIFF- Pin=R37-1
Added Pin To Net: NetName=GDIFF Pin=R37-2
Added Pin To Net: NetName=COMMON Y Pin=R38-1
Added Pin To Net: NetName=GDIFF- Pin=R38-2
Added Pin To Net: NetName=COMMON X Pin=R40-1
Added Pin To Net: NetName=GDIFF+ Pin=R40-2
Added Pin To Net: NetName=GND Pin=R41-1
Added Pin To Net: NetName=GND Pin=R42-1
Added Pin To Net: NetName=GND Pin=R43-1
Added Pin To Net: NetName=GDIFF+ Pin=R43-2
Added Pin To Net: NetName=7SEG AA Pin=R45A-1
Added Pin To Net: NetName=7SEG ARA Pin=R45A-2
Added Pin To Net: NetName=7SEG AB Pin=R45B-1
Added Pin To Net: NetName=7SEG ARB Pin=R45B-2
Added Pin To Net: NetName=7SEG BA Pin=R46A-1
Added Pin To Net: NetName=7SEG BRA Pin=R46A-2
Added Pin To Net: NetName=7SEG BB Pin=R46B-1
Added Pin To Net: NetName=7SEG BRB Pin=R46B-2
Added Pin To Net: NetName=7SEG CA Pin=R47A-1
Added Pin To Net: NetName=7SEG CRA Pin=R47A-2
Added Pin To Net: NetName=7SEG CB Pin=R47B-1
Added Pin To Net: NetName=7SEG CRB Pin=R47B-2
Added Pin To Net: NetName=7SEG DA Pin=R48A-1
Added Pin To Net: NetName=7SEG DRA Pin=R48A-2
Added Pin To Net: NetName=7SEG DB Pin=R48B-1
Added Pin To Net: NetName=7SEG DRB Pin=R48B-2
Added Pin To Net: NetName=7SEG EA Pin=R49A-1
Added Pin To Net: NetName=7SEG ERA Pin=R49A-2
Added Pin To Net: NetName=7SEG EB Pin=R49B-1
Added Pin To Net: NetName=7SEG ERB Pin=R49B-2
Added Pin To Net: NetName=7SEG FA Pin=R50A-1
Added Pin To Net: NetName=7SEG FRA Pin=R50A-2
Added Pin To Net: NetName=7SEG FB Pin=R50B-1
Added Pin To Net: NetName=7SEG FRB Pin=R50B-2
Added Pin To Net: NetName=7SEG GA Pin=R51A-1
Added Pin To Net: NetName=7SEG GRA Pin=R51A-2
Added Pin To Net: NetName=7SEG GB Pin=R51B-1
Added Pin To Net: NetName=7SEG GRB Pin=R51B-2
Added Pin To Net: NetName=7SEG DP B Pin=R52A-1
Added Pin To Net: NetName=7SEG DPRA Pin=R52A-2
Added Pin To Net: NetName=7SEG DP A Pin=R52B-1
Added Pin To Net: NetName=7SEG DPRB Pin=R52B-2
Added Pin To Net: NetName=7SEG CATH A Pin=R53A-1
Added Pin To Net: NetName=7SEG CATH B Pin=R53B-1
Added Pin To Net: NetName=GND Pin=R54A-1
Added Pin To Net: NetName=7SEG CATH A Pin=R54A-2
Added Pin To Net: NetName=GND Pin=R54B-1
Added Pin To Net: NetName=7SEG CATH B Pin=R54B-2
Added Pin To Net: NetName=GND Pin=SW1-1
Added Pin To Net: NetName=NRST Pin=SW1-2
Added Pin To Net: NetName=GND Pin=T1-E
Added Pin To Net: NetName=CAN TX Pin=TP1-1
Added Pin To Net: NetName=CAN RX Pin=TP2-1
Added Pin To Net: NetName=3V3 Pin=TP3-1
Added Pin To Net: NetName=PWR SW Pin=TP4-1
Added Pin To Net: NetName=PWR FB Pin=TP5-1
Added Pin To Net: NetName=3V3 Pin=U1-1
Added Pin To Net: NetName=3V3 Pin=U1-2
Added Pin To Net: NetName=MUX1 Pin=U1-3
Added Pin To Net: NetName=MUX HV1 Pin=U1-4
Added Pin To Net: NetName=MUX HV2 Pin=U1-5
Added Pin To Net: NetName=MUX2 Pin=U1-6
Added Pin To Net: NetName=3V3 Pin=U1-7
Added Pin To Net: NetName=GND Pin=U1-8
Added Pin To Net: NetName=3V3 Pin=U1-9
Added Pin To Net: NetName=MUX3 Pin=U1-10
Added Pin To Net: NetName=MUX HV3 Pin=U1-11
Added Pin To Net: NetName=3V3 Pin=U1-15
Added Pin To Net: NetName=COMMON X Pin=U2-1
Added Pin To Net: NetName=SEG SENSE8 Pin=U2-2
Added Pin To Net: NetName=SEG SENSE7 Pin=U2-3
Added Pin To Net: NetName=SEG SENSE6 Pin=U2-4
Added Pin To Net: NetName=SEG SENSE5 Pin=U2-5
Added Pin To Net: NetName=SEG SENSE4 Pin=U2-6
Added Pin To Net: NetName=SEG SENSE3 Pin=U2-7
Added Pin To Net: NetName=SEG SENSE2 Pin=U2-8
Added Pin To Net: NetName=SEG SENSE1 Pin=U2-9
Added Pin To Net: NetName=MUX HV1 Pin=U2-10
Added Pin To Net: NetName=MUX HV2 Pin=U2-11
Added Pin To Net: NetName=GND Pin=U2-12
Added Pin To Net: NetName=GND Pin=U2-13
Added Pin To Net: NetName=MUX HV3 Pin=U2-14
Added Pin To Net: NetName=SEG SENSE9 Pin=U2-15
Added Pin To Net: NetName=SEG SENSE8 Pin=U2-16
Added Pin To Net: NetName=COMMON Y Pin=U2-17
Added Pin To Net: NetName=SEG SENSE7 Pin=U2-18
Added Pin To Net: NetName=SEG SENSE6 Pin=U2-19
Added Pin To Net: NetName=SEG SENSE5 Pin=U2-20
Added Pin To Net: NetName=SEG SENSE4 Pin=U2-21
Added Pin To Net: NetName=SEG SENSE3 Pin=U2-22
Added Pin To Net: NetName=SEG SENSE2 Pin=U2-23
Added Pin To Net: NetName=3V3 Pin=U3-1
Added Pin To Net: NetName=PC14 Pin=U3-3
Added Pin To Net: NetName=PC15 Pin=U3-4
Added Pin To Net: NetName=OSC IN Pin=U3-5
Added Pin To Net: NetName=GND Pin=U3-6
Added Pin To Net: NetName=NRST Pin=U3-7
Added Pin To Net: NetName=GND Pin=U3-12
Added Pin To Net: NetName=BUZZER Pin=U3-14
Added Pin To Net: NetName=MUX1 Pin=U3-17
Added Pin To Net: NetName=3V3 Pin=U3-19
Added Pin To Net: NetName=MUX2 Pin=U3-20
Added Pin To Net: NetName=MUX3 Pin=U3-21
Added Pin To Net: NetName=7SEG DP A Pin=U3-26
Added Pin To Net: NetName=7SEG DP B Pin=U3-27
Added Pin To Net: NetName=7SEG CATH A Pin=U3-28
Added Pin To Net: NetName=7SEG D1 Pin=U3-29
Added Pin To Net: NetName=7SEG D0 Pin=U3-30
Added Pin To Net: NetName=GND Pin=U3-31
Added Pin To Net: NetName=3V3 Pin=U3-32
Added Pin To Net: NetName=7SEG LT Pin=U3-33
Added Pin To Net: NetName=CAN RX Pin=U3-44
Added Pin To Net: NetName=CAN TX Pin=U3-45
Added Pin To Net: NetName=SWDIO Pin=U3-46
Added Pin To Net: NetName=GND Pin=U3-47
Added Pin To Net: NetName=3V3 Pin=U3-48
Added Pin To Net: NetName=SWCLK Pin=U3-49
Added Pin To Net: NetName=7SEG CATH B Pin=U3-55
Added Pin To Net: NetName=USART1 TX Pin=U3-58
Added Pin To Net: NetName=USART1 RX Pin=U3-59
Added Pin To Net: NetName=BOOT0 Pin=U3-60
Added Pin To Net: NetName=7SEG D3 Pin=U3-61
Added Pin To Net: NetName=7SEG D2 Pin=U3-62
Added Pin To Net: NetName=GND Pin=U3-63
Added Pin To Net: NetName=3V3 Pin=U3-64
Added Pin To Net: NetName=3V3 Pin=U4-1
Added Pin To Net: NetName=GND Pin=U4-2
Added Pin To Net: NetName=OSC IN Pin=U4-3
Added Pin To Net: NetName=3V3 Pin=U4-4
Added Pin To Net: NetName=CAN TX Pin=U5-1
Added Pin To Net: NetName=ISO GND Pin=U5-2
Added Pin To Net: NetName=3V3 Pin=U5-3
Added Pin To Net: NetName=CAN RX Pin=U5-4
Added Pin To Net: NetName=CAN L Pin=U5-6
Added Pin To Net: NetName=CAN H Pin=U5-7
Added Pin To Net: NetName=ISO GND Pin=U5-8
Added Pin To Net: NetName=PWR CB Pin=U6-1
Added Pin To Net: NetName=GND Pin=U6-2
Added Pin To Net: NetName=PWR FB Pin=U6-3
Added Pin To Net: NetName=PWR SW Pin=U6-6
Added Pin To Net: NetName=GDIFF Pin=U7-3
Added Pin To Net: NetName=GND Pin=U7-4
Added Pin To Net: NetName=GDIFF+ Pin=U7-5
Added Pin To Net: NetName=GDIFF- Pin=U7-6
Added Pin To Net: NetName=GDIFF Pin=U7-7
Added Pin To Net: NetName=7SEG D1 Pin=U8A-1
Added Pin To Net: NetName=7SEG D2 Pin=U8A-2
Added Pin To Net: NetName=7SEG LT Pin=U8A-3
Added Pin To Net: NetName=3V3 Pin=U8A-4
Added Pin To Net: NetName=GND Pin=U8A-5
Added Pin To Net: NetName=7SEG D3 Pin=U8A-6
Added Pin To Net: NetName=7SEG D0 Pin=U8A-7
Added Pin To Net: NetName=GND Pin=U8A-8
Added Pin To Net: NetName=7SEG EA Pin=U8A-9
Added Pin To Net: NetName=7SEG DA Pin=U8A-10
Added Pin To Net: NetName=7SEG CA Pin=U8A-11
Added Pin To Net: NetName=7SEG BA Pin=U8A-12
Added Pin To Net: NetName=7SEG AA Pin=U8A-13
Added Pin To Net: NetName=7SEG GA Pin=U8A-14
Added Pin To Net: NetName=7SEG FA Pin=U8A-15
Added Pin To Net: NetName=3V3 Pin=U8A-16
Added Pin To Net: NetName=7SEG D1 Pin=U8B-1
Added Pin To Net: NetName=7SEG D2 Pin=U8B-2
Added Pin To Net: NetName=7SEG LT Pin=U8B-3
Added Pin To Net: NetName=3V3 Pin=U8B-4
Added Pin To Net: NetName=GND Pin=U8B-5
Added Pin To Net: NetName=7SEG D3 Pin=U8B-6
Added Pin To Net: NetName=7SEG D0 Pin=U8B-7
Added Pin To Net: NetName=GND Pin=U8B-8
Added Pin To Net: NetName=7SEG EB Pin=U8B-9
Added Pin To Net: NetName=7SEG DB Pin=U8B-10
Added Pin To Net: NetName=7SEG CB Pin=U8B-11
Added Pin To Net: NetName=7SEG BB Pin=U8B-12
Added Pin To Net: NetName=7SEG AB Pin=U8B-13
Added Pin To Net: NetName=7SEG GB Pin=U8B-14
Added Pin To Net: NetName=7SEG FB Pin=U8B-15
Added Pin To Net: NetName=3V3 Pin=U8B-16
Added Pin To Net: NetName=12V Pin=C1-2
Added Pin To Net: NetName=12V Pin=C3-2
Added Pin To Net: NetName=12V Pin=C18-2
Added Pin To Net: NetName=12V Pin=C19-2
Added Pin To Net: NetName=12V Pin=C27-1
Added Pin To Net: NetName=12V Pin=J1-1
Added Pin To Net: NetName=12V Pin=R1-2
Added Pin To Net: NetName=12V Pin=R2-2
Added Pin To Net: NetName=12V Pin=R30-2
Added Pin To Net: NetName=12V Pin=R31-2
Added Pin To Net: NetName=12V Pin=R32-1
Added Pin To Net: NetName=12V Pin=U1-16
Added Pin To Net: NetName=12V Pin=U2-24
Added Pin To Net: NetName=12V Pin=U6-4
Added Pin To Net: NetName=12V Pin=U6-5
Added Pin To Net: NetName=12V Pin=U7-8
Added Net: Name=12V
Added Pin To Net: NetName=GAINH Pin=R41-2
Added Pin To Net: NetName=GAINH Pin=R44-1
Added Pin To Net: NetName=GAINH Pin=U7-2
Added Net: Name=GAINH
Added Pin To Net: NetName=GAINL Pin=R39-1
Added Pin To Net: NetName=GAINL Pin=R44-2
Added Pin To Net: NetName=GAINL Pin=U7-1
Added Net: Name=GAINL
Added Pin To Net: NetName=LED A R Pin=DS1-1
Added Pin To Net: NetName=LED A R Pin=R18-2
Added Net: Name=LED A R
Added Pin To Net: NetName=LED A Pin=R18-1
Added Pin To Net: NetName=LED A Pin=U3-54
Added Net: Name=LED A
Added Pin To Net: NetName=LED B R Pin=DS2-1
Added Pin To Net: NetName=LED B R Pin=R20-2
Added Net: Name=LED B R
Added Pin To Net: NetName=LED B Pin=R20-1
Added Pin To Net: NetName=LED B Pin=U3-18
Added Net: Name=LED B
Added Pin To Net: NetName=NetC26_1 Pin=C26-1
Added Pin To Net: NetName=NetC26_1 Pin=R29-1
Added Pin To Net: NetName=NetC26_1 Pin=SW2-1
Added Pin To Net: NetName=NetC26_1 Pin=SW2-2
Added Pin To Net: NetName=NetC26_1 Pin=T1-B
Added Net: Name=NetC26_1
Added Pin To Net: NetName=NetD8_A Pin=D8-A
Added Pin To Net: NetName=NetD8_A Pin=D9-A
Added Net: Name=NetD8_A
Added Pin To Net: NetName=NetD12A_3 Pin=D12A-3
Added Pin To Net: NetName=NetD12A_3 Pin=D12A-8
Added Pin To Net: NetName=NetD12A_3 Pin=Q2A-D
Added Net: Name=NetD12A_3
Added Pin To Net: NetName=NetD12B_3 Pin=D12B-3
Added Pin To Net: NetName=NetD12B_3 Pin=D12B-8
Added Pin To Net: NetName=NetD12B_3 Pin=Q2B-D
Added Net: Name=NetD12B_3
Added Pin To Net: NetName=NetDS3_1 Pin=DS3-1
Added Pin To Net: NetName=NetDS3_1 Pin=R23-1
Added Net: Name=NetDS3_1
Added Pin To Net: NetName=NetDS4_1 Pin=DS4-1
Added Pin To Net: NetName=NetDS4_1 Pin=R28-1
Added Net: Name=NetDS4_1
Added Pin To Net: NetName=NetDS5_1 Pin=DS5-1
Added Pin To Net: NetName=NetDS5_1 Pin=R33-1
Added Net: Name=NetDS5_1
Added Pin To Net: NetName=NetDS6_1 Pin=DS6-1
Added Pin To Net: NetName=NetDS6_1 Pin=R34-1
Added Net: Name=NetDS6_1
Added Pin To Net: NetName=NetQ2A_G Pin=Q2A-G
Added Pin To Net: NetName=NetQ2A_G Pin=R53A-2
Added Net: Name=NetQ2A_G
Added Pin To Net: NetName=NetQ2B_G Pin=Q2B-G
Added Pin To Net: NetName=NetQ2B_G Pin=R53B-2
Added Net: Name=NetQ2B_G
Added Pin To Net: NetName=RELAY IN Pin=D8-K
Added Pin To Net: NetName=RELAY IN Pin=J7-2
Added Pin To Net: NetName=RELAY IN Pin=K1-1
Added Pin To Net: NetName=RELAY IN Pin=K1-8
Added Pin To Net: NetName=RELAY IN Pin=K2-3
Added Pin To Net: NetName=RELAY IN Pin=R15-2
Added Pin To Net: NetName=RELAY IN Pin=R33-2
Added Net: Name=RELAY IN
Added Pin To Net: NetName=SEG SENSE 1:1 Pin=D10-K
Added Pin To Net: NetName=SEG SENSE 1:1 Pin=R35-2
Added Pin To Net: NetName=SEG SENSE 1:1 Pin=R36-2
Added Pin To Net: NetName=SEG SENSE 1:1 Pin=U3-22
Added Net: Name=SEG SENSE 1:1
Added Pin To Net: NetName=SEG SENSE 1:27 Pin=D11-K
Added Pin To Net: NetName=SEG SENSE 1:27 Pin=R39-2
Added Pin To Net: NetName=SEG SENSE 1:27 Pin=R42-2
Added Pin To Net: NetName=SEG SENSE 1:27 Pin=U3-23
Added Net: Name=SEG SENSE 1:27
Added Pin To Net: NetName=SSR CHARGE Pin=C26-2
Added Pin To Net: NetName=SSR CHARGE Pin=R31-1
Added Net: Name=SSR CHARGE
Added Pin To Net: NetName=SSR DRAIN Pin=K2-2
Added Pin To Net: NetName=SSR DRAIN Pin=T1-C
Added Net: Name=SSR DRAIN
Added Pin To Net: NetName=SSR HIGH Pin=C22-K
Added Pin To Net: NetName=SSR HIGH Pin=C23-K
Added Pin To Net: NetName=SSR HIGH Pin=C24-K
Added Pin To Net: NetName=SSR HIGH Pin=C25-K
Added Pin To Net: NetName=SSR HIGH Pin=K2-4
Added Pin To Net: NetName=SSR HIGH Pin=R14-2
Added Net: Name=SSR HIGH
Added Pin To Net: NetName=SSR SWITCH Pin=R30-1
Added Pin To Net: NetName=SSR SWITCH Pin=SW2-3
Added Pin To Net: NetName=SSR SWITCH Pin=SW2-4
Added Net: Name=SSR SWITCH
Added Pin To Net: NetName=STATE1 Pin=D1-K
Added Pin To Net: NetName=STATE1 Pin=R13-1
Added Pin To Net: NetName=STATE1 Pin=U3-8
Added Net: Name=STATE1
Added Pin To Net: NetName=STATE2 Pin=D2-K
Added Pin To Net: NetName=STATE2 Pin=R14-1
Added Pin To Net: NetName=STATE2 Pin=U3-9
Added Net: Name=STATE2
Added Pin To Net: NetName=STATE3 Pin=D3-K
Added Pin To Net: NetName=STATE3 Pin=R15-1
Added Pin To Net: NetName=STATE3 Pin=U3-10
Added Net: Name=STATE3
Added Pin To Net: NetName=STATE4 Pin=D4-K
Added Pin To Net: NetName=STATE4 Pin=R17-1
Added Pin To Net: NetName=STATE4 Pin=U3-11
Added Net: Name=STATE4
Added Pin To Net: NetName=STATE5 Pin=D5-K
Added Pin To Net: NetName=STATE5 Pin=R19-1
Added Pin To Net: NetName=STATE5 Pin=U3-24
Added Net: Name=STATE5
Added Pin To Net: NetName=VDDA Pin=C12-2
Added Pin To Net: NetName=VDDA Pin=C13-2
Added Pin To Net: NetName=VDDA Pin=L1-2
Added Pin To Net: NetName=VDDA Pin=U3-13
Added Net: Name=VDDA
Added Class: Name=SHDN-S07-V00-CAN
Added Member To Class: ClassName=SHDN-S09-V00-Buzzer Member=Component B1 PS1240P02BT
Added Member To Class: ClassName=SHDN-S02-V00-ShutdownSegments Member=Component C1 100nF
Added Member To Class: ClassName=SHDN-S02-V00-ShutdownSegments Member=Component C2 100nF
Added Member To Class: ClassName=SHDN-S02-V00-ShutdownSegments Member=Component C3 100nF
Added Member To Class: ClassName=SHDN-S06-V00-Microcontroller Member=Component C4 100nF
Added Member To Class: ClassName=SHDN-S06-V00-Microcontroller Member=Component C5 4u7
Added Member To Class: ClassName=SHDN-S06-V00-Microcontroller Member=Component C6 100nF
Added Member To Class: ClassName=SHDN-S06-V00-Microcontroller Member=Component C7 4u7
Added Member To Class: ClassName=SHDN-S06-V00-Microcontroller Member=Component C8 100nF
Added Member To Class: ClassName=SHDN-S06-V00-Microcontroller Member=Component C9 4u7
Added Member To Class: ClassName=SHDN-S06-V00-Microcontroller Member=Component C10 100nF
Added Member To Class: ClassName=SHDN-S06-V00-Microcontroller Member=Component C11 4u7
Added Member To Class: ClassName=SHDN-S06-V00-Microcontroller Member=Component C12 1uF
Added Member To Class: ClassName=SHDN-S06-V00-Microcontroller Member=Component C13 10nF
Added Member To Class: ClassName=SHDN-S06-V00-Microcontroller Member=Component C14 100nF
Added Member To Class: ClassName=SHDN-S06-V00-Microcontroller Member=Component C15 100nF
Added Member To Class: ClassName=SHDN-S08-V00-PSU Member=Component C17 100nF 100V
Added Member To Class: ClassName=SHDN-S08-V00-PSU Member=Component C18 22uF 35V 1206
Added Member To Class: ClassName=SHDN-S08-V00-PSU Member=Component C19 22uF 35V 1206
Added Member To Class: ClassName=SHDN-S08-V00-PSU Member=Component C20 47uF 16V 1210
Added Member To Class: ClassName=SHDN-S08-V00-PSU Member=Component C21 47uF 16V 1210
Added Member To Class: ClassName=SHDN-S04-V00-ShutdownRelay Member=Component C22 1F 25V 20%
Added Member To Class: ClassName=SHDN-S04-V00-ShutdownRelay Member=Component C23 1F 25V 20%
Added Member To Class: ClassName=SHDN-S04-V00-ShutdownRelay Member=Component C24 1F 25V 20%
Added Member To Class: ClassName=SHDN-S04-V00-ShutdownRelay Member=Component C25 1F 25V 20%
Added Member To Class: ClassName=SHDN-S04-V00-ShutdownRelay Member=Component C26 1uF 25V
Added Member To Class: ClassName=SHDN-S10-V00-ShutdownSense Member=Component C27 100nF
Added Member To Class: ClassName=SHDN-S11-V00-7SegmentDisplay1 Member=Component C28A (C28) 100nF 50V 5% X7R 0603
Added Member To Class: ClassName=SHDN-S11-V00-7SegmentDisplay2 Member=Component C28B (C28) 100nF 50V 5% X7R 0603
Added Member To Class: ClassName=SHDN-S06-V00-Microcontroller Member=Component D1 BZT52B3V3-G3-08
Added Member To Class: ClassName=SHDN-S06-V00-Microcontroller Member=Component D2 BZT52B3V3-G3-08
Added Member To Class: ClassName=SHDN-S06-V00-Microcontroller Member=Component D3 BZT52B3V3-G3-08
Added Member To Class: ClassName=SHDN-S06-V00-Microcontroller Member=Component D4 BZT52B3V3-G3-08
Added Member To Class: ClassName=SHDN-S06-V00-Microcontroller Member=Component D5 BZT52B3V3-G3-08
Added Member To Class: ClassName=SHDN-S08-V00-PSU Member=Component D7 B260A-13-F
Added Member To Class: ClassName=SHDN-S04-V00-ShutdownRelay Member=Component D8 SMAZ6V2-13-F
Added Member To Class: ClassName=SHDN-S04-V00-ShutdownRelay Member=Component D9 B260A-13-F
Added Member To Class: ClassName=SHDN-S10-V00-ShutdownSense Member=Component D10 BZT52B3V3-G3-08
Added Member To Class: ClassName=SHDN-S10-V00-ShutdownSense Member=Component D11 BZT52B3V3-G3-08
Added Member To Class: ClassName=SHDN-S11-V00-7SegmentDisplay1 Member=Component D12A (D12) LED 7-Seg Display 0.56" Generic
Added Member To Class: ClassName=SHDN-S11-V00-7SegmentDisplay2 Member=Component D12B (D12) LED 7-Seg Display 0.56" Generic
Added Member To Class: ClassName=SHDN-S06-V00-Microcontroller Member=Component DS1 LED Orange 0603
Added Member To Class: ClassName=SHDN-S06-V00-Microcontroller Member=Component DS2 LED Orange 0603
Added Member To Class: ClassName=SHDN-S08-V00-PSU Member=Component DS3 LED Green 0603
Added Member To Class: ClassName=SHDN-S04-V00-ShutdownRelay Member=Component DS4 LED Orange 0603
Added Member To Class: ClassName=SHDN-S04-V00-ShutdownRelay Member=Component DS5 LED Orange 0603
Added Member To Class: ClassName=SHDN-S04-V00-ShutdownRelay Member=Component DS6 LED Orange 0603
Added Member To Class: ClassName=SHDN-S01-V00-ShutdownBoard Member=Component FID1 Fiducial 1MM
Added Member To Class: ClassName=SHDN-S01-V00-ShutdownBoard Member=Component FID2 Fiducial 1MM
Added Member To Class: ClassName=SHDN-S01-V00-ShutdownBoard Member=Component FID3 Fiducial 1MM
Added Member To Class: ClassName=SHDN-S01-V00-ShutdownBoard Member=Component FID4 Fiducial 1MM
Added Member To Class: ClassName=SHDN-S02-V00-ShutdownSegments Member=Component J1 Jumper 2Way Solderable
Added Member To Class: ClassName=SHDN-S03-V00-ShutdownSegment1 Member=Component J2A (J2) Jumper 2Way Pins
Added Member To Class: ClassName=SHDN-S03-V00-ShutdownSegment2 Member=Component J2B (J2) Jumper 2Way Pins
Added Member To Class: ClassName=SHDN-S03-V00-ShutdownSegment3 Member=Component J2C (J2) Jumper 2Way Pins
Added Member To Class: ClassName=SHDN-S03-V00-ShutdownSegment4 Member=Component J2D (J2) Jumper 2Way Pins
Added Member To Class: ClassName=SHDN-S03-V00-ShutdownSegment5 Member=Component J2E (J2) Jumper 2Way Pins
Added Member To Class: ClassName=SHDN-S03-V00-ShutdownSegment6 Member=Component J2F (J2) Jumper 2Way Pins
Added Member To Class: ClassName=SHDN-S03-V00-ShutdownSegment7 Member=Component J2G (J2) Jumper 2Way Pins
Added Member To Class: ClassName=SHDN-S03-V00-ShutdownSegment8 Member=Component J2H (J2) Jumper 2Way Pins
Added Member To Class: ClassName=SHDN-S05-V00-Connector Member=Component J3 9-6437287-8
Added Member To Class: ClassName=SHDN-S06-V00-Microcontroller Member=Component J4 IDC 10P 2x5 1.27mm
Added Member To Class: ClassName=SHDN-S09-V00-Buzzer Member=Component J6 Jumper 2Way Pins
Added Member To Class: ClassName=SHDN-S04-V00-ShutdownRelay Member=Component J7 Jumper 2Way Pins
Added Member To Class: ClassName=SHDN-S04-V00-ShutdownRelay Member=Component K1 G5V-2-DC12
Added Member To Class: ClassName=SHDN-S04-V00-ShutdownRelay Member=Component K2 CPC1014N
Added Member To Class: ClassName=SHDN-S06-V00-Microcontroller Member=Component L1 10uH, 10%, 0603
Added Member To Class: ClassName=SHDN-S08-V00-PSU Member=Component L2 74404064221
Added Member To Class: ClassName=SHDN-S01-V00-ShutdownBoard Member=Component LOGO1 30mm Wide QUTMS Logo
Added Member To Class: ClassName=SHDN-S01-V00-ShutdownBoard Member=Component LYID1 2 Layer Identification PCB Marker
Added Member To Class: ClassName=SHDN-S01-V00-ShutdownBoard Member=Component M1 Hole M3 Tight Unplated
Added Member To Class: ClassName=SHDN-S01-V00-ShutdownBoard Member=Component M2 Hole M3 Tight Unplated
Added Member To Class: ClassName=SHDN-S01-V00-ShutdownBoard Member=Component M3 Hole M3 Tight Unplated
Added Member To Class: ClassName=SHDN-S01-V00-ShutdownBoard Member=Component M4 Hole M3 Tight Unplated
Added Member To Class: ClassName=SHDN-S06-V00-Microcontroller Member=Component P1 UART
Added Member To Class: ClassName=SHDN-S09-V00-Buzzer Member=Component Q1 2N7002
Added Member To Class: ClassName=SHDN-S11-V00-7SegmentDisplay1 Member=Component Q2A (Q2) 2N7002
Added Member To Class: ClassName=SHDN-S11-V00-7SegmentDisplay2 Member=Component Q2B (Q2) 2N7002
Added Member To Class: ClassName=SHDN-S02-V00-ShutdownSegments Member=Component R1 DNF 0603
Added Member To Class: ClassName=SHDN-S02-V00-ShutdownSegments Member=Component R2 DNF 1210
Added Member To Class: ClassName=SHDN-S02-V00-ShutdownSegments Member=Component R3 10k
Added Member To Class: ClassName=SHDN-S02-V00-ShutdownSegments Member=Component R4 10k
Added Member To Class: ClassName=SHDN-S02-V00-ShutdownSegments Member=Component R5 10k
Added Member To Class: ClassName=SHDN-S02-V00-ShutdownSegments Member=Component R6 10k
Added Member To Class: ClassName=SHDN-S02-V00-ShutdownSegments Member=Component R7 10k
Added Member To Class: ClassName=SHDN-S02-V00-ShutdownSegments Member=Component R8 10k
Added Member To Class: ClassName=SHDN-S02-V00-ShutdownSegments Member=Component R9 10k
Added Member To Class: ClassName=SHDN-S02-V00-ShutdownSegments Member=Component R10 10k
Added Member To Class: ClassName=SHDN-S02-V00-ShutdownSegments Member=Component R11 10k
Added Member To Class: ClassName=SHDN-S03-V00-ShutdownSegment1 Member=Component R12A (R12) 10k 5% 1210
Added Member To Class: ClassName=SHDN-S03-V00-ShutdownSegment2 Member=Component R12B (R12) 10k 5% 1210
Added Member To Class: ClassName=SHDN-S03-V00-ShutdownSegment3 Member=Component R12C (R12) 10k 5% 1210
Added Member To Class: ClassName=SHDN-S03-V00-ShutdownSegment4 Member=Component R12D (R12) 10k 5% 1210
Added Member To Class: ClassName=SHDN-S03-V00-ShutdownSegment5 Member=Component R12E (R12) 10k 5% 1210
Added Member To Class: ClassName=SHDN-S03-V00-ShutdownSegment6 Member=Component R12F (R12) 10k 5% 1210
Added Member To Class: ClassName=SHDN-S03-V00-ShutdownSegment7 Member=Component R12G (R12) 10k 5% 1210
Added Member To Class: ClassName=SHDN-S03-V00-ShutdownSegment8 Member=Component R12H (R12) 10k 5% 1210
Added Member To Class: ClassName=SHDN-S06-V00-Microcontroller Member=Component R13 10k
Added Member To Class: ClassName=SHDN-S06-V00-Microcontroller Member=Component R14 10k
Added Member To Class: ClassName=SHDN-S06-V00-Microcontroller Member=Component R15 10k
Added Member To Class: ClassName=SHDN-S06-V00-Microcontroller Member=Component R16 4k7
Added Member To Class: ClassName=SHDN-S06-V00-Microcontroller Member=Component R17 10k
Added Member To Class: ClassName=SHDN-S06-V00-Microcontroller Member=Component R18 330R
Added Member To Class: ClassName=SHDN-S06-V00-Microcontroller Member=Component R19 10k
Added Member To Class: ClassName=SHDN-S06-V00-Microcontroller Member=Component R20 330R
Added Member To Class: ClassName=SHDN-S08-V00-PSU Member=Component R22 64k9 1%
Added Member To Class: ClassName=SHDN-S08-V00-PSU Member=Component R23 1k
Added Member To Class: ClassName=SHDN-S08-V00-PSU Member=Component R24 19k6 1%
Added Member To Class: ClassName=SHDN-S09-V00-Buzzer Member=Component R25 1k
Added Member To Class: ClassName=SHDN-S09-V00-Buzzer Member=Component R26 1k
Added Member To Class: ClassName=SHDN-S09-V00-Buzzer Member=Component R27 1k
Added Member To Class: ClassName=SHDN-S04-V00-ShutdownRelay Member=Component R28 1k
Added Member To Class: ClassName=SHDN-S04-V00-ShutdownRelay Member=Component R29 47k
Added Member To Class: ClassName=SHDN-S04-V00-ShutdownRelay Member=Component R30 47k
Added Member To Class: ClassName=SHDN-S04-V00-ShutdownRelay Member=Component R31 47k
Added Member To Class: ClassName=SHDN-S04-V00-ShutdownRelay Member=Component R32 560R
Added Member To Class: ClassName=SHDN-S04-V00-ShutdownRelay Member=Component R33 1k
Added Member To Class: ClassName=SHDN-S04-V00-ShutdownRelay Member=Component R34 1k
Added Member To Class: ClassName=SHDN-S10-V00-ShutdownSense Member=Component R35 10k
Added Member To Class: ClassName=SHDN-S10-V00-ShutdownSense Member=Component R36 2k7
Added Member To Class: ClassName=SHDN-S10-V00-ShutdownSense Member=Component R37 10k
Added Member To Class: ClassName=SHDN-S10-V00-ShutdownSense Member=Component R38 10k
Added Member To Class: ClassName=SHDN-S10-V00-ShutdownSense Member=Component R39 10k
Added Member To Class: ClassName=SHDN-S10-V00-ShutdownSense Member=Component R40 10k
Added Member To Class: ClassName=SHDN-S10-V00-ShutdownSense Member=Component R41 1k
Added Member To Class: ClassName=SHDN-S10-V00-ShutdownSense Member=Component R42 2k7
Added Member To Class: ClassName=SHDN-S10-V00-ShutdownSense Member=Component R43 10k
Added Member To Class: ClassName=SHDN-S10-V00-ShutdownSense Member=Component R44 27k
Added Member To Class: ClassName=SHDN-S11-V00-7SegmentDisplay1 Member=Component R45A (R45) 330R
Added Member To Class: ClassName=SHDN-S11-V00-7SegmentDisplay2 Member=Component R45B (R45) 330R
Added Member To Class: ClassName=SHDN-S11-V00-7SegmentDisplay1 Member=Component R46A (R46) 330R
Added Member To Class: ClassName=SHDN-S11-V00-7SegmentDisplay2 Member=Component R46B (R46) 330R
Added Member To Class: ClassName=SHDN-S11-V00-7SegmentDisplay1 Member=Component R47A (R47) 330R
Added Member To Class: ClassName=SHDN-S11-V00-7SegmentDisplay2 Member=Component R47B (R47) 330R
Added Member To Class: ClassName=SHDN-S11-V00-7SegmentDisplay1 Member=Component R48A (R48) 330R
Added Member To Class: ClassName=SHDN-S11-V00-7SegmentDisplay2 Member=Component R48B (R48) 330R
Added Member To Class: ClassName=SHDN-S11-V00-7SegmentDisplay1 Member=Component R49A (R49) 330R
Added Member To Class: ClassName=SHDN-S11-V00-7SegmentDisplay2 Member=Component R49B (R49) 330R
Added Member To Class: ClassName=SHDN-S11-V00-7SegmentDisplay1 Member=Component R50A (R50) 330R
Added Member To Class: ClassName=SHDN-S11-V00-7SegmentDisplay2 Member=Component R50B (R50) 330R
Added Member To Class: ClassName=SHDN-S11-V00-7SegmentDisplay1 Member=Component R51A (R51) 330R
Added Member To Class: ClassName=SHDN-S11-V00-7SegmentDisplay2 Member=Component R51B (R51) 330R
Added Member To Class: ClassName=SHDN-S11-V00-7SegmentDisplay1 Member=Component R52A (R52) 330R
Added Member To Class: ClassName=SHDN-S11-V00-7SegmentDisplay2 Member=Component R52B (R52) 330R
Added Member To Class: ClassName=SHDN-S11-V00-7SegmentDisplay1 Member=Component R53A (R53) 1k
Added Member To Class: ClassName=SHDN-S11-V00-7SegmentDisplay2 Member=Component R53B (R53) 1k
Added Member To Class: ClassName=SHDN-S11-V00-7SegmentDisplay1 Member=Component R54A (R54) 1k
Added Member To Class: ClassName=SHDN-S11-V00-7SegmentDisplay2 Member=Component R54B (R54) 1k
Added Member To Class: ClassName=SHDN-S06-V00-Microcontroller Member=Component SW1 B3U-1000P
Added Member To Class: ClassName=SHDN-S04-V00-ShutdownRelay Member=Component SW2 BTN Standard 4.5mm
Added Member To Class: ClassName=SHDN-S04-V00-ShutdownRelay Member=Component T1 DDTC143ZCA-7-F
Added Member To Class: ClassName=SHDN-S08-V00-PSU Member=Component TP3 TestPoint_SMD
Added Member To Class: ClassName=SHDN-S08-V00-PSU Member=Component TP4 TestPoint_SMD
Added Member To Class: ClassName=SHDN-S08-V00-PSU Member=Component TP5 TestPoint_SMD
Added Member To Class: ClassName=SHDN-S02-V00-ShutdownSegments Member=Component U1 CD40109B
Added Member To Class: ClassName=SHDN-S02-V00-ShutdownSegments Member=Component U2 CD4097BPW
Added Member To Class: ClassName=SHDN-S06-V00-Microcontroller Member=Component U3 STM32F302RC
Added Member To Class: ClassName=SHDN-S06-V00-Microcontroller Member=Component U4 DSC1001DI1-008.0000T
Added Member To Class: ClassName=SHDN-S08-V00-PSU Member=Component U6 LMR14010
Added Member To Class: ClassName=SHDN-S10-V00-ShutdownSense Member=Component U7 LM358
Added Member To Class: ClassName=SHDN-S11-V00-7SegmentDisplay1 Member=Component U8A (U8) CD4511BPWR
Added Member To Class: ClassName=SHDN-S11-V00-7SegmentDisplay2 Member=Component U8B (U8) CD4511BPWR
Added Room: Name=SHDN-S01-V00-ShutdownBoard
Added Room: Name=SHDN-S02-V00-ShutdownSegments
Added Room: Name=SHDN-S03-V00-ShutdownSegment1
Added Room: Name=SHDN-S03-V00-ShutdownSegment2
Added Room: Name=SHDN-S03-V00-ShutdownSegment3
Added Room: Name=SHDN-S03-V00-ShutdownSegment4
Added Room: Name=SHDN-S03-V00-ShutdownSegment5
Added Room: Name=SHDN-S03-V00-ShutdownSegment6
Added Room: Name=SHDN-S03-V00-ShutdownSegment7
Added Room: Name=SHDN-S03-V00-ShutdownSegment8
Added Room: Name=SHDN-S04-V00-ShutdownRelay
Added Room: Name=SHDN-S05-V00-Connector
Added Room: Name=SHDN-S06-V00-Microcontroller
Added Room: Name=SHDN-S07-V00-CAN
Added Room: Name=SHDN-S08-V00-PSU
Added Room: Name=SHDN-S09-V00-Buzzer
Added Room: Name=SHDN-S10-V00-ShutdownSense
Added Room: Name=SHDN-S11-V00-7SegmentDisplay1
Added Room: Name=SHDN-S11-V00-7SegmentDisplay2
