Removed Pin From Net: NetName=3V3 Pin=C28A-1
Removed Pin From Net: NetName=GND Pin=C28A-2
Removed Pin From Net: NetName=GND Pin=Q7A-S
Removed Pin From Net: NetName=GND Pin=U8A-8
Removed Pin From Net: NetName=3V3 Pin=U8A-16
Change Component Footprint: Designator=C19 Old Footprint=Cap_Ceramic_0603 New Footprint=Cap_Ceramic_1210
Change Component Footprint: Designator=C20 Old Footprint=Cap_Ceramic_0603 New Footprint=Cap_Ceramic_1210
Change Component Comment : Designator=C19 Old Comment=47uF 16V 1210 New Comment=47uF 16V 10% X7R 1210
Change Component Comment : Designator=C20 Old Comment=47uF 16V 1210 New Comment=47uF 16V 10% X7R 1210
Change Component Designator: OldDesignator=C28B NewDesignator=C28A
Change Component Designator: OldDesignator=D4B NewDesignator=D4A
Change Component Designator: OldDesignator=Q7B NewDesignator=Q7A
Change Component Designator: OldDesignator=R19B NewDesignator=R19A
Change Component Designator: OldDesignator=R20B NewDesignator=R20A
Change Component Designator: OldDesignator=R21B NewDesignator=R21A
Change Component Designator: OldDesignator=R22B NewDesignator=R22A
Change Component Designator: OldDesignator=R23B NewDesignator=R23A
Change Component Designator: OldDesignator=R24B NewDesignator=R24A
Change Component Designator: OldDesignator=R25B NewDesignator=R25A
Change Component Designator: OldDesignator=R26B NewDesignator=R26A
Change Component Designator: OldDesignator=U8B NewDesignator=U8A
Added Component: Designator=C28B(Cap_Ceramic_0603)
Added Component: Designator=D4B(LED 7 SEG 0.56")
Added Component: Designator=Q7B(SOT23-3)
Added Component: Designator=R19B(Res_ThinFilm_0603)
Added Component: Designator=R20B(Res_ThinFilm_0603)
Added Component: Designator=R21B(Res_ThinFilm_0603)
Added Component: Designator=R22B(Res_ThinFilm_0603)
Added Component: Designator=R23B(Res_ThinFilm_0603)
Added Component: Designator=R24B(Res_ThinFilm_0603)
Added Component: Designator=R25B(Res_ThinFilm_0603)
Added Component: Designator=R26B(Res_ThinFilm_0603)
Added Component: Designator=U8B(16-TSSOP)
Added Pin To Net: NetName=3V3 Pin=C28B-1
Added Pin To Net: NetName=GND Pin=C28B-2
Added Pin To Net: NetName=GND Pin=Q7B-S
Added Pin To Net: NetName=GND Pin=U8B-8
Added Pin To Net: NetName=3V3 Pin=U8B-16
Change Net Name : Old Net Name=7SEG AB New Net Name=7SEG AA
Change Net Name : Old Net Name=7SEG ARB New Net Name=7SEG ARA
Change Net Name : Old Net Name=7SEG BB New Net Name=7SEG BA
Change Net Name : Old Net Name=7SEG BRB New Net Name=7SEG BRA
Change Net Name : Old Net Name=7SEG CB New Net Name=7SEG CA
Change Net Name : Old Net Name=7SEG CRB New Net Name=7SEG CRA
Change Net Name : Old Net Name=7SEG DB New Net Name=7SEG DA
Change Net Name : Old Net Name=7SEG DPRB New Net Name=7SEG DPRA
Change Net Name : Old Net Name=7SEG DRB New Net Name=7SEG DRA
Change Net Name : Old Net Name=7SEG EB New Net Name=7SEG EA
Change Net Name : Old Net Name=7SEG ERB New Net Name=7SEG ERA
Change Net Name : Old Net Name=7SEG FB New Net Name=7SEG FA
Change Net Name : Old Net Name=7SEG FRB New Net Name=7SEG FRA
Change Net Name : Old Net Name=7SEG GB New Net Name=7SEG GA
Change Net Name : Old Net Name=7SEG GRB New Net Name=7SEG GRA
Change Net Name : Old Net Name=NetD4B_3 New Net Name=NetD4A_3
Added Pin To Net: NetName=7SEG AB Pin=R19B-1
Added Pin To Net: NetName=7SEG AB Pin=U8B-13
Added Net: Name=7SEG AB
Added Pin To Net: NetName=7SEG ARB Pin=D4B-7
Added Pin To Net: NetName=7SEG ARB Pin=R19B-2
Added Net: Name=7SEG ARB
Added Pin To Net: NetName=7SEG BB Pin=R20B-1
Added Pin To Net: NetName=7SEG BB Pin=U8B-12
Added Net: Name=7SEG BB
Added Pin To Net: NetName=7SEG BL Pin=U2-35
Added Pin To Net: NetName=7SEG BL Pin=U8A-4
Added Pin To Net: NetName=7SEG BL Pin=U8B-4
Added Net: Name=7SEG BL
Added Pin To Net: NetName=7SEG BRB Pin=D4B-6
Added Pin To Net: NetName=7SEG BRB Pin=R20B-2
Added Net: Name=7SEG BRB
Added Pin To Net: NetName=7SEG CATH A Pin=Q7B-G
Added Net: Name=7SEG CATH A
Added Pin To Net: NetName=7SEG CATH B Pin=Q7A-G
Added Net: Name=7SEG CATH B
Added Pin To Net: NetName=7SEG CB Pin=R21B-1
Added Pin To Net: NetName=7SEG CB Pin=U8B-11
Added Net: Name=7SEG CB
Added Pin To Net: NetName=7SEG CRB Pin=D4B-4
Added Pin To Net: NetName=7SEG CRB Pin=R21B-2
Added Net: Name=7SEG CRB
Added Pin To Net: NetName=7SEG D0 Pin=U2-33
Added Pin To Net: NetName=7SEG D0 Pin=U8A-7
Added Pin To Net: NetName=7SEG D0 Pin=U8B-7
Added Net: Name=7SEG D0
Added Pin To Net: NetName=7SEG D1 Pin=U2-30
Added Pin To Net: NetName=7SEG D1 Pin=U8A-1
Added Pin To Net: NetName=7SEG D1 Pin=U8B-1
Added Net: Name=7SEG D1
Added Pin To Net: NetName=7SEG D2 Pin=U2-29
Added Pin To Net: NetName=7SEG D2 Pin=U8A-2
Added Pin To Net: NetName=7SEG D2 Pin=U8B-2
Added Net: Name=7SEG D2
Added Pin To Net: NetName=7SEG D3 Pin=U8A-6
Added Pin To Net: NetName=7SEG D3 Pin=U8B-6
Added Net: Name=7SEG D3
Added Pin To Net: NetName=7SEG DB Pin=R22B-1
Added Pin To Net: NetName=7SEG DB Pin=U8B-10
Added Net: Name=7SEG DB
Added Pin To Net: NetName=7SEG DP A Pin=R26A-1
Added Pin To Net: NetName=7SEG DP A Pin=U2-28
Added Net: Name=7SEG DP A
Added Pin To Net: NetName=7SEG DP B Pin=R26B-1
Added Net: Name=7SEG DP B
Added Pin To Net: NetName=7SEG DPRB Pin=D4B-5
Added Pin To Net: NetName=7SEG DPRB Pin=R26B-2
Added Net: Name=7SEG DPRB
Added Pin To Net: NetName=7SEG DRB Pin=D4B-2
Added Pin To Net: NetName=7SEG DRB Pin=R22B-2
Added Net: Name=7SEG DRB
Added Pin To Net: NetName=7SEG EB Pin=R23B-1
Added Pin To Net: NetName=7SEG EB Pin=U8B-9
Added Net: Name=7SEG EB
Added Pin To Net: NetName=7SEG ERB Pin=D4B-1
Added Pin To Net: NetName=7SEG ERB Pin=R23B-2
Added Net: Name=7SEG ERB
Added Pin To Net: NetName=7SEG FB Pin=R24B-1
Added Pin To Net: NetName=7SEG FB Pin=U8B-15
Added Net: Name=7SEG FB
Added Pin To Net: NetName=7SEG FRB Pin=D4B-9
Added Pin To Net: NetName=7SEG FRB Pin=R24B-2
Added Net: Name=7SEG FRB
Added Pin To Net: NetName=7SEG GB Pin=R25B-1
Added Pin To Net: NetName=7SEG GB Pin=U8B-14
Added Net: Name=7SEG GB
Added Pin To Net: NetName=7SEG GRB Pin=D4B-10
Added Pin To Net: NetName=7SEG GRB Pin=R25B-2
Added Net: Name=7SEG GRB
Added Pin To Net: NetName=7SEG LE Pin=U2-36
Added Pin To Net: NetName=7SEG LE Pin=U8A-5
Added Pin To Net: NetName=7SEG LE Pin=U8B-5
Added Net: Name=7SEG LE
Added Pin To Net: NetName=7SEG LT Pin=U2-34
Added Pin To Net: NetName=7SEG LT Pin=U8A-3
Added Pin To Net: NetName=7SEG LT Pin=U8B-3
Added Net: Name=7SEG LT
Added Net: Name=BOOT0
Added Pin To Net: NetName=NetD4B_3 Pin=D4B-3
Added Pin To Net: NetName=NetD4B_3 Pin=D4B-8
Added Pin To Net: NetName=NetD4B_3 Pin=Q7B-D
Added Net: Name=NetD4B_3
Added Pin To Net: NetName=PC13 Pin=U2-2
Added Net: Name=PC13
Added Pin To Net: NetName=PC14 Pin=U2-3
Added Net: Name=PC14
Added Pin To Net: NetName=PC15 Pin=U2-4
Added Net: Name=PC15
Added Net: Name=PD2
Added Pin To Net: NetName=PF4 Pin=U2-18
Added Net: Name=PF4
Added Room: Name=SHDN-S04-V00-ShutdownRelay
Added Room: Name=SHDN-S05-V00-Connector
Added Room: Name=SHDN-S06-V00-Microcontroller
Added Room: Name=SHDN-S09-V00-Buzzer
Added Room: Name=SHDN-S11-V00-7SegmentDisplay1
Added Room: Name=SHDN-S11-V00-7SegmentDisplay2
