Added Component: Designator=C1(Cap_Ceramic_0603)
Added Component: Designator=C2(Cap_Ceramic_0603)
Added Component: Designator=C3(Cap_Ceramic_0603)
Added Component: Designator=C4(Cap_Ceramic_0603)
Added Component: Designator=D1(SMA)
Add component (AddParameter): Name = "Average Rectified Current"; Value = "150mA"; VariantName = "[No Variations]"
Add component (AddParameter): Name = "Category"; Value = "Rectifier Diodes"; VariantName = "[No Variations]"
Add component (AddParameter): Name = "Contact Plating"; Value = "Tin,Matte"; VariantName = "[No Variations]"
Add component (AddParameter): Name = "Element Configuration"; Value = "Single"; VariantName = "[No Variations]"
Add component (AddParameter): Name = "Forward Current"; Value = "150mA"; VariantName = "[No Variations]"
Add component (AddParameter): Name = "Forward Voltage"; Value = "1V"; VariantName = "[No Variations]"
Add component (AddParameter): Name = "Height"; Value = "1mm"; VariantName = "[No Variations]"
Add component (AddParameter): Name = "Lead Free"; Value = "Lead Free"; VariantName = "[No Variations]"
Add component (AddParameter): Name = "Length"; Value = "1.8mm"; VariantName = "[No Variations]"
Add component (AddParameter): Name = "Manufacturer"; Value = "ON Semiconductor / Fairchild"; VariantName = "[No Variations]"
Add component (AddParameter): Name = "Manufacturer Part Number"; Value = "1N914BWS"; VariantName = "[No Variations]"
Add component (AddParameter): Name = "Max Forward Surge Current (Ifsm)"; Value = "4A"; VariantName = "[No Variations]"
Add component (AddParameter): Name = "Max Operating Temperature"; Value = "150°C"; VariantName = "[No Variations]"
Add component (AddParameter): Name = "Max Repetitive Reverse Voltage (Vrrm)"; Value = "75V"; VariantName = "[No Variations]"
Add component (AddParameter): Name = "Max Reverse Leakage Current"; Value = "5uA"; VariantName = "[No Variations]"
Add component (AddParameter): Name = "Max Reverse Voltage (DC)"; Value = "75V"; VariantName = "[No Variations]"
Add component (AddParameter): Name = "Min Operating Temperature"; Value = "-55°C"; VariantName = "[No Variations]"
Add component (AddParameter): Name = "Mount"; Value = "Surface Mount"; VariantName = "[No Variations]"
Add component (AddParameter): Name = "Number of Pins"; Value = "2"; VariantName = "[No Variations]"
Add component (AddParameter): Name = "Package Quantity"; Value = "1"; VariantName = "[No Variations]"
Add component (AddParameter): Name = "Packaging"; Value = "Tape and Reel"; VariantName = "[No Variations]"
Add component (AddParameter): Name = "Parameter 1"; Value = ""; VariantName = "[No Variations]"
Add component (AddParameter): Name = "Peak Reverse Current"; Value = "5uA"; VariantName = "[No Variations]"
Add component (AddParameter): Name = "Power Dissipation"; Value = "200mW"; VariantName = "[No Variations]"
Add component (AddParameter): Name = "Radiation Hardening"; Value = "No"; VariantName = "[No Variations]"
Add component (AddParameter): Name = "REACH SVHC"; Value = "No SVHC"; VariantName = "[No Variations]"
Add component (AddParameter): Name = "Recovery Time"; Value = "4ns"; VariantName = "[No Variations]"
Add component (AddParameter): Name = "Reverse Recovery Time"; Value = "4ns"; VariantName = "[No Variations]"
Add component (AddParameter): Name = "Reverse Voltage"; Value = "75V"; VariantName = "[No Variations]"
Add component (AddParameter): Name = "Weight"; Value = "0.0276g"; VariantName = "[No Variations]"
Add component (AddParameter): Name = "Width"; Value = "1.35mm"; VariantName = "[No Variations]"
Added Component: Designator=DS1(LED RED 0603)
Added Component: Designator=DS2(LED RED 0603)
Added Component: Designator=DS3(LED GREEN 0603)
Added Component: Designator=DS4(LED GREEN 0603)
Added Component: Designator=DS5(LED GREEN 0603)
Added Component: Designator=DS6(LED GREEN 0603)
Added Component: Designator=DS7_SEG1(LED RED 0603)
Added Component: Designator=DS7_SEG2(LED RED 0603)
Added Component: Designator=DS7_SEG3(LED RED 0603)
Added Component: Designator=DS7_SEG4(LED RED 0603)
Added Component: Designator=DS7_SEG5(LED RED 0603)
Added Component: Designator=DS8_SEG1(LED RED 0603)
Added Component: Designator=DS8_SEG2(LED RED 0603)
Added Component: Designator=DS8_SEG3(LED RED 0603)
Added Component: Designator=DS8_SEG4(LED RED 0603)
Added Component: Designator=DS8_SEG5(LED RED 0603)
Added Component: Designator=DS9_SEG1(LED RED 0603)
Added Component: Designator=DS9_SEG2(LED RED 0603)
Added Component: Designator=DS9_SEG3(LED RED 0603)
Added Component: Designator=DS9_SEG4(LED RED 0603)
Added Component: Designator=DS9_SEG5(LED RED 0603)
Added Component: Designator=Q1(SOT-23-3)
Added Component: Designator=R1(Res_ThinFilm_0603)
Added Component: Designator=R2(Res_ThinFilm_0603)
Added Component: Designator=R3(Res_ThinFilm_0603)
Added Component: Designator=R4(Res_ThinFilm_0603)
Added Component: Designator=R5(Res_ThinFilm_0603)
Added Component: Designator=R6(Res_ThinFilm_0603)
Added Component: Designator=R7(Res_ThinFilm_0603)
Added Component: Designator=R8(Res_ThinFilm_0603)
Added Component: Designator=R9(Res_ThinFilm_0603)
Added Component: Designator=R10(Res_ThinFilm_0603)
Added Component: Designator=R11(Res_ThinFilm_0603)
Added Component: Designator=R12(Res_ThinFilm_0603)
Added Component: Designator=R13(Res_ThinFilm_0603)
Added Component: Designator=R14(Res_ThinFilm_0603)
Added Component: Designator=R15(Res_ThinFilm_0603)
Added Component: Designator=R16(Res_ThinFilm_0603)
Added Component: Designator=R17_SEG1(Res_ThinFilm_0603)
Added Component: Designator=R17_SEG2(Res_ThinFilm_0603)
Added Component: Designator=R17_SEG3(Res_ThinFilm_0603)
Added Component: Designator=R17_SEG4(Res_ThinFilm_0603)
Added Component: Designator=R17_SEG5(Res_ThinFilm_0603)
Added Component: Designator=R18_SEG1(Res_ThinFilm_0603)
Added Component: Designator=R18_SEG2(Res_ThinFilm_0603)
Added Component: Designator=R18_SEG3(Res_ThinFilm_0603)
Added Component: Designator=R18_SEG4(Res_ThinFilm_0603)
Added Component: Designator=R18_SEG5(Res_ThinFilm_0603)
Added Component: Designator=R19_SEG1(Res_ThinFilm_0603)
Added Component: Designator=R19_SEG2(Res_ThinFilm_0603)
Added Component: Designator=R19_SEG3(Res_ThinFilm_0603)
Added Component: Designator=R19_SEG4(Res_ThinFilm_0603)
Added Component: Designator=R19_SEG5(Res_ThinFilm_0603)
Added Component: Designator=R20_DAC0(Res_ThinFilm_0603)
Added Component: Designator=R20_DAC1(Res_ThinFilm_0603)
Added Component: Designator=R20_DAC2(Res_ThinFilm_0603)
Added Component: Designator=R20_DAC3(Res_ThinFilm_0603)
Added Component: Designator=R21_DAC0(Res_ThinFilm_0603)
Added Component: Designator=R21_DAC1(Res_ThinFilm_0603)
Added Component: Designator=R21_DAC2(Res_ThinFilm_0603)
Added Component: Designator=R21_DAC3(Res_ThinFilm_0603)
Added Component: Designator=R22_DAC0(Res_ThinFilm_0603)
Added Component: Designator=R22_DAC1(Res_ThinFilm_0603)
Added Component: Designator=R22_DAC2(Res_ThinFilm_0603)
Added Component: Designator=R22_DAC3(Res_ThinFilm_0603)
Added Component: Designator=R23_DAC0(Res_ThinFilm_0603)
Added Component: Designator=R23_DAC1(Res_ThinFilm_0603)
Added Component: Designator=R23_DAC2(Res_ThinFilm_0603)
Added Component: Designator=R23_DAC3(Res_ThinFilm_0603)
Added Component: Designator=R24_DAC0(Res_ThinFilm_0603)
Added Component: Designator=R24_DAC1(Res_ThinFilm_0603)
Added Component: Designator=R24_DAC2(Res_ThinFilm_0603)
Added Component: Designator=R24_DAC3(Res_ThinFilm_0603)
Added Pin To Net: NetName=5V Pin=DS7_SEG1-1
Added Pin To Net: NetName=5V Pin=DS7_SEG2-1
Added Pin To Net: NetName=5V Pin=DS7_SEG3-1
Added Pin To Net: NetName=5V Pin=DS7_SEG4-1
Added Pin To Net: NetName=5V Pin=DS7_SEG5-1
Added Pin To Net: NetName=5V Pin=DS8_SEG1-1
Added Pin To Net: NetName=5V Pin=DS8_SEG2-1
Added Pin To Net: NetName=5V Pin=DS8_SEG3-1
Added Pin To Net: NetName=5V Pin=DS8_SEG4-1
Added Pin To Net: NetName=5V Pin=DS8_SEG5-1
Added Pin To Net: NetName=5V Pin=DS9_SEG1-1
Added Pin To Net: NetName=5V Pin=DS9_SEG2-1
Added Pin To Net: NetName=5V Pin=DS9_SEG3-1
Added Pin To Net: NetName=5V Pin=DS9_SEG4-1
Added Pin To Net: NetName=5V Pin=DS9_SEG5-1
Added Pin To Net: NetName=5V Pin=R12-2
Added Net: Name=5V
Added Pin To Net: NetName=12VP Pin=C1-2
Added Pin To Net: NetName=12VP Pin=D1-K
Added Pin To Net: NetName=12VP Pin=R6-2
Added Net: Name=12VP
Added Pin To Net: NetName=12VSW Pin=R11-2
Added Net: Name=12VSW
Added Pin To Net: NetName=12V Pin=C2-2
Added Pin To Net: NetName=12V Pin=C3-1
Added Pin To Net: NetName=12V Pin=R1-2
Added Pin To Net: NetName=12V Pin=R2-2
Added Pin To Net: NetName=12V Pin=R3-2
Added Pin To Net: NetName=12V Pin=R4-2
Added Pin To Net: NetName=12V Pin=R5-2
Added Pin To Net: NetName=12V Pin=R15-2
Added Net: Name=12V
Added Pin To Net: NetName=ADC0 Pin=R20_DAC0-2
Added Pin To Net: NetName=ADC0 Pin=R21_DAC0-2
Added Pin To Net: NetName=ADC0 Pin=R22_DAC0-2
Added Pin To Net: NetName=ADC0 Pin=R23_DAC0-2
Added Pin To Net: NetName=ADC0 Pin=R24_DAC0-2
Added Net: Name=ADC0
Added Pin To Net: NetName=ADC1 Pin=R20_DAC1-2
Added Pin To Net: NetName=ADC1 Pin=R21_DAC1-2
Added Pin To Net: NetName=ADC1 Pin=R22_DAC1-2
Added Pin To Net: NetName=ADC1 Pin=R23_DAC1-2
Added Pin To Net: NetName=ADC1 Pin=R24_DAC1-2
Added Net: Name=ADC1
Added Pin To Net: NetName=ADC2 Pin=R20_DAC2-2
Added Pin To Net: NetName=ADC2 Pin=R21_DAC2-2
Added Pin To Net: NetName=ADC2 Pin=R22_DAC2-2
Added Pin To Net: NetName=ADC2 Pin=R23_DAC2-2
Added Pin To Net: NetName=ADC2 Pin=R24_DAC2-2
Added Net: Name=ADC2
Added Pin To Net: NetName=ADC3 Pin=R20_DAC3-2
Added Pin To Net: NetName=ADC3 Pin=R21_DAC3-2
Added Pin To Net: NetName=ADC3 Pin=R22_DAC3-2
Added Pin To Net: NetName=ADC3 Pin=R23_DAC3-2
Added Pin To Net: NetName=ADC3 Pin=R24_DAC3-2
Added Net: Name=ADC3
Added Net: Name=AIR HI
Added Net: Name=AIR LO
Added Net: Name=AIR
Added Net: Name=CANH
Added Net: Name=CANL
Added Pin To Net: NetName=CLMODE Pin=R8-2
Added Net: Name=CLMODE
Added Pin To Net: NetName=DAC1 Pin=R17_SEG1-1
Added Pin To Net: NetName=DAC1 Pin=R20_DAC0-1
Added Net: Name=DAC1
Added Pin To Net: NetName=DAC2 Pin=R18_SEG1-1
Added Pin To Net: NetName=DAC2 Pin=R21_DAC0-1
Added Net: Name=DAC2
Added Pin To Net: NetName=DAC3 Pin=R19_SEG1-1
Added Pin To Net: NetName=DAC3 Pin=R22_DAC0-1
Added Net: Name=DAC3
Added Pin To Net: NetName=DAC4 Pin=R17_SEG2-1
Added Pin To Net: NetName=DAC4 Pin=R24_DAC0-1
Added Net: Name=DAC4
Added Pin To Net: NetName=DAC5 Pin=R18_SEG2-1
Added Pin To Net: NetName=DAC5 Pin=R20_DAC1-1
Added Net: Name=DAC5
Added Pin To Net: NetName=DAC6 Pin=R19_SEG2-1
Added Pin To Net: NetName=DAC6 Pin=R21_DAC1-1
Added Net: Name=DAC6
Added Pin To Net: NetName=DAC7 Pin=R17_SEG3-1
Added Pin To Net: NetName=DAC7 Pin=R22_DAC1-1
Added Net: Name=DAC7
Added Pin To Net: NetName=DAC8 Pin=R18_SEG3-1
Added Pin To Net: NetName=DAC8 Pin=R24_DAC1-1
Added Net: Name=DAC8
Added Pin To Net: NetName=DAC9 Pin=R19_SEG3-1
Added Pin To Net: NetName=DAC9 Pin=R20_DAC2-1
Added Net: Name=DAC9
Added Pin To Net: NetName=DAC10 Pin=R17_SEG4-1
Added Pin To Net: NetName=DAC10 Pin=R21_DAC2-1
Added Net: Name=DAC10
Added Pin To Net: NetName=DAC11 Pin=R18_SEG4-1
Added Pin To Net: NetName=DAC11 Pin=R22_DAC2-1
Added Net: Name=DAC11
Added Pin To Net: NetName=DAC12 Pin=R19_SEG4-1
Added Pin To Net: NetName=DAC12 Pin=R24_DAC2-1
Added Net: Name=DAC12
Added Pin To Net: NetName=DAC13 Pin=R17_SEG5-1
Added Pin To Net: NetName=DAC13 Pin=R20_DAC3-1
Added Net: Name=DAC13
Added Pin To Net: NetName=DAC14 Pin=R18_SEG5-1
Added Pin To Net: NetName=DAC14 Pin=R21_DAC3-1
Added Net: Name=DAC14
Added Pin To Net: NetName=DAC15 Pin=R19_SEG5-1
Added Pin To Net: NetName=DAC15 Pin=R22_DAC3-1
Added Net: Name=DAC15
Added Pin To Net: NetName=FLAG Pin=DS2-2
Added Net: Name=FLAG
Added Pin To Net: NetName=GND Pin=C1-1
Added Pin To Net: NetName=GND Pin=C2-1
Added Pin To Net: NetName=GND Pin=C3-2
Added Pin To Net: NetName=GND Pin=C4-1
Added Pin To Net: NetName=GND Pin=D1-A
Added Pin To Net: NetName=GND Pin=DS3-2
Added Pin To Net: NetName=GND Pin=DS4-2
Added Pin To Net: NetName=GND Pin=DS5-2
Added Pin To Net: NetName=GND Pin=DS6-2
Added Pin To Net: NetName=GND Pin=Q1-S
Added Pin To Net: NetName=GND Pin=R7-2
Added Pin To Net: NetName=GND Pin=R8-1
Added Pin To Net: NetName=GND Pin=R9-1
Added Pin To Net: NetName=GND Pin=R10-1
Added Pin To Net: NetName=GND Pin=R23_DAC0-1
Added Pin To Net: NetName=GND Pin=R23_DAC1-1
Added Pin To Net: NetName=GND Pin=R23_DAC2-1
Added Pin To Net: NetName=GND Pin=R23_DAC3-1
Added Pin To Net: NetName=GND Pin=R24_DAC3-1
Added Net: Name=GND
Added Pin To Net: NetName=NetC4_2 Pin=C4-2
Added Pin To Net: NetName=NetC4_2 Pin=R15-1
Added Net: Name=NetC4_2
Added Pin To Net: NetName=NetDS1_1 Pin=DS1-1
Added Pin To Net: NetName=NetDS1_1 Pin=R1-1
Added Net: Name=NetDS1_1
Added Pin To Net: NetName=NetDS2_1 Pin=DS2-1
Added Pin To Net: NetName=NetDS2_1 Pin=R2-1
Added Net: Name=NetDS2_1
Added Pin To Net: NetName=NetDS3_1 Pin=DS3-1
Added Pin To Net: NetName=NetDS3_1 Pin=R3-1
Added Net: Name=NetDS3_1
Added Pin To Net: NetName=NetDS4_1 Pin=DS4-1
Added Pin To Net: NetName=NetDS4_1 Pin=R6-1
Added Net: Name=NetDS4_1
Added Pin To Net: NetName=NetDS5_1 Pin=DS5-1
Added Pin To Net: NetName=NetDS5_1 Pin=R11-1
Added Net: Name=NetDS5_1
Added Pin To Net: NetName=NetDS6_1 Pin=DS6-1
Added Pin To Net: NetName=NetDS6_1 Pin=R12-1
Added Net: Name=NetDS6_1
Added Pin To Net: NetName=NetDS7_SEG1_2 Pin=DS7_SEG1-2
Added Pin To Net: NetName=NetDS7_SEG1_2 Pin=R17_SEG1-2
Added Net: Name=NetDS7_SEG1_2
Added Pin To Net: NetName=NetDS7_SEG2_2 Pin=DS7_SEG2-2
Added Pin To Net: NetName=NetDS7_SEG2_2 Pin=R17_SEG2-2
Added Net: Name=NetDS7_SEG2_2
Added Pin To Net: NetName=NetDS7_SEG3_2 Pin=DS7_SEG3-2
Added Pin To Net: NetName=NetDS7_SEG3_2 Pin=R17_SEG3-2
Added Net: Name=NetDS7_SEG3_2
Added Pin To Net: NetName=NetDS7_SEG4_2 Pin=DS7_SEG4-2
Added Pin To Net: NetName=NetDS7_SEG4_2 Pin=R17_SEG4-2
Added Net: Name=NetDS7_SEG4_2
Added Pin To Net: NetName=NetDS7_SEG5_2 Pin=DS7_SEG5-2
Added Pin To Net: NetName=NetDS7_SEG5_2 Pin=R17_SEG5-2
Added Net: Name=NetDS7_SEG5_2
Added Pin To Net: NetName=NetDS8_SEG1_2 Pin=DS8_SEG1-2
Added Pin To Net: NetName=NetDS8_SEG1_2 Pin=R18_SEG1-2
Added Net: Name=NetDS8_SEG1_2
Added Pin To Net: NetName=NetDS8_SEG2_2 Pin=DS8_SEG2-2
Added Pin To Net: NetName=NetDS8_SEG2_2 Pin=R18_SEG2-2
Added Net: Name=NetDS8_SEG2_2
Added Pin To Net: NetName=NetDS8_SEG3_2 Pin=DS8_SEG3-2
Added Pin To Net: NetName=NetDS8_SEG3_2 Pin=R18_SEG3-2
Added Net: Name=NetDS8_SEG3_2
Added Pin To Net: NetName=NetDS8_SEG4_2 Pin=DS8_SEG4-2
Added Pin To Net: NetName=NetDS8_SEG4_2 Pin=R18_SEG4-2
Added Net: Name=NetDS8_SEG4_2
Added Pin To Net: NetName=NetDS8_SEG5_2 Pin=DS8_SEG5-2
Added Pin To Net: NetName=NetDS8_SEG5_2 Pin=R18_SEG5-2
Added Net: Name=NetDS8_SEG5_2
Added Pin To Net: NetName=NetDS9_SEG1_2 Pin=DS9_SEG1-2
Added Pin To Net: NetName=NetDS9_SEG1_2 Pin=R19_SEG1-2
Added Net: Name=NetDS9_SEG1_2
Added Pin To Net: NetName=NetDS9_SEG2_2 Pin=DS9_SEG2-2
Added Pin To Net: NetName=NetDS9_SEG2_2 Pin=R19_SEG2-2
Added Net: Name=NetDS9_SEG2_2
Added Pin To Net: NetName=NetDS9_SEG3_2 Pin=DS9_SEG3-2
Added Pin To Net: NetName=NetDS9_SEG3_2 Pin=R19_SEG3-2
Added Net: Name=NetDS9_SEG3_2
Added Pin To Net: NetName=NetDS9_SEG4_2 Pin=DS9_SEG4-2
Added Pin To Net: NetName=NetDS9_SEG4_2 Pin=R19_SEG4-2
Added Net: Name=NetDS9_SEG4_2
Added Pin To Net: NetName=NetDS9_SEG5_2 Pin=DS9_SEG5-2
Added Pin To Net: NetName=NetDS9_SEG5_2 Pin=R19_SEG5-2
Added Net: Name=NetDS9_SEG5_2
Added Net: Name=NetJ5_SEG1_8
Added Net: Name=NetJ5_SEG1_10
Added Net: Name=NetJ5_SEG2_7
Added Net: Name=NetJ5_SEG2_8
Added Net: Name=NetJ5_SEG2_10
Added Net: Name=NetJ5_SEG3_7
Added Net: Name=NetJ5_SEG3_8
Added Net: Name=NetJ5_SEG3_10
Added Net: Name=NetJ5_SEG4_7
Added Net: Name=NetJ5_SEG4_8
Added Net: Name=NetJ5_SEG4_10
Added Net: Name=NetJ5_SEG5_7
Added Net: Name=NetJ5_SEG5_8
Added Net: Name=NetJ5_SEG5_10
Added Net: Name=NetJ5_SEG5_12
Added Pin To Net: NetName=NetQ1_G Pin=Q1-G
Added Pin To Net: NetName=NetQ1_G Pin=R16-2
Added Net: Name=NetQ1_G
Added Pin To Net: NetName=NetR16_1 Pin=R16-1
Added Net: Name=NetR16_1
Added Pin To Net: NetName=OVLO Pin=R5-1
Added Pin To Net: NetName=OVLO Pin=R10-2
Added Net: Name=OVLO
Added Pin To Net: NetName=SETI Pin=R7-1
Added Net: Name=SETI
Added Pin To Net: NetName=SHDN HI LED Pin=R13-2
Added Net: Name=SHDN HI LED
Added Pin To Net: NetName=SHDN HI Pin=R13-1
Added Net: Name=SHDN HI
Added Pin To Net: NetName=SHDN LO LED Pin=R14-2
Added Net: Name=SHDN LO LED
Added Pin To Net: NetName=SHDN LO Pin=R14-1
Added Net: Name=SHDN LO
Added Pin To Net: NetName=SHDN Pin=Q1-D
Added Net: Name=SHDN
Added Pin To Net: NetName=UVLO Pin=R4-1
Added Pin To Net: NetName=UVLO Pin=R9-2
Added Net: Name=UVLO
Added Pin To Net: NetName=UVOV Pin=DS1-2
Added Net: Name=UVOV
Added Class: Name=DAC0
Added Class: Name=DAC1
Added Class: Name=DAC2
Added Class: Name=DAC3
Added Class: Name=SEG1
Added Class: Name=SEG2
Added Class: Name=SEG3
Added Class: Name=SEG4
Added Class: Name=SEG5
Added Class: Name=SHDN21-S01-V00-Shutdown
Added Class: Name=SHDN21-S02-V00-SegInterface
Added Class: Name=SHDN21-S03-V00-DACResistors
Added Room: Name=DAC0
Added Room: Name=DAC1
Added Room: Name=DAC2
Added Room: Name=DAC3
Added Room: Name=SEG1
Added Room: Name=SEG2
Added Room: Name=SEG3
Added Room: Name=SEG4
Added Room: Name=SEG5
Added Room: Name=SHDN21-S01-V00-Shutdown
