Removed Pin From Net: NetName=12VP Pin=J7_SEG1-1
Removed Pin From Net: NetName=CHAIN 1_SEG1 Pin=J7_SEG1-2
Removed Pin From Net: NetName=CHAIN 1_SEG1 Pin=J7_SEG1-3
Removed Pin From Net: NetName=CHAIN 2_SEG1 Pin=J7_SEG1-4
Removed Pin From Net: NetName=CHAIN 2_SEG1 Pin=J7_SEG1-5
Removed Pin From Net: NetName=CHAIN IN_SEG2 Pin=J7_SEG1-6
Removed Pin From Net: NetName=CHAIN IN_SEG2 Pin=J7_SEG2-1
Removed Pin From Net: NetName=CHAIN 1_SEG2 Pin=J7_SEG2-2
Removed Pin From Net: NetName=CHAIN 1_SEG2 Pin=J7_SEG2-3
Removed Pin From Net: NetName=CHAIN 2_SEG2 Pin=J7_SEG2-4
Removed Pin From Net: NetName=CHAIN 2_SEG2 Pin=J7_SEG2-5
Removed Pin From Net: NetName=CHAIN IN_SEG3 Pin=J7_SEG2-6
Removed Pin From Net: NetName=CHAIN IN_SEG3 Pin=J7_SEG3-1
Removed Pin From Net: NetName=CHAIN 1_SEG3 Pin=J7_SEG3-2
Removed Pin From Net: NetName=CHAIN 1_SEG3 Pin=J7_SEG3-3
Removed Pin From Net: NetName=CHAIN 2_SEG3 Pin=J7_SEG3-4
Removed Pin From Net: NetName=CHAIN 2_SEG3 Pin=J7_SEG3-5
Removed Pin From Net: NetName=CHAIN IN_SEG4 Pin=J7_SEG3-6
Removed Pin From Net: NetName=CHAIN IN_SEG4 Pin=J7_SEG4-1
Removed Pin From Net: NetName=CHAIN 1_SEG4 Pin=J7_SEG4-2
Removed Pin From Net: NetName=CHAIN 1_SEG4 Pin=J7_SEG4-3
Removed Pin From Net: NetName=CHAIN 2_SEG4 Pin=J7_SEG4-4
Removed Pin From Net: NetName=CHAIN 2_SEG4 Pin=J7_SEG4-5
Removed Pin From Net: NetName=CHAIN IN_SEG5 Pin=J7_SEG4-6
Removed Pin From Net: NetName=CHAIN IN_SEG5 Pin=J7_SEG5-1
Removed Pin From Net: NetName=CHAIN 1_SEG5 Pin=J7_SEG5-2
Removed Pin From Net: NetName=CHAIN 1_SEG5 Pin=J7_SEG5-3
Removed Pin From Net: NetName=CHAIN 2_SEG5 Pin=J7_SEG5-4
Removed Pin From Net: NetName=CHAIN 2_SEG5 Pin=J7_SEG5-5
Removed Pin From Net: NetName=CHAIN OUT_SEG5 Pin=J7_SEG5-6
Added Pin To Net: NetName=CHAIN IN_SEG2 Pin=J7_SEG1-1
Added Pin To Net: NetName=CHAIN 2_SEG1 Pin=J7_SEG1-2
Added Pin To Net: NetName=CHAIN 2_SEG1 Pin=J7_SEG1-3
Added Pin To Net: NetName=CHAIN 1_SEG1 Pin=J7_SEG1-4
Added Pin To Net: NetName=CHAIN 1_SEG1 Pin=J7_SEG1-5
Added Pin To Net: NetName=12VP Pin=J7_SEG1-6
Added Pin To Net: NetName=CHAIN IN_SEG3 Pin=J7_SEG2-1
Added Pin To Net: NetName=CHAIN 2_SEG2 Pin=J7_SEG2-2
Added Pin To Net: NetName=CHAIN 2_SEG2 Pin=J7_SEG2-3
Added Pin To Net: NetName=CHAIN 1_SEG2 Pin=J7_SEG2-4
Added Pin To Net: NetName=CHAIN 1_SEG2 Pin=J7_SEG2-5
Added Pin To Net: NetName=CHAIN IN_SEG2 Pin=J7_SEG2-6
Added Pin To Net: NetName=CHAIN IN_SEG4 Pin=J7_SEG3-1
Added Pin To Net: NetName=CHAIN 2_SEG3 Pin=J7_SEG3-2
Added Pin To Net: NetName=CHAIN 2_SEG3 Pin=J7_SEG3-3
Added Pin To Net: NetName=CHAIN 1_SEG3 Pin=J7_SEG3-4
Added Pin To Net: NetName=CHAIN 1_SEG3 Pin=J7_SEG3-5
Added Pin To Net: NetName=CHAIN IN_SEG3 Pin=J7_SEG3-6
Added Pin To Net: NetName=CHAIN IN_SEG5 Pin=J7_SEG4-1
Added Pin To Net: NetName=CHAIN 2_SEG4 Pin=J7_SEG4-2
Added Pin To Net: NetName=CHAIN 2_SEG4 Pin=J7_SEG4-3
Added Pin To Net: NetName=CHAIN 1_SEG4 Pin=J7_SEG4-4
Added Pin To Net: NetName=CHAIN 1_SEG4 Pin=J7_SEG4-5
Added Pin To Net: NetName=CHAIN IN_SEG4 Pin=J7_SEG4-6
Added Pin To Net: NetName=CHAIN OUT_SEG5 Pin=J7_SEG5-1
Added Pin To Net: NetName=CHAIN 2_SEG5 Pin=J7_SEG5-2
Added Pin To Net: NetName=CHAIN 2_SEG5 Pin=J7_SEG5-3
Added Pin To Net: NetName=CHAIN 1_SEG5 Pin=J7_SEG5-4
Added Pin To Net: NetName=CHAIN 1_SEG5 Pin=J7_SEG5-5
Added Pin To Net: NetName=CHAIN IN_SEG5 Pin=J7_SEG5-6
Added Member To Class: ClassName=SEG1 Member=Component J6_SEG1 (J6) MX120G
Added Member To Class: ClassName=SEG2 Member=Component J6_SEG2 (J6) MX120G
Added Member To Class: ClassName=SEG3 Member=Component J6_SEG3 (J6) MX120G
Added Member To Class: ClassName=SEG4 Member=Component J6_SEG4 (J6) MX120G
Added Member To Class: ClassName=SEG5 Member=Component J6_SEG5 (J6) MX120G
