Removed Pin From Net: NetName=CHAIN 2_SEG1 Pin=SW2_SEG1-1
Removed Pin From Net: NetName=CHAIN IN_SEG2 Pin=SW2_SEG1-2
Removed Pin From Net: NetName=12VP Pin=SW2_SEG1-5
Removed Pin From Net: NetName=CHAIN 1_SEG1 Pin=SW2_SEG1-6
Removed Pin From Net: NetName=CHAIN 2_SEG2 Pin=SW2_SEG2-1
Removed Pin From Net: NetName=CHAIN IN_SEG3 Pin=SW2_SEG2-2
Removed Pin From Net: NetName=CHAIN IN_SEG2 Pin=SW2_SEG2-5
Removed Pin From Net: NetName=CHAIN 1_SEG2 Pin=SW2_SEG2-6
Removed Pin From Net: NetName=CHAIN 2_SEG3 Pin=SW2_SEG3-1
Removed Pin From Net: NetName=CHAIN IN_SEG4 Pin=SW2_SEG3-2
Removed Pin From Net: NetName=CHAIN IN_SEG3 Pin=SW2_SEG3-5
Removed Pin From Net: NetName=CHAIN 1_SEG3 Pin=SW2_SEG3-6
Removed Pin From Net: NetName=CHAIN 2_SEG4 Pin=SW2_SEG4-1
Removed Pin From Net: NetName=CHAIN IN_SEG5 Pin=SW2_SEG4-2
Removed Pin From Net: NetName=CHAIN IN_SEG4 Pin=SW2_SEG4-5
Removed Pin From Net: NetName=CHAIN 1_SEG4 Pin=SW2_SEG4-6
Removed Pin From Net: NetName=CHAIN 2_SEG5 Pin=SW2_SEG5-1
Removed Pin From Net: NetName=CHAIN OUT_SEG5 Pin=SW2_SEG5-2
Removed Pin From Net: NetName=CHAIN IN_SEG5 Pin=SW2_SEG5-5
Removed Pin From Net: NetName=CHAIN 1_SEG5 Pin=SW2_SEG5-6
Added Pin To Net: NetName=12VP Pin=SW2_SEG1-1
Added Pin To Net: NetName=CHAIN 1_SEG1 Pin=SW2_SEG1-2
Added Pin To Net: NetName=CHAIN 2_SEG1 Pin=SW2_SEG1-5
Added Pin To Net: NetName=CHAIN IN_SEG2 Pin=SW2_SEG1-6
Added Pin To Net: NetName=CHAIN IN_SEG2 Pin=SW2_SEG2-1
Added Pin To Net: NetName=CHAIN 1_SEG2 Pin=SW2_SEG2-2
Added Pin To Net: NetName=CHAIN 2_SEG2 Pin=SW2_SEG2-5
Added Pin To Net: NetName=CHAIN IN_SEG3 Pin=SW2_SEG2-6
Added Pin To Net: NetName=CHAIN IN_SEG3 Pin=SW2_SEG3-1
Added Pin To Net: NetName=CHAIN 1_SEG3 Pin=SW2_SEG3-2
Added Pin To Net: NetName=CHAIN 2_SEG3 Pin=SW2_SEG3-5
Added Pin To Net: NetName=CHAIN IN_SEG4 Pin=SW2_SEG3-6
Added Pin To Net: NetName=CHAIN IN_SEG4 Pin=SW2_SEG4-1
Added Pin To Net: NetName=CHAIN 1_SEG4 Pin=SW2_SEG4-2
Added Pin To Net: NetName=CHAIN 2_SEG4 Pin=SW2_SEG4-5
Added Pin To Net: NetName=CHAIN IN_SEG5 Pin=SW2_SEG4-6
Added Pin To Net: NetName=CHAIN IN_SEG5 Pin=SW2_SEG5-1
Added Pin To Net: NetName=CHAIN 1_SEG5 Pin=SW2_SEG5-2
Added Pin To Net: NetName=CHAIN 2_SEG5 Pin=SW2_SEG5-5
Added Pin To Net: NetName=CHAIN OUT_SEG5 Pin=SW2_SEG5-6
Added Member To Class: ClassName=SHDN21-S01-V00-Shutdown Member=Component J4 MX120G
