Added Component: Designator=C1(Cap_Ceramic_0603)
Added Component: Designator=C2(Cap_Ceramic_0603)
Added Component: Designator=C3(Cap_Ceramic_0603)
Added Component: Designator=C4(Cap_Ceramic_0603)
Added Component: Designator=D1(SMA)
Add component (AddParameter): Name = "Average Rectified Current"; Value = "150mA"; VariantName = "[No Variations]"
Add component (AddParameter): Name = "Category"; Value = "Rectifier Diodes"; VariantName = "[No Variations]"
Add component (AddParameter): Name = "Contact Plating"; Value = "Tin,Matte"; VariantName = "[No Variations]"
Add component (AddParameter): Name = "Element Configuration"; Value = "Single"; VariantName = "[No Variations]"
Add component (AddParameter): Name = "Forward Current"; Value = "150mA"; VariantName = "[No Variations]"
Add component (AddParameter): Name = "Forward Voltage"; Value = "1V"; VariantName = "[No Variations]"
Add component (AddParameter): Name = "Height"; Value = "1mm"; VariantName = "[No Variations]"
Add component (AddParameter): Name = "Lead Free"; Value = "Lead Free"; VariantName = "[No Variations]"
Add component (AddParameter): Name = "Length"; Value = "1.8mm"; VariantName = "[No Variations]"
Add component (AddParameter): Name = "Manufacturer"; Value = "ON Semiconductor / Fairchild"; VariantName = "[No Variations]"
Add component (AddParameter): Name = "Manufacturer Part Number"; Value = "1N914BWS"; VariantName = "[No Variations]"
Add component (AddParameter): Name = "Max Forward Surge Current (Ifsm)"; Value = "4A"; VariantName = "[No Variations]"
Add component (AddParameter): Name = "Max Operating Temperature"; Value = "150°C"; VariantName = "[No Variations]"
Add component (AddParameter): Name = "Max Repetitive Reverse Voltage (Vrrm)"; Value = "75V"; VariantName = "[No Variations]"
Add component (AddParameter): Name = "Max Reverse Leakage Current"; Value = "5uA"; VariantName = "[No Variations]"
Add component (AddParameter): Name = "Max Reverse Voltage (DC)"; Value = "75V"; VariantName = "[No Variations]"
Add component (AddParameter): Name = "Min Operating Temperature"; Value = "-55°C"; VariantName = "[No Variations]"
Add component (AddParameter): Name = "Mount"; Value = "Surface Mount"; VariantName = "[No Variations]"
Add component (AddParameter): Name = "Number of Pins"; Value = "2"; VariantName = "[No Variations]"
Add component (AddParameter): Name = "Package Quantity"; Value = "1"; VariantName = "[No Variations]"
Add component (AddParameter): Name = "Packaging"; Value = "Tape and Reel"; VariantName = "[No Variations]"
Add component (AddParameter): Name = "Parameter 1"; Value = ""; VariantName = "[No Variations]"
Add component (AddParameter): Name = "Peak Reverse Current"; Value = "5uA"; VariantName = "[No Variations]"
Add component (AddParameter): Name = "Power Dissipation"; Value = "200mW"; VariantName = "[No Variations]"
Add component (AddParameter): Name = "Radiation Hardening"; Value = "No"; VariantName = "[No Variations]"
Add component (AddParameter): Name = "REACH SVHC"; Value = "No SVHC"; VariantName = "[No Variations]"
Add component (AddParameter): Name = "Recovery Time"; Value = "4ns"; VariantName = "[No Variations]"
Add component (AddParameter): Name = "Reverse Recovery Time"; Value = "4ns"; VariantName = "[No Variations]"
Add component (AddParameter): Name = "Reverse Voltage"; Value = "75V"; VariantName = "[No Variations]"
Add component (AddParameter): Name = "Weight"; Value = "0.0276g"; VariantName = "[No Variations]"
Add component (AddParameter): Name = "Width"; Value = "1.35mm"; VariantName = "[No Variations]"
Added Component: Designator=D2(SMA)
Add component (AddParameter): Name = "ComponentLink1Description"; Value = "Datasheet"; VariantName = "[No Variations]"
Add component (AddParameter): Name = "ComponentLink1URL"; Value = "https://au.mouser.com/datasheet/2/427/bzg05c-m-series-1767829.pdf"; VariantName = "[No Variations]"
Added Component: Designator=DS1(LED RED 0603)
Added Component: Designator=DS2(LED RED 0603)
Added Component: Designator=DS3(LED GREEN 0603)
Added Component: Designator=DS4(LED GREEN 0603)
Added Component: Designator=DS5(LED GREEN 0603)
Added Component: Designator=DS6(LED GREEN 0603)
Added Component: Designator=DS7(LED RED 0603)
Added Component: Designator=DS8_SEG1(LED RED 0603)
Added Component: Designator=DS8_SEG2(LED RED 0603)
Added Component: Designator=DS8_SEG3(LED RED 0603)
Added Component: Designator=DS8_SEG4(LED RED 0603)
Added Component: Designator=DS8_SEG5(LED RED 0603)
Added Component: Designator=DS9_SEG1(LED RED 0603)
Added Component: Designator=DS9_SEG2(LED RED 0603)
Added Component: Designator=DS9_SEG3(LED RED 0603)
Added Component: Designator=DS9_SEG4(LED RED 0603)
Added Component: Designator=DS9_SEG5(LED RED 0603)
Added Component: Designator=DS10_SEG1(LED RED 0603)
Added Component: Designator=DS10_SEG2(LED RED 0603)
Added Component: Designator=DS10_SEG3(LED RED 0603)
Added Component: Designator=DS10_SEG4(LED RED 0603)
Added Component: Designator=DS10_SEG5(LED RED 0603)
Added Component: Designator=J1(MX120G)
Added Component: Designator=J2(MX120G)
Added Component: Designator=J3(MX120G)
Added Component: Designator=J4(MX120G)
Added Component: Designator=K1(LY4-0-DC12)
Added Component: Designator=Q1(SOT-23-3)
Added Component: Designator=R1(Res_ThinFilm_0603)
Added Component: Designator=R2(Res_ThinFilm_0603)
Added Component: Designator=R3(Res_ThinFilm_0603)
Added Component: Designator=R4(Res_ThinFilm_0603)
Added Component: Designator=R5(Res_ThinFilm_0603)
Added Component: Designator=R6(Res_ThinFilm_0603)
Added Component: Designator=R7(Res_ThinFilm_0603)
Added Component: Designator=R8(Res_ThinFilm_0603)
Added Component: Designator=R9(Res_ThinFilm_0603)
Added Component: Designator=R10(Res_ThinFilm_0603)
Added Component: Designator=R11(Res_ThinFilm_0603)
Added Component: Designator=R12(Res_ThinFilm_0603)
Added Component: Designator=R13(Res_ThinFilm_0603)
Added Component: Designator=R14(Res_ThinFilm_0603)
Added Component: Designator=R15(Res_ThinFilm_0603)
Added Component: Designator=R16(Res_ThinFilm_0603)
Added Component: Designator=R17(Res_ThinFilm_0603)
Added Component: Designator=R18_SEG1(Res_ThinFilm_0603)
Added Component: Designator=R18_SEG2(Res_ThinFilm_0603)
Added Component: Designator=R18_SEG3(Res_ThinFilm_0603)
Added Component: Designator=R18_SEG4(Res_ThinFilm_0603)
Added Component: Designator=R18_SEG5(Res_ThinFilm_0603)
Added Component: Designator=R19_SEG1(Res_ThinFilm_0603)
Added Component: Designator=R19_SEG2(Res_ThinFilm_0603)
Added Component: Designator=R19_SEG3(Res_ThinFilm_0603)
Added Component: Designator=R19_SEG4(Res_ThinFilm_0603)
Added Component: Designator=R19_SEG5(Res_ThinFilm_0603)
Added Component: Designator=R20_SEG1(Res_ThinFilm_0603)
Added Component: Designator=R20_SEG2(Res_ThinFilm_0603)
Added Component: Designator=R20_SEG3(Res_ThinFilm_0603)
Added Component: Designator=R20_SEG4(Res_ThinFilm_0603)
Added Component: Designator=R20_SEG5(Res_ThinFilm_0603)
Added Component: Designator=R21_DAC0(Res_ThinFilm_0603)
Added Component: Designator=R21_DAC1(Res_ThinFilm_0603)
Added Component: Designator=R21_DAC2(Res_ThinFilm_0603)
Added Component: Designator=R21_DAC3(Res_ThinFilm_0603)
Added Component: Designator=R22_DAC0(Res_ThinFilm_0603)
Added Component: Designator=R22_DAC1(Res_ThinFilm_0603)
Added Component: Designator=R22_DAC2(Res_ThinFilm_0603)
Added Component: Designator=R22_DAC3(Res_ThinFilm_0603)
Added Component: Designator=R23_DAC0(Res_ThinFilm_0603)
Added Component: Designator=R23_DAC1(Res_ThinFilm_0603)
Added Component: Designator=R23_DAC2(Res_ThinFilm_0603)
Added Component: Designator=R23_DAC3(Res_ThinFilm_0603)
Added Component: Designator=R24_DAC0(Res_ThinFilm_0603)
Added Component: Designator=R24_DAC1(Res_ThinFilm_0603)
Added Component: Designator=R24_DAC2(Res_ThinFilm_0603)
Added Component: Designator=R24_DAC3(Res_ThinFilm_0603)
Added Component: Designator=R25_DAC0(Res_ThinFilm_0603)
Added Component: Designator=R25_DAC1(Res_ThinFilm_0603)
Added Component: Designator=R25_DAC2(Res_ThinFilm_0603)
Added Component: Designator=R25_DAC3(Res_ThinFilm_0603)
Added Component: Designator=U1(10-Pin TDFN EP)
Added Pin To Net: NetName=GND Pin=C1-1
Added Pin To Net: NetName=12VP Pin=C1-2
Added Pin To Net: NetName=GND Pin=C2-1
Added Pin To Net: NetName=12V Pin=C2-2
Added Pin To Net: NetName=12V Pin=C3-1
Added Pin To Net: NetName=GND Pin=C3-2
Added Pin To Net: NetName=GND Pin=C4-1
Added Pin To Net: NetName=NetC4_2 Pin=C4-2
Added Pin To Net: NetName=GND Pin=D1-A
Added Pin To Net: NetName=12VP Pin=D1-K
Added Pin To Net: NetName=GND Pin=D2-A
Added Pin To Net: NetName=SHDN STAT Pin=D2-K
Added Pin To Net: NetName=NetDS1_1 Pin=DS1-1
Added Pin To Net: NetName=UVOV Pin=DS1-2
Added Pin To Net: NetName=NetDS2_1 Pin=DS2-1
Added Pin To Net: NetName=FLAG Pin=DS2-2
Added Pin To Net: NetName=NetDS3_1 Pin=DS3-1
Added Pin To Net: NetName=GND Pin=DS3-2
Added Pin To Net: NetName=NetDS4_1 Pin=DS4-1
Added Pin To Net: NetName=GND Pin=DS4-2
Added Pin To Net: NetName=NetDS5_1 Pin=DS5-1
Added Pin To Net: NetName=GND Pin=DS5-2
Added Pin To Net: NetName=NetDS6_1 Pin=DS6-1
Added Pin To Net: NetName=GND Pin=DS6-2
Added Pin To Net: NetName=5V Pin=DS7-1
Added Pin To Net: NetName=NetDS7_2 Pin=DS7-2
Added Pin To Net: NetName=5V Pin=DS8_SEG1-1
Added Pin To Net: NetName=NetDS8_SEG1_2 Pin=DS8_SEG1-2
Added Pin To Net: NetName=5V Pin=DS8_SEG2-1
Added Pin To Net: NetName=NetDS8_SEG2_2 Pin=DS8_SEG2-2
Added Pin To Net: NetName=5V Pin=DS8_SEG3-1
Added Pin To Net: NetName=NetDS8_SEG3_2 Pin=DS8_SEG3-2
Added Pin To Net: NetName=5V Pin=DS8_SEG4-1
Added Pin To Net: NetName=NetDS8_SEG4_2 Pin=DS8_SEG4-2
Added Pin To Net: NetName=5V Pin=DS8_SEG5-1
Added Pin To Net: NetName=NetDS8_SEG5_2 Pin=DS8_SEG5-2
Added Pin To Net: NetName=5V Pin=DS9_SEG1-1
Added Pin To Net: NetName=NetDS9_SEG1_2 Pin=DS9_SEG1-2
Added Pin To Net: NetName=5V Pin=DS9_SEG2-1
Added Pin To Net: NetName=NetDS9_SEG2_2 Pin=DS9_SEG2-2
Added Pin To Net: NetName=5V Pin=DS9_SEG3-1
Added Pin To Net: NetName=NetDS9_SEG3_2 Pin=DS9_SEG3-2
Added Pin To Net: NetName=5V Pin=DS9_SEG4-1
Added Pin To Net: NetName=NetDS9_SEG4_2 Pin=DS9_SEG4-2
Added Pin To Net: NetName=5V Pin=DS9_SEG5-1
Added Pin To Net: NetName=NetDS9_SEG5_2 Pin=DS9_SEG5-2
Added Pin To Net: NetName=5V Pin=DS10_SEG1-1
Added Pin To Net: NetName=NetDS10_SEG1_2 Pin=DS10_SEG1-2
Added Pin To Net: NetName=5V Pin=DS10_SEG2-1
Added Pin To Net: NetName=NetDS10_SEG2_2 Pin=DS10_SEG2-2
Added Pin To Net: NetName=5V Pin=DS10_SEG3-1
Added Pin To Net: NetName=NetDS10_SEG3_2 Pin=DS10_SEG3-2
Added Pin To Net: NetName=5V Pin=DS10_SEG4-1
Added Pin To Net: NetName=NetDS10_SEG4_2 Pin=DS10_SEG4-2
Added Pin To Net: NetName=5V Pin=DS10_SEG5-1
Added Pin To Net: NetName=NetDS10_SEG5_2 Pin=DS10_SEG5-2
Added Pin To Net: NetName=CANL Pin=J1-1
Added Pin To Net: NetName=CANH Pin=J1-2
Added Pin To Net: NetName=GND Pin=J1-3
Added Pin To Net: NetName=12V Pin=J1-4
Added Pin To Net: NetName=12V Pin=J1-5
Added Pin To Net: NetName=GND Pin=J1-6
Added Pin To Net: NetName=CANL Pin=J1-7
Added Pin To Net: NetName=CANH Pin=J1-8
Added Pin To Net: NetName=GND Pin=J1-9
Added Pin To Net: NetName=12V Pin=J1-10
Added Pin To Net: NetName=12V Pin=J1-11
Added Pin To Net: NetName=GND Pin=J1-12
Added Pin To Net: NetName=CANL Pin=J2-1
Added Pin To Net: NetName=CANH Pin=J2-2
Added Pin To Net: NetName=GND Pin=J2-3
Added Pin To Net: NetName=12V Pin=J2-4
Added Pin To Net: NetName=12V Pin=J2-5
Added Pin To Net: NetName=GND Pin=J2-6
Added Pin To Net: NetName=CANL Pin=J2-7
Added Pin To Net: NetName=CANH Pin=J2-8
Added Pin To Net: NetName=GND Pin=J2-9
Added Pin To Net: NetName=12V Pin=J2-10
Added Pin To Net: NetName=12V Pin=J2-11
Added Pin To Net: NetName=GND Pin=J2-12
Added Pin To Net: NetName=12VSW Pin=J3-1
Added Pin To Net: NetName=ADC0 Pin=J3-2
Added Pin To Net: NetName=GND Pin=J3-3
Added Pin To Net: NetName=GND Pin=J3-4
Added Pin To Net: NetName=ADC2 Pin=J3-5
Added Pin To Net: NetName=5V Pin=J3-6
Added Pin To Net: NetName=GND Pin=J3-7
Added Pin To Net: NetName=ADC1 Pin=J3-8
Added Pin To Net: NetName=GND Pin=J3-9
Added Pin To Net: NetName=GND Pin=J3-10
Added Pin To Net: NetName=ADC3 Pin=J3-11
Added Pin To Net: NetName=5V Pin=J3-12
Added Pin To Net: NetName=DAC16 Pin=J4-1
Added Pin To Net: NetName=GND Pin=J4-2
Added Pin To Net: NetName=AIR LO Pin=J4-3
Added Pin To Net: NetName=12VP Pin=J4-4
Added Pin To Net: NetName=SHDN LO LED Pin=J4-5
Added Pin To Net: NetName=SHDN STAT Pin=J4-6
Added Pin To Net: NetName=SHDN 16 IN Pin=J4-7
Added Pin To Net: NetName=SHDN 16 OUT Pin=J4-8
Added Pin To Net: NetName=AIR Pin=J4-9
Added Pin To Net: NetName=GND Pin=J4-10
Added Pin To Net: NetName=SHDN HI LED Pin=J4-11
Added Pin To Net: NetName=GND Pin=J4-12
Added Pin To Net: NetName=12VP Pin=K1-2
Added Pin To Net: NetName=GND Pin=K1-3
Added Pin To Net: NetName=GND Pin=K1-5
Added Pin To Net: NetName=GND Pin=K1-6
Added Pin To Net: NetName=12VP Pin=K1-7
Added Pin To Net: NetName=AIR LO Pin=K1-8
Added Pin To Net: NetName=SHDN STAT Pin=K1-9
Added Pin To Net: NetName=SHDN HI Pin=K1-10
Added Pin To Net: NetName=SHDN LO Pin=K1-11
Added Pin To Net: NetName=AIR Pin=K1-12
Added Pin To Net: NetName=SHDN 16 OUT Pin=K1-13
Added Pin To Net: NetName=SHDN STAT Pin=K1-14
Added Pin To Net: NetName=SHDN STAT Pin=Q1-D
Added Pin To Net: NetName=NetQ1_G Pin=Q1-G
Added Pin To Net: NetName=GND Pin=Q1-S
Added Pin To Net: NetName=NetDS1_1 Pin=R1-1
Added Pin To Net: NetName=12V Pin=R1-2
Added Pin To Net: NetName=NetDS2_1 Pin=R2-1
Added Pin To Net: NetName=12V Pin=R2-2
Added Pin To Net: NetName=NetDS3_1 Pin=R3-1
Added Pin To Net: NetName=12V Pin=R3-2
Added Pin To Net: NetName=UVLO Pin=R4-1
Added Pin To Net: NetName=12V Pin=R4-2
Added Pin To Net: NetName=OVLO Pin=R5-1
Added Pin To Net: NetName=12V Pin=R5-2
Added Pin To Net: NetName=NetDS4_1 Pin=R6-1
Added Pin To Net: NetName=12VP Pin=R6-2
Added Pin To Net: NetName=SETI Pin=R7-1
Added Pin To Net: NetName=GND Pin=R7-2
Added Pin To Net: NetName=GND Pin=R8-1
Added Pin To Net: NetName=CLMODE Pin=R8-2
Added Pin To Net: NetName=GND Pin=R9-1
Added Pin To Net: NetName=UVLO Pin=R9-2
Added Pin To Net: NetName=GND Pin=R10-1
Added Pin To Net: NetName=OVLO Pin=R10-2
Added Pin To Net: NetName=NetDS5_1 Pin=R11-1
Added Pin To Net: NetName=12VSW Pin=R11-2
Added Pin To Net: NetName=NetDS6_1 Pin=R12-1
Added Pin To Net: NetName=5V Pin=R12-2
Added Pin To Net: NetName=SHDN HI Pin=R13-1
Added Pin To Net: NetName=SHDN HI LED Pin=R13-2
Added Pin To Net: NetName=SHDN LO Pin=R14-1
Added Pin To Net: NetName=SHDN LO LED Pin=R14-2
Added Pin To Net: NetName=DAC16 Pin=R15-1
Added Pin To Net: NetName=NetDS7_2 Pin=R15-2
Added Pin To Net: NetName=NetC4_2 Pin=R16-1
Added Pin To Net: NetName=12V Pin=R16-2
Added Pin To Net: NetName=NetR17_1 Pin=R17-1
Added Pin To Net: NetName=NetQ1_G Pin=R17-2
Added Pin To Net: NetName=DAC1 Pin=R18_SEG1-1
Added Pin To Net: NetName=NetDS8_SEG1_2 Pin=R18_SEG1-2
Added Pin To Net: NetName=DAC4 Pin=R18_SEG2-1
Added Pin To Net: NetName=NetDS8_SEG2_2 Pin=R18_SEG2-2
Added Pin To Net: NetName=DAC7 Pin=R18_SEG3-1
Added Pin To Net: NetName=NetDS8_SEG3_2 Pin=R18_SEG3-2
Added Pin To Net: NetName=DAC10 Pin=R18_SEG4-1
Added Pin To Net: NetName=NetDS8_SEG4_2 Pin=R18_SEG4-2
Added Pin To Net: NetName=DAC13 Pin=R18_SEG5-1
Added Pin To Net: NetName=NetDS8_SEG5_2 Pin=R18_SEG5-2
Added Pin To Net: NetName=DAC2 Pin=R19_SEG1-1
Added Pin To Net: NetName=NetDS9_SEG1_2 Pin=R19_SEG1-2
Added Pin To Net: NetName=DAC5 Pin=R19_SEG2-1
Added Pin To Net: NetName=NetDS9_SEG2_2 Pin=R19_SEG2-2
Added Pin To Net: NetName=DAC8 Pin=R19_SEG3-1
Added Pin To Net: NetName=NetDS9_SEG3_2 Pin=R19_SEG3-2
Added Pin To Net: NetName=DAC11 Pin=R19_SEG4-1
Added Pin To Net: NetName=NetDS9_SEG4_2 Pin=R19_SEG4-2
Added Pin To Net: NetName=DAC14 Pin=R19_SEG5-1
Added Pin To Net: NetName=NetDS9_SEG5_2 Pin=R19_SEG5-2
Added Pin To Net: NetName=DAC3 Pin=R20_SEG1-1
Added Pin To Net: NetName=NetDS10_SEG1_2 Pin=R20_SEG1-2
Added Pin To Net: NetName=DAC6 Pin=R20_SEG2-1
Added Pin To Net: NetName=NetDS10_SEG2_2 Pin=R20_SEG2-2
Added Pin To Net: NetName=DAC9 Pin=R20_SEG3-1
Added Pin To Net: NetName=NetDS10_SEG3_2 Pin=R20_SEG3-2
Added Pin To Net: NetName=DAC12 Pin=R20_SEG4-1
Added Pin To Net: NetName=NetDS10_SEG4_2 Pin=R20_SEG4-2
Added Pin To Net: NetName=DAC15 Pin=R20_SEG5-1
Added Pin To Net: NetName=NetDS10_SEG5_2 Pin=R20_SEG5-2
Added Pin To Net: NetName=DAC1 Pin=R21_DAC0-1
Added Pin To Net: NetName=ADC0 Pin=R21_DAC0-2
Added Pin To Net: NetName=DAC5 Pin=R21_DAC1-1
Added Pin To Net: NetName=ADC1 Pin=R21_DAC1-2
Added Pin To Net: NetName=DAC9 Pin=R21_DAC2-1
Added Pin To Net: NetName=ADC2 Pin=R21_DAC2-2
Added Pin To Net: NetName=DAC13 Pin=R21_DAC3-1
Added Pin To Net: NetName=ADC3 Pin=R21_DAC3-2
Added Pin To Net: NetName=DAC2 Pin=R22_DAC0-1
Added Pin To Net: NetName=ADC0 Pin=R22_DAC0-2
Added Pin To Net: NetName=DAC6 Pin=R22_DAC1-1
Added Pin To Net: NetName=ADC1 Pin=R22_DAC1-2
Added Pin To Net: NetName=DAC10 Pin=R22_DAC2-1
Added Pin To Net: NetName=ADC2 Pin=R22_DAC2-2
Added Pin To Net: NetName=DAC14 Pin=R22_DAC3-1
Added Pin To Net: NetName=ADC3 Pin=R22_DAC3-2
Added Pin To Net: NetName=DAC3 Pin=R23_DAC0-1
Added Pin To Net: NetName=ADC0 Pin=R23_DAC0-2
Added Pin To Net: NetName=DAC7 Pin=R23_DAC1-1
Added Pin To Net: NetName=ADC1 Pin=R23_DAC1-2
Added Pin To Net: NetName=DAC11 Pin=R23_DAC2-1
Added Pin To Net: NetName=ADC2 Pin=R23_DAC2-2
Added Pin To Net: NetName=DAC15 Pin=R23_DAC3-1
Added Pin To Net: NetName=ADC3 Pin=R23_DAC3-2
Added Pin To Net: NetName=GND Pin=R24_DAC0-1
Added Pin To Net: NetName=ADC0 Pin=R24_DAC0-2
Added Pin To Net: NetName=GND Pin=R24_DAC1-1
Added Pin To Net: NetName=ADC1 Pin=R24_DAC1-2
Added Pin To Net: NetName=GND Pin=R24_DAC2-1
Added Pin To Net: NetName=ADC2 Pin=R24_DAC2-2
Added Pin To Net: NetName=GND Pin=R24_DAC3-1
Added Pin To Net: NetName=ADC3 Pin=R24_DAC3-2
Added Pin To Net: NetName=DAC4 Pin=R25_DAC0-1
Added Pin To Net: NetName=ADC0 Pin=R25_DAC0-2
Added Pin To Net: NetName=DAC8 Pin=R25_DAC1-1
Added Pin To Net: NetName=ADC1 Pin=R25_DAC1-2
Added Pin To Net: NetName=DAC12 Pin=R25_DAC2-1
Added Pin To Net: NetName=ADC2 Pin=R25_DAC2-2
Added Pin To Net: NetName=DAC16 Pin=R25_DAC3-1
Added Pin To Net: NetName=ADC3 Pin=R25_DAC3-2
Added Pin To Net: NetName=12V Pin=U1-1
Added Pin To Net: NetName=UVLO Pin=U1-2
Added Pin To Net: NetName=OVLO Pin=U1-3
Added Pin To Net: NetName=CLMODE Pin=U1-4
Added Pin To Net: NetName=FLAG Pin=U1-6
Added Pin To Net: NetName=UVOV Pin=U1-7
Added Pin To Net: NetName=SETI Pin=U1-8
Added Pin To Net: NetName=GND Pin=U1-9
Added Pin To Net: NetName=12VP Pin=U1-10
Added Pin To Net: NetName=GND Pin=U1-11
Added Member To Class: ClassName=SHDN21-S01-V00-Shutdown Member=Component C1 4u7 50V 5%
Added Member To Class: ClassName=SHDN21-S01-V00-Shutdown Member=Component C2 470nF 50V 5%
Added Member To Class: ClassName=SHDN21-S01-V00-Shutdown Member=Component C3 100nF 50V 5% 0603
Added Member To Class: ClassName=SHDN21-S01-V00-Shutdown Member=Component C4 1uF 25V 5% 0603
Added Member To Class: ClassName=SHDN21-S01-V00-Shutdown Member=Component D1 1N4448WQ-7-F
Added Member To Class: ClassName=SHDN21-S01-V00-Shutdown Member=Component D2 BZG05C22-M
Added Member To Class: ClassName=SHDN21-S01-V00-Shutdown Member=Component DS1 LED Red 0603
Added Member To Class: ClassName=SHDN21-S01-V00-Shutdown Member=Component DS2 LED Red 0603
Added Member To Class: ClassName=SHDN21-S01-V00-Shutdown Member=Component DS3 LED Green 0603
Added Member To Class: ClassName=SHDN21-S01-V00-Shutdown Member=Component DS4 LED Green 0603
Added Member To Class: ClassName=SHDN21-S01-V00-Shutdown Member=Component DS5 LED Green 0603
Added Member To Class: ClassName=SHDN21-S01-V00-Shutdown Member=Component DS6 LED Green 0603
Added Member To Class: ClassName=SHDN21-S01-V00-Shutdown Member=Component DS7 LED Red 0603
Added Member To Class: ClassName=SEG1 Member=Component DS8_SEG1 (DS8) LED Red 0603
Added Member To Class: ClassName=SEG2 Member=Component DS8_SEG2 (DS8) LED Red 0603
Added Member To Class: ClassName=SEG3 Member=Component DS8_SEG3 (DS8) LED Red 0603
Added Member To Class: ClassName=SEG4 Member=Component DS8_SEG4 (DS8) LED Red 0603
Added Member To Class: ClassName=SEG5 Member=Component DS8_SEG5 (DS8) LED Red 0603
Added Member To Class: ClassName=SEG1 Member=Component DS9_SEG1 (DS9) LED Red 0603
Added Member To Class: ClassName=SEG2 Member=Component DS9_SEG2 (DS9) LED Red 0603
Added Member To Class: ClassName=SEG3 Member=Component DS9_SEG3 (DS9) LED Red 0603
Added Member To Class: ClassName=SEG4 Member=Component DS9_SEG4 (DS9) LED Red 0603
Added Member To Class: ClassName=SEG5 Member=Component DS9_SEG5 (DS9) LED Red 0603
Added Member To Class: ClassName=SEG1 Member=Component DS10_SEG1 (DS10) LED Red 0603
Added Member To Class: ClassName=SEG2 Member=Component DS10_SEG2 (DS10) LED Red 0603
Added Member To Class: ClassName=SEG3 Member=Component DS10_SEG3 (DS10) LED Red 0603
Added Member To Class: ClassName=SEG4 Member=Component DS10_SEG4 (DS10) LED Red 0603
Added Member To Class: ClassName=SEG5 Member=Component DS10_SEG5 (DS10) LED Red 0603
Added Member To Class: ClassName=SHDN21-S01-V00-Shutdown Member=Component J1 MX120G
Added Member To Class: ClassName=SHDN21-S01-V00-Shutdown Member=Component J2 MX120G
Added Member To Class: ClassName=SHDN21-S01-V00-Shutdown Member=Component J3 MX120G
Added Member To Class: ClassName=SHDN21-S01-V00-Shutdown Member=Component J4 MX120G
Added Member To Class: ClassName=SHDN21-S01-V00-Shutdown Member=Component K1 LY4-0-DC12
Added Member To Class: ClassName=SHDN21-S01-V00-Shutdown Member=Component Q1 2N7002K
Added Member To Class: ClassName=SHDN21-S01-V00-Shutdown Member=Component R1 4k7 5% 0603
Added Member To Class: ClassName=SHDN21-S01-V00-Shutdown Member=Component R2 4k7 5% 0603
Added Member To Class: ClassName=SHDN21-S01-V00-Shutdown Member=Component R3 4k7 5% 0603
Added Member To Class: ClassName=SHDN21-S01-V00-Shutdown Member=Component R4 2M2 1%
Added Member To Class: ClassName=SHDN21-S01-V00-Shutdown Member=Component R5 2M2 1%
Added Member To Class: ClassName=SHDN21-S01-V00-Shutdown Member=Component R6 4k7 5% 0603
Added Member To Class: ClassName=SHDN21-S01-V00-Shutdown Member=Component R7 2k7 5% 0603
Added Member To Class: ClassName=SHDN21-S01-V00-Shutdown Member=Component R8 150k 5% 0603
Added Member To Class: ClassName=SHDN21-S01-V00-Shutdown Member=Component R9 390k 5%
Added Member To Class: ClassName=SHDN21-S01-V00-Shutdown Member=Component R10 240k 5%
Added Member To Class: ClassName=SHDN21-S01-V00-Shutdown Member=Component R11 4k7 5% 0603
Added Member To Class: ClassName=SHDN21-S01-V00-Shutdown Member=Component R12 4k7 5% 0603
Added Member To Class: ClassName=SHDN21-S01-V00-Shutdown Member=Component R13 4k7 5% 0603
Added Member To Class: ClassName=SHDN21-S01-V00-Shutdown Member=Component R14 4k7 5% 0603
Added Member To Class: ClassName=SHDN21-S01-V00-Shutdown Member=Component R15 470R 5% 0603
Added Member To Class: ClassName=SHDN21-S01-V00-Shutdown Member=Component R16 2M2 1% 0603
Added Member To Class: ClassName=SHDN21-S01-V00-Shutdown Member=Component R17 100R 5% 0603
Added Member To Class: ClassName=SEG1 Member=Component R18_SEG1 (R18) 470R 5% 0603
Added Member To Class: ClassName=SEG2 Member=Component R18_SEG2 (R18) 470R 5% 0603
Added Member To Class: ClassName=SEG3 Member=Component R18_SEG3 (R18) 470R 5% 0603
Added Member To Class: ClassName=SEG4 Member=Component R18_SEG4 (R18) 470R 5% 0603
Added Member To Class: ClassName=SEG5 Member=Component R18_SEG5 (R18) 470R 5% 0603
Added Member To Class: ClassName=SEG1 Member=Component R19_SEG1 (R19) 470R 5% 0603
Added Member To Class: ClassName=SEG2 Member=Component R19_SEG2 (R19) 470R 5% 0603
Added Member To Class: ClassName=SEG3 Member=Component R19_SEG3 (R19) 470R 5% 0603
Added Member To Class: ClassName=SEG4 Member=Component R19_SEG4 (R19) 470R 5% 0603
Added Member To Class: ClassName=SEG5 Member=Component R19_SEG5 (R19) 470R 5% 0603
Added Member To Class: ClassName=SEG1 Member=Component R20_SEG1 (R20) 470R 5% 0603
Added Member To Class: ClassName=SEG2 Member=Component R20_SEG2 (R20) 470R 5% 0603
Added Member To Class: ClassName=SEG3 Member=Component R20_SEG3 (R20) 470R 5% 0603
Added Member To Class: ClassName=SEG4 Member=Component R20_SEG4 (R20) 470R 5% 0603
Added Member To Class: ClassName=SEG5 Member=Component R20_SEG5 (R20) 470R 5% 0603
Added Member To Class: ClassName=DAC0 Member=Component R21_DAC0 (R21) 4k7 5% 0603
Added Member To Class: ClassName=DAC1 Member=Component R21_DAC1 (R21) 4k7 5% 0603
Added Member To Class: ClassName=DAC2 Member=Component R21_DAC2 (R21) 4k7 5% 0603
Added Member To Class: ClassName=DAC3 Member=Component R21_DAC3 (R21) 4k7 5% 0603
Added Member To Class: ClassName=DAC0 Member=Component R22_DAC0 (R22) 10k 5% 0603
Added Member To Class: ClassName=DAC1 Member=Component R22_DAC1 (R22) 10k 5% 0603
Added Member To Class: ClassName=DAC2 Member=Component R22_DAC2 (R22) 10k 5% 0603
Added Member To Class: ClassName=DAC3 Member=Component R22_DAC3 (R22) 10k 5% 0603
Added Member To Class: ClassName=DAC0 Member=Component R23_DAC0 (R23) 22k 5% 0603
Added Member To Class: ClassName=DAC1 Member=Component R23_DAC1 (R23) 22k 5% 0603
Added Member To Class: ClassName=DAC2 Member=Component R23_DAC2 (R23) 22k 5% 0603
Added Member To Class: ClassName=DAC3 Member=Component R23_DAC3 (R23) 22k 5% 0603
Added Member To Class: ClassName=DAC0 Member=Component R24_DAC0 (R24) 2k7 5% 0603
Added Member To Class: ClassName=DAC1 Member=Component R24_DAC1 (R24) 2k7 5% 0603
Added Member To Class: ClassName=DAC2 Member=Component R24_DAC2 (R24) 2k7 5% 0603
Added Member To Class: ClassName=DAC3 Member=Component R24_DAC3 (R24) 2k7 5% 0603
Added Member To Class: ClassName=DAC0 Member=Component R25_DAC0 (R25) 47k 5% 0603
Added Member To Class: ClassName=DAC1 Member=Component R25_DAC1 (R25) 47k 5% 0603
Added Member To Class: ClassName=DAC2 Member=Component R25_DAC2 (R25) 47k 5% 0603
Added Member To Class: ClassName=DAC3 Member=Component R25_DAC3 (R25) 47k 5% 0603
Added Member To Class: ClassName=SHDN21-S01-V00-Shutdown Member=Component U1 MAX17612A
Added Room: Name=DAC0
Added Room: Name=DAC1
Added Room: Name=DAC2
Added Room: Name=DAC3
Added Room: Name=SEG1
Added Room: Name=SEG2
Added Room: Name=SEG3
Added Room: Name=SEG4
Added Room: Name=SEG5
Added Room: Name=SHDN21-S01-V00-Shutdown
