Removed Member From Class: ClassName=SHDN21-S01-V00-Shutdown Member=J9
Change Component Designator: OldDesignator=J4 NewDesignator=J5
Change Component Designator: OldDesignator=J5_SEG1 NewDesignator=J6_SEG1
Change Component Designator: OldDesignator=J5_SEG2 NewDesignator=J6_SEG2
Change Component Designator: OldDesignator=J5_SEG3 NewDesignator=J6_SEG3
Change Component Designator: OldDesignator=J5_SEG4 NewDesignator=J6_SEG4
Change Component Designator: OldDesignator=J5_SEG5 NewDesignator=J6_SEG5
Change Component Designator: OldDesignator=J6-1 NewDesignator=J7_SEG1
Change Component Designator: OldDesignator=J6-2 NewDesignator=J7_SEG2
Change Component Designator: OldDesignator=J6-3 NewDesignator=J7_SEG3
Change Component Designator: OldDesignator=J6-4 NewDesignator=J7_SEG4
Change Component Designator: OldDesignator=J6-5 NewDesignator=J7_SEG5
Change Component Designator: OldDesignator=J7_SEG1 NewDesignator=J8_SEG1
Change Component Designator: OldDesignator=J7_SEG2 NewDesignator=J8_SEG2
Change Component Designator: OldDesignator=J7_SEG3 NewDesignator=J8_SEG3
Change Component Designator: OldDesignator=J7_SEG4 NewDesignator=J8_SEG4
Change Component Designator: OldDesignator=J7_SEG5 NewDesignator=J8_SEG5
Change Component Designator: OldDesignator=J8_SEG1 NewDesignator=J9_SEG1
Change Component Designator: OldDesignator=J8_SEG2 NewDesignator=J9_SEG2
Change Component Designator: OldDesignator=J8_SEG3 NewDesignator=J9_SEG3
Change Component Designator: OldDesignator=J8_SEG4 NewDesignator=J9_SEG4
Change Component Designator: OldDesignator=J8_SEG5 NewDesignator=J9_SEG5
Change Component Designator: OldDesignator=J9 NewDesignator=J4
Added Component: Designator=C5_DAC0(Cap_Ceramic_0603)
Added Component: Designator=C5_DAC1(Cap_Ceramic_0603)
Added Component: Designator=C5_DAC2(Cap_Ceramic_0603)
Added Component: Designator=C5_DAC3(Cap_Ceramic_0603)
Added Pin To Net: NetName=GND Pin=C5_DAC0-1
Added Pin To Net: NetName=ADC0 Pin=C5_DAC0-2
Added Pin To Net: NetName=GND Pin=C5_DAC1-1
Added Pin To Net: NetName=ADC1 Pin=C5_DAC1-2
Added Pin To Net: NetName=GND Pin=C5_DAC2-1
Added Pin To Net: NetName=ADC2 Pin=C5_DAC2-2
Added Pin To Net: NetName=GND Pin=C5_DAC3-1
Added Pin To Net: NetName=ADC3 Pin=C5_DAC3-2
Change Net Name : Old Net Name=AIR New Net Name=AIR COMM
Change Net Name : Old Net Name=AIR LO New Net Name=AIR NO
Change Net Name : Old Net Name=SHDN HI New Net Name=SHDN OK
Change Net Name : Old Net Name=SHDN HI LED New Net Name=SHDN OK LED
Change Net Name : Old Net Name=SHDN LO New Net Name=SHDN N-OK
Change Net Name : Old Net Name=SHDN LO LED New Net Name=SHDN N-OK LED
Added Member To Class: ClassName=DAC0 Member=Component C5_DAC0 (C5) 100nF 50V 5% X7R 0603
Added Member To Class: ClassName=DAC1 Member=Component C5_DAC1 (C5) 100nF 50V 5% X7R 0603
Added Member To Class: ClassName=DAC2 Member=Component C5_DAC2 (C5) 100nF 50V 5% X7R 0603
Added Member To Class: ClassName=DAC3 Member=Component C5_DAC3 (C5) 100nF 50V 5% X7R 0603
Added Member To Class: ClassName=SHDN21-S01-V00-Shutdown Member=Component J5 MX120G
Added Room: Name=SHDN21-S01-V00-Shutdown
