Removed Pin From Net: NetName=12VP Pin=J6_SEG1-1
Removed Pin From Net: NetName=CHAIN 1_SEG1 Pin=J6_SEG1-2
Removed Pin From Net: NetName=CHAIN IN_SEG2 Pin=J6_SEG2-1
Removed Pin From Net: NetName=CHAIN 1_SEG2 Pin=J6_SEG2-2
Removed Pin From Net: NetName=CHAIN IN_SEG3 Pin=J6_SEG3-1
Removed Pin From Net: NetName=CHAIN 1_SEG3 Pin=J6_SEG3-2
Removed Pin From Net: NetName=CHAIN IN_SEG4 Pin=J6_SEG4-1
Removed Pin From Net: NetName=CHAIN 1_SEG4 Pin=J6_SEG4-2
Removed Pin From Net: NetName=CHAIN IN_SEG5 Pin=J6_SEG5-1
Removed Pin From Net: NetName=CHAIN 1_SEG5 Pin=J6_SEG5-2
Removed Pin From Net: NetName=CHAIN 1_SEG1 Pin=J8_SEG1-1
Removed Pin From Net: NetName=CHAIN 2_SEG1 Pin=J8_SEG1-2
Removed Pin From Net: NetName=CHAIN 1_SEG2 Pin=J8_SEG2-1
Removed Pin From Net: NetName=CHAIN 2_SEG2 Pin=J8_SEG2-2
Removed Pin From Net: NetName=CHAIN 1_SEG3 Pin=J8_SEG3-1
Removed Pin From Net: NetName=CHAIN 2_SEG3 Pin=J8_SEG3-2
Removed Pin From Net: NetName=CHAIN 1_SEG4 Pin=J8_SEG4-1
Removed Pin From Net: NetName=CHAIN 2_SEG4 Pin=J8_SEG4-2
Removed Pin From Net: NetName=CHAIN 1_SEG5 Pin=J8_SEG5-1
Removed Pin From Net: NetName=CHAIN 2_SEG5 Pin=J8_SEG5-2
Removed Pin From Net: NetName=CHAIN 2_SEG1 Pin=J9_SEG1-1
Removed Pin From Net: NetName=CHAIN IN_SEG2 Pin=J9_SEG1-2
Removed Pin From Net: NetName=CHAIN 2_SEG2 Pin=J9_SEG2-1
Removed Pin From Net: NetName=CHAIN IN_SEG3 Pin=J9_SEG2-2
Removed Pin From Net: NetName=CHAIN 2_SEG3 Pin=J9_SEG3-1
Removed Pin From Net: NetName=CHAIN IN_SEG4 Pin=J9_SEG3-2
Removed Pin From Net: NetName=CHAIN 2_SEG4 Pin=J9_SEG4-1
Removed Pin From Net: NetName=CHAIN IN_SEG5 Pin=J9_SEG4-2
Removed Pin From Net: NetName=CHAIN 2_SEG5 Pin=J9_SEG5-1
Removed Pin From Net: NetName=CHAIN OUT_SEG5 Pin=J9_SEG5-2
Removed Member From Class: ClassName=SEG1 Member=J7-1
Removed Member From Class: ClassName=SEG2 Member=J7-2
Removed Member From Class: ClassName=SEG3 Member=J7-3
Removed Member From Class: ClassName=SEG4 Member=J7-4
Removed Member From Class: ClassName=SEG5 Member=J7-5
Removed Member From Class: ClassName=SEG1 Member=J8_SEG1
Removed Member From Class: ClassName=SEG2 Member=J8_SEG2
Removed Member From Class: ClassName=SEG3 Member=J8_SEG3
Removed Member From Class: ClassName=SEG4 Member=J8_SEG4
Removed Member From Class: ClassName=SEG5 Member=J8_SEG5
Removed Member From Class: ClassName=SEG1 Member=J9_SEG1
Removed Member From Class: ClassName=SEG2 Member=J9_SEG2
Removed Member From Class: ClassName=SEG3 Member=J9_SEG3
Removed Member From Class: ClassName=SEG4 Member=J9_SEG4
Removed Member From Class: ClassName=SEG5 Member=J9_SEG5
