Removed Pin From Net: NetName=5V Pin=DS8-1-1
Removed Pin From Net: NetName=5V Pin=DS8-2-1
Removed Pin From Net: NetName=5V Pin=DS8-3-1
Removed Pin From Net: NetName=5V Pin=DS8-4-1
Removed Pin From Net: NetName=5V Pin=DS8-5-1
Removed Pin From Net: NetName=5V Pin=DS9-1-1
Removed Pin From Net: NetName=5V Pin=DS9-2-1
Removed Pin From Net: NetName=5V Pin=DS9-3-1
Removed Pin From Net: NetName=5V Pin=DS9-4-1
Removed Pin From Net: NetName=5V Pin=DS9-5-1
Removed Pin From Net: NetName=5V Pin=DS10-1-1
Removed Pin From Net: NetName=5V Pin=DS10-2-1
Removed Pin From Net: NetName=5V Pin=DS10-3-1
Removed Pin From Net: NetName=5V Pin=DS10-4-1
Removed Pin From Net: NetName=5V Pin=DS10-5-1
Removed Pin From Net: NetName=CHAIN IN_SEG2 Pin=J7-1-1
Removed Pin From Net: NetName=CHAIN 2_SEG1 Pin=J7-1-2
Removed Pin From Net: NetName=CHAIN 2_SEG1 Pin=J7-1-3
Removed Pin From Net: NetName=CHAIN 1_SEG1 Pin=J7-1-4
Removed Pin From Net: NetName=CHAIN 1_SEG1 Pin=J7-1-5
Removed Pin From Net: NetName=12VP Pin=J7-1-6
Removed Pin From Net: NetName=CHAIN IN_SEG3 Pin=J7-2-1
Removed Pin From Net: NetName=CHAIN 2_SEG2 Pin=J7-2-2
Removed Pin From Net: NetName=CHAIN 2_SEG2 Pin=J7-2-3
Removed Pin From Net: NetName=CHAIN 1_SEG2 Pin=J7-2-4
Removed Pin From Net: NetName=CHAIN 1_SEG2 Pin=J7-2-5
Removed Pin From Net: NetName=CHAIN IN_SEG2 Pin=J7-2-6
Removed Pin From Net: NetName=CHAIN IN_SEG4 Pin=J7-3-1
Removed Pin From Net: NetName=CHAIN 2_SEG3 Pin=J7-3-2
Removed Pin From Net: NetName=CHAIN 2_SEG3 Pin=J7-3-3
Removed Pin From Net: NetName=CHAIN 1_SEG3 Pin=J7-3-4
Removed Pin From Net: NetName=CHAIN 1_SEG3 Pin=J7-3-5
Removed Pin From Net: NetName=CHAIN IN_SEG3 Pin=J7-3-6
Removed Pin From Net: NetName=CHAIN IN_SEG5 Pin=J7-4-1
Removed Pin From Net: NetName=CHAIN 2_SEG4 Pin=J7-4-2
Removed Pin From Net: NetName=CHAIN 2_SEG4 Pin=J7-4-3
Removed Pin From Net: NetName=CHAIN 1_SEG4 Pin=J7-4-4
Removed Pin From Net: NetName=CHAIN 1_SEG4 Pin=J7-4-5
Removed Pin From Net: NetName=CHAIN IN_SEG4 Pin=J7-4-6
Removed Pin From Net: NetName=CHAIN OUT_SEG5 Pin=J7-5-1
Removed Pin From Net: NetName=CHAIN 2_SEG5 Pin=J7-5-2
Removed Pin From Net: NetName=CHAIN 2_SEG5 Pin=J7-5-3
Removed Pin From Net: NetName=CHAIN 1_SEG5 Pin=J7-5-4
Removed Pin From Net: NetName=CHAIN 1_SEG5 Pin=J7-5-5
Removed Pin From Net: NetName=CHAIN IN_SEG5 Pin=J7-5-6
Removed Pin From Net: NetName=DAC1 Pin=R18-1-1
Removed Pin From Net: NetName=DAC4 Pin=R18-2-1
Removed Pin From Net: NetName=DAC7 Pin=R18-3-1
Removed Pin From Net: NetName=DAC10 Pin=R18-4-1
Removed Pin From Net: NetName=DAC13 Pin=R18-5-1
Removed Pin From Net: NetName=DAC2 Pin=R19-1-1
Removed Pin From Net: NetName=DAC5 Pin=R19-2-1
Removed Pin From Net: NetName=DAC8 Pin=R19-3-1
Removed Pin From Net: NetName=DAC11 Pin=R19-4-1
Removed Pin From Net: NetName=DAC14 Pin=R19-5-1
Removed Pin From Net: NetName=DAC3 Pin=R20-1-1
Removed Pin From Net: NetName=DAC6 Pin=R20-2-1
Removed Pin From Net: NetName=DAC9 Pin=R20-3-1
Removed Pin From Net: NetName=DAC12 Pin=R20-4-1
Removed Pin From Net: NetName=DAC15 Pin=R20-5-1
Removed Member From Class: ClassName=SEG1 Member=DS8-1
Removed Member From Class: ClassName=SEG2 Member=DS8-2
Removed Member From Class: ClassName=SEG3 Member=DS8-3
Removed Member From Class: ClassName=SEG4 Member=DS8-4
Removed Member From Class: ClassName=SEG5 Member=DS8-5
Removed Member From Class: ClassName=SEG1 Member=DS9-1
Removed Member From Class: ClassName=SEG2 Member=DS9-2
Removed Member From Class: ClassName=SEG3 Member=DS9-3
Removed Member From Class: ClassName=SEG4 Member=DS9-4
Removed Member From Class: ClassName=SEG5 Member=DS9-5
Removed Member From Class: ClassName=SEG1 Member=DS10-1
Removed Member From Class: ClassName=SEG2 Member=DS10-2
Removed Member From Class: ClassName=SEG3 Member=DS10-3
Removed Member From Class: ClassName=SEG4 Member=DS10-4
Removed Member From Class: ClassName=SEG5 Member=DS10-5
Removed Member From Class: ClassName=SEG1 Member=J7-1
Removed Member From Class: ClassName=SEG2 Member=J7-2
Removed Member From Class: ClassName=SEG3 Member=J7-3
Removed Member From Class: ClassName=SEG4 Member=J7-4
Removed Member From Class: ClassName=SEG5 Member=J7-5
Removed Member From Class: ClassName=SEG1 Member=R18-1
Removed Member From Class: ClassName=SEG2 Member=R18-2
Removed Member From Class: ClassName=SEG3 Member=R18-3
Removed Member From Class: ClassName=SEG4 Member=R18-5
Removed Member From Class: ClassName=SEG5 Member=R18-5
Removed Member From Class: ClassName=SEG1 Member=R19-1
Removed Member From Class: ClassName=SEG2 Member=R19-2
Removed Member From Class: ClassName=SEG3 Member=R19-3
Removed Member From Class: ClassName=SEG4 Member=R19-4
Removed Member From Class: ClassName=SEG5 Member=R19-5
Removed Member From Class: ClassName=SEG1 Member=R20-1
Removed Member From Class: ClassName=SEG2 Member=R20-2
Removed Member From Class: ClassName=SEG3 Member=R20-3
Removed Member From Class: ClassName=SEG4 Member=R20-4
Removed Member From Class: ClassName=SEG5 Member=R20-5
Change Component Designator: OldDesignator=C5-0 NewDesignator=C5_DAC0
Change Component Designator: OldDesignator=C5-1 NewDesignator=C5_DAC1
Change Component Designator: OldDesignator=C5-2 NewDesignator=C5_DAC2
Change Component Designator: OldDesignator=C5-3 NewDesignator=C5_DAC3
Change Component Designator: OldDesignator=J6-1 NewDesignator=J6_SEG1
Change Component Designator: OldDesignator=J6-2 NewDesignator=J6_SEG2
Change Component Designator: OldDesignator=J6-3 NewDesignator=J6_SEG3
Change Component Designator: OldDesignator=J6-4 NewDesignator=J6_SEG4
Change Component Designator: OldDesignator=J6-5 NewDesignator=J6_SEG5
Change Component Designator: OldDesignator=R21-0 NewDesignator=R21_DAC0
Change Component Designator: OldDesignator=R21-1 NewDesignator=R21_DAC1
Change Component Designator: OldDesignator=R21-2 NewDesignator=R21_DAC2
Change Component Designator: OldDesignator=R21-3 NewDesignator=R21_DAC3
Change Component Designator: OldDesignator=R22-0 NewDesignator=R22_DAC0
Change Component Designator: OldDesignator=R22-1 NewDesignator=R22_DAC1
Change Component Designator: OldDesignator=R22-2 NewDesignator=R22_DAC2
Change Component Designator: OldDesignator=R22-3 NewDesignator=R22_DAC3
Change Component Designator: OldDesignator=R23-0 NewDesignator=R23_DAC0
Change Component Designator: OldDesignator=R23-1 NewDesignator=R23_DAC1
Change Component Designator: OldDesignator=R23-2 NewDesignator=R23_DAC2
Change Component Designator: OldDesignator=R23-3 NewDesignator=R23_DAC3
Change Component Designator: OldDesignator=R24-0 NewDesignator=R24_DAC0
Change Component Designator: OldDesignator=R24-1 NewDesignator=R24_DAC1
Change Component Designator: OldDesignator=R24-2 NewDesignator=R24_DAC2
Change Component Designator: OldDesignator=R24-3 NewDesignator=R24_DAC3
Change Component Designator: OldDesignator=R25-0 NewDesignator=R25_DAC0
Change Component Designator: OldDesignator=R25-1 NewDesignator=R25_DAC1
Change Component Designator: OldDesignator=R25-2 NewDesignator=R25_DAC2
Change Component Designator: OldDesignator=R25-3 NewDesignator=R25_DAC3
Added Component: Designator=DS8_SEG1(LED RED 0603)
Added Component: Designator=DS8_SEG2(LED RED 0603)
Added Component: Designator=DS8_SEG3(LED RED 0603)
Added Component: Designator=DS8_SEG4(LED RED 0603)
Added Component: Designator=DS8_SEG5(LED RED 0603)
Added Component: Designator=DS9_SEG1(LED RED 0603)
Added Component: Designator=DS9_SEG2(LED RED 0603)
Added Component: Designator=DS9_SEG3(LED RED 0603)
Added Component: Designator=DS9_SEG4(LED RED 0603)
Added Component: Designator=DS9_SEG5(LED RED 0603)
Added Component: Designator=DS10_SEG1(LED RED 0603)
Added Component: Designator=DS10_SEG2(LED RED 0603)
Added Component: Designator=DS10_SEG3(LED RED 0603)
Added Component: Designator=DS10_SEG4(LED RED 0603)
Added Component: Designator=DS10_SEG5(LED RED 0603)
Added Component: Designator=FID1(FIDUCIAL 1MM)
Added Component: Designator=FID2(FIDUCIAL 1MM)
Added Component: Designator=FID3(FIDUCIAL 1MM)
Added Component: Designator=LOGO1(QUTMS LOGO 10MM)
Added Component: Designator=LYID1(LAYER IDENT 2)
Added Component: Designator=M1(M3.2 UNPLATED)
Added Component: Designator=M2(M3.2 UNPLATED)
Added Component: Designator=M3(M3.2 UNPLATED)
Added Component: Designator=M4(M3.2 UNPLATED)
Added Component: Designator=R18_SEG1(Res_ThinFilm_0603)
Added Component: Designator=R18_SEG2(Res_ThinFilm_0603)
Added Component: Designator=R18_SEG3(Res_ThinFilm_0603)
Added Component: Designator=R18_SEG4(Res_ThinFilm_0603)
Added Component: Designator=R18_SEG5(Res_ThinFilm_0603)
Added Component: Designator=R19_SEG1(Res_ThinFilm_0603)
Added Component: Designator=R19_SEG2(Res_ThinFilm_0603)
Added Component: Designator=R19_SEG3(Res_ThinFilm_0603)
Added Component: Designator=R19_SEG4(Res_ThinFilm_0603)
Added Component: Designator=R19_SEG5(Res_ThinFilm_0603)
Added Component: Designator=R20_SEG1(Res_ThinFilm_0603)
Added Component: Designator=R20_SEG2(Res_ThinFilm_0603)
Added Component: Designator=R20_SEG3(Res_ThinFilm_0603)
Added Component: Designator=R20_SEG4(Res_ThinFilm_0603)
Added Component: Designator=R20_SEG5(Res_ThinFilm_0603)
Added Component: Designator=SW1_SEG1(CVS-03TB)
Added Component: Designator=SW1_SEG2(CVS-03TB)
Added Component: Designator=SW1_SEG3(CVS-03TB)
Added Component: Designator=SW1_SEG4(CVS-03TB)
Added Component: Designator=SW1_SEG5(CVS-03TB)
Added Component: Designator=TP1(TestPoint)
Added Component: Designator=TP2(TestPoint)
Added Component: Designator=TP3(TestPoint)
Added Component: Designator=TP4(TestPoint)
Added Pin To Net: NetName=DAC1 Pin=DS8_SEG1-2
Added Pin To Net: NetName=DAC4 Pin=DS8_SEG2-2
Added Pin To Net: NetName=DAC7 Pin=DS8_SEG3-2
Added Pin To Net: NetName=DAC10 Pin=DS8_SEG4-2
Added Pin To Net: NetName=DAC13 Pin=DS8_SEG5-2
Added Pin To Net: NetName=DAC2 Pin=DS9_SEG1-2
Added Pin To Net: NetName=DAC5 Pin=DS9_SEG2-2
Added Pin To Net: NetName=DAC8 Pin=DS9_SEG3-2
Added Pin To Net: NetName=DAC11 Pin=DS9_SEG4-2
Added Pin To Net: NetName=DAC14 Pin=DS9_SEG5-2
Added Pin To Net: NetName=DAC3 Pin=DS10_SEG1-2
Added Pin To Net: NetName=DAC6 Pin=DS10_SEG2-2
Added Pin To Net: NetName=DAC9 Pin=DS10_SEG3-2
Added Pin To Net: NetName=DAC12 Pin=DS10_SEG4-2
Added Pin To Net: NetName=DAC15 Pin=DS10_SEG5-2
Added Pin To Net: NetName=5V Pin=R18_SEG1-2
Added Pin To Net: NetName=5V Pin=R18_SEG2-2
Added Pin To Net: NetName=5V Pin=R18_SEG3-2
Added Pin To Net: NetName=5V Pin=R18_SEG4-2
Added Pin To Net: NetName=5V Pin=R18_SEG5-2
Added Pin To Net: NetName=5V Pin=R19_SEG1-2
Added Pin To Net: NetName=5V Pin=R19_SEG2-2
Added Pin To Net: NetName=5V Pin=R19_SEG3-2
Added Pin To Net: NetName=5V Pin=R19_SEG4-2
Added Pin To Net: NetName=5V Pin=R19_SEG5-2
Added Pin To Net: NetName=5V Pin=R20_SEG1-2
Added Pin To Net: NetName=5V Pin=R20_SEG2-2
Added Pin To Net: NetName=5V Pin=R20_SEG3-2
Added Pin To Net: NetName=5V Pin=R20_SEG4-2
Added Pin To Net: NetName=5V Pin=R20_SEG5-2
Added Pin To Net: NetName=CHAIN 2_SEG1 Pin=SW1_SEG1-1
Added Pin To Net: NetName=CHAIN IN_SEG2 Pin=SW1_SEG1-2
Added Pin To Net: NetName=CHAIN 1_SEG1 Pin=SW1_SEG1-3
Added Pin To Net: NetName=CHAIN 2_SEG1 Pin=SW1_SEG1-4
Added Pin To Net: NetName=12VP Pin=SW1_SEG1-5
Added Pin To Net: NetName=CHAIN 1_SEG1 Pin=SW1_SEG1-6
Added Pin To Net: NetName=CHAIN 2_SEG2 Pin=SW1_SEG2-1
Added Pin To Net: NetName=CHAIN IN_SEG3 Pin=SW1_SEG2-2
Added Pin To Net: NetName=CHAIN 1_SEG2 Pin=SW1_SEG2-3
Added Pin To Net: NetName=CHAIN 2_SEG2 Pin=SW1_SEG2-4
Added Pin To Net: NetName=CHAIN IN_SEG2 Pin=SW1_SEG2-5
Added Pin To Net: NetName=CHAIN 1_SEG2 Pin=SW1_SEG2-6
Added Pin To Net: NetName=CHAIN 2_SEG3 Pin=SW1_SEG3-1
Added Pin To Net: NetName=CHAIN IN_SEG4 Pin=SW1_SEG3-2
Added Pin To Net: NetName=CHAIN 1_SEG3 Pin=SW1_SEG3-3
Added Pin To Net: NetName=CHAIN 2_SEG3 Pin=SW1_SEG3-4
Added Pin To Net: NetName=CHAIN IN_SEG3 Pin=SW1_SEG3-5
Added Pin To Net: NetName=CHAIN 1_SEG3 Pin=SW1_SEG3-6
Added Pin To Net: NetName=CHAIN 2_SEG4 Pin=SW1_SEG4-1
Added Pin To Net: NetName=CHAIN IN_SEG5 Pin=SW1_SEG4-2
Added Pin To Net: NetName=CHAIN 1_SEG4 Pin=SW1_SEG4-3
Added Pin To Net: NetName=CHAIN 2_SEG4 Pin=SW1_SEG4-4
Added Pin To Net: NetName=CHAIN IN_SEG4 Pin=SW1_SEG4-5
Added Pin To Net: NetName=CHAIN 1_SEG4 Pin=SW1_SEG4-6
Added Pin To Net: NetName=CHAIN 2_SEG5 Pin=SW1_SEG5-1
Added Pin To Net: NetName=CHAIN OUT_SEG5 Pin=SW1_SEG5-2
Added Pin To Net: NetName=CHAIN 1_SEG5 Pin=SW1_SEG5-3
Added Pin To Net: NetName=CHAIN 2_SEG5 Pin=SW1_SEG5-4
Added Pin To Net: NetName=CHAIN IN_SEG5 Pin=SW1_SEG5-5
Added Pin To Net: NetName=CHAIN 1_SEG5 Pin=SW1_SEG5-6
Added Pin To Net: NetName=12V Pin=TP1-1
Added Pin To Net: NetName=12VP Pin=TP2-1
Added Pin To Net: NetName=12VSW Pin=TP3-1
Added Pin To Net: NetName=5V Pin=TP4-1
Added Pin To Net: NetName=NetDS8_SEG1_1 Pin=DS8_SEG1-1
Added Pin To Net: NetName=NetDS8_SEG1_1 Pin=R18_SEG1-1
Added Net: Name=NetDS8_SEG1_1
Added Pin To Net: NetName=NetDS8_SEG2_1 Pin=DS8_SEG2-1
Added Pin To Net: NetName=NetDS8_SEG2_1 Pin=R18_SEG2-1
Added Net: Name=NetDS8_SEG2_1
Added Pin To Net: NetName=NetDS8_SEG3_1 Pin=DS8_SEG3-1
Added Pin To Net: NetName=NetDS8_SEG3_1 Pin=R18_SEG3-1
Added Net: Name=NetDS8_SEG3_1
Added Pin To Net: NetName=NetDS8_SEG4_1 Pin=DS8_SEG4-1
Added Pin To Net: NetName=NetDS8_SEG4_1 Pin=R18_SEG4-1
Added Net: Name=NetDS8_SEG4_1
Added Pin To Net: NetName=NetDS8_SEG5_1 Pin=DS8_SEG5-1
Added Pin To Net: NetName=NetDS8_SEG5_1 Pin=R18_SEG5-1
Added Net: Name=NetDS8_SEG5_1
Added Pin To Net: NetName=NetDS9_SEG1_1 Pin=DS9_SEG1-1
Added Pin To Net: NetName=NetDS9_SEG1_1 Pin=R19_SEG1-1
Added Net: Name=NetDS9_SEG1_1
Added Pin To Net: NetName=NetDS9_SEG2_1 Pin=DS9_SEG2-1
Added Pin To Net: NetName=NetDS9_SEG2_1 Pin=R19_SEG2-1
Added Net: Name=NetDS9_SEG2_1
Added Pin To Net: NetName=NetDS9_SEG3_1 Pin=DS9_SEG3-1
Added Pin To Net: NetName=NetDS9_SEG3_1 Pin=R19_SEG3-1
Added Net: Name=NetDS9_SEG3_1
Added Pin To Net: NetName=NetDS9_SEG4_1 Pin=DS9_SEG4-1
Added Pin To Net: NetName=NetDS9_SEG4_1 Pin=R19_SEG4-1
Added Net: Name=NetDS9_SEG4_1
Added Pin To Net: NetName=NetDS9_SEG5_1 Pin=DS9_SEG5-1
Added Pin To Net: NetName=NetDS9_SEG5_1 Pin=R19_SEG5-1
Added Net: Name=NetDS9_SEG5_1
Added Pin To Net: NetName=NetDS10_SEG1_1 Pin=DS10_SEG1-1
Added Pin To Net: NetName=NetDS10_SEG1_1 Pin=R20_SEG1-1
Added Net: Name=NetDS10_SEG1_1
Added Pin To Net: NetName=NetDS10_SEG2_1 Pin=DS10_SEG2-1
Added Pin To Net: NetName=NetDS10_SEG2_1 Pin=R20_SEG2-1
Added Net: Name=NetDS10_SEG2_1
Added Pin To Net: NetName=NetDS10_SEG3_1 Pin=DS10_SEG3-1
Added Pin To Net: NetName=NetDS10_SEG3_1 Pin=R20_SEG3-1
Added Net: Name=NetDS10_SEG3_1
Added Pin To Net: NetName=NetDS10_SEG4_1 Pin=DS10_SEG4-1
Added Pin To Net: NetName=NetDS10_SEG4_1 Pin=R20_SEG4-1
Added Net: Name=NetDS10_SEG4_1
Added Pin To Net: NetName=NetDS10_SEG5_1 Pin=DS10_SEG5-1
Added Pin To Net: NetName=NetDS10_SEG5_1 Pin=R20_SEG5-1
Added Net: Name=NetDS10_SEG5_1
Added Member To Class: ClassName=SEG1 Member=Component DS8_SEG1 (DS8) LED Red 0603
Added Member To Class: ClassName=SEG2 Member=Component DS8_SEG2 (DS8) LED Red 0603
Added Member To Class: ClassName=SEG3 Member=Component DS8_SEG3 (DS8) LED Red 0603
Added Member To Class: ClassName=SEG4 Member=Component DS8_SEG4 (DS8) LED Red 0603
Added Member To Class: ClassName=SEG5 Member=Component DS8_SEG5 (DS8) LED Red 0603
Added Member To Class: ClassName=SEG1 Member=Component DS9_SEG1 (DS9) LED Red 0603
Added Member To Class: ClassName=SEG2 Member=Component DS9_SEG2 (DS9) LED Red 0603
Added Member To Class: ClassName=SEG3 Member=Component DS9_SEG3 (DS9) LED Red 0603
Added Member To Class: ClassName=SEG4 Member=Component DS9_SEG4 (DS9) LED Red 0603
Added Member To Class: ClassName=SEG5 Member=Component DS9_SEG5 (DS9) LED Red 0603
Added Member To Class: ClassName=SEG1 Member=Component DS10_SEG1 (DS10) LED Red 0603
Added Member To Class: ClassName=SEG2 Member=Component DS10_SEG2 (DS10) LED Red 0603
Added Member To Class: ClassName=SEG3 Member=Component DS10_SEG3 (DS10) LED Red 0603
Added Member To Class: ClassName=SEG4 Member=Component DS10_SEG4 (DS10) LED Red 0603
Added Member To Class: ClassName=SEG5 Member=Component DS10_SEG5 (DS10) LED Red 0603
Added Member To Class: ClassName=SHDN21-S01-V00-Shutdown Member=Component FID1 Fiducial 1MM
Added Member To Class: ClassName=SHDN21-S01-V00-Shutdown Member=Component FID2 Fiducial 1MM
Added Member To Class: ClassName=SHDN21-S01-V00-Shutdown Member=Component FID3 Fiducial 1MM
Added Member To Class: ClassName=SHDN21-S01-V00-Shutdown Member=Component LOGO1 10mm Wide QUTMS Logo
Added Member To Class: ClassName=SHDN21-S01-V00-Shutdown Member=Component LYID1 2 Layer Identification PCB Marker
Added Member To Class: ClassName=SHDN21-S01-V00-Shutdown Member=Component M1 Hole M3 Tight Unplated
Added Member To Class: ClassName=SHDN21-S01-V00-Shutdown Member=Component M2 Hole M3 Tight Unplated
Added Member To Class: ClassName=SHDN21-S01-V00-Shutdown Member=Component M3 Hole M3 Tight Unplated
Added Member To Class: ClassName=SHDN21-S01-V00-Shutdown Member=Component M4 Hole M3 Tight Unplated
Added Member To Class: ClassName=SEG1 Member=Component R18_SEG1 (R18) 470R 5% 0603
Added Member To Class: ClassName=SEG2 Member=Component R18_SEG2 (R18) 470R 5% 0603
Added Member To Class: ClassName=SEG3 Member=Component R18_SEG3 (R18) 470R 5% 0603
Added Member To Class: ClassName=SEG4 Member=Component R18_SEG4 (R18) 470R 5% 0603
Added Member To Class: ClassName=SEG5 Member=Component R18_SEG5 (R18) 470R 5% 0603
Added Member To Class: ClassName=SEG1 Member=Component R19_SEG1 (R19) 470R 5% 0603
Added Member To Class: ClassName=SEG2 Member=Component R19_SEG2 (R19) 470R 5% 0603
Added Member To Class: ClassName=SEG3 Member=Component R19_SEG3 (R19) 470R 5% 0603
Added Member To Class: ClassName=SEG4 Member=Component R19_SEG4 (R19) 470R 5% 0603
Added Member To Class: ClassName=SEG5 Member=Component R19_SEG5 (R19) 470R 5% 0603
Added Member To Class: ClassName=SEG1 Member=Component R20_SEG1 (R20) 470R 5% 0603
Added Member To Class: ClassName=SEG2 Member=Component R20_SEG2 (R20) 470R 5% 0603
Added Member To Class: ClassName=SEG3 Member=Component R20_SEG3 (R20) 470R 5% 0603
Added Member To Class: ClassName=SEG4 Member=Component R20_SEG4 (R20) 470R 5% 0603
Added Member To Class: ClassName=SEG5 Member=Component R20_SEG5 (R20) 470R 5% 0603
Added Member To Class: ClassName=SEG1 Member=Component SW1_SEG1 (SW1) CVS-03TB
Added Member To Class: ClassName=SEG2 Member=Component SW1_SEG2 (SW1) CVS-03TB
Added Member To Class: ClassName=SEG3 Member=Component SW1_SEG3 (SW1) CVS-03TB
Added Member To Class: ClassName=SEG4 Member=Component SW1_SEG4 (SW1) CVS-03TB
Added Member To Class: ClassName=SEG5 Member=Component SW1_SEG5 (SW1) CVS-03TB
Added Member To Class: ClassName=SHDN21-S01-V00-Shutdown Member=Component TP1 TestPoint
Added Member To Class: ClassName=SHDN21-S01-V00-Shutdown Member=Component TP2 TestPoint
Added Member To Class: ClassName=SHDN21-S01-V00-Shutdown Member=Component TP3 TestPoint
Added Member To Class: ClassName=SHDN21-S01-V00-Shutdown Member=Component TP4 TestPoint
Added Room: Name=SHDN21-S01-V00-Shutdown
