Removed Pin From Net: NetName=12VP Pin=J6_SEG1-1
Removed Pin From Net: NetName=CHAIN 1_SEG1 Pin=J6_SEG1-2
Removed Pin From Net: NetName=CHAIN IN_SEG2 Pin=J6_SEG2-1
Removed Pin From Net: NetName=CHAIN 1_SEG2 Pin=J6_SEG2-2
Removed Pin From Net: NetName=CHAIN IN_SEG3 Pin=J6_SEG3-1
Removed Pin From Net: NetName=CHAIN 1_SEG3 Pin=J6_SEG3-2
Removed Pin From Net: NetName=CHAIN IN_SEG4 Pin=J6_SEG4-1
Removed Pin From Net: NetName=CHAIN 1_SEG4 Pin=J6_SEG4-2
Removed Pin From Net: NetName=CHAIN IN_SEG5 Pin=J6_SEG5-1
Removed Pin From Net: NetName=CHAIN 1_SEG5 Pin=J6_SEG5-2
Removed Pin From Net: NetName=CHAIN 1_SEG1 Pin=J8_SEG1-1
Removed Pin From Net: NetName=CHAIN 2_SEG1 Pin=J8_SEG1-2
Removed Pin From Net: NetName=CHAIN 1_SEG2 Pin=J8_SEG2-1
Removed Pin From Net: NetName=CHAIN 2_SEG2 Pin=J8_SEG2-2
Removed Pin From Net: NetName=CHAIN 1_SEG3 Pin=J8_SEG3-1
Removed Pin From Net: NetName=CHAIN 2_SEG3 Pin=J8_SEG3-2
Removed Pin From Net: NetName=CHAIN 1_SEG4 Pin=J8_SEG4-1
Removed Pin From Net: NetName=CHAIN 2_SEG4 Pin=J8_SEG4-2
Removed Pin From Net: NetName=CHAIN 1_SEG5 Pin=J8_SEG5-1
Removed Pin From Net: NetName=CHAIN 2_SEG5 Pin=J8_SEG5-2
Removed Pin From Net: NetName=CHAIN 2_SEG1 Pin=J9_SEG1-1
Removed Pin From Net: NetName=CHAIN IN_SEG2 Pin=J9_SEG1-2
Removed Pin From Net: NetName=CHAIN 2_SEG2 Pin=J9_SEG2-1
Removed Pin From Net: NetName=CHAIN IN_SEG3 Pin=J9_SEG2-2
Removed Pin From Net: NetName=CHAIN 2_SEG3 Pin=J9_SEG3-1
Removed Pin From Net: NetName=CHAIN IN_SEG4 Pin=J9_SEG3-2
Removed Pin From Net: NetName=CHAIN 2_SEG4 Pin=J9_SEG4-1
Removed Pin From Net: NetName=CHAIN IN_SEG5 Pin=J9_SEG4-2
Removed Pin From Net: NetName=CHAIN 2_SEG5 Pin=J9_SEG5-1
Removed Pin From Net: NetName=CHAIN OUT_SEG5 Pin=J9_SEG5-2
Change Component Designator: OldDesignator=C5-0 NewDesignator=C5_DAC0
Change Component Designator: OldDesignator=C5-1 NewDesignator=C5_DAC1
Change Component Designator: OldDesignator=C5-2 NewDesignator=C5_DAC2
Change Component Designator: OldDesignator=C5-3 NewDesignator=C5_DAC3
Change Component Designator: OldDesignator=J7-1 NewDesignator=J6_SEG1
Change Component Designator: OldDesignator=J7-2 NewDesignator=J6_SEG2
Change Component Designator: OldDesignator=J7-3 NewDesignator=J6_SEG3
Change Component Designator: OldDesignator=J7-4 NewDesignator=J6_SEG4
Change Component Designator: OldDesignator=J7-5 NewDesignator=J6_SEG5
Change Component Designator: OldDesignator=R21-0 NewDesignator=R21_DAC0
Change Component Designator: OldDesignator=R21-1 NewDesignator=R21_DAC1
Change Component Designator: OldDesignator=R21-2 NewDesignator=R21_DAC2
Change Component Designator: OldDesignator=R21-3 NewDesignator=R21_DAC3
Change Component Designator: OldDesignator=R22-0 NewDesignator=R22_DAC0
Change Component Designator: OldDesignator=R22-1 NewDesignator=R22_DAC1
Change Component Designator: OldDesignator=R22-2 NewDesignator=R22_DAC2
Change Component Designator: OldDesignator=R22-3 NewDesignator=R22_DAC3
Change Component Designator: OldDesignator=R23-0 NewDesignator=R23_DAC0
Change Component Designator: OldDesignator=R23-1 NewDesignator=R23_DAC1
Change Component Designator: OldDesignator=R23-2 NewDesignator=R23_DAC2
Change Component Designator: OldDesignator=R23-3 NewDesignator=R23_DAC3
Change Component Designator: OldDesignator=R24-0 NewDesignator=R24_DAC0
Change Component Designator: OldDesignator=R24-1 NewDesignator=R24_DAC1
Change Component Designator: OldDesignator=R24-2 NewDesignator=R24_DAC2
Change Component Designator: OldDesignator=R24-3 NewDesignator=R24_DAC3
Change Component Designator: OldDesignator=R25-0 NewDesignator=R25_DAC0
Change Component Designator: OldDesignator=R25-1 NewDesignator=R25_DAC1
Change Component Designator: OldDesignator=R25-2 NewDesignator=R25_DAC2
Change Component Designator: OldDesignator=R25-3 NewDesignator=R25_DAC3
Added Component: Designator=J7_SEG1(JUMPER_6WAY_PIN)
Added Component: Designator=J7_SEG2(JUMPER_6WAY_PIN)
Added Component: Designator=J7_SEG3(JUMPER_6WAY_PIN)
Added Component: Designator=J7_SEG4(JUMPER_6WAY_PIN)
Added Component: Designator=J7_SEG5(JUMPER_6WAY_PIN)
Added Pin To Net: NetName=CHAIN IN_SEG2 Pin=J7_SEG1-1
Added Pin To Net: NetName=CHAIN 2_SEG1 Pin=J7_SEG1-2
Added Pin To Net: NetName=CHAIN 2_SEG1 Pin=J7_SEG1-3
Added Pin To Net: NetName=CHAIN 1_SEG1 Pin=J7_SEG1-4
Added Pin To Net: NetName=CHAIN 1_SEG1 Pin=J7_SEG1-5
Added Pin To Net: NetName=12VP Pin=J7_SEG1-6
Added Pin To Net: NetName=CHAIN IN_SEG3 Pin=J7_SEG2-1
Added Pin To Net: NetName=CHAIN 2_SEG2 Pin=J7_SEG2-2
Added Pin To Net: NetName=CHAIN 2_SEG2 Pin=J7_SEG2-3
Added Pin To Net: NetName=CHAIN 1_SEG2 Pin=J7_SEG2-4
Added Pin To Net: NetName=CHAIN 1_SEG2 Pin=J7_SEG2-5
Added Pin To Net: NetName=CHAIN IN_SEG2 Pin=J7_SEG2-6
Added Pin To Net: NetName=CHAIN IN_SEG4 Pin=J7_SEG3-1
Added Pin To Net: NetName=CHAIN 2_SEG3 Pin=J7_SEG3-2
Added Pin To Net: NetName=CHAIN 2_SEG3 Pin=J7_SEG3-3
Added Pin To Net: NetName=CHAIN 1_SEG3 Pin=J7_SEG3-4
Added Pin To Net: NetName=CHAIN 1_SEG3 Pin=J7_SEG3-5
Added Pin To Net: NetName=CHAIN IN_SEG3 Pin=J7_SEG3-6
Added Pin To Net: NetName=CHAIN IN_SEG5 Pin=J7_SEG4-1
Added Pin To Net: NetName=CHAIN 2_SEG4 Pin=J7_SEG4-2
Added Pin To Net: NetName=CHAIN 2_SEG4 Pin=J7_SEG4-3
Added Pin To Net: NetName=CHAIN 1_SEG4 Pin=J7_SEG4-4
Added Pin To Net: NetName=CHAIN 1_SEG4 Pin=J7_SEG4-5
Added Pin To Net: NetName=CHAIN IN_SEG4 Pin=J7_SEG4-6
Added Pin To Net: NetName=CHAIN OUT_SEG5 Pin=J7_SEG5-1
Added Pin To Net: NetName=CHAIN 2_SEG5 Pin=J7_SEG5-2
Added Pin To Net: NetName=CHAIN 2_SEG5 Pin=J7_SEG5-3
Added Pin To Net: NetName=CHAIN 1_SEG5 Pin=J7_SEG5-4
Added Pin To Net: NetName=CHAIN 1_SEG5 Pin=J7_SEG5-5
Added Pin To Net: NetName=CHAIN IN_SEG5 Pin=J7_SEG5-6
Added Member To Class: ClassName=DAC0 Member=Component C5_DAC0 (C5) 100nF 50V 5% X7R 0603
Added Member To Class: ClassName=DAC1 Member=Component C5_DAC1 (C5) 100nF 50V 5% X7R 0603
Added Member To Class: ClassName=DAC2 Member=Component C5_DAC2 (C5) 100nF 50V 5% X7R 0603
Added Member To Class: ClassName=DAC3 Member=Component C5_DAC3 (C5) 100nF 50V 5% X7R 0603
Added Member To Class: ClassName=SEG1 Member=Component J6_SEG1 (J6) MX120G
Added Member To Class: ClassName=SEG2 Member=Component J6_SEG2 (J6) MX120G
Added Member To Class: ClassName=SEG3 Member=Component J6_SEG3 (J6) MX120G
Added Member To Class: ClassName=SEG4 Member=Component J6_SEG4 (J6) MX120G
Added Member To Class: ClassName=SEG5 Member=Component J6_SEG5 (J6) MX120G
Added Member To Class: ClassName=SEG1 Member=Component J7_SEG1 (J7) Jumper 6Way Side Pins
Added Member To Class: ClassName=SEG2 Member=Component J7_SEG2 (J7) Jumper 6Way Side Pins
Added Member To Class: ClassName=SEG3 Member=Component J7_SEG3 (J7) Jumper 6Way Side Pins
Added Member To Class: ClassName=SEG4 Member=Component J7_SEG4 (J7) Jumper 6Way Side Pins
Added Member To Class: ClassName=SEG5 Member=Component J7_SEG5 (J7) Jumper 6Way Side Pins
Added Member To Class: ClassName=DAC0 Member=Component R21_DAC0 (R21) 4k7 5% 0603
Added Member To Class: ClassName=DAC1 Member=Component R21_DAC1 (R21) 4k7 5% 0603
Added Member To Class: ClassName=DAC2 Member=Component R21_DAC2 (R21) 4k7 5% 0603
Added Member To Class: ClassName=DAC3 Member=Component R21_DAC3 (R21) 4k7 5% 0603
Added Member To Class: ClassName=DAC0 Member=Component R22_DAC0 (R22) 10k 5% 0603
Added Member To Class: ClassName=DAC1 Member=Component R22_DAC1 (R22) 10k 5% 0603
Added Member To Class: ClassName=DAC2 Member=Component R22_DAC2 (R22) 10k 5% 0603
Added Member To Class: ClassName=DAC3 Member=Component R22_DAC3 (R22) 10k 5% 0603
Added Member To Class: ClassName=DAC0 Member=Component R23_DAC0 (R23) 22k 5% 0603
Added Member To Class: ClassName=DAC1 Member=Component R23_DAC1 (R23) 22k 5% 0603
Added Member To Class: ClassName=DAC2 Member=Component R23_DAC2 (R23) 22k 5% 0603
Added Member To Class: ClassName=DAC3 Member=Component R23_DAC3 (R23) 22k 5% 0603
Added Member To Class: ClassName=DAC0 Member=Component R24_DAC0 (R24) 2k7 5% 0603
Added Member To Class: ClassName=DAC1 Member=Component R24_DAC1 (R24) 2k7 5% 0603
Added Member To Class: ClassName=DAC2 Member=Component R24_DAC2 (R24) 2k7 5% 0603
Added Member To Class: ClassName=DAC3 Member=Component R24_DAC3 (R24) 2k7 5% 0603
Added Member To Class: ClassName=DAC0 Member=Component R25_DAC0 (R25) 47k 5% 0603
Added Member To Class: ClassName=DAC1 Member=Component R25_DAC1 (R25) 47k 5% 0603
Added Member To Class: ClassName=DAC2 Member=Component R25_DAC2 (R25) 47k 5% 0603
Added Member To Class: ClassName=DAC3 Member=Component R25_DAC3 (R25) 47k 5% 0603
