Change Component Designator: OldDesignator=C5 NewDesignator=C5-0
Change Component Designator: OldDesignator=C5-0 NewDesignator=C5-1
Change Component Designator: OldDesignator=C5-1 NewDesignator=C5-2
Change Component Designator: OldDesignator=C5-2 NewDesignator=C5-3
Change Component Designator: OldDesignator=J7 NewDesignator=J7-1
Change Component Designator: OldDesignator=J7-1 NewDesignator=J7-2
Change Component Designator: OldDesignator=J7-2 NewDesignator=J7-3
Change Component Designator: OldDesignator=J7-3 NewDesignator=J7-4
Change Component Designator: OldDesignator=J7-4 NewDesignator=J7-5
Change Component Designator: OldDesignator=R21 NewDesignator=R21-0
Change Component Designator: OldDesignator=R21-0 NewDesignator=R21-1
Change Component Designator: OldDesignator=R21-1 NewDesignator=R21-2
Change Component Designator: OldDesignator=R21-2 NewDesignator=R21-3
Change Component Designator: OldDesignator=R22 NewDesignator=R22-0
Change Component Designator: OldDesignator=R22-0 NewDesignator=R22-1
Change Component Designator: OldDesignator=R22-1 NewDesignator=R22-2
Change Component Designator: OldDesignator=R22-2 NewDesignator=R22-3
Change Component Designator: OldDesignator=R23 NewDesignator=R23-0
Change Component Designator: OldDesignator=R23-0 NewDesignator=R23-1
Change Component Designator: OldDesignator=R23-1 NewDesignator=R23-2
Change Component Designator: OldDesignator=R23-2 NewDesignator=R23-3
Change Component Designator: OldDesignator=R24 NewDesignator=R24-0
Change Component Designator: OldDesignator=R24-0 NewDesignator=R24-1
Change Component Designator: OldDesignator=R24-1 NewDesignator=R24-2
Change Component Designator: OldDesignator=R24-2 NewDesignator=R24-3
Change Component Designator: OldDesignator=R25 NewDesignator=R25-0
Change Component Designator: OldDesignator=R25-0 NewDesignator=R25-1
Change Component Designator: OldDesignator=R25-1 NewDesignator=R25-2
Change Component Designator: OldDesignator=R25-2 NewDesignator=R25-3
