Removed Pin From Net: NetName=BSPD10 Pin=U4-1
Removed Pin From Net: NetName=NetC5_2 Pin=U4-2
Removed Pin From Net: NetName=BSPD11 Pin=U4-3
Removed Member From Class: ClassName=SHDN-BSPD-S06-V00-IsolatedCAN Member=J5
Removed Member From Class: ClassName=SHDN-BSPD-S04-V00-BSPDDelay Member=U4
Change Component Designator: OldDesignator=C2_SHDN-BSPD-S03-V00-BSPDWindowComparitor1 NewDesignator=C2A
Change Component Designator: OldDesignator=C2_SHDN-BSPD-S03-V00-BSPDWindowComparitor2 NewDesignator=C2B
Change Component Designator: OldDesignator=C3_SHDN-BSPD-S03-V00-BSPDWindowComparitor1 NewDesignator=C3A
Change Component Designator: OldDesignator=C3_SHDN-BSPD-S03-V00-BSPDWindowComparitor2 NewDesignator=C3B
Change Component Designator: OldDesignator=C4_SHDN-BSPD-S03-V00-BSPDWindowComparitor1 NewDesignator=C4A
Change Component Designator: OldDesignator=C4_SHDN-BSPD-S03-V00-BSPDWindowComparitor2 NewDesignator=C4B
Change Component Designator: OldDesignator=C9 NewDesignator=C8
Change Component Designator: OldDesignator=C10 NewDesignator=C9
Change Component Designator: OldDesignator=C11 NewDesignator=C10
Change Component Designator: OldDesignator=C12 NewDesignator=C11
Change Component Designator: OldDesignator=C13 NewDesignator=C12
Change Component Designator: OldDesignator=C14 NewDesignator=C13
Change Component Designator: OldDesignator=C15 NewDesignator=C14
Change Component Designator: OldDesignator=C16 NewDesignator=C15
Change Component Designator: OldDesignator=C17 NewDesignator=C16
Change Component Designator: OldDesignator=C18 NewDesignator=C17
Change Component Designator: OldDesignator=C19 NewDesignator=C18
Change Component Designator: OldDesignator=C20 NewDesignator=C19
Change Component Designator: OldDesignator=C21 NewDesignator=C20
Change Component Designator: OldDesignator=C22 NewDesignator=C21
Change Component Designator: OldDesignator=C23 NewDesignator=C22
Change Component Designator: OldDesignator=C24 NewDesignator=C23
Change Component Designator: OldDesignator=C25 NewDesignator=C24
Change Component Designator: OldDesignator=C26 NewDesignator=C25
Change Component Designator: OldDesignator=DS1 NewDesignator=DS3
Change Component Designator: OldDesignator=DS2 NewDesignator=DS1
Change Component Designator: OldDesignator=DS3 NewDesignator=DS2
Change Component Designator: OldDesignator=J2 NewDesignator=J3
Change Component Designator: OldDesignator=J3 NewDesignator=J4
Change Component Designator: OldDesignator=J4 NewDesignator=J5
Change Component Designator: OldDesignator=J5 NewDesignator=J2
Change Component Designator: OldDesignator=R1_SHDN-BSPD-S03-V00-BSPDWindowComparitor1 NewDesignator=R1A
Change Component Designator: OldDesignator=R1_SHDN-BSPD-S03-V00-BSPDWindowComparitor2 NewDesignator=R1B
Change Component Designator: OldDesignator=R2_SHDN-BSPD-S03-V00-BSPDWindowComparitor1 NewDesignator=R3A
Change Component Designator: OldDesignator=R2_SHDN-BSPD-S03-V00-BSPDWindowComparitor2 NewDesignator=R3B
Change Component Designator: OldDesignator=R3_SHDN-BSPD-S03-V00-BSPDWindowComparitor1 NewDesignator=R4A
Change Component Designator: OldDesignator=R3_SHDN-BSPD-S03-V00-BSPDWindowComparitor2 NewDesignator=R4B
Change Component Designator: OldDesignator=R4_SHDN-BSPD-S03-V00-BSPDWindowComparitor1 NewDesignator=R5A
Change Component Designator: OldDesignator=R4_SHDN-BSPD-S03-V00-BSPDWindowComparitor2 NewDesignator=R5B
Change Component Designator: OldDesignator=R5_SHDN-BSPD-S03-V00-BSPDWindowComparitor1 NewDesignator=R6A
Change Component Designator: OldDesignator=R5_SHDN-BSPD-S03-V00-BSPDWindowComparitor2 NewDesignator=R6B
Change Component Designator: OldDesignator=R6_SHDN-BSPD-S03-V00-BSPDWindowComparitor1 NewDesignator=R2A
Change Component Designator: OldDesignator=R6_SHDN-BSPD-S03-V00-BSPDWindowComparitor2 NewDesignator=R2B
Change Component Designator: OldDesignator=R7_SHDN-BSPD-S03-V00-BSPDWindowComparitor1 NewDesignator=R7A
Change Component Designator: OldDesignator=R7_SHDN-BSPD-S03-V00-BSPDWindowComparitor2 NewDesignator=R7B
Change Component Designator: OldDesignator=R8_SHDN-BSPD-S03-V00-BSPDWindowComparitor1 NewDesignator=R9A
Change Component Designator: OldDesignator=R8_SHDN-BSPD-S03-V00-BSPDWindowComparitor2 NewDesignator=R9B
Change Component Designator: OldDesignator=R9_SHDN-BSPD-S03-V00-BSPDWindowComparitor1 NewDesignator=R10A
Change Component Designator: OldDesignator=R9_SHDN-BSPD-S03-V00-BSPDWindowComparitor2 NewDesignator=R10B
Change Component Designator: OldDesignator=R10_SHDN-BSPD-S03-V00-BSPDWindowComparitor1 NewDesignator=R11A
Change Component Designator: OldDesignator=R10_SHDN-BSPD-S03-V00-BSPDWindowComparitor2 NewDesignator=R11B
Change Component Designator: OldDesignator=R11 NewDesignator=R14
Change Component Designator: OldDesignator=R12 NewDesignator=R15
Change Component Designator: OldDesignator=R13 NewDesignator=R16
Change Component Designator: OldDesignator=R14 NewDesignator=R17
Change Component Designator: OldDesignator=R15 NewDesignator=R18
Change Component Designator: OldDesignator=R16 NewDesignator=R21
Change Component Designator: OldDesignator=R17 NewDesignator=R22
Change Component Designator: OldDesignator=R18 NewDesignator=R23
Change Component Designator: OldDesignator=R19 NewDesignator=R24
Change Component Designator: OldDesignator=R20 NewDesignator=R25
Change Component Designator: OldDesignator=R21_SHDN-BSPD-S03-V00-BSPDWindowComparitor1 NewDesignator=R8A
Change Component Designator: OldDesignator=R21_SHDN-BSPD-S03-V00-BSPDWindowComparitor2 NewDesignator=R8B
Change Component Designator: OldDesignator=R22_SHDN-BSPD-S03-V00-BSPDWindowComparitor1 NewDesignator=R12A
Change Component Designator: OldDesignator=R22_SHDN-BSPD-S03-V00-BSPDWindowComparitor2 NewDesignator=R12B
Change Component Designator: OldDesignator=R23_SHDN-BSPD-S03-V00-BSPDWindowComparitor1 NewDesignator=R13A
Change Component Designator: OldDesignator=R23_SHDN-BSPD-S03-V00-BSPDWindowComparitor2 NewDesignator=R13B
Change Component Designator: OldDesignator=R24 NewDesignator=R19
Change Component Designator: OldDesignator=R25 NewDesignator=R20
Change Component Designator: OldDesignator=U2_SHDN-BSPD-S03-V00-BSPDWindowComparitor1 NewDesignator=U2A
Change Component Designator: OldDesignator=U2_SHDN-BSPD-S03-V00-BSPDWindowComparitor2 NewDesignator=U2B
Change Component Designator: OldDesignator=U5 NewDesignator=U4
Change Component Designator: OldDesignator=U6 NewDesignator=U5
Change Component Designator: OldDesignator=U7 NewDesignator=U6
Change Component Designator: OldDesignator=U8 NewDesignator=U7
Added Pin To Net: NetName=BSPD10 Pin=U3-1
Added Pin To Net: NetName=NetC5_2 Pin=U3-2
Added Pin To Net: NetName=BSPD11 Pin=U3-3
Change Net Name : Old Net Name=COMP BTM_SHDN-BSPD-S03-V00-BSPDWindowComparitor1 New Net Name=COMP BTMA
Change Net Name : Old Net Name=COMP BTM_SHDN-BSPD-S03-V00-BSPDWindowComparitor2 New Net Name=COMP BTMB
Change Net Name : Old Net Name=COMP TOP_SHDN-BSPD-S03-V00-BSPDWindowComparitor1 New Net Name=COMP TOPA
Change Net Name : Old Net Name=COMP TOP_SHDN-BSPD-S03-V00-BSPDWindowComparitor2 New Net Name=COMP TOPB
Change Net Name : Old Net Name=NetC17_2 New Net Name=NetC16_2
Change Net Name : Old Net Name=NetDS1_1 New Net Name=NetDS3_1
Added Member To Class: ClassName=SHDN-BSPD-S06-V00-IsolatedCAN Member=Component J3 Jumper 2Way Pins
