Added Component: Designator=B1(PS1240P02BT)
Added Component: Designator=C1(Cap_Ceramic_0603)
Added Component: Designator=C2A(Cap_Ceramic_0603)
Added Component: Designator=C2B(Cap_Ceramic_0603)
Added Component: Designator=C3A(Cap_Ceramic_0603)
Added Component: Designator=C3B(Cap_Ceramic_0603)
Added Component: Designator=C4A(Cap_Ceramic_0603)
Added Component: Designator=C4B(Cap_Ceramic_0603)
Added Component: Designator=C5(Cap_Ceramic_1206)
Added Component: Designator=C6(Cap_Ceramic_0603)
Added Component: Designator=C7(Cap_Ceramic_0603)
Added Component: Designator=C8(Cap_Ceramic_0603)
Added Component: Designator=C9(Cap_Ceramic_0603)
Added Component: Designator=C10(Cap_Ceramic_0603)
Added Component: Designator=C11(Cap_Ceramic_0603)
Added Component: Designator=C12(Cap_Ceramic_0603)
Added Component: Designator=C13(Cap_Ceramic_0603)
Added Component: Designator=C14(Cap_Ceramic_0603)
Added Component: Designator=C15(Cap_Ceramic_0603)
Added Component: Designator=C16(Cap_Ceramic_0603)
Added Component: Designator=C17(Cap_Ceramic_0603)
Added Component: Designator=C18(Cap_Ceramic_0603)
Added Component: Designator=C19(Cap_Ceramic_0603)
Added Component: Designator=C20(Cap_Ceramic_0603)
Added Component: Designator=C21(Cap_Ceramic_0603)
Added Component: Designator=C22(Cap_Ceramic_1206)
Added Component: Designator=C23(Cap_Ceramic_1206)
Added Component: Designator=C24(Cap_Ceramic_1210)
Added Component: Designator=C25(Cap_Ceramic_1210)
Added Component: Designator=D1(NUP2105L)
Add component (AddParameter): Name = "ComponentLink1Description"; Value = "Datasheet"; VariantName = "[No Variations]"
Add component (AddParameter): Name = "ComponentLink1URL"; Value = "https://www.onsemi.cn/PowerSolutions/document/NUP2105L-D.PDF"; VariantName = "[No Variations]"
Add component (AddParameter): Name = "ComponentLink2Description"; Value = "LCSC"; VariantName = "[No Variations]"
Add component (AddParameter): Name = "ComponentLink2URL"; Value = "https://lcsc.com/product-detail/TVS_ON-Semiconductor-NUP2105LT1G_C14486.html"; VariantName = "[No Variations]"
Add component (AddParameter): Name = "ComponentLink3Description"; Value = "Digikey"; VariantName = "[No Variations]"
Add component (AddParameter): Name = "ComponentLink3URL"; Value = "https://www.digikey.com.au/product-detail/en/on-semiconductor/SZNUP2105LT1G/SZNUP2105LT1GOSCT-ND/3487669"; VariantName = "[No Variations]"
Add component (AddParameter): Name = "Parameter 1"; Value = ""; VariantName = "[No Variations]"
Added Component: Designator=D2(SMA)
Added Component: Designator=D3(SMA)
Added Component: Designator=D4(SMA)
Add component (AddParameter): Name = "Manufacturer"; Value = "Generic"; VariantName = "[No Variations]"
Add component (AddParameter): Name = "MPN"; Value = "5V6 500mW SMA"; VariantName = "[No Variations]"
Added Component: Designator=DS1(LED BLUE 0603)
Added Component: Designator=DS2(LED BLUE 0603)
Added Component: Designator=DS3(LED GREEN 0603)
Added Component: Designator=J1(IDC 1.27MM 10P)
Added Component: Designator=J2(Jumper_2Way_Solderable)
Added Component: Designator=J3(Jumper_2Way_Pin)
Added Component: Designator=J4(Jumper_2Way_Pin)
Added Component: Designator=J5(Microfit_2X4_R_TH)
Added Component: Designator=K1(G5V-1)
Added Component: Designator=L1(Inductor_0603)
Add component (AddParameter): Name = "ComponentLink1Description"; Value = "Digikey"; VariantName = "[No Variations]"
Add component (AddParameter): Name = "ComponentLink1URL"; Value = "https://www.digikey.com.au/product-detail/en/w%C3%BCrth-elektronik/74404064221/732-7261-1-ND/5353241"; VariantName = "[No Variations]"
Add component (AddParameter): Name = "ComponentLink2Description"; Value = "LCSC A"; VariantName = "[No Variations]"
Add component (AddParameter): Name = "ComponentLink2URL"; Value = "https://lcsc.com/product-detail/Power-Inductors_Sunlord-SWPA6045S221MT_C91047.html"; VariantName = "[No Variations]"
Add component (AddParameter): Name = "ComponentLink3Description"; Value = "LCSC B"; VariantName = "[No Variations]"
Add component (AddParameter): Name = "ComponentLink3URL"; Value = "https://lcsc.com/product-detail/Power-Inductors_SXN-Shun-Xiang-Nuo-Elec-SMNR6045-221MT_C467145.html"; VariantName = "[No Variations]"
Added Component: Designator=L2(Inductor_6x6mm)
Add component (AddParameter): Name = "ComponentLink1Description"; Value = "Digikey"; VariantName = "[No Variations]"
Add component (AddParameter): Name = "ComponentLink1URL"; Value = "https://www.digikey.com.au/product-detail/en/w%C3%BCrth-elektronik/74404064221/732-7261-1-ND/5353241"; VariantName = "[No Variations]"
Add component (AddParameter): Name = "ComponentLink2Description"; Value = "LCSC A"; VariantName = "[No Variations]"
Add component (AddParameter): Name = "ComponentLink2URL"; Value = "https://lcsc.com/product-detail/Power-Inductors_Sunlord-SWPA6045S221MT_C91047.html"; VariantName = "[No Variations]"
Add component (AddParameter): Name = "ComponentLink3Description"; Value = "LCSC B"; VariantName = "[No Variations]"
Add component (AddParameter): Name = "ComponentLink3URL"; Value = "https://lcsc.com/product-detail/Power-Inductors_SXN-Shun-Xiang-Nuo-Elec-SMNR6045-221MT_C467145.html"; VariantName = "[No Variations]"
Added Component: Designator=P1(HDR1X3)
Add component (AddParameter): Name = "LatestRevisionDate"; Value = "17-Jul-2002"; VariantName = "[No Variations]"
Add component (AddParameter): Name = "LatestRevisionNote"; Value = "Re-released for DXP Platform."; VariantName = "[No Variations]"
Add component (AddParameter): Name = "Publisher"; Value = "Altium Limited"; VariantName = "[No Variations]"
Added Component: Designator=Q1(SOT23-3)
Added Component: Designator=Q2(SOT23-3)
Added Component: Designator=R1A(Res_ThinFilm_0603)
Added Component: Designator=R1B(Res_ThinFilm_0603)
Added Component: Designator=R2A(Res_ThinFilm_0603)
Added Component: Designator=R2B(Res_ThinFilm_0603)
Added Component: Designator=R3A(Res_ThinFilm_0603)
Added Component: Designator=R3B(Res_ThinFilm_0603)
Added Component: Designator=R4A(Res_ThinFilm_0603)
Added Component: Designator=R4B(Res_ThinFilm_0603)
Added Component: Designator=R5A(TC33)
Added Component: Designator=R5B(TC33)
Added Component: Designator=R6A(Res_ThinFilm_0603)
Added Component: Designator=R6B(Res_ThinFilm_0603)
Added Component: Designator=R7A(Res_ThinFilm_0603)
Added Component: Designator=R7B(Res_ThinFilm_0603)
Added Component: Designator=R8A(Res_ThinFilm_0603)
Added Component: Designator=R8B(Res_ThinFilm_0603)
Added Component: Designator=R9A(Res_ThinFilm_0603)
Added Component: Designator=R9B(Res_ThinFilm_0603)
Added Component: Designator=R10A(TC33)
Added Component: Designator=R10B(TC33)
Added Component: Designator=R11A(Res_ThinFilm_0603)
Added Component: Designator=R11B(Res_ThinFilm_0603)
Added Component: Designator=R12A(Res_ThinFilm_0603)
Added Component: Designator=R12B(Res_ThinFilm_0603)
Added Component: Designator=R13A(Res_ThinFilm_0603)
Added Component: Designator=R13B(Res_ThinFilm_0603)
Added Component: Designator=R14(Res_ThinFilm_0603)
Added Component: Designator=R15(Res_ThinFilm_0603)
Added Component: Designator=R16(TC33)
Added Component: Designator=R17(Res_ThinFilm_0603)
Added Component: Designator=R18(Res_ThinFilm_0603)
Added Component: Designator=R19(Res_ThinFilm_0603)
Added Component: Designator=R20(Res_ThinFilm_0603)
Added Component: Designator=R21(Res_ThinFilm_1210)
Added Component: Designator=R22(Res_ThinFilm_0603)
Added Component: Designator=R23(Res_ThinFilm_0603)
Added Component: Designator=R24(Res_ThinFilm_0603)
Added Component: Designator=R25(Res_ThinFilm_0603)
Added Component: Designator=R26(Res_ThinFilm_0603)
Added Component: Designator=R27(Res_ThinFilm_0603)
Added Component: Designator=R28(Res_ThinFilm_0603)
Added Component: Designator=R29(Res_ThinFilm_0603)
Added Component: Designator=SW1(BTN B3U-1000P)
Add component (AddParameter): Name = "ComponentLink1Description"; Value = "LCSC"; VariantName = "[No Variations]"
Add component (AddParameter): Name = "ComponentLink1URL"; Value = "https://lcsc.com/product-detail/Tactile-Switches_BRIGHT-TSA063G50-250_C294565.html"; VariantName = "[No Variations]"
Added Component: Designator=TP1(TestPointSMD)
Added Component: Designator=TP2(TestPointSMD)
Added Component: Designator=TP3(TestPointSMD)
Added Component: Designator=U1(TSSOP-14)
Added Component: Designator=U2A(SOIC-8)
Added Component: Designator=U2B(SOIC-8)
Added Component: Designator=U3(SOIC-8)
Added Component: Designator=U4(STM32F042C6)
Add component (AddParameter): Name = "ComponentLink1Description"; Value = "Digikey"; VariantName = "[No Variations]"
Add component (AddParameter): Name = "ComponentLink1URL"; Value = "https://www.digikey.com.au/product-detail/en/stmicroelectronics/STM32F302RCT6TR/497-19000-1-ND/9974332"; VariantName = "[No Variations]"
Add component (AddParameter): Name = "ComponentLink2Description"; Value = "Datasheet"; VariantName = "[No Variations]"
Add component (AddParameter): Name = "ComponentLink2URL"; Value = "http://www.st.com/content/ccc/resource/technical/document/datasheet/67/73/21/b9/f2/b3/4d/f8/DM00094064.pdf/files/DM00094064.pdf/jcr:content/translations/en.DM00094064.pdf"; VariantName = "[No Variations]"
Added Component: Designator=U5(DSC1001DI1-008.0000TCT-ND)
Added Component: Designator=U6(SN65HVD233DR)
Add component (AddParameter): Name = "ComponentLink1Description"; Value = "LCSC"; VariantName = "[No Variations]"
Add component (AddParameter): Name = "ComponentLink1URL"; Value = "https://lcsc.com/product-detail/CAN-ICs_Texas-Instruments_SN65HVD233DRG4_Texas-Instruments-Texas-Instruments-SN65HVD233DRG4_C61643.html"; VariantName = "[No Variations]"
Add component (AddParameter): Name = "ComponentLink2Description"; Value = "Digikey"; VariantName = "[No Variations]"
Add component (AddParameter): Name = "ComponentLink2URL"; Value = "https://www.digikey.com.au/product-detail/en/texas-instruments/SN65HVD233DR/296-35967-1-ND/4134960"; VariantName = "[No Variations]"
Add component (AddParameter): Name = "ComponentLink3Description"; Value = "Datasheet"; VariantName = "[No Variations]"
Add component (AddParameter): Name = "ComponentLink3URL"; Value = "https://www.ti.com/lit/ds/symlink/sn65hvd233.pdf?ts=1588560888178"; VariantName = "[No Variations]"
Add component (AddParameter): Name = "ComponentLink4Description"; Value = "Ti Product Page"; VariantName = "[No Variations]"
Add component (AddParameter): Name = "ComponentLink4URL"; Value = "https://www.ti.com/product/SN65HVD233"; VariantName = "[No Variations]"
Added Component: Designator=U7(LMR14010)
Added Pin To Net: NetName=BUZZER POS Pin=B1-1
Added Pin To Net: NetName=BUZZER NEG Pin=B1-2
Added Pin To Net: NetName=GND Pin=C1-1
Added Pin To Net: NetName=3V3 Pin=C1-2
Added Pin To Net: NetName=GND Pin=C2A-1
Added Pin To Net: NetName=COMP TOPA Pin=C2A-2
Added Pin To Net: NetName=GND Pin=C2B-1
Added Pin To Net: NetName=COMP TOPB Pin=C2B-2
Added Pin To Net: NetName=12V Pin=C3A-1
Added Pin To Net: NetName=GND Pin=C3A-2
Added Pin To Net: NetName=12V Pin=C3B-1
Added Pin To Net: NetName=GND Pin=C3B-2
Added Pin To Net: NetName=GND Pin=C4A-1
Added Pin To Net: NetName=COMP BTMA Pin=C4A-2
Added Pin To Net: NetName=GND Pin=C4B-1
Added Pin To Net: NetName=COMP BTMB Pin=C4B-2
Added Pin To Net: NetName=GND Pin=C5-1
Added Pin To Net: NetName=NetC5_2 Pin=C5-2
Added Pin To Net: NetName=GND Pin=C6-1
Added Pin To Net: NetName=BSPD11 Pin=C6-2
Added Pin To Net: NetName=GND Pin=C7-1
Added Pin To Net: NetName=3V3 Pin=C7-2
Added Pin To Net: NetName=GND Pin=C8-1
Added Pin To Net: NetName=3V3 Pin=C8-2
Added Pin To Net: NetName=GND Pin=C9-1
Added Pin To Net: NetName=3V3 Pin=C9-2
Added Pin To Net: NetName=GND Pin=C10-1
Added Pin To Net: NetName=3V3 Pin=C10-2
Added Pin To Net: NetName=GND Pin=C11-1
Added Pin To Net: NetName=3V3 Pin=C11-2
Added Pin To Net: NetName=GND Pin=C12-1
Added Pin To Net: NetName=3V3 Pin=C12-2
Added Pin To Net: NetName=GND Pin=C13-1
Added Pin To Net: NetName=3V3 Pin=C13-2
Added Pin To Net: NetName=GND Pin=C14-1
Added Pin To Net: NetName=3V3 Pin=C14-2
Added Pin To Net: NetName=GND Pin=C15-1
Added Pin To Net: NetName=3V3 Pin=C15-2
Added Pin To Net: NetName=GND Pin=C16-1
Added Pin To Net: NetName=NetC16_2 Pin=C16-2
Added Pin To Net: NetName=GND Pin=C17-1
Added Pin To Net: NetName=NetC16_2 Pin=C17-2
Added Pin To Net: NetName=GND Pin=C18-1
Added Pin To Net: NetName=3V3 Pin=C18-2
Added Pin To Net: NetName=GND Pin=C19-1
Added Pin To Net: NetName=NRST Pin=C19-2
Added Pin To Net: NetName=GND Pin=C20-1
Added Pin To Net: NetName=3V3 Pin=C20-2
Added Pin To Net: NetName=PWR CB Pin=C21-1
Added Pin To Net: NetName=PWR SW Pin=C21-2
Added Pin To Net: NetName=GND Pin=C22-1
Added Pin To Net: NetName=12V Pin=C22-2
Added Pin To Net: NetName=GND Pin=C23-1
Added Pin To Net: NetName=12V Pin=C23-2
Added Pin To Net: NetName=GND Pin=C24-1
Added Pin To Net: NetName=3V3 Pin=C24-2
Added Pin To Net: NetName=GND Pin=C25-1
Added Pin To Net: NetName=3V3 Pin=C25-2
Added Pin To Net: NetName=CAN L Pin=D1-1
Added Pin To Net: NetName=CAN H Pin=D1-2
Added Pin To Net: NetName=GND Pin=D1-3
Added Pin To Net: NetName=GND Pin=D2-A
Added Pin To Net: NetName=PWR SW Pin=D2-K
Added Pin To Net: NetName=NetD3_A Pin=D3-A
Added Pin To Net: NetName=12V Pin=D3-K
Added Pin To Net: NetName=NetD3_A Pin=D4-A
Added Pin To Net: NetName=RELAY Pin=D4-K
Added Pin To Net: NetName=CAN LED Pin=DS1-1
Added Pin To Net: NetName=CAN TX LED Pin=DS1-2
Added Pin To Net: NetName=CAN LED Pin=DS2-1
Added Pin To Net: NetName=CAN RX LED Pin=DS2-2
Added Pin To Net: NetName=NetDS3_1 Pin=DS3-1
Added Pin To Net: NetName=GND Pin=DS3-2
Added Pin To Net: NetName=3V3 Pin=J1-1
Added Pin To Net: NetName=SWDIO Pin=J1-2
Added Pin To Net: NetName=GND Pin=J1-3
Added Pin To Net: NetName=SWCLK Pin=J1-4
Added Pin To Net: NetName=GND Pin=J1-5
Added Pin To Net: NetName=PROG A Pin=J1-6
Added Pin To Net: NetName=PROG B Pin=J1-7
Added Pin To Net: NetName=PROG C Pin=J1-8
Added Pin To Net: NetName=GND Pin=J1-9
Added Pin To Net: NetName=NRST Pin=J1-10
Added Pin To Net: NetName=3V3 Pin=J2-1
Added Pin To Net: NetName=CAN LED Pin=J2-2
Added Pin To Net: NetName=CAN H Pin=J3-1
Added Pin To Net: NetName=CAN TERM Pin=J3-2
Added Pin To Net: NetName=3V3 Pin=J4-1
Added Pin To Net: NetName=BUZZER POS Pin=J4-2
Added Pin To Net: NetName=12V Pin=J5-1
Added Pin To Net: NetName=PEDAL IN Pin=J5-2
Added Pin To Net: NetName=CHAIN IN Pin=J5-3
Added Pin To Net: NetName=CHAIN OUT Pin=J5-4
Added Pin To Net: NetName=GND Pin=J5-5
Added Pin To Net: NetName=5KW SIGNAL IN Pin=J5-6
Added Pin To Net: NetName=CAN H Pin=J5-7
Added Pin To Net: NetName=CAN L Pin=J5-8
Added Pin To Net: NetName=12V Pin=K1-1
Added Pin To Net: NetName=RELAY Pin=K1-2
Added Pin To Net: NetName=3V3 Pin=L1-1
Added Pin To Net: NetName=NetC16_2 Pin=L1-2
Added Pin To Net: NetName=PWR SW Pin=L2-1
Added Pin To Net: NetName=3V3 Pin=L2-2
Added Pin To Net: NetName=USART1 TX Pin=P1-1
Added Pin To Net: NetName=USART1 RX Pin=P1-2
Added Pin To Net: NetName=GND Pin=P1-3
Added Pin To Net: NetName=BUZZER NEG Pin=Q1-D
Added Pin To Net: NetName=BUZZER MOS Pin=Q1-G
Added Pin To Net: NetName=GND Pin=Q1-S
Added Pin To Net: NetName=RELAY Pin=Q2-D
Added Pin To Net: NetName=RELAY CTRL Pin=Q2-G
Added Pin To Net: NetName=GND Pin=Q2-S
Added Pin To Net: NetName=BSPD5 Pin=R1A-1
Added Pin To Net: NetName=3V3 Pin=R1A-2
Added Pin To Net: NetName=BSPD1 Pin=R1B-1
Added Pin To Net: NetName=3V3 Pin=R1B-2
Added Pin To Net: NetName=GND Pin=R2A-1
Added Pin To Net: NetName=5KW SIGNAL IN Pin=R2A-2
Added Pin To Net: NetName=GND Pin=R2B-1
Added Pin To Net: NetName=PEDAL IN Pin=R2B-2
Added Pin To Net: NetName=BSPD6 Pin=R3A-1
Added Pin To Net: NetName=3V3 Pin=R3A-2
Added Pin To Net: NetName=BSPD2 Pin=R3B-1
Added Pin To Net: NetName=3V3 Pin=R3B-2
Added Pin To Net: NetName=COMP TOPA Pin=R4A-1
Added Pin To Net: NetName=12V Pin=R4A-2
Added Pin To Net: NetName=COMP TOPB Pin=R4B-1
Added Pin To Net: NetName=12V Pin=R4B-2
Added Pin To Net: NetName=12V Pin=R5A-1
Added Pin To Net: NetName=COMP TOPA Pin=R5A-2
Added Pin To Net: NetName=GND Pin=R5A-3
Added Pin To Net: NetName=12V Pin=R5B-1
Added Pin To Net: NetName=COMP TOPB Pin=R5B-2
Added Pin To Net: NetName=GND Pin=R5B-3
Added Pin To Net: NetName=GND Pin=R6A-1
Added Pin To Net: NetName=COMP TOPA Pin=R6A-2
Added Pin To Net: NetName=GND Pin=R6B-1
Added Pin To Net: NetName=COMP TOPB Pin=R6B-2
Added Pin To Net: NetName=COMP TOPA Pin=R7A-1
Added Pin To Net: NetName=BSPD7 Pin=R7A-2
Added Pin To Net: NetName=COMP TOPB Pin=R7B-1
Added Pin To Net: NetName=BSPD3 Pin=R7B-2
Added Pin To Net: NetName=GND Pin=R8A-1
Added Pin To Net: NetName=BSPD7 Pin=R8A-2
Added Pin To Net: NetName=GND Pin=R8B-1
Added Pin To Net: NetName=BSPD3 Pin=R8B-2
Added Pin To Net: NetName=COMP BTMA Pin=R9A-1
Added Pin To Net: NetName=12V Pin=R9A-2
Added Pin To Net: NetName=COMP BTMB Pin=R9B-1
Added Pin To Net: NetName=12V Pin=R9B-2
Added Pin To Net: NetName=12V Pin=R10A-1
Added Pin To Net: NetName=COMP BTMA Pin=R10A-2
Added Pin To Net: NetName=GND Pin=R10A-3
Added Pin To Net: NetName=12V Pin=R10B-1
Added Pin To Net: NetName=COMP BTMB Pin=R10B-2
Added Pin To Net: NetName=GND Pin=R10B-3
Added Pin To Net: NetName=GND Pin=R11A-1
Added Pin To Net: NetName=COMP BTMA Pin=R11A-2
Added Pin To Net: NetName=GND Pin=R11B-1
Added Pin To Net: NetName=COMP BTMB Pin=R11B-2
Added Pin To Net: NetName=COMP BTMA Pin=R12A-1
Added Pin To Net: NetName=BSPD8 Pin=R12A-2
Added Pin To Net: NetName=COMP BTMB Pin=R12B-1
Added Pin To Net: NetName=BSPD4 Pin=R12B-2
Added Pin To Net: NetName=GND Pin=R13A-1
Added Pin To Net: NetName=BSPD8 Pin=R13A-2
Added Pin To Net: NetName=GND Pin=R13B-1
Added Pin To Net: NetName=BSPD4 Pin=R13B-2
Added Pin To Net: NetName=BSPD9 Pin=R14-1
Added Pin To Net: NetName=NetC5_2 Pin=R14-2
Added Pin To Net: NetName=BSPD11 Pin=R15-1
Added Pin To Net: NetName=3V3 Pin=R15-2
Added Pin To Net: NetName=3V3 Pin=R16-1
Added Pin To Net: NetName=BSPD11 Pin=R16-2
Added Pin To Net: NetName=GND Pin=R16-3
Added Pin To Net: NetName=GND Pin=R17-1
Added Pin To Net: NetName=BSPD11 Pin=R17-2
Added Pin To Net: NetName=NRST Pin=R18-1
Added Pin To Net: NetName=3V3 Pin=R18-2
Added Pin To Net: NetName=CAN TX Pin=R19-1
Added Pin To Net: NetName=CAN TX LED Pin=R19-2
Added Pin To Net: NetName=CAN RX Pin=R20-1
Added Pin To Net: NetName=CAN RX LED Pin=R20-2
Added Pin To Net: NetName=CAN L Pin=R21-1
Added Pin To Net: NetName=CAN TERM Pin=R21-2
Added Pin To Net: NetName=PWR FB Pin=R22-1
Added Pin To Net: NetName=3V3 Pin=R22-2
Added Pin To Net: NetName=NetDS3_1 Pin=R23-1
Added Pin To Net: NetName=3V3 Pin=R23-2
Added Pin To Net: NetName=GND Pin=R24-1
Added Pin To Net: NetName=PWR FB Pin=R24-2
Added Pin To Net: NetName=BUZZER NEG Pin=R25-1
Added Pin To Net: NetName=BUZZER POS Pin=R25-2
Added Pin To Net: NetName=NetR26_1 Pin=R26-1
Added Pin To Net: NetName=BUZZER MOS Pin=R26-2
Added Pin To Net: NetName=BUZZER MOS Pin=R27-1
Added Pin To Net: NetName=GND Pin=R27-2
Added Pin To Net: NetName=BSPD10 Pin=R28-1
Added Pin To Net: NetName=RELAY CTRL Pin=R28-2
Added Pin To Net: NetName=GND Pin=R29-1
Added Pin To Net: NetName=RELAY CTRL Pin=R29-2
Added Pin To Net: NetName=GND Pin=SW1-1
Added Pin To Net: NetName=NRST Pin=SW1-2
Added Pin To Net: NetName=3V3 Pin=TP1-1
Added Pin To Net: NetName=PWR SW Pin=TP2-1
Added Pin To Net: NetName=PWR FB Pin=TP3-1
Added Pin To Net: NetName=BSPD1 Pin=U1-1
Added Pin To Net: NetName=BSPD2 Pin=U1-2
Added Pin To Net: NetName=NetU1_3 Pin=U1-3
Added Pin To Net: NetName=BSPD5 Pin=U1-4
Added Pin To Net: NetName=BSPD6 Pin=U1-5
Added Pin To Net: NetName=NetU1_6 Pin=U1-6
Added Pin To Net: NetName=GND Pin=U1-7
Added Pin To Net: NetName=BSPD9 Pin=U1-8
Added Pin To Net: NetName=NetU1_3 Pin=U1-9
Added Pin To Net: NetName=NetU1_6 Pin=U1-10
Added Pin To Net: NetName=3V3 Pin=U1-14
Added Pin To Net: NetName=BSPD5 Pin=U2A-1
Added Pin To Net: NetName=5KW SIGNAL IN Pin=U2A-2
Added Pin To Net: NetName=COMP TOPA Pin=U2A-3
Added Pin To Net: NetName=GND Pin=U2A-4
Added Pin To Net: NetName=5KW SIGNAL IN Pin=U2A-5
Added Pin To Net: NetName=COMP BTMA Pin=U2A-6
Added Pin To Net: NetName=BSPD6 Pin=U2A-7
Added Pin To Net: NetName=12V Pin=U2A-8
Added Pin To Net: NetName=BSPD1 Pin=U2B-1
Added Pin To Net: NetName=PEDAL IN Pin=U2B-2
Added Pin To Net: NetName=COMP TOPB Pin=U2B-3
Added Pin To Net: NetName=GND Pin=U2B-4
Added Pin To Net: NetName=PEDAL IN Pin=U2B-5
Added Pin To Net: NetName=COMP BTMB Pin=U2B-6
Added Pin To Net: NetName=BSPD2 Pin=U2B-7
Added Pin To Net: NetName=12V Pin=U2B-8
Added Pin To Net: NetName=BSPD10 Pin=U3-1
Added Pin To Net: NetName=NetC5_2 Pin=U3-2
Added Pin To Net: NetName=BSPD11 Pin=U3-3
Added Pin To Net: NetName=GND Pin=U3-4
Added Pin To Net: NetName=GND Pin=U3-6
Added Pin To Net: NetName=GND Pin=U3-7
Added Pin To Net: NetName=3V3 Pin=U3-8
Added Pin To Net: NetName=3V3 Pin=U4-1
Added Pin To Net: NetName=PC13 Pin=U4-2
Added Pin To Net: NetName=PC14 Pin=U4-3
Added Pin To Net: NetName=PC15 Pin=U4-4
Added Pin To Net: NetName=OSC IN Pin=U4-5
Added Pin To Net: NetName=GND Pin=U4-6
Added Pin To Net: NetName=NRST Pin=U4-7
Added Pin To Net: NetName=BSPD9 Pin=U4-8
Added Pin To Net: NetName=BSPD10 Pin=U4-9
Added Pin To Net: NetName=BSPD11 Pin=U4-10
Added Pin To Net: NetName=GND Pin=U4-12
Added Pin To Net: NetName=NetC16_2 Pin=U4-13
Added Pin To Net: NetName=BSPD1 Pin=U4-14
Added Pin To Net: NetName=BSPD2 Pin=U4-15
Added Pin To Net: NetName=BSPD3 Pin=U4-16
Added Pin To Net: NetName=BSPD4 Pin=U4-17
Added Pin To Net: NetName=PF4 Pin=U4-18
Added Pin To Net: NetName=3V3 Pin=U4-19
Added Pin To Net: NetName=BSPD5 Pin=U4-20
Added Pin To Net: NetName=BSPD6 Pin=U4-21
Added Pin To Net: NetName=BSPD7 Pin=U4-22
Added Pin To Net: NetName=BSPD8 Pin=U4-23
Added Pin To Net: NetName=USART1 TX Pin=U4-26
Added Pin To Net: NetName=USART1 RX Pin=U4-27
Added Pin To Net: NetName=GND Pin=U4-31
Added Pin To Net: NetName=3V3 Pin=U4-32
Added Pin To Net: NetName=CAN RX Pin=U4-44
Added Pin To Net: NetName=CAN TX Pin=U4-45
Added Pin To Net: NetName=SWDIO Pin=U4-46
Added Pin To Net: NetName=GND Pin=U4-47
Added Pin To Net: NetName=3V3 Pin=U4-48
Added Pin To Net: NetName=3V3 Pin=U5-1
Added Pin To Net: NetName=GND Pin=U5-2
Added Pin To Net: NetName=OSC IN Pin=U5-3
Added Pin To Net: NetName=3V3 Pin=U5-4
Added Pin To Net: NetName=CAN TX Pin=U6-1
Added Pin To Net: NetName=GND Pin=U6-2
Added Pin To Net: NetName=3V3 Pin=U6-3
Added Pin To Net: NetName=CAN RX Pin=U6-4
Added Pin To Net: NetName=CAN L Pin=U6-6
Added Pin To Net: NetName=CAN H Pin=U6-7
Added Pin To Net: NetName=GND Pin=U6-8
Added Pin To Net: NetName=PWR CB Pin=U7-1
Added Pin To Net: NetName=GND Pin=U7-2
Added Pin To Net: NetName=PWR FB Pin=U7-3
Added Pin To Net: NetName=12V Pin=U7-4
Added Pin To Net: NetName=12V Pin=U7-5
Added Pin To Net: NetName=PWR SW Pin=U7-6
Added Member To Class: ClassName=SHDN-BSPD-S08-V00-Buzzer Member=Component B1 PS1240P02BT
Added Member To Class: ClassName=SHDN-BSPD-S02-V00-BSPDSystem Member=Component C1 100nF
Added Member To Class: ClassName=SHDN-BSPD-S03-V00-BSPDWindowComparitor1 Member=Component C2A (C2) 100nF
Added Member To Class: ClassName=SHDN-BSPD-S03-V00-BSPDWindowComparitor2 Member=Component C2B (C2) 100nF
Added Member To Class: ClassName=SHDN-BSPD-S03-V00-BSPDWindowComparitor1 Member=Component C3A (C3) 100nF 50V 5% X7R 0603
Added Member To Class: ClassName=SHDN-BSPD-S03-V00-BSPDWindowComparitor2 Member=Component C3B (C3) 100nF 50V 5% X7R 0603
Added Member To Class: ClassName=SHDN-BSPD-S03-V00-BSPDWindowComparitor1 Member=Component C4A (C4) 100nF
Added Member To Class: ClassName=SHDN-BSPD-S03-V00-BSPDWindowComparitor2 Member=Component C4B (C4) 100nF
Added Member To Class: ClassName=SHDN-BSPD-S04-V00-BSPDDelay Member=Component C5 10uF 25V 10% X7R 1206
Added Member To Class: ClassName=SHDN-BSPD-S04-V00-BSPDDelay Member=Component C6 100nF
Added Member To Class: ClassName=SHDN-BSPD-S04-V00-BSPDDelay Member=Component C7 100nF
Added Member To Class: ClassName=SHDN-BSPD-S05-V00-Microcontroller Member=Component C8 100nF
Added Member To Class: ClassName=SHDN-BSPD-S05-V00-Microcontroller Member=Component C9 4u7
Added Member To Class: ClassName=SHDN-BSPD-S05-V00-Microcontroller Member=Component C10 100nF
Added Member To Class: ClassName=SHDN-BSPD-S05-V00-Microcontroller Member=Component C11 4u7
Added Member To Class: ClassName=SHDN-BSPD-S05-V00-Microcontroller Member=Component C12 100nF
Added Member To Class: ClassName=SHDN-BSPD-S05-V00-Microcontroller Member=Component C13 4u7
Added Member To Class: ClassName=SHDN-BSPD-S05-V00-Microcontroller Member=Component C14 100nF
Added Member To Class: ClassName=SHDN-BSPD-S05-V00-Microcontroller Member=Component C15 4u7
Added Member To Class: ClassName=SHDN-BSPD-S05-V00-Microcontroller Member=Component C16 1uF
Added Member To Class: ClassName=SHDN-BSPD-S05-V00-Microcontroller Member=Component C17 10nF
Added Member To Class: ClassName=SHDN-BSPD-S05-V00-Microcontroller Member=Component C18 100nF
Added Member To Class: ClassName=SHDN-BSPD-S05-V00-Microcontroller Member=Component C19 100nF
Added Member To Class: ClassName=SHDN-BSPD-S06-V00-IsolatedCAN Member=Component C20 100nF
Added Member To Class: ClassName=SHDN-BSPD-S07-V00-PSU Member=Component C21 100nF 100V
Added Member To Class: ClassName=SHDN-BSPD-S07-V00-PSU Member=Component C22 22uF 35V 1206
Added Member To Class: ClassName=SHDN-BSPD-S07-V00-PSU Member=Component C23 22uF 35V 1206
Added Member To Class: ClassName=SHDN-BSPD-S07-V00-PSU Member=Component C24 47uF 16V 1210
Added Member To Class: ClassName=SHDN-BSPD-S07-V00-PSU Member=Component C25 47uF 16V 1210
Added Member To Class: ClassName=SHDN-BSPD-S06-V00-IsolatedCAN Member=Component D1 NUP2105L
Added Member To Class: ClassName=SHDN-BSPD-S07-V00-PSU Member=Component D2 B260A-13-F
Added Member To Class: ClassName=SHDN-BSPD-S09-V00-ShutdownRelay Member=Component D3 B260A-13-F
Added Member To Class: ClassName=SHDN-BSPD-S09-V00-ShutdownRelay Member=Component D4 SMAZ6V2-13-F
Added Member To Class: ClassName=SHDN-BSPD-S06-V00-IsolatedCAN Member=Component DS1 LED Blue 0603
Added Member To Class: ClassName=SHDN-BSPD-S06-V00-IsolatedCAN Member=Component DS2 LED Blue 0603
Added Member To Class: ClassName=SHDN-BSPD-S07-V00-PSU Member=Component DS3 LED Green 0603
Added Member To Class: ClassName=SHDN-BSPD-S05-V00-Microcontroller Member=Component J1 IDC 10P 2x5 1.27mm
Added Member To Class: ClassName=SHDN-BSPD-S06-V00-IsolatedCAN Member=Component J2 Jumper 2Way Solderable
Added Member To Class: ClassName=SHDN-BSPD-S06-V00-IsolatedCAN Member=Component J3 Jumper 2Way Pins
Added Member To Class: ClassName=SHDN-BSPD-S08-V00-Buzzer Member=Component J4 Jumper 2Way Pins
Added Member To Class: ClassName=SHDN-BSPD-S10-V00-Connectivity Member=Component J5 Microfit 3.0 2x4
Added Member To Class: ClassName=SHDN-BSPD-S09-V00-ShutdownRelay Member=Component K1 G5V-1-DC12
Added Member To Class: ClassName=SHDN-BSPD-S05-V00-Microcontroller Member=Component L1 10uH, 10%, 0603
Added Member To Class: ClassName=SHDN-BSPD-S07-V00-PSU Member=Component L2 74404064221
Added Member To Class: ClassName=SHDN-BSPD-S05-V00-Microcontroller Member=Component P1 UART
Added Member To Class: ClassName=SHDN-BSPD-S08-V00-Buzzer Member=Component Q1 2N7002
Added Member To Class: ClassName=SHDN-BSPD-S09-V00-ShutdownRelay Member=Component Q2 2N7002
Added Member To Class: ClassName=SHDN-BSPD-S03-V00-BSPDWindowComparitor1 Member=Component R1A (R1) 1k
Added Member To Class: ClassName=SHDN-BSPD-S03-V00-BSPDWindowComparitor2 Member=Component R1B (R1) 1k
Added Member To Class: ClassName=SHDN-BSPD-S03-V00-BSPDWindowComparitor1 Member=Component R2A (R2) 1k
Added Member To Class: ClassName=SHDN-BSPD-S03-V00-BSPDWindowComparitor2 Member=Component R2B (R2) 1k
Added Member To Class: ClassName=SHDN-BSPD-S03-V00-BSPDWindowComparitor1 Member=Component R3A (R3) 1k
Added Member To Class: ClassName=SHDN-BSPD-S03-V00-BSPDWindowComparitor2 Member=Component R3B (R3) 1k
Added Member To Class: ClassName=SHDN-BSPD-S03-V00-BSPDWindowComparitor1 Member=Component R4A (R4) DNF 0603
Added Member To Class: ClassName=SHDN-BSPD-S03-V00-BSPDWindowComparitor2 Member=Component R4B (R4) DNF 0603
Added Member To Class: ClassName=SHDN-BSPD-S03-V00-BSPDWindowComparitor1 Member=Component R5A (R5) TC33X-2-103E
Added Member To Class: ClassName=SHDN-BSPD-S03-V00-BSPDWindowComparitor2 Member=Component R5B (R5) TC33X-2-103E
Added Member To Class: ClassName=SHDN-BSPD-S03-V00-BSPDWindowComparitor1 Member=Component R6A (R6) DNF 0603
Added Member To Class: ClassName=SHDN-BSPD-S03-V00-BSPDWindowComparitor2 Member=Component R6B (R6) DNF 0603
Added Member To Class: ClassName=SHDN-BSPD-S03-V00-BSPDWindowComparitor1 Member=Component R7A (R7) 10k 5% 0603
Added Member To Class: ClassName=SHDN-BSPD-S03-V00-BSPDWindowComparitor2 Member=Component R7B (R7) 10k 5% 0603
Added Member To Class: ClassName=SHDN-BSPD-S03-V00-BSPDWindowComparitor1 Member=Component R8A (R8) 2k7 5% 0603
Added Member To Class: ClassName=SHDN-BSPD-S03-V00-BSPDWindowComparitor2 Member=Component R8B (R8) 2k7 5% 0603
Added Member To Class: ClassName=SHDN-BSPD-S03-V00-BSPDWindowComparitor1 Member=Component R9A (R9) DNF 0603
Added Member To Class: ClassName=SHDN-BSPD-S03-V00-BSPDWindowComparitor2 Member=Component R9B (R9) DNF 0603
Added Member To Class: ClassName=SHDN-BSPD-S03-V00-BSPDWindowComparitor1 Member=Component R10A (R10) TC33X-2-103E
Added Member To Class: ClassName=SHDN-BSPD-S03-V00-BSPDWindowComparitor2 Member=Component R10B (R10) TC33X-2-103E
Added Member To Class: ClassName=SHDN-BSPD-S03-V00-BSPDWindowComparitor1 Member=Component R11A (R11) DNF 0603
Added Member To Class: ClassName=SHDN-BSPD-S03-V00-BSPDWindowComparitor2 Member=Component R11B (R11) DNF 0603
Added Member To Class: ClassName=SHDN-BSPD-S03-V00-BSPDWindowComparitor1 Member=Component R12A (R12) 10k 5% 0603
Added Member To Class: ClassName=SHDN-BSPD-S03-V00-BSPDWindowComparitor2 Member=Component R12B (R12) 10k 5% 0603
Added Member To Class: ClassName=SHDN-BSPD-S03-V00-BSPDWindowComparitor1 Member=Component R13A (R13) 2k7 5% 0603
Added Member To Class: ClassName=SHDN-BSPD-S03-V00-BSPDWindowComparitor2 Member=Component R13B (R13) 2k7 5% 0603
Added Member To Class: ClassName=SHDN-BSPD-S04-V00-BSPDDelay Member=Component R14 68k 5% 0603
Added Member To Class: ClassName=SHDN-BSPD-S04-V00-BSPDDelay Member=Component R15 DNF 0603
Added Member To Class: ClassName=SHDN-BSPD-S04-V00-BSPDDelay Member=Component R16 TC33X-2-103E
Added Member To Class: ClassName=SHDN-BSPD-S04-V00-BSPDDelay Member=Component R17 DNF 0603
Added Member To Class: ClassName=SHDN-BSPD-S05-V00-Microcontroller Member=Component R18 4k7
Added Member To Class: ClassName=SHDN-BSPD-S06-V00-IsolatedCAN Member=Component R19 330R 5% 0603
Added Member To Class: ClassName=SHDN-BSPD-S06-V00-IsolatedCAN Member=Component R20 330R 5% 0603
Added Member To Class: ClassName=SHDN-BSPD-S06-V00-IsolatedCAN Member=Component R21 120R 1% 1210
Added Member To Class: ClassName=SHDN-BSPD-S07-V00-PSU Member=Component R22 64k9 1%
Added Member To Class: ClassName=SHDN-BSPD-S07-V00-PSU Member=Component R23 1k
Added Member To Class: ClassName=SHDN-BSPD-S07-V00-PSU Member=Component R24 19k6 1%
Added Member To Class: ClassName=SHDN-BSPD-S08-V00-Buzzer Member=Component R25 1k
Added Member To Class: ClassName=SHDN-BSPD-S08-V00-Buzzer Member=Component R26 100R
Added Member To Class: ClassName=SHDN-BSPD-S08-V00-Buzzer Member=Component R27 1k
Added Member To Class: ClassName=SHDN-BSPD-S09-V00-ShutdownRelay Member=Component R28 100R
Added Member To Class: ClassName=SHDN-BSPD-S09-V00-ShutdownRelay Member=Component R29 1k
Added Member To Class: ClassName=SHDN-BSPD-S05-V00-Microcontroller Member=Component SW1 B3U-1000P
Added Member To Class: ClassName=SHDN-BSPD-S07-V00-PSU Member=Component TP1 TestPoint_SMD
Added Member To Class: ClassName=SHDN-BSPD-S07-V00-PSU Member=Component TP2 TestPoint_SMD
Added Member To Class: ClassName=SHDN-BSPD-S07-V00-PSU Member=Component TP3 TestPoint_SMD
Added Member To Class: ClassName=SHDN-BSPD-S02-V00-BSPDSystem Member=Component U1 SN74HC08
Added Member To Class: ClassName=SHDN-BSPD-S03-V00-BSPDWindowComparitor1 Member=Component U2A (U2A) LM393
Added Member To Class: ClassName=SHDN-BSPD-S03-V00-BSPDWindowComparitor2 Member=Component U2B (U2A) LM393
Added Member To Class: ClassName=SHDN-BSPD-S04-V00-BSPDDelay Member=Component U3 LM393
Added Member To Class: ClassName=SHDN-BSPD-S05-V00-Microcontroller Member=Component U4 STM32F302RC
Added Member To Class: ClassName=SHDN-BSPD-S05-V00-Microcontroller Member=Component U5 DSC1001DI1-008.0000T
Added Member To Class: ClassName=SHDN-BSPD-S06-V00-IsolatedCAN Member=Component U6 SN65HVD233
Added Member To Class: ClassName=SHDN-BSPD-S07-V00-PSU Member=Component U7 LMR14010
Added Room: Name=SHDN-BSPD-S02-V00-BSPDSystem
Added Room: Name=SHDN-BSPD-S03-V00-BSPDWindowComparitor1
Added Room: Name=SHDN-BSPD-S03-V00-BSPDWindowComparitor2
Added Room: Name=SHDN-BSPD-S04-V00-BSPDDelay
Added Room: Name=SHDN-BSPD-S05-V00-Microcontroller
Added Room: Name=SHDN-BSPD-S06-V00-IsolatedCAN
Added Room: Name=SHDN-BSPD-S07-V00-PSU
Added Room: Name=SHDN-BSPD-S08-V00-Buzzer
Added Room: Name=SHDN-BSPD-S09-V00-ShutdownRelay
Added Room: Name=SHDN-BSPD-S10-V00-Connectivity
