Added Component: Designator=B1(PS1240P02BT)
Added Component: Designator=C1(Cap_Ceramic_0603)
Added Component: Designator=C2_SHDN-BSPD-S03-V00-BSPDWindowComparitor1(Cap_Ceramic_0603)
Added Component: Designator=C2_SHDN-BSPD-S03-V00-BSPDWindowComparitor2(Cap_Ceramic_0603)
Added Component: Designator=C3_SHDN-BSPD-S03-V00-BSPDWindowComparitor1(Cap_Ceramic_0603)
Added Component: Designator=C3_SHDN-BSPD-S03-V00-BSPDWindowComparitor2(Cap_Ceramic_0603)
Added Component: Designator=C4_SHDN-BSPD-S03-V00-BSPDWindowComparitor1(Cap_Ceramic_0603)
Added Component: Designator=C4_SHDN-BSPD-S03-V00-BSPDWindowComparitor2(Cap_Ceramic_0603)
Added Component: Designator=C5(Cap_Ceramic_1206)
Added Component: Designator=C6(Cap_Ceramic_0603)
Added Component: Designator=C7(Cap_Ceramic_0603)
Added Component: Designator=C9(Cap_Ceramic_0603)
Added Component: Designator=C10(Cap_Ceramic_0603)
Added Component: Designator=C11(Cap_Ceramic_0603)
Added Component: Designator=C12(Cap_Ceramic_0603)
Added Component: Designator=C13(Cap_Ceramic_0603)
Added Component: Designator=C14(Cap_Ceramic_0603)
Added Component: Designator=C15(Cap_Ceramic_0603)
Added Component: Designator=C16(Cap_Ceramic_0603)
Added Component: Designator=C17(Cap_Ceramic_0603)
Added Component: Designator=C18(Cap_Ceramic_0603)
Added Component: Designator=C19(Cap_Ceramic_0603)
Added Component: Designator=C20(Cap_Ceramic_0603)
Added Component: Designator=C21(Cap_Ceramic_0603)
Added Component: Designator=C22(Cap_Ceramic_0603)
Added Component: Designator=C23(Cap_Ceramic_1206)
Added Component: Designator=C24(Cap_Ceramic_1206)
Added Component: Designator=C25(Cap_Ceramic_1210)
Added Component: Designator=C26(Cap_Ceramic_1210)
Added Component: Designator=D1(NUP2105L)
Add component (AddParameter): Name = "ComponentLink1Description"; Value = "Datasheet"; VariantName = "[No Variations]"
Add component (AddParameter): Name = "ComponentLink1URL"; Value = "https://www.onsemi.cn/PowerSolutions/document/NUP2105L-D.PDF"; VariantName = "[No Variations]"
Add component (AddParameter): Name = "ComponentLink2Description"; Value = "LCSC"; VariantName = "[No Variations]"
Add component (AddParameter): Name = "ComponentLink2URL"; Value = "https://lcsc.com/product-detail/TVS_ON-Semiconductor-NUP2105LT1G_C14486.html"; VariantName = "[No Variations]"
Add component (AddParameter): Name = "ComponentLink3Description"; Value = "Digikey"; VariantName = "[No Variations]"
Add component (AddParameter): Name = "ComponentLink3URL"; Value = "https://www.digikey.com.au/product-detail/en/on-semiconductor/SZNUP2105LT1G/SZNUP2105LT1GOSCT-ND/3487669"; VariantName = "[No Variations]"
Add component (AddParameter): Name = "Parameter 1"; Value = ""; VariantName = "[No Variations]"
Added Component: Designator=D2(SMA)
Added Component: Designator=D3(SMA)
Added Component: Designator=D4(SMA)
Add component (AddParameter): Name = "Manufacturer"; Value = "Generic"; VariantName = "[No Variations]"
Add component (AddParameter): Name = "MPN"; Value = "5V6 500mW SMA"; VariantName = "[No Variations]"
Added Component: Designator=DS1(LED GREEN 0603)
Added Component: Designator=DS2(LED BLUE 0603)
Added Component: Designator=DS3(LED BLUE 0603)
Added Component: Designator=J1(IDC 1.27MM 10P)
Added Component: Designator=J2(Jumper_2Way_Pin)
Added Component: Designator=J3(Jumper_2Way_Pin)
Added Component: Designator=J4(Microfit_2X4_R_TH)
Added Component: Designator=J5(Jumper_2Way_Solderable)
Added Component: Designator=K1(G5V-1)
Added Component: Designator=L1(Inductor_0603)
Add component (AddParameter): Name = "ComponentLink1Description"; Value = "Digikey"; VariantName = "[No Variations]"
Add component (AddParameter): Name = "ComponentLink1URL"; Value = "https://www.digikey.com.au/product-detail/en/w%C3%BCrth-elektronik/74404064221/732-7261-1-ND/5353241"; VariantName = "[No Variations]"
Add component (AddParameter): Name = "ComponentLink2Description"; Value = "LCSC A"; VariantName = "[No Variations]"
Add component (AddParameter): Name = "ComponentLink2URL"; Value = "https://lcsc.com/product-detail/Power-Inductors_Sunlord-SWPA6045S221MT_C91047.html"; VariantName = "[No Variations]"
Add component (AddParameter): Name = "ComponentLink3Description"; Value = "LCSC B"; VariantName = "[No Variations]"
Add component (AddParameter): Name = "ComponentLink3URL"; Value = "https://lcsc.com/product-detail/Power-Inductors_SXN-Shun-Xiang-Nuo-Elec-SMNR6045-221MT_C467145.html"; VariantName = "[No Variations]"
Added Component: Designator=L2(Inductor_6x6mm)
Add component (AddParameter): Name = "ComponentLink1Description"; Value = "Digikey"; VariantName = "[No Variations]"
Add component (AddParameter): Name = "ComponentLink1URL"; Value = "https://www.digikey.com.au/product-detail/en/w%C3%BCrth-elektronik/74404064221/732-7261-1-ND/5353241"; VariantName = "[No Variations]"
Add component (AddParameter): Name = "ComponentLink2Description"; Value = "LCSC A"; VariantName = "[No Variations]"
Add component (AddParameter): Name = "ComponentLink2URL"; Value = "https://lcsc.com/product-detail/Power-Inductors_Sunlord-SWPA6045S221MT_C91047.html"; VariantName = "[No Variations]"
Add component (AddParameter): Name = "ComponentLink3Description"; Value = "LCSC B"; VariantName = "[No Variations]"
Add component (AddParameter): Name = "ComponentLink3URL"; Value = "https://lcsc.com/product-detail/Power-Inductors_SXN-Shun-Xiang-Nuo-Elec-SMNR6045-221MT_C467145.html"; VariantName = "[No Variations]"
Added Component: Designator=P1(HDR1X3)
Add component (AddParameter): Name = "LatestRevisionDate"; Value = "17-Jul-2002"; VariantName = "[No Variations]"
Add component (AddParameter): Name = "LatestRevisionNote"; Value = "Re-released for DXP Platform."; VariantName = "[No Variations]"
Add component (AddParameter): Name = "Publisher"; Value = "Altium Limited"; VariantName = "[No Variations]"
Added Component: Designator=Q1(SOT23-3)
Added Component: Designator=Q2(SOT23-3)
Added Component: Designator=R1_SHDN-BSPD-S03-V00-BSPDWindowComparitor1(Res_ThinFilm_0603)
Added Component: Designator=R1_SHDN-BSPD-S03-V00-BSPDWindowComparitor2(Res_ThinFilm_0603)
Added Component: Designator=R2_SHDN-BSPD-S03-V00-BSPDWindowComparitor1(Res_ThinFilm_0603)
Added Component: Designator=R2_SHDN-BSPD-S03-V00-BSPDWindowComparitor2(Res_ThinFilm_0603)
Added Component: Designator=R3_SHDN-BSPD-S03-V00-BSPDWindowComparitor1(Res_ThinFilm_0603)
Added Component: Designator=R3_SHDN-BSPD-S03-V00-BSPDWindowComparitor2(Res_ThinFilm_0603)
Added Component: Designator=R4_SHDN-BSPD-S03-V00-BSPDWindowComparitor1(TC33)
Added Component: Designator=R4_SHDN-BSPD-S03-V00-BSPDWindowComparitor2(TC33)
Added Component: Designator=R5_SHDN-BSPD-S03-V00-BSPDWindowComparitor1(Res_ThinFilm_0603)
Added Component: Designator=R5_SHDN-BSPD-S03-V00-BSPDWindowComparitor2(Res_ThinFilm_0603)
Added Component: Designator=R6_SHDN-BSPD-S03-V00-BSPDWindowComparitor1(Res_ThinFilm_0603)
Added Component: Designator=R6_SHDN-BSPD-S03-V00-BSPDWindowComparitor2(Res_ThinFilm_0603)
Added Component: Designator=R7_SHDN-BSPD-S03-V00-BSPDWindowComparitor1(Res_ThinFilm_0603)
Added Component: Designator=R7_SHDN-BSPD-S03-V00-BSPDWindowComparitor2(Res_ThinFilm_0603)
Added Component: Designator=R8_SHDN-BSPD-S03-V00-BSPDWindowComparitor1(Res_ThinFilm_0603)
Added Component: Designator=R8_SHDN-BSPD-S03-V00-BSPDWindowComparitor2(Res_ThinFilm_0603)
Added Component: Designator=R9_SHDN-BSPD-S03-V00-BSPDWindowComparitor1(TC33)
Added Component: Designator=R9_SHDN-BSPD-S03-V00-BSPDWindowComparitor2(TC33)
Added Component: Designator=R10_SHDN-BSPD-S03-V00-BSPDWindowComparitor1(Res_ThinFilm_0603)
Added Component: Designator=R10_SHDN-BSPD-S03-V00-BSPDWindowComparitor2(Res_ThinFilm_0603)
Added Component: Designator=R11(Res_ThinFilm_0603)
Added Component: Designator=R12(Res_ThinFilm_0603)
Added Component: Designator=R13(TC33)
Added Component: Designator=R14(Res_ThinFilm_0603)
Added Component: Designator=R15(Res_ThinFilm_0603)
Added Component: Designator=R16(Res_ThinFilm_1210)
Added Component: Designator=R17(Res_ThinFilm_0603)
Added Component: Designator=R18(Res_ThinFilm_0603)
Added Component: Designator=R19(Res_ThinFilm_0603)
Added Component: Designator=R20(Res_ThinFilm_0603)
Added Component: Designator=R21_SHDN-BSPD-S03-V00-BSPDWindowComparitor1(Res_ThinFilm_0603)
Added Component: Designator=R21_SHDN-BSPD-S03-V00-BSPDWindowComparitor2(Res_ThinFilm_0603)
Added Component: Designator=R22_SHDN-BSPD-S03-V00-BSPDWindowComparitor1(Res_ThinFilm_0603)
Added Component: Designator=R22_SHDN-BSPD-S03-V00-BSPDWindowComparitor2(Res_ThinFilm_0603)
Added Component: Designator=R23_SHDN-BSPD-S03-V00-BSPDWindowComparitor1(Res_ThinFilm_0603)
Added Component: Designator=R23_SHDN-BSPD-S03-V00-BSPDWindowComparitor2(Res_ThinFilm_0603)
Added Component: Designator=R24(Res_ThinFilm_0603)
Added Component: Designator=R25(Res_ThinFilm_0603)
Added Component: Designator=R26(Res_ThinFilm_0603)
Added Component: Designator=R27(Res_ThinFilm_0603)
Added Component: Designator=R28(Res_ThinFilm_0603)
Added Component: Designator=R29(Res_ThinFilm_0603)
Added Component: Designator=SW1(BTN B3U-1000P)
Add component (AddParameter): Name = "ComponentLink1Description"; Value = "LCSC"; VariantName = "[No Variations]"
Add component (AddParameter): Name = "ComponentLink1URL"; Value = "https://lcsc.com/product-detail/Tactile-Switches_BRIGHT-TSA063G50-250_C294565.html"; VariantName = "[No Variations]"
Added Component: Designator=TP1(TestPointSMD)
Added Component: Designator=TP2(TestPointSMD)
Added Component: Designator=TP3(TestPointSMD)
Added Component: Designator=U1(TSSOP-14)
Added Component: Designator=U2_SHDN-BSPD-S03-V00-BSPDWindowComparitor1(SOIC-8)
Added Component: Designator=U2_SHDN-BSPD-S03-V00-BSPDWindowComparitor2(SOIC-8)
Added Component: Designator=U3(SOIC-8)
Added Component: Designator=U4(TSSOP-8)
Added Component: Designator=U5(STM32F042C6)
Add component (AddParameter): Name = "ComponentLink1Description"; Value = "Digikey"; VariantName = "[No Variations]"
Add component (AddParameter): Name = "ComponentLink1URL"; Value = "https://www.digikey.com.au/product-detail/en/stmicroelectronics/STM32F302RCT6TR/497-19000-1-ND/9974332"; VariantName = "[No Variations]"
Add component (AddParameter): Name = "ComponentLink2Description"; Value = "Datasheet"; VariantName = "[No Variations]"
Add component (AddParameter): Name = "ComponentLink2URL"; Value = "http://www.st.com/content/ccc/resource/technical/document/datasheet/67/73/21/b9/f2/b3/4d/f8/DM00094064.pdf/files/DM00094064.pdf/jcr:content/translations/en.DM00094064.pdf"; VariantName = "[No Variations]"
Added Component: Designator=U6(DSC1001DI1-008.0000TCT-ND)
Added Component: Designator=U7(SN65HVD233DR)
Add component (AddParameter): Name = "ComponentLink1Description"; Value = "LCSC"; VariantName = "[No Variations]"
Add component (AddParameter): Name = "ComponentLink1URL"; Value = "https://lcsc.com/product-detail/CAN-ICs_Texas-Instruments_SN65HVD233DRG4_Texas-Instruments-Texas-Instruments-SN65HVD233DRG4_C61643.html"; VariantName = "[No Variations]"
Add component (AddParameter): Name = "ComponentLink2Description"; Value = "Digikey"; VariantName = "[No Variations]"
Add component (AddParameter): Name = "ComponentLink2URL"; Value = "https://www.digikey.com.au/product-detail/en/texas-instruments/SN65HVD233DR/296-35967-1-ND/4134960"; VariantName = "[No Variations]"
Add component (AddParameter): Name = "ComponentLink3Description"; Value = "Datasheet"; VariantName = "[No Variations]"
Add component (AddParameter): Name = "ComponentLink3URL"; Value = "https://www.ti.com/lit/ds/symlink/sn65hvd233.pdf?ts=1588560888178"; VariantName = "[No Variations]"
Add component (AddParameter): Name = "ComponentLink4Description"; Value = "Ti Product Page"; VariantName = "[No Variations]"
Add component (AddParameter): Name = "ComponentLink4URL"; Value = "https://www.ti.com/product/SN65HVD233"; VariantName = "[No Variations]"
Added Component: Designator=U8(LMR14010)
Added Pin To Net: NetName=3V3 Pin=C1-2
Added Pin To Net: NetName=3V3 Pin=C7-2
Added Pin To Net: NetName=3V3 Pin=C9-2
Added Pin To Net: NetName=3V3 Pin=C10-2
Added Pin To Net: NetName=3V3 Pin=C11-2
Added Pin To Net: NetName=3V3 Pin=C12-2
Added Pin To Net: NetName=3V3 Pin=C13-2
Added Pin To Net: NetName=3V3 Pin=C14-2
Added Pin To Net: NetName=3V3 Pin=C15-2
Added Pin To Net: NetName=3V3 Pin=C16-2
Added Pin To Net: NetName=3V3 Pin=C19-2
Added Pin To Net: NetName=3V3 Pin=C21-2
Added Pin To Net: NetName=3V3 Pin=C25-2
Added Pin To Net: NetName=3V3 Pin=C26-2
Added Pin To Net: NetName=3V3 Pin=J1-1
Added Pin To Net: NetName=3V3 Pin=J3-1
Added Pin To Net: NetName=3V3 Pin=J5-1
Added Pin To Net: NetName=3V3 Pin=L1-1
Added Pin To Net: NetName=3V3 Pin=L2-2
Added Pin To Net: NetName=3V3 Pin=R1_SHDN-BSPD-S03-V00-BSPDWindowComparitor1-2
Added Pin To Net: NetName=3V3 Pin=R1_SHDN-BSPD-S03-V00-BSPDWindowComparitor2-2
Added Pin To Net: NetName=3V3 Pin=R2_SHDN-BSPD-S03-V00-BSPDWindowComparitor1-2
Added Pin To Net: NetName=3V3 Pin=R2_SHDN-BSPD-S03-V00-BSPDWindowComparitor2-2
Added Pin To Net: NetName=3V3 Pin=R12-2
Added Pin To Net: NetName=3V3 Pin=R13-1
Added Pin To Net: NetName=3V3 Pin=R15-2
Added Pin To Net: NetName=3V3 Pin=R17-2
Added Pin To Net: NetName=3V3 Pin=R18-2
Added Pin To Net: NetName=3V3 Pin=TP1-1
Added Pin To Net: NetName=3V3 Pin=U1-14
Added Pin To Net: NetName=3V3 Pin=U3-8
Added Pin To Net: NetName=3V3 Pin=U5-1
Added Pin To Net: NetName=3V3 Pin=U5-19
Added Pin To Net: NetName=3V3 Pin=U5-32
Added Pin To Net: NetName=3V3 Pin=U5-48
Added Pin To Net: NetName=3V3 Pin=U6-1
Added Pin To Net: NetName=3V3 Pin=U6-4
Added Pin To Net: NetName=3V3 Pin=U7-3
Added Net: Name=3V3
Added Pin To Net: NetName=5KW SIGNAL IN Pin=J4-6
Added Pin To Net: NetName=5KW SIGNAL IN Pin=R6_SHDN-BSPD-S03-V00-BSPDWindowComparitor1-2
Added Pin To Net: NetName=5KW SIGNAL IN Pin=U2_SHDN-BSPD-S03-V00-BSPDWindowComparitor1-2
Added Pin To Net: NetName=5KW SIGNAL IN Pin=U2_SHDN-BSPD-S03-V00-BSPDWindowComparitor1-5
Added Net: Name=5KW SIGNAL IN
Added Pin To Net: NetName=12V Pin=C3_SHDN-BSPD-S03-V00-BSPDWindowComparitor1-1
Added Pin To Net: NetName=12V Pin=C3_SHDN-BSPD-S03-V00-BSPDWindowComparitor2-1
Added Pin To Net: NetName=12V Pin=C23-2
Added Pin To Net: NetName=12V Pin=C24-2
Added Pin To Net: NetName=12V Pin=D3-K
Added Pin To Net: NetName=12V Pin=J4-1
Added Pin To Net: NetName=12V Pin=K1-1
Added Pin To Net: NetName=12V Pin=R3_SHDN-BSPD-S03-V00-BSPDWindowComparitor1-2
Added Pin To Net: NetName=12V Pin=R3_SHDN-BSPD-S03-V00-BSPDWindowComparitor2-2
Added Pin To Net: NetName=12V Pin=R4_SHDN-BSPD-S03-V00-BSPDWindowComparitor1-1
Added Pin To Net: NetName=12V Pin=R4_SHDN-BSPD-S03-V00-BSPDWindowComparitor2-1
Added Pin To Net: NetName=12V Pin=R8_SHDN-BSPD-S03-V00-BSPDWindowComparitor1-2
Added Pin To Net: NetName=12V Pin=R8_SHDN-BSPD-S03-V00-BSPDWindowComparitor2-2
Added Pin To Net: NetName=12V Pin=R9_SHDN-BSPD-S03-V00-BSPDWindowComparitor1-1
Added Pin To Net: NetName=12V Pin=R9_SHDN-BSPD-S03-V00-BSPDWindowComparitor2-1
Added Pin To Net: NetName=12V Pin=U2_SHDN-BSPD-S03-V00-BSPDWindowComparitor1-8
Added Pin To Net: NetName=12V Pin=U2_SHDN-BSPD-S03-V00-BSPDWindowComparitor2-8
Added Pin To Net: NetName=12V Pin=U8-4
Added Pin To Net: NetName=12V Pin=U8-5
Added Net: Name=12V
Added Net: Name=BOOT0
Added Pin To Net: NetName=BSPD1 Pin=R1_SHDN-BSPD-S03-V00-BSPDWindowComparitor2-1
Added Pin To Net: NetName=BSPD1 Pin=U1-1
Added Pin To Net: NetName=BSPD1 Pin=U2_SHDN-BSPD-S03-V00-BSPDWindowComparitor2-1
Added Pin To Net: NetName=BSPD1 Pin=U5-14
Added Net: Name=BSPD1
Added Pin To Net: NetName=BSPD2 Pin=R2_SHDN-BSPD-S03-V00-BSPDWindowComparitor2-1
Added Pin To Net: NetName=BSPD2 Pin=U1-2
Added Pin To Net: NetName=BSPD2 Pin=U2_SHDN-BSPD-S03-V00-BSPDWindowComparitor2-7
Added Pin To Net: NetName=BSPD2 Pin=U5-15
Added Net: Name=BSPD2
Added Pin To Net: NetName=BSPD3 Pin=R7_SHDN-BSPD-S03-V00-BSPDWindowComparitor2-2
Added Pin To Net: NetName=BSPD3 Pin=R21_SHDN-BSPD-S03-V00-BSPDWindowComparitor2-2
Added Pin To Net: NetName=BSPD3 Pin=U5-16
Added Net: Name=BSPD3
Added Pin To Net: NetName=BSPD4 Pin=R22_SHDN-BSPD-S03-V00-BSPDWindowComparitor2-2
Added Pin To Net: NetName=BSPD4 Pin=R23_SHDN-BSPD-S03-V00-BSPDWindowComparitor2-2
Added Pin To Net: NetName=BSPD4 Pin=U5-17
Added Net: Name=BSPD4
Added Pin To Net: NetName=BSPD5 Pin=R1_SHDN-BSPD-S03-V00-BSPDWindowComparitor1-1
Added Pin To Net: NetName=BSPD5 Pin=U1-4
Added Pin To Net: NetName=BSPD5 Pin=U2_SHDN-BSPD-S03-V00-BSPDWindowComparitor1-1
Added Pin To Net: NetName=BSPD5 Pin=U5-20
Added Net: Name=BSPD5
Added Pin To Net: NetName=BSPD6 Pin=R2_SHDN-BSPD-S03-V00-BSPDWindowComparitor1-1
Added Pin To Net: NetName=BSPD6 Pin=U1-5
Added Pin To Net: NetName=BSPD6 Pin=U2_SHDN-BSPD-S03-V00-BSPDWindowComparitor1-7
Added Pin To Net: NetName=BSPD6 Pin=U5-21
Added Net: Name=BSPD6
Added Pin To Net: NetName=BSPD7 Pin=R7_SHDN-BSPD-S03-V00-BSPDWindowComparitor1-2
Added Pin To Net: NetName=BSPD7 Pin=R21_SHDN-BSPD-S03-V00-BSPDWindowComparitor1-2
Added Pin To Net: NetName=BSPD7 Pin=U5-22
Added Net: Name=BSPD7
Added Pin To Net: NetName=BSPD8 Pin=R22_SHDN-BSPD-S03-V00-BSPDWindowComparitor1-2
Added Pin To Net: NetName=BSPD8 Pin=R23_SHDN-BSPD-S03-V00-BSPDWindowComparitor1-2
Added Pin To Net: NetName=BSPD8 Pin=U5-23
Added Net: Name=BSPD8
Added Pin To Net: NetName=BSPD9 Pin=R11-1
Added Pin To Net: NetName=BSPD9 Pin=U1-8
Added Pin To Net: NetName=BSPD9 Pin=U5-8
Added Net: Name=BSPD9
Added Pin To Net: NetName=BSPD10 Pin=R28-1
Added Pin To Net: NetName=BSPD10 Pin=U4-1
Added Pin To Net: NetName=BSPD10 Pin=U5-9
Added Net: Name=BSPD10
Added Pin To Net: NetName=BSPD11 Pin=C6-2
Added Pin To Net: NetName=BSPD11 Pin=R12-1
Added Pin To Net: NetName=BSPD11 Pin=R13-2
Added Pin To Net: NetName=BSPD11 Pin=R14-2
Added Pin To Net: NetName=BSPD11 Pin=U4-3
Added Pin To Net: NetName=BSPD11 Pin=U5-10
Added Net: Name=BSPD11
Added Pin To Net: NetName=BUZZER MOS Pin=Q1-G
Added Pin To Net: NetName=BUZZER MOS Pin=R26-2
Added Pin To Net: NetName=BUZZER MOS Pin=R27-1
Added Net: Name=BUZZER MOS
Added Pin To Net: NetName=BUZZER NEG Pin=B1-2
Added Pin To Net: NetName=BUZZER NEG Pin=Q1-D
Added Pin To Net: NetName=BUZZER NEG Pin=R20-1
Added Net: Name=BUZZER NEG
Added Pin To Net: NetName=BUZZER POS Pin=B1-1
Added Pin To Net: NetName=BUZZER POS Pin=J3-2
Added Pin To Net: NetName=BUZZER POS Pin=R20-2
Added Net: Name=BUZZER POS
Added Pin To Net: NetName=CAN H Pin=D1-2
Added Pin To Net: NetName=CAN H Pin=J2-1
Added Pin To Net: NetName=CAN H Pin=J4-7
Added Pin To Net: NetName=CAN H Pin=U7-7
Added Net: Name=CAN H
Added Pin To Net: NetName=CAN LED Pin=DS2-1
Added Pin To Net: NetName=CAN LED Pin=DS3-1
Added Pin To Net: NetName=CAN LED Pin=J5-2
Added Net: Name=CAN LED
Added Pin To Net: NetName=CAN L Pin=D1-1
Added Pin To Net: NetName=CAN L Pin=J4-8
Added Pin To Net: NetName=CAN L Pin=R16-1
Added Pin To Net: NetName=CAN L Pin=U7-6
Added Net: Name=CAN L
Added Pin To Net: NetName=CAN RX LED Pin=DS3-2
Added Pin To Net: NetName=CAN RX LED Pin=R25-2
Added Net: Name=CAN RX LED
Added Pin To Net: NetName=CAN RX Pin=R25-1
Added Pin To Net: NetName=CAN RX Pin=U5-44
Added Pin To Net: NetName=CAN RX Pin=U7-4
Added Net: Name=CAN RX
Added Pin To Net: NetName=CAN TERM Pin=J2-2
Added Pin To Net: NetName=CAN TERM Pin=R16-2
Added Net: Name=CAN TERM
Added Pin To Net: NetName=CAN TX LED Pin=DS2-2
Added Pin To Net: NetName=CAN TX LED Pin=R24-2
Added Net: Name=CAN TX LED
Added Pin To Net: NetName=CAN TX Pin=R24-1
Added Pin To Net: NetName=CAN TX Pin=U5-45
Added Pin To Net: NetName=CAN TX Pin=U7-1
Added Net: Name=CAN TX
Added Pin To Net: NetName=CHAIN IN Pin=J4-3
Added Net: Name=CHAIN IN
Added Pin To Net: NetName=CHAIN OUT Pin=J4-4
Added Net: Name=CHAIN OUT
Added Pin To Net: NetName=COMP BTM_SHDN-BSPD-S03-V00-BSPDWindowComparitor1 Pin=C4_SHDN-BSPD-S03-V00-BSPDWindowComparitor1-2
Added Pin To Net: NetName=COMP BTM_SHDN-BSPD-S03-V00-BSPDWindowComparitor1 Pin=R8_SHDN-BSPD-S03-V00-BSPDWindowComparitor1-1
Added Pin To Net: NetName=COMP BTM_SHDN-BSPD-S03-V00-BSPDWindowComparitor1 Pin=R9_SHDN-BSPD-S03-V00-BSPDWindowComparitor1-2
Added Pin To Net: NetName=COMP BTM_SHDN-BSPD-S03-V00-BSPDWindowComparitor1 Pin=R10_SHDN-BSPD-S03-V00-BSPDWindowComparitor1-2
Added Pin To Net: NetName=COMP BTM_SHDN-BSPD-S03-V00-BSPDWindowComparitor1 Pin=R22_SHDN-BSPD-S03-V00-BSPDWindowComparitor1-1
Added Pin To Net: NetName=COMP BTM_SHDN-BSPD-S03-V00-BSPDWindowComparitor1 Pin=U2_SHDN-BSPD-S03-V00-BSPDWindowComparitor1-6
Added Net: Name=COMP BTM_SHDN-BSPD-S03-V00-BSPDWindowComparitor1
Added Pin To Net: NetName=COMP BTM_SHDN-BSPD-S03-V00-BSPDWindowComparitor2 Pin=C4_SHDN-BSPD-S03-V00-BSPDWindowComparitor2-2
Added Pin To Net: NetName=COMP BTM_SHDN-BSPD-S03-V00-BSPDWindowComparitor2 Pin=R8_SHDN-BSPD-S03-V00-BSPDWindowComparitor2-1
Added Pin To Net: NetName=COMP BTM_SHDN-BSPD-S03-V00-BSPDWindowComparitor2 Pin=R9_SHDN-BSPD-S03-V00-BSPDWindowComparitor2-2
Added Pin To Net: NetName=COMP BTM_SHDN-BSPD-S03-V00-BSPDWindowComparitor2 Pin=R10_SHDN-BSPD-S03-V00-BSPDWindowComparitor2-2
Added Pin To Net: NetName=COMP BTM_SHDN-BSPD-S03-V00-BSPDWindowComparitor2 Pin=R22_SHDN-BSPD-S03-V00-BSPDWindowComparitor2-1
Added Pin To Net: NetName=COMP BTM_SHDN-BSPD-S03-V00-BSPDWindowComparitor2 Pin=U2_SHDN-BSPD-S03-V00-BSPDWindowComparitor2-6
Added Net: Name=COMP BTM_SHDN-BSPD-S03-V00-BSPDWindowComparitor2
Added Pin To Net: NetName=COMP TOP_SHDN-BSPD-S03-V00-BSPDWindowComparitor1 Pin=C2_SHDN-BSPD-S03-V00-BSPDWindowComparitor1-2
Added Pin To Net: NetName=COMP TOP_SHDN-BSPD-S03-V00-BSPDWindowComparitor1 Pin=R3_SHDN-BSPD-S03-V00-BSPDWindowComparitor1-1
Added Pin To Net: NetName=COMP TOP_SHDN-BSPD-S03-V00-BSPDWindowComparitor1 Pin=R4_SHDN-BSPD-S03-V00-BSPDWindowComparitor1-2
Added Pin To Net: NetName=COMP TOP_SHDN-BSPD-S03-V00-BSPDWindowComparitor1 Pin=R5_SHDN-BSPD-S03-V00-BSPDWindowComparitor1-2
Added Pin To Net: NetName=COMP TOP_SHDN-BSPD-S03-V00-BSPDWindowComparitor1 Pin=R7_SHDN-BSPD-S03-V00-BSPDWindowComparitor1-1
Added Pin To Net: NetName=COMP TOP_SHDN-BSPD-S03-V00-BSPDWindowComparitor1 Pin=U2_SHDN-BSPD-S03-V00-BSPDWindowComparitor1-3
Added Net: Name=COMP TOP_SHDN-BSPD-S03-V00-BSPDWindowComparitor1
Added Pin To Net: NetName=COMP TOP_SHDN-BSPD-S03-V00-BSPDWindowComparitor2 Pin=C2_SHDN-BSPD-S03-V00-BSPDWindowComparitor2-2
Added Pin To Net: NetName=COMP TOP_SHDN-BSPD-S03-V00-BSPDWindowComparitor2 Pin=R3_SHDN-BSPD-S03-V00-BSPDWindowComparitor2-1
Added Pin To Net: NetName=COMP TOP_SHDN-BSPD-S03-V00-BSPDWindowComparitor2 Pin=R4_SHDN-BSPD-S03-V00-BSPDWindowComparitor2-2
Added Pin To Net: NetName=COMP TOP_SHDN-BSPD-S03-V00-BSPDWindowComparitor2 Pin=R5_SHDN-BSPD-S03-V00-BSPDWindowComparitor2-2
Added Pin To Net: NetName=COMP TOP_SHDN-BSPD-S03-V00-BSPDWindowComparitor2 Pin=R7_SHDN-BSPD-S03-V00-BSPDWindowComparitor2-1
Added Pin To Net: NetName=COMP TOP_SHDN-BSPD-S03-V00-BSPDWindowComparitor2 Pin=U2_SHDN-BSPD-S03-V00-BSPDWindowComparitor2-3
Added Net: Name=COMP TOP_SHDN-BSPD-S03-V00-BSPDWindowComparitor2
Added Pin To Net: NetName=GND Pin=C1-1
Added Pin To Net: NetName=GND Pin=C2_SHDN-BSPD-S03-V00-BSPDWindowComparitor1-1
Added Pin To Net: NetName=GND Pin=C2_SHDN-BSPD-S03-V00-BSPDWindowComparitor2-1
Added Pin To Net: NetName=GND Pin=C3_SHDN-BSPD-S03-V00-BSPDWindowComparitor1-2
Added Pin To Net: NetName=GND Pin=C3_SHDN-BSPD-S03-V00-BSPDWindowComparitor2-2
Added Pin To Net: NetName=GND Pin=C4_SHDN-BSPD-S03-V00-BSPDWindowComparitor1-1
Added Pin To Net: NetName=GND Pin=C4_SHDN-BSPD-S03-V00-BSPDWindowComparitor2-1
Added Pin To Net: NetName=GND Pin=C5-1
Added Pin To Net: NetName=GND Pin=C6-1
Added Pin To Net: NetName=GND Pin=C7-1
Added Pin To Net: NetName=GND Pin=C9-1
Added Pin To Net: NetName=GND Pin=C10-1
Added Pin To Net: NetName=GND Pin=C11-1
Added Pin To Net: NetName=GND Pin=C12-1
Added Pin To Net: NetName=GND Pin=C13-1
Added Pin To Net: NetName=GND Pin=C14-1
Added Pin To Net: NetName=GND Pin=C15-1
Added Pin To Net: NetName=GND Pin=C16-1
Added Pin To Net: NetName=GND Pin=C17-1
Added Pin To Net: NetName=GND Pin=C18-1
Added Pin To Net: NetName=GND Pin=C19-1
Added Pin To Net: NetName=GND Pin=C20-1
Added Pin To Net: NetName=GND Pin=C21-1
Added Pin To Net: NetName=GND Pin=C23-1
Added Pin To Net: NetName=GND Pin=C24-1
Added Pin To Net: NetName=GND Pin=C25-1
Added Pin To Net: NetName=GND Pin=C26-1
Added Pin To Net: NetName=GND Pin=D1-3
Added Pin To Net: NetName=GND Pin=D2-A
Added Pin To Net: NetName=GND Pin=DS1-2
Added Pin To Net: NetName=GND Pin=J1-3
Added Pin To Net: NetName=GND Pin=J1-5
Added Pin To Net: NetName=GND Pin=J1-9
Added Pin To Net: NetName=GND Pin=J4-5
Added Pin To Net: NetName=GND Pin=P1-3
Added Pin To Net: NetName=GND Pin=Q1-S
Added Pin To Net: NetName=GND Pin=Q2-S
Added Pin To Net: NetName=GND Pin=R4_SHDN-BSPD-S03-V00-BSPDWindowComparitor1-3
Added Pin To Net: NetName=GND Pin=R4_SHDN-BSPD-S03-V00-BSPDWindowComparitor2-3
Added Pin To Net: NetName=GND Pin=R5_SHDN-BSPD-S03-V00-BSPDWindowComparitor1-1
Added Pin To Net: NetName=GND Pin=R5_SHDN-BSPD-S03-V00-BSPDWindowComparitor2-1
Added Pin To Net: NetName=GND Pin=R6_SHDN-BSPD-S03-V00-BSPDWindowComparitor1-1
Added Pin To Net: NetName=GND Pin=R6_SHDN-BSPD-S03-V00-BSPDWindowComparitor2-1
Added Pin To Net: NetName=GND Pin=R9_SHDN-BSPD-S03-V00-BSPDWindowComparitor1-3
Added Pin To Net: NetName=GND Pin=R9_SHDN-BSPD-S03-V00-BSPDWindowComparitor2-3
Added Pin To Net: NetName=GND Pin=R10_SHDN-BSPD-S03-V00-BSPDWindowComparitor1-1
Added Pin To Net: NetName=GND Pin=R10_SHDN-BSPD-S03-V00-BSPDWindowComparitor2-1
Added Pin To Net: NetName=GND Pin=R13-3
Added Pin To Net: NetName=GND Pin=R14-1
Added Pin To Net: NetName=GND Pin=R19-1
Added Pin To Net: NetName=GND Pin=R21_SHDN-BSPD-S03-V00-BSPDWindowComparitor1-1
Added Pin To Net: NetName=GND Pin=R21_SHDN-BSPD-S03-V00-BSPDWindowComparitor2-1
Added Pin To Net: NetName=GND Pin=R23_SHDN-BSPD-S03-V00-BSPDWindowComparitor1-1
Added Pin To Net: NetName=GND Pin=R23_SHDN-BSPD-S03-V00-BSPDWindowComparitor2-1
Added Pin To Net: NetName=GND Pin=R27-2
Added Pin To Net: NetName=GND Pin=R29-1
Added Pin To Net: NetName=GND Pin=SW1-1
Added Pin To Net: NetName=GND Pin=U1-7
Added Pin To Net: NetName=GND Pin=U2_SHDN-BSPD-S03-V00-BSPDWindowComparitor1-4
Added Pin To Net: NetName=GND Pin=U2_SHDN-BSPD-S03-V00-BSPDWindowComparitor2-4
Added Pin To Net: NetName=GND Pin=U3-4
Added Pin To Net: NetName=GND Pin=U3-6
Added Pin To Net: NetName=GND Pin=U3-7
Added Pin To Net: NetName=GND Pin=U5-6
Added Pin To Net: NetName=GND Pin=U5-12
Added Pin To Net: NetName=GND Pin=U5-31
Added Pin To Net: NetName=GND Pin=U5-47
Added Pin To Net: NetName=GND Pin=U6-2
Added Pin To Net: NetName=GND Pin=U7-2
Added Pin To Net: NetName=GND Pin=U7-8
Added Pin To Net: NetName=GND Pin=U8-2
Added Net: Name=GND
Added Pin To Net: NetName=NetC5_2 Pin=C5-2
Added Pin To Net: NetName=NetC5_2 Pin=R11-2
Added Pin To Net: NetName=NetC5_2 Pin=U4-2
Added Net: Name=NetC5_2
Added Pin To Net: NetName=NetC17_2 Pin=C17-2
Added Pin To Net: NetName=NetC17_2 Pin=C18-2
Added Pin To Net: NetName=NetC17_2 Pin=L1-2
Added Pin To Net: NetName=NetC17_2 Pin=U5-13
Added Net: Name=NetC17_2
Added Pin To Net: NetName=NetD3_A Pin=D3-A
Added Pin To Net: NetName=NetD3_A Pin=D4-A
Added Net: Name=NetD3_A
Added Pin To Net: NetName=NetDS1_1 Pin=DS1-1
Added Pin To Net: NetName=NetDS1_1 Pin=R18-1
Added Net: Name=NetDS1_1
Added Pin To Net: NetName=NetR26_1 Pin=R26-1
Added Net: Name=NetR26_1
Added Pin To Net: NetName=NetU1_3 Pin=U1-3
Added Pin To Net: NetName=NetU1_3 Pin=U1-9
Added Net: Name=NetU1_3
Added Pin To Net: NetName=NetU1_6 Pin=U1-6
Added Pin To Net: NetName=NetU1_6 Pin=U1-10
Added Net: Name=NetU1_6
Added Pin To Net: NetName=NRST Pin=C20-2
Added Pin To Net: NetName=NRST Pin=J1-10
Added Pin To Net: NetName=NRST Pin=R15-1
Added Pin To Net: NetName=NRST Pin=SW1-2
Added Pin To Net: NetName=NRST Pin=U5-7
Added Net: Name=NRST
Added Pin To Net: NetName=OSC IN Pin=U5-5
Added Pin To Net: NetName=OSC IN Pin=U6-3
Added Net: Name=OSC IN
Added Pin To Net: NetName=PC13 Pin=U5-2
Added Net: Name=PC13
Added Pin To Net: NetName=PC14 Pin=U5-3
Added Net: Name=PC14
Added Pin To Net: NetName=PC15 Pin=U5-4
Added Net: Name=PC15
Added Net: Name=PD2
Added Pin To Net: NetName=PEDAL IN Pin=J4-2
Added Pin To Net: NetName=PEDAL IN Pin=R6_SHDN-BSPD-S03-V00-BSPDWindowComparitor2-2
Added Pin To Net: NetName=PEDAL IN Pin=U2_SHDN-BSPD-S03-V00-BSPDWindowComparitor2-2
Added Pin To Net: NetName=PEDAL IN Pin=U2_SHDN-BSPD-S03-V00-BSPDWindowComparitor2-5
Added Net: Name=PEDAL IN
Added Pin To Net: NetName=PF4 Pin=U5-18
Added Net: Name=PF4
Added Pin To Net: NetName=PROG A Pin=J1-6
Added Net: Name=PROG A
Added Pin To Net: NetName=PROG B Pin=J1-7
Added Net: Name=PROG B
Added Pin To Net: NetName=PROG C Pin=J1-8
Added Net: Name=PROG C
Added Pin To Net: NetName=PWR CB Pin=C22-1
Added Pin To Net: NetName=PWR CB Pin=U8-1
Added Net: Name=PWR CB
Added Pin To Net: NetName=PWR FB Pin=R17-1
Added Pin To Net: NetName=PWR FB Pin=R19-2
Added Pin To Net: NetName=PWR FB Pin=TP3-1
Added Pin To Net: NetName=PWR FB Pin=U8-3
Added Net: Name=PWR FB
Added Pin To Net: NetName=PWR SW Pin=C22-2
Added Pin To Net: NetName=PWR SW Pin=D2-K
Added Pin To Net: NetName=PWR SW Pin=L2-1
Added Pin To Net: NetName=PWR SW Pin=TP2-1
Added Pin To Net: NetName=PWR SW Pin=U8-6
Added Net: Name=PWR SW
Added Pin To Net: NetName=RELAY CTRL Pin=Q2-G
Added Pin To Net: NetName=RELAY CTRL Pin=R28-2
Added Pin To Net: NetName=RELAY CTRL Pin=R29-2
Added Net: Name=RELAY CTRL
Added Pin To Net: NetName=RELAY Pin=D4-K
Added Pin To Net: NetName=RELAY Pin=K1-2
Added Pin To Net: NetName=RELAY Pin=Q2-D
Added Net: Name=RELAY
Added Pin To Net: NetName=SWCLK Pin=J1-4
Added Net: Name=SWCLK
Added Pin To Net: NetName=SWDIO Pin=J1-2
Added Pin To Net: NetName=SWDIO Pin=U5-46
Added Net: Name=SWDIO
Added Pin To Net: NetName=USART1 RX Pin=P1-2
Added Pin To Net: NetName=USART1 RX Pin=U5-27
Added Net: Name=USART1 RX
Added Pin To Net: NetName=USART1 TX Pin=P1-1
Added Pin To Net: NetName=USART1 TX Pin=U5-26
Added Net: Name=USART1 TX
Added Class: Name=SHDN-BSPD-S02-V00-BSPDSystem
Added Class: Name=SHDN-BSPD-S03-V00-BSPDWindowComparitor1
Added Class: Name=SHDN-BSPD-S03-V00-BSPDWindowComparitor2
Added Class: Name=SHDN-BSPD-S04-V00-BSPDDelay
Added Class: Name=SHDN-BSPD-S05-V00-Microcontroller
Added Class: Name=SHDN-BSPD-S06-V00-IsolatedCAN
Added Class: Name=SHDN-BSPD-S07-V00-PSU
Added Class: Name=SHDN-BSPD-S08-V00-Buzzer
Added Class: Name=SHDN-BSPD-S09-V00-ShutdownRelay
Added Class: Name=SHDN-BSPD-S10-V00-Connectivity
Added Class: Name=BSPD[1..11]
Added Class: Name=SHDN-BSPD-S03-V00-BSPDWindowComparitor
Added Room: Name=SHDN-BSPD-S02-V00-BSPDSystem
Added Room: Name=SHDN-BSPD-S03-V00-BSPDWindowComparitor1
Added Room: Name=SHDN-BSPD-S03-V00-BSPDWindowComparitor2
Added Room: Name=SHDN-BSPD-S04-V00-BSPDDelay
Added Room: Name=SHDN-BSPD-S05-V00-Microcontroller
Added Room: Name=SHDN-BSPD-S06-V00-IsolatedCAN
Added Room: Name=SHDN-BSPD-S07-V00-PSU
Added Room: Name=SHDN-BSPD-S08-V00-Buzzer
Added Room: Name=SHDN-BSPD-S09-V00-ShutdownRelay
Added Room: Name=SHDN-BSPD-S10-V00-Connectivity
