Removed Pin From Net: NetName=PEDAL IN Pin=J5-2
Removed Pin From Net: NetName=CHAIN IN Pin=J5-3
Removed Pin From Net: NetName=5KW SIGNAL IN Pin=J5-6
Removed Pin From Net: NetName=CAN H Pin=J5-7
Removed Pin From Net: NetName=CAN L Pin=J5-8
Change Component Description : Designator=U4 Old Description=ARM® Cortex®-M4 STM32F3 Microcontroller IC 32-Bit 72MHz 256KB (256K x 8) FLASH 64-LQFP (10x10) New Description= ARM® Cortex®-M4 STM32F3 Microcontroller IC 32-Bit 72MHz 256KB (256K x 8) FLASH 64-LQFP (10x10)
Change Component Description : Designator=D4 Old Description=Zener Diode 6.2V 1W ±5% Surface Mount SMA New Description= Zener Diode 6.2V 1W ±5% Surface Mount SMA
Added Pin To Net: NetName=CAN L Pin=J5-2
Added Pin To Net: NetName=PEDAL IN Pin=J5-3
Added Pin To Net: NetName=CAN H Pin=J5-6
Added Pin To Net: NetName=5KW SIGNAL IN Pin=J5-7
Added Pin To Net: NetName=CHAIN IN Pin=J5-8
Added Member To Class: ClassName=SHDN-BSPD-S03-V00-BSPDWindowComparitor1 Member=Component C3A (C3) 100nF 50V 5% X7R 0603
Added Member To Class: ClassName=SHDN-BSPD-S08-V00-Buzzer Member=Component J4 Jumper 2Way Pins
Added Member To Class: ClassName=SHDN-BSPD-S03-V00-BSPDWindowComparitor1 Member=Component R1A (R1) 1k 5% 0603
Added Member To Class: ClassName=SHDN-BSPD-S03-V00-BSPDWindowComparitor1 Member=Component R2A (R2) 1k 5% 0603
Added Member To Class: ClassName=SHDN-BSPD-S03-V00-BSPDWindowComparitor1 Member=Component R3A (R3) 1k 5% 0603
Added Member To Class: ClassName=SHDN-BSPD-S03-V00-BSPDWindowComparitor2 Member=Component R5B (R5) TC33X-2-103E
Added Room: Name=SHDN-BSPD-S01-V00-BSPDBoard
Added Room: Name=SHDN-BSPD-S02-V00-BSPDSystem
Added Room: Name=SHDN-BSPD-S03-V00-BSPDWindowComparitor1
Added Room: Name=SHDN-BSPD-S03-V00-BSPDWindowComparitor2
Added Room: Name=SHDN-BSPD-S04-V00-BSPDDelay
Added Room: Name=SHDN-BSPD-S05-V00-Microcontroller
Added Room: Name=SHDN-BSPD-S06-V00-IsolatedCAN
Added Room: Name=SHDN-BSPD-S07-V00-PSU
Added Room: Name=SHDN-BSPD-S08-V00-Buzzer
Added Room: Name=SHDN-BSPD-S09-V00-ShutdownRelay
Added Room: Name=SHDN-BSPD-S10-V00-Connectivity
