Added Component: Designator=FID1(FIDUCIAL 2MM)
Added Component: Designator=FID2(FIDUCIAL 2MM)
Added Component: Designator=FID3(FIDUCIAL 2MM)
Added Component: Designator=LOGO1(QUTMS LOGO 15MM)
Added Component: Designator=LYID1(LAYER IDENT 2)
Added Component: Designator=M1(M3.5 PLATED)
Added Component: Designator=M2(M3.5 PLATED)
Added Component: Designator=M3(M3.5 PLATED)
Added Component: Designator=M4(M3.5 PLATED)
Added Pin To Net: NetName=GND Pin=M1-1
Added Pin To Net: NetName=GND Pin=M1-1
Added Pin To Net: NetName=GND Pin=M1-1
Added Pin To Net: NetName=GND Pin=M1-1
Added Pin To Net: NetName=GND Pin=M1-1
Added Pin To Net: NetName=GND Pin=M1-1
Added Pin To Net: NetName=GND Pin=M1-1
Added Pin To Net: NetName=GND Pin=M1-1
Added Pin To Net: NetName=GND Pin=M1-1
Added Pin To Net: NetName=GND Pin=M2-1
Added Pin To Net: NetName=GND Pin=M2-1
Added Pin To Net: NetName=GND Pin=M2-1
Added Pin To Net: NetName=GND Pin=M2-1
Added Pin To Net: NetName=GND Pin=M2-1
Added Pin To Net: NetName=GND Pin=M2-1
Added Pin To Net: NetName=GND Pin=M2-1
Added Pin To Net: NetName=GND Pin=M2-1
Added Pin To Net: NetName=GND Pin=M2-1
Added Pin To Net: NetName=GND Pin=M3-1
Added Pin To Net: NetName=GND Pin=M3-1
Added Pin To Net: NetName=GND Pin=M3-1
Added Pin To Net: NetName=GND Pin=M3-1
Added Pin To Net: NetName=GND Pin=M3-1
Added Pin To Net: NetName=GND Pin=M3-1
Added Pin To Net: NetName=GND Pin=M3-1
Added Pin To Net: NetName=GND Pin=M3-1
Added Pin To Net: NetName=GND Pin=M3-1
Added Pin To Net: NetName=GND Pin=M4-1
Added Pin To Net: NetName=GND Pin=M4-1
Added Pin To Net: NetName=GND Pin=M4-1
Added Pin To Net: NetName=GND Pin=M4-1
Added Pin To Net: NetName=GND Pin=M4-1
Added Pin To Net: NetName=GND Pin=M4-1
Added Pin To Net: NetName=GND Pin=M4-1
Added Pin To Net: NetName=GND Pin=M4-1
Added Pin To Net: NetName=GND Pin=M4-1
Added Class: Name=SHDN-BSPD-S01-V00-BSPDBoard
Added Room: Name=SHDN-BSPD-S01-V00-BSPDBoard
