Removed Pin From Net: NetName=GND Pin=C8-1
Removed Pin From Net: NetName=3V3 Pin=C8-2
Removed Pin From Net: NetName=GND Pin=C9-1
Removed Pin From Net: NetName=3V3 Pin=C9-2
Removed Pin From Net: NetName=GND Pin=C10-1
Removed Pin From Net: NetName=3V3 Pin=C10-2
Removed Pin From Net: NetName=GND Pin=C11-1
Removed Pin From Net: NetName=3V3 Pin=C11-2
Removed Pin From Net: NetName=GND Pin=C12-1
Removed Pin From Net: NetName=3V3 Pin=C12-2
Removed Pin From Net: NetName=GND Pin=C13-1
Removed Pin From Net: NetName=3V3 Pin=C13-2
Removed Pin From Net: NetName=GND Pin=C14-1
Removed Pin From Net: NetName=3V3 Pin=C14-2
Removed Pin From Net: NetName=GND Pin=C15-1
Removed Pin From Net: NetName=3V3 Pin=C15-2
Removed Pin From Net: NetName=GND Pin=C16-1
Removed Pin From Net: NetName=GND Pin=C17-1
Removed Pin From Net: NetName=GND Pin=C18-1
Removed Pin From Net: NetName=3V3 Pin=C18-2
Removed Pin From Net: NetName=GND Pin=C19-1
Removed Pin From Net: NetName=GND Pin=C20-1
Removed Pin From Net: NetName=3V3 Pin=C20-2
Removed Pin From Net: NetName=CAN L Pin=D1-1
Removed Pin From Net: NetName=CAN H Pin=D1-2
Removed Pin From Net: NetName=GND Pin=D1-3
Removed Pin From Net: NetName=3V3 Pin=J1-1
Removed Pin From Net: NetName=GND Pin=J1-3
Removed Pin From Net: NetName=GND Pin=J1-5
Removed Pin From Net: NetName=GND Pin=J1-9
Removed Pin From Net: NetName=3V3 Pin=J2-1
Removed Pin From Net: NetName=CAN H Pin=J3-1
Removed Pin From Net: NetName=3V3 Pin=J4-1
Removed Pin From Net: NetName=3V3 Pin=L1-1
Removed Pin From Net: NetName=GND Pin=P1-1
Removed Pin From Net: NetName=GND Pin=Q1-S
Removed Pin From Net: NetName=3V3 Pin=R18-2
Removed Pin From Net: NetName=CAN L Pin=R21-1
Removed Pin From Net: NetName=GND Pin=R27-2
Removed Pin From Net: NetName=GND Pin=SW1-1
Removed Pin From Net: NetName=3V3 Pin=U4-1
Removed Pin From Net: NetName=GND Pin=U4-6
Removed Pin From Net: NetName=BSPD9 Pin=U4-8
Removed Pin From Net: NetName=BSPD10 Pin=U4-9
Removed Pin From Net: NetName=BSPD11 Pin=U4-10
Removed Pin From Net: NetName=GND Pin=U4-12
Removed Pin From Net: NetName=BSPD1 Pin=U4-14
Removed Pin From Net: NetName=BSPD2 Pin=U4-15
Removed Pin From Net: NetName=BSPD3 Pin=U4-16
Removed Pin From Net: NetName=BSPD4 Pin=U4-17
Removed Pin From Net: NetName=3V3 Pin=U4-19
Removed Pin From Net: NetName=BSPD5 Pin=U4-20
Removed Pin From Net: NetName=BSPD6 Pin=U4-21
Removed Pin From Net: NetName=BSPD7 Pin=U4-22
Removed Pin From Net: NetName=BSPD8 Pin=U4-23
Removed Pin From Net: NetName=GND Pin=U4-31
Removed Pin From Net: NetName=3V3 Pin=U4-32
Removed Pin From Net: NetName=GND Pin=U4-47
Removed Pin From Net: NetName=3V3 Pin=U4-48
Removed Pin From Net: NetName=GND Pin=U4-63
Removed Pin From Net: NetName=3V3 Pin=U4-64
Removed Pin From Net: NetName=3V3 Pin=U5-1
Removed Pin From Net: NetName=GND Pin=U5-2
Removed Pin From Net: NetName=3V3 Pin=U5-4
Removed Pin From Net: NetName=GND Pin=U6-2
Removed Pin From Net: NetName=3V3 Pin=U6-3
Removed Pin From Net: NetName=CAN L Pin=U6-6
Removed Pin From Net: NetName=CAN H Pin=U6-7
Removed Pin From Net: NetName=GND Pin=U6-8
Added Room: Name=SHDN-BSPD-S01-V00-BSPDBoard
Added Room: Name=SHDN-BSPD-S02-V00-BSPDSystem
Added Room: Name=SHDN-BSPD-S03-V00-BSPDWindowComparitor1
Added Room: Name=SHDN-BSPD-S03-V00-BSPDWindowComparitor2
Added Room: Name=SHDN-BSPD-S04-V00-BSPDDelay
Added Room: Name=SHDN-BSPD-S07-V00-PSU
Added Room: Name=SHDN-BSPD-S09-V00-ShutdownRelay
Added Room: Name=SHDN-BSPD-S10-V00-Connectivity
