Removed Pin From Net: NetName=5kW ALART Pin=J12-6
Removed Pin From Net: NetName=5kW ALARM Pin=R45-1
Removed Pin From Net: NetName=5kW ALARM Pin=U1-11
Added Component: Designator=TP6(TestPointSMD)
Added Component: Designator=TP7(TestPointSMD)
Added Component: Designator=TP8(TestPointSMD)
Added Component: Designator=TP9(TestPointSMD)
Added Component: Designator=TP10(TestPointSMD)
Added Component: Designator=TP11(TestPointSMD)
Added Pin To Net: NetName=5kW ALARM Pin=J12-6
Added Pin To Net: NetName=5kW ALART Pin=R45-1
Added Pin To Net: NetName=3V3 Pin=TP6-1
Added Pin To Net: NetName=PWR SW Pin=TP7-1
Added Pin To Net: NetName=PWR FB Pin=TP8-1
Added Pin To Net: NetName=5V Pin=TP9-1
Added Pin To Net: NetName=PWR SW 5V Pin=TP10-1
Added Pin To Net: NetName=PWR FB 5V Pin=TP11-1
Added Pin To Net: NetName=5kW ALART Pin=U1-11
Added Member To Class: ClassName=SHDN-CURRENT-S04-V00-PSU-3V3 Member=Component TP6 TestPoint_SMD
Added Member To Class: ClassName=SHDN-CURRENT-S04-V00-PSU-3V3 Member=Component TP7 TestPoint_SMD
Added Member To Class: ClassName=SHDN-CURRENT-S04-V00-PSU-3V3 Member=Component TP8 TestPoint_SMD
Added Member To Class: ClassName=SHDN-CURRENT-S09-V00-PSU-5V Member=Component TP9 TestPoint_SMD
Added Member To Class: ClassName=SHDN-CURRENT-S09-V00-PSU-5V Member=Component TP10 TestPoint_SMD
Added Member To Class: ClassName=SHDN-CURRENT-S09-V00-PSU-5V Member=Component TP11 TestPoint_SMD
