Added Component: Designator=B1(PS1240P02BT)
Added Component: Designator=C1(Cap_Ceramic_0603)
Added Component: Designator=C2(Cap_Ceramic_0603)
Added Component: Designator=C3(Cap_Ceramic_0603)
Added Component: Designator=C4(Cap_Ceramic_0603)
Added Component: Designator=C5(Cap_Ceramic_0603)
Added Component: Designator=C6(Cap_Ceramic_0603)
Added Component: Designator=C7(Cap_Ceramic_0603)
Added Component: Designator=C8(Cap_Ceramic_0603)
Added Component: Designator=C9(Cap_Ceramic_0603)
Added Component: Designator=C10(Cap_Ceramic_0603)
Added Component: Designator=C11(Cap_Ceramic_0603)
Added Component: Designator=C12(Cap_Ceramic_0603)
Added Component: Designator=C13(Cap_Ceramic_0603)
Added Component: Designator=C14(Cap_Ceramic_0603)
Added Component: Designator=C15(Cap_Ceramic_0603)
Added Component: Designator=C16(Cap_Ceramic_0603)
Added Component: Designator=C17(Cap_Ceramic_0603)
Added Component: Designator=C18(Cap_Ceramic_0603)
Added Component: Designator=C19(Cap_Ceramic_1206)
Added Component: Designator=C20(Cap_Ceramic_1206)
Added Component: Designator=C21(Cap_Ceramic_1210)
Added Component: Designator=C22(Cap_Ceramic_1210)
Added Component: Designator=C23(Cap_Ceramic_0603)
Added Component: Designator=C24(Cap_Ceramic_1206)
Added Component: Designator=C25(Cap_Ceramic_1210)
Added Component: Designator=C26A(Cap_Ceramic_0603)
Added Component: Designator=C26B(Cap_Ceramic_0603)
Added Component: Designator=D1(NUP2105L)
Add component (AddParameter): Name = "ComponentLink1Description"; Value = "Datasheet"; VariantName = "[No Variations]"
Add component (AddParameter): Name = "ComponentLink1URL"; Value = "https://www.onsemi.cn/PowerSolutions/document/NUP2105L-D.PDF"; VariantName = "[No Variations]"
Add component (AddParameter): Name = "ComponentLink2Description"; Value = "LCSC"; VariantName = "[No Variations]"
Add component (AddParameter): Name = "ComponentLink2URL"; Value = "https://lcsc.com/product-detail/TVS_ON-Semiconductor-NUP2105LT1G_C14486.html"; VariantName = "[No Variations]"
Add component (AddParameter): Name = "ComponentLink3Description"; Value = "Digikey"; VariantName = "[No Variations]"
Add component (AddParameter): Name = "ComponentLink3URL"; Value = "https://www.digikey.com.au/product-detail/en/on-semiconductor/SZNUP2105LT1G/SZNUP2105LT1GOSCT-ND/3487669"; VariantName = "[No Variations]"
Add component (AddParameter): Name = "Parameter 1"; Value = ""; VariantName = "[No Variations]"
Added Component: Designator=D2(SMB)
Add component (AddParameter): Name = "ComponentLink1Description"; Value = "Digikey"; VariantName = "[No Variations]"
Add component (AddParameter): Name = "ComponentLink1URL"; Value = "https://www.digikey.com.au/product-detail/en/littelfuse-inc/SMBJ15CA/SMBJ15CALFCT-ND/285983"; VariantName = "[No Variations]"
Add component (AddParameter): Name = "ComponentLink2Description"; Value = "Datasheet"; VariantName = "[No Variations]"
Add component (AddParameter): Name = "ComponentLink2URL"; Value = "https://www.littelfuse.com/~/media/electronics/datasheets/tvs_diodes/littelfuse_tvs_diode_smbj_datasheet.pdf.pdf"; VariantName = "[No Variations]"
Added Component: Designator=D3(SMA)
Add component (AddParameter): Name = "Manufacturer"; Value = "Generic"; VariantName = "[No Variations]"
Add component (AddParameter): Name = "MPN"; Value = "5V6 500mW SMA"; VariantName = "[No Variations]"
Added Component: Designator=D4(SMA)
Added Component: Designator=D5(SMA)
Added Component: Designator=D6A(LED 7 SEG 0.56")
Added Component: Designator=D6B(LED 7 SEG 0.56")
Added Component: Designator=D7(SMA)
Added Component: Designator=D8(SMA)
Add component (AddParameter): Name = "Manufacturer"; Value = "Generic"; VariantName = "[No Variations]"
Add component (AddParameter): Name = "MPN"; Value = "5V6 500mW SMA"; VariantName = "[No Variations]"
Added Component: Designator=DS1(LED ORANGE 0603)
Added Component: Designator=DS2(LED ORANGE 0603)
Added Component: Designator=DS3(LED BLUE 0603)
Added Component: Designator=DS4(LED BLUE 0603)
Added Component: Designator=DS5(LED GREEN 0603)
Added Component: Designator=DS6(LED GREEN 0603)
Added Component: Designator=FID1(FIDUCIAL 1MM)
Added Component: Designator=FID2(FIDUCIAL 1MM)
Added Component: Designator=FID3(FIDUCIAL 1MM)
Added Component: Designator=FID4(FIDUCIAL 1MM)
Added Component: Designator=J1(IDC 1.27MM 10P)
Added Component: Designator=J2(Jumper_2Way_Solderable)
Added Component: Designator=J3(Jumper_2Way_Solderable)
Added Component: Designator=J4(Jumper_4Way_Pin)
Added Component: Designator=J5(Microfit_2X2_R_TH)
Added Component: Designator=J6(Microfit_1X2_R_TH)
Added Component: Designator=J7(PIN1)
Add component (AddParameter): Name = "LatestRevisionDate"; Value = "17-Jul-2002"; VariantName = "[No Variations]"
Add component (AddParameter): Name = "LatestRevisionNote"; Value = "Re-released for DXP Platform."; VariantName = "[No Variations]"
Add component (AddParameter): Name = "Publisher"; Value = "Altium Limited"; VariantName = "[No Variations]"
Added Component: Designator=J8(Microfit_1X2_R_TH)
Added Component: Designator=J9(PIN1)
Add component (AddParameter): Name = "LatestRevisionDate"; Value = "17-Jul-2002"; VariantName = "[No Variations]"
Add component (AddParameter): Name = "LatestRevisionNote"; Value = "Re-released for DXP Platform."; VariantName = "[No Variations]"
Add component (AddParameter): Name = "Publisher"; Value = "Altium Limited"; VariantName = "[No Variations]"
Added Component: Designator=J10(Jumper_4Way_Pin)
Added Component: Designator=J11(Jumper_2Way_Pin)
Added Component: Designator=J12(Microfit_2X4_R_TH)
Added Component: Designator=K1(G5V-1)
Added Component: Designator=L1(Inductor_0603)
Add component (AddParameter): Name = "ComponentLink1Description"; Value = "Digikey"; VariantName = "[No Variations]"
Add component (AddParameter): Name = "ComponentLink1URL"; Value = "https://www.digikey.com.au/product-detail/en/w%C3%BCrth-elektronik/74404064221/732-7261-1-ND/5353241"; VariantName = "[No Variations]"
Add component (AddParameter): Name = "ComponentLink2Description"; Value = "LCSC A"; VariantName = "[No Variations]"
Add component (AddParameter): Name = "ComponentLink2URL"; Value = "https://lcsc.com/product-detail/Power-Inductors_Sunlord-SWPA6045S221MT_C91047.html"; VariantName = "[No Variations]"
Add component (AddParameter): Name = "ComponentLink3Description"; Value = "LCSC B"; VariantName = "[No Variations]"
Add component (AddParameter): Name = "ComponentLink3URL"; Value = "https://lcsc.com/product-detail/Power-Inductors_SXN-Shun-Xiang-Nuo-Elec-SMNR6045-221MT_C467145.html"; VariantName = "[No Variations]"
Added Component: Designator=L2(Inductor_6x6mm)
Add component (AddParameter): Name = "ComponentLink1Description"; Value = "Digikey"; VariantName = "[No Variations]"
Add component (AddParameter): Name = "ComponentLink1URL"; Value = "https://www.digikey.com.au/product-detail/en/w%C3%BCrth-elektronik/74404064221/732-7261-1-ND/5353241"; VariantName = "[No Variations]"
Add component (AddParameter): Name = "ComponentLink2Description"; Value = "LCSC A"; VariantName = "[No Variations]"
Add component (AddParameter): Name = "ComponentLink2URL"; Value = "https://lcsc.com/product-detail/Power-Inductors_Sunlord-SWPA6045S221MT_C91047.html"; VariantName = "[No Variations]"
Add component (AddParameter): Name = "ComponentLink3Description"; Value = "LCSC B"; VariantName = "[No Variations]"
Add component (AddParameter): Name = "ComponentLink3URL"; Value = "https://lcsc.com/product-detail/Power-Inductors_SXN-Shun-Xiang-Nuo-Elec-SMNR6045-221MT_C467145.html"; VariantName = "[No Variations]"
Added Component: Designator=L3(Inductor_6x6mm)
Add component (AddParameter): Name = "ComponentLink1Description"; Value = "Digikey"; VariantName = "[No Variations]"
Add component (AddParameter): Name = "ComponentLink1URL"; Value = "https://www.digikey.com.au/product-detail/en/w%C3%BCrth-elektronik/74404064221/732-7261-1-ND/5353241"; VariantName = "[No Variations]"
Add component (AddParameter): Name = "ComponentLink2Description"; Value = "LCSC A"; VariantName = "[No Variations]"
Add component (AddParameter): Name = "ComponentLink2URL"; Value = "https://lcsc.com/product-detail/Power-Inductors_Sunlord-SWPA6045S221MT_C91047.html"; VariantName = "[No Variations]"
Add component (AddParameter): Name = "ComponentLink3Description"; Value = "LCSC B"; VariantName = "[No Variations]"
Add component (AddParameter): Name = "ComponentLink3URL"; Value = "https://lcsc.com/product-detail/Power-Inductors_SXN-Shun-Xiang-Nuo-Elec-SMNR6045-221MT_C467145.html"; VariantName = "[No Variations]"
Added Component: Designator=LOGO1(QUTMS LOGO 30MM)
Added Component: Designator=LYID1(LAYER IDENT 2)
Added Component: Designator=M1(M3.5 UNPLATED)
Added Component: Designator=M2(M3.5 UNPLATED)
Added Component: Designator=M3(M3.5 UNPLATED)
Added Component: Designator=M4(M3.5 UNPLATED)
Added Component: Designator=P1(HDR1X3)
Add component (AddParameter): Name = "LatestRevisionDate"; Value = "17-Jul-2002"; VariantName = "[No Variations]"
Add component (AddParameter): Name = "LatestRevisionNote"; Value = "Re-released for DXP Platform."; VariantName = "[No Variations]"
Add component (AddParameter): Name = "Publisher"; Value = "Altium Limited"; VariantName = "[No Variations]"
Added Component: Designator=Q1(DPAK TO-252)
Added Component: Designator=Q2(SOT23-3)
Added Component: Designator=Q3A(SOT23-3)
Added Component: Designator=Q3B(SOT23-3)
Added Component: Designator=Q4(SOT23-3)
Added Component: Designator=Q5(SOT23-3)
Added Component: Designator=R1(Res_ThinFilm_0603)
Added Component: Designator=R2(Res_ThinFilm_0603)
Added Component: Designator=R3(Res_ThinFilm_0603)
Added Component: Designator=R4(Res_ThinFilm_0603)
Added Component: Designator=R5(Res_ThinFilm_0603)
Added Component: Designator=R6(Res_ThinFilm_1210)
Added Component: Designator=R7(Res_ThinFilm_0603)
Added Component: Designator=R8(Res_ThinFilm_0603)
Added Component: Designator=R9(Res_ThinFilm_0603)
Added Component: Designator=R10(Res_ThinFilm_0603)
Added Component: Designator=R11(RH0508R000FE02)
Add component (AddParameter): Name = "ComponentLink1Description"; Value = "Digikey"; VariantName = "[No Variations]"
Add component (AddParameter): Name = "ComponentLink1URL"; Value = "https://www.digikey.com.au/product-detail/en/vishay-dale/RH0508R000FE02/RHRD-8-0-ND/1166324"; VariantName = "[No Variations]"
Add component (AddParameter): Name = "ComponentLink2Description"; Value = "Datasheet"; VariantName = "[No Variations]"
Add component (AddParameter): Name = "ComponentLink2URL"; Value = "https://www.vishay.com/docs/30201/rhnh.pdf"; VariantName = "[No Variations]"
Added Component: Designator=R12(Res_ThinFilm_0603)
Added Component: Designator=R13(Res_ThinFilm_0603)
Added Component: Designator=R14(Res_ThinFilm_0603)
Added Component: Designator=R15(Res_ThinFilm_0603)
Added Component: Designator=R16(Res_ThinFilm_0603)
Added Component: Designator=R17(TC33)
Added Component: Designator=R18(Res_ThinFilm_0603)
Added Component: Designator=R19(Res_ThinFilm_0603)
Added Component: Designator=R20(Res_ThinFilm_0603)
Added Component: Designator=R21(Res_ThinFilm_0603)
Added Component: Designator=R22(Res_ThinFilm_0603)
Added Component: Designator=R23(Res_ThinFilm_0603)
Added Component: Designator=R24(Res_ThinFilm_0603)
Added Component: Designator=R25(Res_ThinFilm_0603)
Added Component: Designator=R26(Res_ThinFilm_0603)
Added Component: Designator=R27(Res_ThinFilm_0603)
Added Component: Designator=R28(Res_ThinFilm_0603)
Added Component: Designator=R29(Res_ThinFilm_0603)
Added Component: Designator=R30(Res_ThinFilm_0603)
Added Component: Designator=R31(Res_ThinFilm_0603)
Added Component: Designator=R32A(Res_ThinFilm_0603)
Added Component: Designator=R32B(Res_ThinFilm_0603)
Added Component: Designator=R33A(Res_ThinFilm_0603)
Added Component: Designator=R33B(Res_ThinFilm_0603)
Added Component: Designator=R34A(Res_ThinFilm_0603)
Added Component: Designator=R34B(Res_ThinFilm_0603)
Added Component: Designator=R35A(Res_ThinFilm_0603)
Added Component: Designator=R35B(Res_ThinFilm_0603)
Added Component: Designator=R36A(Res_ThinFilm_0603)
Added Component: Designator=R36B(Res_ThinFilm_0603)
Added Component: Designator=R37A(Res_ThinFilm_0603)
Added Component: Designator=R37B(Res_ThinFilm_0603)
Added Component: Designator=R38A(Res_ThinFilm_0603)
Added Component: Designator=R38B(Res_ThinFilm_0603)
Added Component: Designator=R39A(Res_ThinFilm_0603)
Added Component: Designator=R39B(Res_ThinFilm_0603)
Added Component: Designator=R40A(Res_ThinFilm_0603)
Added Component: Designator=R40B(Res_ThinFilm_0603)
Added Component: Designator=R41A(Res_ThinFilm_0603)
Added Component: Designator=R41B(Res_ThinFilm_0603)
Added Component: Designator=R42(Res_ThinFilm_0603)
Added Component: Designator=R43(Res_ThinFilm_0603)
Added Component: Designator=R44(Res_ThinFilm_0603)
Added Component: Designator=R45(Res_ThinFilm_0603)
Added Component: Designator=R46(Res_ThinFilm_0603)
Added Component: Designator=SW1(BTN B3U-1000P)
Add component (AddParameter): Name = "ComponentLink1Description"; Value = "LCSC"; VariantName = "[No Variations]"
Add component (AddParameter): Name = "ComponentLink1URL"; Value = "https://lcsc.com/product-detail/Tactile-Switches_BRIGHT-TSA063G50-250_C294565.html"; VariantName = "[No Variations]"
Added Component: Designator=TP1(TestPointSMD)
Added Component: Designator=TP2(TestPointSMD)
Added Component: Designator=TP3(TestPointSMD)
Added Component: Designator=TP4(TestPointSMD)
Added Component: Designator=TP5(TestPointSMD)
Added Component: Designator=TP6(TestPointSMD)
Added Component: Designator=TP7(TestPointSMD)
Added Component: Designator=TP8(TestPointSMD)
Added Component: Designator=TP9(TestPointSMD)
Added Component: Designator=TP10(TestPointSMD)
Added Component: Designator=TP11(TestPointSMD)
Added Component: Designator=TP12(TestPointSMD)
Added Component: Designator=U1(STM32F302RC)
Add component (AddParameter): Name = "ComponentLink1Description"; Value = "Digikey"; VariantName = "[No Variations]"
Add component (AddParameter): Name = "ComponentLink1URL"; Value = "https://www.digikey.com.au/product-detail/en/stmicroelectronics/STM32F302RCT6TR/497-19000-1-ND/9974332"; VariantName = "[No Variations]"
Add component (AddParameter): Name = "ComponentLink2Description"; Value = "Datasheet"; VariantName = "[No Variations]"
Add component (AddParameter): Name = "ComponentLink2URL"; Value = "http://www.st.com/content/ccc/resource/technical/document/datasheet/67/73/21/b9/f2/b3/4d/f8/DM00094064.pdf/files/DM00094064.pdf/jcr:content/translations/en.DM00094064.pdf"; VariantName = "[No Variations]"
Added Component: Designator=U2(DSC1001DI1-008.0000TCT-ND)
Added Component: Designator=U3(SN65HVD233DR)
Add component (AddParameter): Name = "ComponentLink1Description"; Value = "LCSC"; VariantName = "[No Variations]"
Add component (AddParameter): Name = "ComponentLink1URL"; Value = "https://lcsc.com/product-detail/CAN-ICs_Texas-Instruments_SN65HVD233DRG4_Texas-Instruments-Texas-Instruments-SN65HVD233DRG4_C61643.html"; VariantName = "[No Variations]"
Add component (AddParameter): Name = "ComponentLink2Description"; Value = "Digikey"; VariantName = "[No Variations]"
Add component (AddParameter): Name = "ComponentLink2URL"; Value = "https://www.digikey.com.au/product-detail/en/texas-instruments/SN65HVD233DR/296-35967-1-ND/4134960"; VariantName = "[No Variations]"
Add component (AddParameter): Name = "ComponentLink3Description"; Value = "Datasheet"; VariantName = "[No Variations]"
Add component (AddParameter): Name = "ComponentLink3URL"; Value = "https://www.ti.com/lit/ds/symlink/sn65hvd233.pdf?ts=1588560888178"; VariantName = "[No Variations]"
Add component (AddParameter): Name = "ComponentLink4Description"; Value = "Ti Product Page"; VariantName = "[No Variations]"
Add component (AddParameter): Name = "ComponentLink4URL"; Value = "https://www.ti.com/product/SN65HVD233"; VariantName = "[No Variations]"
Added Component: Designator=U4(TSSOP-8)
Added Component: Designator=U5(TSSOP-8)
Added Component: Designator=U6(LMR14010)
Added Component: Designator=U7(LMR14010)
Added Component: Designator=U8A(16-TSSOP)
Added Component: Designator=U8B(16-TSSOP)
Added Pin To Net: NetName=BUZZER POS Pin=B1-1
Added Pin To Net: NetName=BUZZER NEG Pin=B1-2
Added Pin To Net: NetName=GND Pin=C1-1
Added Pin To Net: NetName=3V3 Pin=C1-2
Added Pin To Net: NetName=GND Pin=C2-1
Added Pin To Net: NetName=3V3 Pin=C2-2
Added Pin To Net: NetName=GND Pin=C3-1
Added Pin To Net: NetName=3V3 Pin=C3-2
Added Pin To Net: NetName=GND Pin=C4-1
Added Pin To Net: NetName=3V3 Pin=C4-2
Added Pin To Net: NetName=GND Pin=C5-1
Added Pin To Net: NetName=3V3 Pin=C5-2
Added Pin To Net: NetName=GND Pin=C6-1
Added Pin To Net: NetName=3V3 Pin=C6-2
Added Pin To Net: NetName=GND Pin=C7-1
Added Pin To Net: NetName=3V3 Pin=C7-2
Added Pin To Net: NetName=GND Pin=C8-1
Added Pin To Net: NetName=3V3 Pin=C8-2
Added Pin To Net: NetName=GND Pin=C9-1
Added Pin To Net: NetName=VDDA Pin=C9-2
Added Pin To Net: NetName=GND Pin=C10-1
Added Pin To Net: NetName=VDDA Pin=C10-2
Added Pin To Net: NetName=GND Pin=C11-1
Added Pin To Net: NetName=3V3 Pin=C11-2
Added Pin To Net: NetName=GND Pin=C12-1
Added Pin To Net: NetName=NRST Pin=C12-2
Added Pin To Net: NetName=GND Pin=C13-1
Added Pin To Net: NetName=3V3 Pin=C13-2
Added Pin To Net: NetName=GND Pin=C14-1
Added Pin To Net: NetName=CURRENT VLTG Pin=C14-2
Added Pin To Net: NetName=LEM Pin=C15-1
Added Pin To Net: NetName=GND Pin=C15-2
Added Pin To Net: NetName=GND Pin=C16-1
Added Pin To Net: NetName=5kW CALIBRATION Pin=C16-2
Added Pin To Net: NetName=LEM Pin=C17-1
Added Pin To Net: NetName=GND Pin=C17-2
Added Pin To Net: NetName=PWR CB Pin=C18-1
Added Pin To Net: NetName=PWR SW Pin=C18-2
Added Pin To Net: NetName=GND Pin=C19-1
Added Pin To Net: NetName=12V Pin=C19-2
Added Pin To Net: NetName=GND Pin=C20-1
Added Pin To Net: NetName=12V Pin=C20-2
Added Pin To Net: NetName=GND Pin=C21-1
Added Pin To Net: NetName=3V3 Pin=C21-2
Added Pin To Net: NetName=GND Pin=C22-1
Added Pin To Net: NetName=3V3 Pin=C22-2
Added Pin To Net: NetName=PWR CB 5V Pin=C23-1
Added Pin To Net: NetName=PWR SW 5V Pin=C23-2
Added Pin To Net: NetName=GND Pin=C24-1
Added Pin To Net: NetName=12V Pin=C24-2
Added Pin To Net: NetName=GND Pin=C25-1
Added Pin To Net: NetName=5V Pin=C25-2
Added Pin To Net: NetName=3V3 Pin=C26A-1
Added Pin To Net: NetName=GND Pin=C26A-2
Added Pin To Net: NetName=3V3 Pin=C26B-1
Added Pin To Net: NetName=GND Pin=C26B-2
Added Pin To Net: NetName=CAN L Pin=D1-1
Added Pin To Net: NetName=CAN H Pin=D1-2
Added Pin To Net: NetName=GND Pin=D1-3
Added Pin To Net: NetName=GND Pin=D2-A
Added Pin To Net: NetName=SIM TRIG Pin=D2-K
Added Pin To Net: NetName=GND Pin=D3-A
Added Pin To Net: NetName=SIM TRIG R Pin=D3-K
Added Pin To Net: NetName=GND Pin=D4-A
Added Pin To Net: NetName=PWR SW Pin=D4-K
Added Pin To Net: NetName=GND Pin=D5-A
Added Pin To Net: NetName=PWR SW 5V Pin=D5-K
Added Pin To Net: NetName=7SEG ERA Pin=D6A-1
Added Pin To Net: NetName=7SEG DRA Pin=D6A-2
Added Pin To Net: NetName=7SEG CRA Pin=D6A-4
Added Pin To Net: NetName=7SEG DPRA Pin=D6A-5
Added Pin To Net: NetName=7SEG BRA Pin=D6A-6
Added Pin To Net: NetName=7SEG ARA Pin=D6A-7
Added Pin To Net: NetName=7SEG FRA Pin=D6A-9
Added Pin To Net: NetName=7SEG GRA Pin=D6A-10
Added Pin To Net: NetName=7SEG ERB Pin=D6B-1
Added Pin To Net: NetName=7SEG DRB Pin=D6B-2
Added Pin To Net: NetName=7SEG CRB Pin=D6B-4
Added Pin To Net: NetName=7SEG DPRB Pin=D6B-5
Added Pin To Net: NetName=7SEG BRB Pin=D6B-6
Added Pin To Net: NetName=7SEG ARB Pin=D6B-7
Added Pin To Net: NetName=7SEG FRB Pin=D6B-9
Added Pin To Net: NetName=7SEG GRB Pin=D6B-10
Added Pin To Net: NetName=RELAY D Pin=D7-A
Added Pin To Net: NetName=12V Pin=D7-K
Added Pin To Net: NetName=RELAY D Pin=D8-A
Added Pin To Net: NetName=RELAY Pin=D8-K
Added Pin To Net: NetName=LED A R Pin=DS1-1
Added Pin To Net: NetName=GND Pin=DS1-2
Added Pin To Net: NetName=LED B R Pin=DS2-1
Added Pin To Net: NetName=GND Pin=DS2-2
Added Pin To Net: NetName=CAN LED Pin=DS3-1
Added Pin To Net: NetName=CAN TX LED Pin=DS3-2
Added Pin To Net: NetName=CAN LED Pin=DS4-1
Added Pin To Net: NetName=CAN RX LED Pin=DS4-2
Added Pin To Net: NetName=3V3 L Pin=DS5-1
Added Pin To Net: NetName=GND Pin=DS5-2
Added Pin To Net: NetName=5V L Pin=DS6-1
Added Pin To Net: NetName=GND Pin=DS6-2
Added Pin To Net: NetName=3V3 Pin=J1-1
Added Pin To Net: NetName=SWDIO Pin=J1-2
Added Pin To Net: NetName=GND Pin=J1-3
Added Pin To Net: NetName=SWCLK Pin=J1-4
Added Pin To Net: NetName=GND Pin=J1-5
Added Pin To Net: NetName=PROG A Pin=J1-6
Added Pin To Net: NetName=PROG B Pin=J1-7
Added Pin To Net: NetName=PROG C Pin=J1-8
Added Pin To Net: NetName=GND Pin=J1-9
Added Pin To Net: NetName=NRST Pin=J1-10
Added Pin To Net: NetName=3V3 Pin=J2-1
Added Pin To Net: NetName=CAN LED Pin=J2-2
Added Pin To Net: NetName=CAN H Pin=J3-1
Added Pin To Net: NetName=CAN TERM Pin=J3-2
Added Pin To Net: NetName=12V Pin=J4-1
Added Pin To Net: NetName=LEM Pin=J4-2
Added Pin To Net: NetName=3V3 Pin=J4-3
Added Pin To Net: NetName=5V Pin=J4-4
Added Pin To Net: NetName=LEM REF Pin=J5-1
Added Pin To Net: NetName=GND Pin=J5-2
Added Pin To Net: NetName=LEM SIG Pin=J5-3
Added Pin To Net: NetName=LEM Pin=J5-4
Added Pin To Net: NetName=12V Pin=J6-1
Added Pin To Net: NetName=SIM HIGH Pin=J6-2
Added Pin To Net: NetName=SIM HIGH Pin=J7-1
Added Pin To Net: NetName=SIM HIGH Pin=J8-1
Added Pin To Net: NetName=SIM LOW Pin=J8-2
Added Pin To Net: NetName=SIM LOW Pin=J9-1
Added Pin To Net: NetName=12V Pin=J10-1
Added Pin To Net: NetName=ALARM Pin=J10-2
Added Pin To Net: NetName=3V3 Pin=J10-3
Added Pin To Net: NetName=5V Pin=J10-4
Added Pin To Net: NetName=3V3 Pin=J11-1
Added Pin To Net: NetName=BUZZER POS Pin=J11-2
Added Pin To Net: NetName=12V Pin=J12-1
Added Pin To Net: NetName=SIM TRIG Pin=J12-2
Added Pin To Net: NetName=CHAIN IN Pin=J12-4
Added Pin To Net: NetName=GND Pin=J12-5
Added Pin To Net: NetName=5kW ALART Pin=J12-6
Added Pin To Net: NetName=CHAIN OUT Pin=J12-8
Added Pin To Net: NetName=12V Pin=K1-1
Added Pin To Net: NetName=RELAY Pin=K1-2
Added Pin To Net: NetName=3V3 Pin=L1-1
Added Pin To Net: NetName=VDDA Pin=L1-2
Added Pin To Net: NetName=PWR SW Pin=L2-1
Added Pin To Net: NetName=3V3 Pin=L2-2
Added Pin To Net: NetName=PWR SW 5V Pin=L3-1
Added Pin To Net: NetName=5V Pin=L3-2
Added Pin To Net: NetName=USART1 TX Pin=P1-1
Added Pin To Net: NetName=USART1 RX Pin=P1-2
Added Pin To Net: NetName=GND Pin=P1-3
Added Pin To Net: NetName=SIM LOW Pin=Q1-D
Added Pin To Net: NetName=SIM TRIG R Pin=Q1-G
Added Pin To Net: NetName=GND Pin=Q1-S
Added Pin To Net: NetName=V ALARM Pin=Q2-D
Added Pin To Net: NetName=5kW ALERT R Pin=Q2-G
Added Pin To Net: NetName=5kW ALARM Pin=Q2-S
Added Pin To Net: NetName=GND Pin=Q3A-S
Added Pin To Net: NetName=GND Pin=Q3B-S
Added Pin To Net: NetName=BUZZER NEG Pin=Q4-D
Added Pin To Net: NetName=BUZZER MOS Pin=Q4-G
Added Pin To Net: NetName=GND Pin=Q4-S
Added Pin To Net: NetName=RELAY Pin=Q5-D
Added Pin To Net: NetName=RELAY CTRL Pin=Q5-G
Added Pin To Net: NetName=GND Pin=Q5-S
Added Pin To Net: NetName=NRST Pin=R1-1
Added Pin To Net: NetName=3V3 Pin=R1-2
Added Pin To Net: NetName=LED A Pin=R2-1
Added Pin To Net: NetName=LED A R Pin=R2-2
Added Pin To Net: NetName=LED B Pin=R3-1
Added Pin To Net: NetName=LED B R Pin=R3-2
Added Pin To Net: NetName=CAN TX Pin=R4-1
Added Pin To Net: NetName=CAN TX LED Pin=R4-2
Added Pin To Net: NetName=CAN RX Pin=R5-1
Added Pin To Net: NetName=CAN RX LED Pin=R5-2
Added Pin To Net: NetName=CAN L Pin=R6-1
Added Pin To Net: NetName=CAN TERM Pin=R6-2
Added Pin To Net: NetName=VSEL Pin=R7-1
Added Pin To Net: NetName=LEM Pin=R7-2
Added Pin To Net: NetName=GND Pin=R8-1
Added Pin To Net: NetName=VSEL Pin=R8-2
Added Pin To Net: NetName=SIM TRIG Pin=R9-1
Added Pin To Net: NetName=SIM TRIG R Pin=R9-2
Added Pin To Net: NetName=GND Pin=R10-1
Added Pin To Net: NetName=SIM TRIG R Pin=R10-2
Added Pin To Net: NetName=GND Pin=R12-1
Added Pin To Net: NetName=NetR12_2 Pin=R12-2
Added Pin To Net: NetName=NetR12_2 Pin=R13-1
Added Pin To Net: NetName=NetR13_2 Pin=R13-2
Added Pin To Net: NetName=NetR13_2 Pin=R14-1
Added Pin To Net: NetName=NetR14_2 Pin=R14-2
Added Pin To Net: NetName=NetR14_2 Pin=R15-1
Added Pin To Net: NetName=CURRENT VLTG Pin=R15-2
Added Pin To Net: NetName=5kW CALIBRATION Pin=R16-1
Added Pin To Net: NetName=LEM Pin=R16-2
Added Pin To Net: NetName=LEM Pin=R17-1
Added Pin To Net: NetName=5kW CALIBRATION Pin=R17-2
Added Pin To Net: NetName=GND Pin=R17-3
Added Pin To Net: NetName=GND Pin=R18-1
Added Pin To Net: NetName=5kW CALIBRATION Pin=R18-2
Added Pin To Net: NetName=PWR FB Pin=R19-1
Added Pin To Net: NetName=3V3 Pin=R19-2
Added Pin To Net: NetName=3V3 L Pin=R20-1
Added Pin To Net: NetName=3V3 Pin=R20-2
Added Pin To Net: NetName=GND Pin=R21-1
Added Pin To Net: NetName=PWR FB Pin=R21-2
Added Pin To Net: NetName=PWR FB 5V Pin=R22-1
Added Pin To Net: NetName=5V Pin=R22-2
Added Pin To Net: NetName=5V L Pin=R23-1
Added Pin To Net: NetName=5V Pin=R23-2
Added Pin To Net: NetName=GND Pin=R24-1
Added Pin To Net: NetName=PWR FB 5V Pin=R24-2
Added Pin To Net: NetName=V ALARM Pin=R25-1
Added Pin To Net: NetName=ALARM Pin=R25-2
Added Pin To Net: NetName=GND Pin=R26-1
Added Pin To Net: NetName=V ALARM Pin=R26-2
Added Pin To Net: NetName=ALARM Pin=R27-2
Added Pin To Net: NetName=5kW ALART Pin=R28-1
Added Pin To Net: NetName=5kW ALERT R Pin=R28-2
Added Pin To Net: NetName=GND Pin=R29-1
Added Pin To Net: NetName=GND Pin=R30-1
Added Pin To Net: NetName=5kW ALERT R Pin=R30-2
Added Pin To Net: NetName=GND Pin=R31-1
Added Pin To Net: NetName=5kW ALARM Pin=R31-2
Added Pin To Net: NetName=7SEG AA Pin=R32A-1
Added Pin To Net: NetName=7SEG ARA Pin=R32A-2
Added Pin To Net: NetName=7SEG AB Pin=R32B-1
Added Pin To Net: NetName=7SEG ARB Pin=R32B-2
Added Pin To Net: NetName=7SEG BA Pin=R33A-1
Added Pin To Net: NetName=7SEG BRA Pin=R33A-2
Added Pin To Net: NetName=7SEG BB Pin=R33B-1
Added Pin To Net: NetName=7SEG BRB Pin=R33B-2
Added Pin To Net: NetName=7SEG CA Pin=R34A-1
Added Pin To Net: NetName=7SEG CRA Pin=R34A-2
Added Pin To Net: NetName=7SEG CB Pin=R34B-1
Added Pin To Net: NetName=7SEG CRB Pin=R34B-2
Added Pin To Net: NetName=7SEG DA Pin=R35A-1
Added Pin To Net: NetName=7SEG DRA Pin=R35A-2
Added Pin To Net: NetName=7SEG DB Pin=R35B-1
Added Pin To Net: NetName=7SEG DRB Pin=R35B-2
Added Pin To Net: NetName=7SEG EA Pin=R36A-1
Added Pin To Net: NetName=7SEG ERA Pin=R36A-2
Added Pin To Net: NetName=7SEG EB Pin=R36B-1
Added Pin To Net: NetName=7SEG ERB Pin=R36B-2
Added Pin To Net: NetName=7SEG FA Pin=R37A-1
Added Pin To Net: NetName=7SEG FRA Pin=R37A-2
Added Pin To Net: NetName=7SEG FB Pin=R37B-1
Added Pin To Net: NetName=7SEG FRB Pin=R37B-2
Added Pin To Net: NetName=7SEG GA Pin=R38A-1
Added Pin To Net: NetName=7SEG GRA Pin=R38A-2
Added Pin To Net: NetName=7SEG GB Pin=R38B-1
Added Pin To Net: NetName=7SEG GRB Pin=R38B-2
Added Pin To Net: NetName=7SEG DP B Pin=R39A-1
Added Pin To Net: NetName=7SEG DPRA Pin=R39A-2
Added Pin To Net: NetName=7SEG DP A Pin=R39B-1
Added Pin To Net: NetName=7SEG DPRB Pin=R39B-2
Added Pin To Net: NetName=7SEG CATH B Pin=R40A-1
Added Pin To Net: NetName=7SEG CATH A Pin=R40B-1
Added Pin To Net: NetName=GND Pin=R41A-1
Added Pin To Net: NetName=GND Pin=R41B-1
Added Pin To Net: NetName=BUZZER NEG Pin=R42-1
Added Pin To Net: NetName=BUZZER POS Pin=R42-2
Added Pin To Net: NetName=BUZZER Pin=R43-1
Added Pin To Net: NetName=BUZZER MOS Pin=R43-2
Added Pin To Net: NetName=BUZZER MOS Pin=R44-1
Added Pin To Net: NetName=GND Pin=R44-2
Added Pin To Net: NetName=5kW ALARM Pin=R45-1
Added Pin To Net: NetName=RELAY CTRL Pin=R45-2
Added Pin To Net: NetName=GND Pin=R46-1
Added Pin To Net: NetName=RELAY CTRL Pin=R46-2
Added Pin To Net: NetName=GND Pin=SW1-1
Added Pin To Net: NetName=NRST Pin=SW1-2
Added Pin To Net: NetName=CURRENT VLTG Pin=TP1-1
Added Pin To Net: NetName=LEM REF Pin=TP2-1
Added Pin To Net: NetName=LEM SIG Pin=TP3-1
Added Pin To Net: NetName=5kW ALART Pin=TP4-1
Added Pin To Net: NetName=5kW CALIBRATION Pin=TP5-1
Added Pin To Net: NetName=3V3 Pin=TP6-1
Added Pin To Net: NetName=PWR SW Pin=TP7-1
Added Pin To Net: NetName=PWR FB Pin=TP8-1
Added Pin To Net: NetName=5V Pin=TP9-1
Added Pin To Net: NetName=PWR SW 5V Pin=TP10-1
Added Pin To Net: NetName=PWR FB 5V Pin=TP11-1
Added Pin To Net: NetName=V ALARM Pin=TP12-1
Added Pin To Net: NetName=3V3 Pin=U1-1
Added Pin To Net: NetName=PC14 Pin=U1-3
Added Pin To Net: NetName=PC15 Pin=U1-4
Added Pin To Net: NetName=OSC IN Pin=U1-5
Added Pin To Net: NetName=GND Pin=U1-6
Added Pin To Net: NetName=NRST Pin=U1-7
Added Pin To Net: NetName=GND Pin=U1-12
Added Pin To Net: NetName=VDDA Pin=U1-13
Added Pin To Net: NetName=5kW CALIBRATION Pin=U1-14
Added Pin To Net: NetName=5kW ALARM Pin=U1-15
Added Pin To Net: NetName=VSEL Pin=U1-16
Added Pin To Net: NetName=CURRENT VLTG Pin=U1-17
Added Pin To Net: NetName=LED B Pin=U1-18
Added Pin To Net: NetName=3V3 Pin=U1-19
Added Pin To Net: NetName=7SEG D3 Pin=U1-26
Added Pin To Net: NetName=7SEG D2 Pin=U1-27
Added Pin To Net: NetName=7SEG D1 Pin=U1-28
Added Pin To Net: NetName=7SEG DP B Pin=U1-29
Added Pin To Net: NetName=7SEG CATH B Pin=U1-30
Added Pin To Net: NetName=GND Pin=U1-31
Added Pin To Net: NetName=3V3 Pin=U1-32
Added Pin To Net: NetName=BUZZER Pin=U1-33
Added Pin To Net: NetName=CAN RX Pin=U1-44
Added Pin To Net: NetName=CAN TX Pin=U1-45
Added Pin To Net: NetName=SWDIO Pin=U1-46
Added Pin To Net: NetName=GND Pin=U1-47
Added Pin To Net: NetName=3V3 Pin=U1-48
Added Pin To Net: NetName=SWCLK Pin=U1-49
Added Pin To Net: NetName=LED A Pin=U1-54
Added Pin To Net: NetName=7SEG D0 Pin=U1-55
Added Pin To Net: NetName=7SEG LT Pin=U1-56
Added Pin To Net: NetName=USART1 TX Pin=U1-58
Added Pin To Net: NetName=USART1 RX Pin=U1-59
Added Pin To Net: NetName=BOOT0 Pin=U1-60
Added Pin To Net: NetName=7SEG DP A Pin=U1-61
Added Pin To Net: NetName=7SEG CATH A Pin=U1-62
Added Pin To Net: NetName=GND Pin=U1-63
Added Pin To Net: NetName=3V3 Pin=U1-64
Added Pin To Net: NetName=3V3 Pin=U2-1
Added Pin To Net: NetName=GND Pin=U2-2
Added Pin To Net: NetName=OSC IN Pin=U2-3
Added Pin To Net: NetName=3V3 Pin=U2-4
Added Pin To Net: NetName=CAN TX Pin=U3-1
Added Pin To Net: NetName=GND Pin=U3-2
Added Pin To Net: NetName=3V3 Pin=U3-3
Added Pin To Net: NetName=CAN RX Pin=U3-4
Added Pin To Net: NetName=CAN L Pin=U3-6
Added Pin To Net: NetName=CAN H Pin=U3-7
Added Pin To Net: NetName=GND Pin=U3-8
Added Pin To Net: NetName=NetR13_2 Pin=U4-1
Added Pin To Net: NetName=LEM REF Pin=U4-2
Added Pin To Net: NetName=NetR12_2 Pin=U4-3
Added Pin To Net: NetName=GND Pin=U4-4
Added Pin To Net: NetName=NetR14_2 Pin=U4-5
Added Pin To Net: NetName=LEM SIG Pin=U4-6
Added Pin To Net: NetName=CURRENT VLTG Pin=U4-7
Added Pin To Net: NetName=LEM Pin=U4-8
Added Pin To Net: NetName=5kW ALART Pin=U5-1
Added Pin To Net: NetName=CURRENT VLTG Pin=U5-2
Added Pin To Net: NetName=5kW CALIBRATION Pin=U5-3
Added Pin To Net: NetName=GND Pin=U5-4
Added Pin To Net: NetName=GND Pin=U5-6
Added Pin To Net: NetName=GND Pin=U5-7
Added Pin To Net: NetName=LEM Pin=U5-8
Added Pin To Net: NetName=PWR CB Pin=U6-1
Added Pin To Net: NetName=GND Pin=U6-2
Added Pin To Net: NetName=PWR FB Pin=U6-3
Added Pin To Net: NetName=12V Pin=U6-4
Added Pin To Net: NetName=12V Pin=U6-5
Added Pin To Net: NetName=PWR SW Pin=U6-6
Added Pin To Net: NetName=PWR CB 5V Pin=U7-1
Added Pin To Net: NetName=GND Pin=U7-2
Added Pin To Net: NetName=PWR FB 5V Pin=U7-3
Added Pin To Net: NetName=12V Pin=U7-4
Added Pin To Net: NetName=12V Pin=U7-5
Added Pin To Net: NetName=PWR SW 5V Pin=U7-6
Added Pin To Net: NetName=7SEG D1 Pin=U8A-1
Added Pin To Net: NetName=7SEG D2 Pin=U8A-2
Added Pin To Net: NetName=7SEG LT Pin=U8A-3
Added Pin To Net: NetName=3V3 Pin=U8A-4
Added Pin To Net: NetName=GND Pin=U8A-5
Added Pin To Net: NetName=7SEG D3 Pin=U8A-6
Added Pin To Net: NetName=7SEG D0 Pin=U8A-7
Added Pin To Net: NetName=GND Pin=U8A-8
Added Pin To Net: NetName=7SEG EA Pin=U8A-9
Added Pin To Net: NetName=7SEG DA Pin=U8A-10
Added Pin To Net: NetName=7SEG CA Pin=U8A-11
Added Pin To Net: NetName=7SEG BA Pin=U8A-12
Added Pin To Net: NetName=7SEG AA Pin=U8A-13
Added Pin To Net: NetName=7SEG GA Pin=U8A-14
Added Pin To Net: NetName=7SEG FA Pin=U8A-15
Added Pin To Net: NetName=3V3 Pin=U8A-16
Added Pin To Net: NetName=7SEG D1 Pin=U8B-1
Added Pin To Net: NetName=7SEG D2 Pin=U8B-2
Added Pin To Net: NetName=7SEG LT Pin=U8B-3
Added Pin To Net: NetName=3V3 Pin=U8B-4
Added Pin To Net: NetName=GND Pin=U8B-5
Added Pin To Net: NetName=7SEG D3 Pin=U8B-6
Added Pin To Net: NetName=7SEG D0 Pin=U8B-7
Added Pin To Net: NetName=GND Pin=U8B-8
Added Pin To Net: NetName=7SEG EB Pin=U8B-9
Added Pin To Net: NetName=7SEG DB Pin=U8B-10
Added Pin To Net: NetName=7SEG CB Pin=U8B-11
Added Pin To Net: NetName=7SEG BB Pin=U8B-12
Added Pin To Net: NetName=7SEG AB Pin=U8B-13
Added Pin To Net: NetName=7SEG GB Pin=U8B-14
Added Pin To Net: NetName=7SEG FB Pin=U8B-15
Added Pin To Net: NetName=3V3 Pin=U8B-16
Added Pin To Net: NetName=NetD6A_3 Pin=D6A-3
Added Pin To Net: NetName=NetD6A_3 Pin=D6A-8
Added Pin To Net: NetName=NetD6A_3 Pin=Q3A-D
Added Net: Name=NetD6A_3
Added Pin To Net: NetName=NetD6B_3 Pin=D6B-3
Added Pin To Net: NetName=NetD6B_3 Pin=D6B-8
Added Pin To Net: NetName=NetD6B_3 Pin=Q3B-D
Added Net: Name=NetD6B_3
Added Pin To Net: NetName=NetQ3A_G Pin=Q3A-G
Added Pin To Net: NetName=NetQ3A_G Pin=R40A-2
Added Pin To Net: NetName=NetQ3A_G Pin=R41A-2
Added Net: Name=NetQ3A_G
Added Pin To Net: NetName=NetQ3B_G Pin=Q3B-G
Added Pin To Net: NetName=NetQ3B_G Pin=R40B-2
Added Pin To Net: NetName=NetQ3B_G Pin=R41B-2
Added Net: Name=NetQ3B_G
Added Pin To Net: NetName=NetR27_1 Pin=R27-1
Added Pin To Net: NetName=NetR27_1 Pin=R29-2
Added Net: Name=NetR27_1
Added Member To Class: ClassName=SHDN-CURRENT-S12-V00-Buzzer Member=Component B1 PS1240P02BT
Added Member To Class: ClassName=SHDN-CURRENT-S02-V00-Microcontroller Member=Component C1 100nF
Added Member To Class: ClassName=SHDN-CURRENT-S02-V00-Microcontroller Member=Component C2 4u7
Added Member To Class: ClassName=SHDN-CURRENT-S02-V00-Microcontroller Member=Component C3 100nF
Added Member To Class: ClassName=SHDN-CURRENT-S02-V00-Microcontroller Member=Component C4 4u7
Added Member To Class: ClassName=SHDN-CURRENT-S02-V00-Microcontroller Member=Component C5 100nF
Added Member To Class: ClassName=SHDN-CURRENT-S02-V00-Microcontroller Member=Component C6 4u7
Added Member To Class: ClassName=SHDN-CURRENT-S02-V00-Microcontroller Member=Component C7 100nF
Added Member To Class: ClassName=SHDN-CURRENT-S02-V00-Microcontroller Member=Component C8 4u7
Added Member To Class: ClassName=SHDN-CURRENT-S02-V00-Microcontroller Member=Component C9 1uF
Added Member To Class: ClassName=SHDN-CURRENT-S02-V00-Microcontroller Member=Component C10 10nF
Added Member To Class: ClassName=SHDN-CURRENT-S02-V00-Microcontroller Member=Component C11 100nF
Added Member To Class: ClassName=SHDN-CURRENT-S02-V00-Microcontroller Member=Component C12 100nF
Added Member To Class: ClassName=SHDN-CURRENT-S03-V00-IsolatedCAN Member=Component C13 100nF
Added Member To Class: ClassName=SHDN-CURRENT-S07-V00-LEMInterface Member=Component C14 10nF
Added Member To Class: ClassName=SHDN-CURRENT-S07-V00-LEMInterface Member=Component C15 100nF
Added Member To Class: ClassName=SHDN-CURRENT-S08-V00-5kWDetection Member=Component C16 100nF
Added Member To Class: ClassName=SHDN-CURRENT-S08-V00-5kWDetection Member=Component C17 100nF
Added Member To Class: ClassName=SHDN-CURRENT-S04-V00-PSU-3V3 Member=Component C18 100nF 100V
Added Member To Class: ClassName=SHDN-CURRENT-S04-V00-PSU-3V3 Member=Component C19 22uF 35V 1206
Added Member To Class: ClassName=SHDN-CURRENT-S04-V00-PSU-3V3 Member=Component C20 22uF 35V 1206
Added Member To Class: ClassName=SHDN-CURRENT-S04-V00-PSU-3V3 Member=Component C21 47uF 16V 1210
Added Member To Class: ClassName=SHDN-CURRENT-S04-V00-PSU-3V3 Member=Component C22 47uF 16V 1210
Added Member To Class: ClassName=SHDN-CURRENT-S09-V00-PSU-5V Member=Component C23 100nF 100V
Added Member To Class: ClassName=SHDN-CURRENT-S09-V00-PSU-5V Member=Component C24 22uF 35V 1206
Added Member To Class: ClassName=SHDN-CURRENT-S09-V00-PSU-5V Member=Component C25 47uF 16V 1210
Added Member To Class: ClassName=SHDN-CURRENT-S11-V00-7SegmentDisplay1 Member=Component C26A (C26) 100nF
Added Member To Class: ClassName=SHDN-CURRENT-S11-V00-7SegmentDisplay2 Member=Component C26B (C26) 100nF
Added Member To Class: ClassName=SHDN-CURRENT-S03-V00-IsolatedCAN Member=Component D1 NUP2105L
Added Member To Class: ClassName=SHDN-CURRENT-S06-V00-5kWSimulation Member=Component D2 SMBJ15CA
Added Member To Class: ClassName=SHDN-CURRENT-S06-V00-5kWSimulation Member=Component D3 SMAZ6V2-13-F
Added Member To Class: ClassName=SHDN-CURRENT-S04-V00-PSU-3V3 Member=Component D4 B260A-13-F
Added Member To Class: ClassName=SHDN-CURRENT-S09-V00-PSU-5V Member=Component D5 B260A-13-F
Added Member To Class: ClassName=SHDN-CURRENT-S11-V00-7SegmentDisplay1 Member=Component D6A (D6) LED 7-Seg Display 0.56" Generic
Added Member To Class: ClassName=SHDN-CURRENT-S11-V00-7SegmentDisplay2 Member=Component D6B (D6) LED 7-Seg Display 0.56" Generic
Added Member To Class: ClassName=SHDN-CURRENT-S13-V00-ShutdownRelay Member=Component D7 B260A-13-F
Added Member To Class: ClassName=SHDN-CURRENT-S13-V00-ShutdownRelay Member=Component D8 SMAZ6V2-13-F
Added Member To Class: ClassName=SHDN-CURRENT-S02-V00-Microcontroller Member=Component DS1 LED Orange 0603
Added Member To Class: ClassName=SHDN-CURRENT-S02-V00-Microcontroller Member=Component DS2 LED Orange 0603
Added Member To Class: ClassName=SHDN-CURRENT-S03-V00-IsolatedCAN Member=Component DS3 LED Blue 0603
Added Member To Class: ClassName=SHDN-CURRENT-S03-V00-IsolatedCAN Member=Component DS4 LED Blue 0603
Added Member To Class: ClassName=SHDN-CURRENT-S04-V00-PSU-3V3 Member=Component DS5 LED Green 0603
Added Member To Class: ClassName=SHDN-CURRENT-S09-V00-PSU-5V Member=Component DS6 LED Green 0603
Added Member To Class: ClassName=SHDN-CURRENT-S01-V00-CurrentBoard Member=Component FID1 Fiducial 1MM
Added Member To Class: ClassName=SHDN-CURRENT-S01-V00-CurrentBoard Member=Component FID2 Fiducial 1MM
Added Member To Class: ClassName=SHDN-CURRENT-S01-V00-CurrentBoard Member=Component FID3 Fiducial 1MM
Added Member To Class: ClassName=SHDN-CURRENT-S01-V00-CurrentBoard Member=Component FID4 Fiducial 1MM
Added Member To Class: ClassName=SHDN-CURRENT-S02-V00-Microcontroller Member=Component J1 IDC 10P 2x5 1.27mm
Added Member To Class: ClassName=SHDN-CURRENT-S03-V00-IsolatedCAN Member=Component J2 Jumper 2Way Solderable
Added Member To Class: ClassName=SHDN-CURRENT-S03-V00-IsolatedCAN Member=Component J3 Jumper 2Way Solderable
Added Member To Class: ClassName=SHDN-CURRENT-S05-V00-CurrentInterface Member=Component J4 Jumper 4Way Pins
Added Member To Class: ClassName=SHDN-CURRENT-S05-V00-CurrentInterface Member=Component J5 Microfit 3.0 2x2
Added Member To Class: ClassName=SHDN-CURRENT-S06-V00-5kWSimulation Member=Component J6 Microfit 3.0 1x2
Added Member To Class: ClassName=SHDN-CURRENT-S06-V00-5kWSimulation Member=Component J7 Socket
Added Member To Class: ClassName=SHDN-CURRENT-S06-V00-5kWSimulation Member=Component J8 Microfit 3.0 1x2
Added Member To Class: ClassName=SHDN-CURRENT-S06-V00-5kWSimulation Member=Component J9 Socket
Added Member To Class: ClassName=SHDN-CURRENT-S10-V00-5kWAlarm Member=Component J10 Jumper 4Way Pins
Added Member To Class: ClassName=SHDN-CURRENT-S12-V00-Buzzer Member=Component J11 Jumper 2Way Pins
Added Member To Class: ClassName=SHDN-CURRENT-S14-V00-Connector Member=Component J12 Microfit 3.0 2x4
Added Member To Class: ClassName=SHDN-CURRENT-S13-V00-ShutdownRelay Member=Component K1 G5V-1-DC12
Added Member To Class: ClassName=SHDN-CURRENT-S02-V00-Microcontroller Member=Component L1 10uH, 10%, 0603
Added Member To Class: ClassName=SHDN-CURRENT-S04-V00-PSU-3V3 Member=Component L2 74404064221
Added Member To Class: ClassName=SHDN-CURRENT-S09-V00-PSU-5V Member=Component L3 74404064221
Added Member To Class: ClassName=SHDN-CURRENT-S01-V00-CurrentBoard Member=Component LOGO1 30mm Wide QUTMS Logo
Added Member To Class: ClassName=SHDN-CURRENT-S01-V00-CurrentBoard Member=Component LYID1 2 Layer Identification PCB Marker
Added Member To Class: ClassName=SHDN-CURRENT-S01-V00-CurrentBoard Member=Component M1 Hole M3 Loose Unplated
Added Member To Class: ClassName=SHDN-CURRENT-S01-V00-CurrentBoard Member=Component M2 Hole M3 Loose Unplated
Added Member To Class: ClassName=SHDN-CURRENT-S01-V00-CurrentBoard Member=Component M3 Hole M3 Loose Unplated
Added Member To Class: ClassName=SHDN-CURRENT-S01-V00-CurrentBoard Member=Component M4 Hole M3 Loose Unplated
Added Member To Class: ClassName=SHDN-CURRENT-S02-V00-Microcontroller Member=Component P1 Header 3
Added Member To Class: ClassName=SHDN-CURRENT-S06-V00-5kWSimulation Member=Component Q1 NTD5865NLT4G
Added Member To Class: ClassName=SHDN-CURRENT-S10-V00-5kWAlarm Member=Component Q2 2N7002
Added Member To Class: ClassName=SHDN-CURRENT-S11-V00-7SegmentDisplay1 Member=Component Q3A (Q3) 2N7002
Added Member To Class: ClassName=SHDN-CURRENT-S11-V00-7SegmentDisplay2 Member=Component Q3B (Q3) 2N7002
Added Member To Class: ClassName=SHDN-CURRENT-S12-V00-Buzzer Member=Component Q4 2N7002
Added Member To Class: ClassName=SHDN-CURRENT-S13-V00-ShutdownRelay Member=Component Q5 2N7002
Added Member To Class: ClassName=SHDN-CURRENT-S02-V00-Microcontroller Member=Component R1 4k7
Added Member To Class: ClassName=SHDN-CURRENT-S02-V00-Microcontroller Member=Component R2 330R
Added Member To Class: ClassName=SHDN-CURRENT-S02-V00-Microcontroller Member=Component R3 330R
Added Member To Class: ClassName=SHDN-CURRENT-S03-V00-IsolatedCAN Member=Component R4 330R 5% 0603
Added Member To Class: ClassName=SHDN-CURRENT-S03-V00-IsolatedCAN Member=Component R5 330R 5% 0603
Added Member To Class: ClassName=SHDN-CURRENT-S03-V00-IsolatedCAN Member=Component R6 120R 1% 1210
Added Member To Class: ClassName=SHDN-CURRENT-S05-V00-CurrentInterface Member=Component R7 10k
Added Member To Class: ClassName=SHDN-CURRENT-S05-V00-CurrentInterface Member=Component R8 2k7
Added Member To Class: ClassName=SHDN-CURRENT-S06-V00-5kWSimulation Member=Component R9 100R
Added Member To Class: ClassName=SHDN-CURRENT-S06-V00-5kWSimulation Member=Component R10 1k
Added Member To Class: ClassName=SHDN-CURRENT-S06-V00-5kWSimulation Member=Component R11 RH0508R000FE02
Added Member To Class: ClassName=SHDN-CURRENT-S07-V00-LEMInterface Member=Component R12 1k
Added Member To Class: ClassName=SHDN-CURRENT-S07-V00-LEMInterface Member=Component R13 4k7
Added Member To Class: ClassName=SHDN-CURRENT-S07-V00-LEMInterface Member=Component R14 1k
Added Member To Class: ClassName=SHDN-CURRENT-S07-V00-LEMInterface Member=Component R15 4k7
Added Member To Class: ClassName=SHDN-CURRENT-S08-V00-5kWDetection Member=Component R16 DNF 0603
Added Member To Class: ClassName=SHDN-CURRENT-S08-V00-5kWDetection Member=Component R17 TC33X-2-103E
Added Member To Class: ClassName=SHDN-CURRENT-S08-V00-5kWDetection Member=Component R18 DNF 0603
Added Member To Class: ClassName=SHDN-CURRENT-S04-V00-PSU-3V3 Member=Component R19 64k9 1%
Added Member To Class: ClassName=SHDN-CURRENT-S04-V00-PSU-3V3 Member=Component R20 1k
Added Member To Class: ClassName=SHDN-CURRENT-S04-V00-PSU-3V3 Member=Component R21 19k6 1%
Added Member To Class: ClassName=SHDN-CURRENT-S09-V00-PSU-5V Member=Component R22 111k 1%
Added Member To Class: ClassName=SHDN-CURRENT-S09-V00-PSU-5V Member=Component R23 1k
Added Member To Class: ClassName=SHDN-CURRENT-S09-V00-PSU-5V Member=Component R24 20k 1%
Added Member To Class: ClassName=SHDN-CURRENT-S10-V00-5kWAlarm Member=Component R25 4k7
Added Member To Class: ClassName=SHDN-CURRENT-S10-V00-5kWAlarm Member=Component R26 4k7
Added Member To Class: ClassName=SHDN-CURRENT-S10-V00-5kWAlarm Member=Component R27 10k
Added Member To Class: ClassName=SHDN-CURRENT-S10-V00-5kWAlarm Member=Component R28 100R
Added Member To Class: ClassName=SHDN-CURRENT-S10-V00-5kWAlarm Member=Component R29 2k7
Added Member To Class: ClassName=SHDN-CURRENT-S10-V00-5kWAlarm Member=Component R30 1k
Added Member To Class: ClassName=SHDN-CURRENT-S10-V00-5kWAlarm Member=Component R31 1k
Added Member To Class: ClassName=SHDN-CURRENT-S11-V00-7SegmentDisplay1 Member=Component R32A (R32) 330R
Added Member To Class: ClassName=SHDN-CURRENT-S11-V00-7SegmentDisplay2 Member=Component R32B (R32) 330R
Added Member To Class: ClassName=SHDN-CURRENT-S11-V00-7SegmentDisplay1 Member=Component R33A (R33) 330R
Added Member To Class: ClassName=SHDN-CURRENT-S11-V00-7SegmentDisplay2 Member=Component R33B (R33) 330R
Added Member To Class: ClassName=SHDN-CURRENT-S11-V00-7SegmentDisplay1 Member=Component R34A (R34) 330R
Added Member To Class: ClassName=SHDN-CURRENT-S11-V00-7SegmentDisplay2 Member=Component R34B (R34) 330R
Added Member To Class: ClassName=SHDN-CURRENT-S11-V00-7SegmentDisplay1 Member=Component R35A (R35) 330R
Added Member To Class: ClassName=SHDN-CURRENT-S11-V00-7SegmentDisplay2 Member=Component R35B (R35) 330R
Added Member To Class: ClassName=SHDN-CURRENT-S11-V00-7SegmentDisplay1 Member=Component R36A (R36) 330R
Added Member To Class: ClassName=SHDN-CURRENT-S11-V00-7SegmentDisplay2 Member=Component R36B (R36) 330R
Added Member To Class: ClassName=SHDN-CURRENT-S11-V00-7SegmentDisplay1 Member=Component R37A (R37) 330R
Added Member To Class: ClassName=SHDN-CURRENT-S11-V00-7SegmentDisplay2 Member=Component R37B (R37) 330R
Added Member To Class: ClassName=SHDN-CURRENT-S11-V00-7SegmentDisplay1 Member=Component R38A (R38) 330R
Added Member To Class: ClassName=SHDN-CURRENT-S11-V00-7SegmentDisplay2 Member=Component R38B (R38) 330R
Added Member To Class: ClassName=SHDN-CURRENT-S11-V00-7SegmentDisplay1 Member=Component R39A (R39) 330R
Added Member To Class: ClassName=SHDN-CURRENT-S11-V00-7SegmentDisplay2 Member=Component R39B (R39) 330R
Added Member To Class: ClassName=SHDN-CURRENT-S11-V00-7SegmentDisplay1 Member=Component R40A (R40) 100R
Added Member To Class: ClassName=SHDN-CURRENT-S11-V00-7SegmentDisplay2 Member=Component R40B (R40) 100R
Added Member To Class: ClassName=SHDN-CURRENT-S11-V00-7SegmentDisplay1 Member=Component R41A (R41) 1k
Added Member To Class: ClassName=SHDN-CURRENT-S11-V00-7SegmentDisplay2 Member=Component R41B (R41) 1k
Added Member To Class: ClassName=SHDN-CURRENT-S12-V00-Buzzer Member=Component R42 1k
Added Member To Class: ClassName=SHDN-CURRENT-S12-V00-Buzzer Member=Component R43 100R
Added Member To Class: ClassName=SHDN-CURRENT-S12-V00-Buzzer Member=Component R44 1k
Added Member To Class: ClassName=SHDN-CURRENT-S13-V00-ShutdownRelay Member=Component R45 100R
Added Member To Class: ClassName=SHDN-CURRENT-S13-V00-ShutdownRelay Member=Component R46 1k
Added Member To Class: ClassName=SHDN-CURRENT-S02-V00-Microcontroller Member=Component SW1 B3U-1000P
Added Member To Class: ClassName=SHDN-CURRENT-S07-V00-LEMInterface Member=Component TP1 TestPoint_SMD
Added Member To Class: ClassName=SHDN-CURRENT-S07-V00-LEMInterface Member=Component TP2 TestPoint_SMD
Added Member To Class: ClassName=SHDN-CURRENT-S07-V00-LEMInterface Member=Component TP3 TestPoint_SMD
Added Member To Class: ClassName=SHDN-CURRENT-S08-V00-5kWDetection Member=Component TP4 TestPoint_SMD
Added Member To Class: ClassName=SHDN-CURRENT-S08-V00-5kWDetection Member=Component TP5 TestPoint_SMD
Added Member To Class: ClassName=SHDN-CURRENT-S04-V00-PSU-3V3 Member=Component TP6 TestPoint_SMD
Added Member To Class: ClassName=SHDN-CURRENT-S04-V00-PSU-3V3 Member=Component TP7 TestPoint_SMD
Added Member To Class: ClassName=SHDN-CURRENT-S04-V00-PSU-3V3 Member=Component TP8 TestPoint_SMD
Added Member To Class: ClassName=SHDN-CURRENT-S09-V00-PSU-5V Member=Component TP9 TestPoint_SMD
Added Member To Class: ClassName=SHDN-CURRENT-S09-V00-PSU-5V Member=Component TP10 TestPoint_SMD
Added Member To Class: ClassName=SHDN-CURRENT-S09-V00-PSU-5V Member=Component TP11 TestPoint_SMD
Added Member To Class: ClassName=SHDN-CURRENT-S10-V00-5kWAlarm Member=Component TP12 TestPoint_SMD
Added Member To Class: ClassName=SHDN-CURRENT-S02-V00-Microcontroller Member=Component U1 STM32F302RC
Added Member To Class: ClassName=SHDN-CURRENT-S02-V00-Microcontroller Member=Component U2 DSC1001DI1-008.0000T
Added Member To Class: ClassName=SHDN-CURRENT-S03-V00-IsolatedCAN Member=Component U3 SN65HVD233
Added Member To Class: ClassName=SHDN-CURRENT-S07-V00-LEMInterface Member=Component U4 LM358
Added Member To Class: ClassName=SHDN-CURRENT-S08-V00-5kWDetection Member=Component U5 LM393
Added Member To Class: ClassName=SHDN-CURRENT-S04-V00-PSU-3V3 Member=Component U6 LMR14010
Added Member To Class: ClassName=SHDN-CURRENT-S09-V00-PSU-5V Member=Component U7 LMR14010
Added Member To Class: ClassName=SHDN-CURRENT-S11-V00-7SegmentDisplay1 Member=Component U8A (U8) CD4511BPWR
Added Member To Class: ClassName=SHDN-CURRENT-S11-V00-7SegmentDisplay2 Member=Component U8B (U8) CD4511BPWR
Added Room: Name=SHDN-CURRENT-S01-V00-CurrentBoard
Added Room: Name=SHDN-CURRENT-S02-V00-Microcontroller
Added Room: Name=SHDN-CURRENT-S03-V00-IsolatedCAN
Added Room: Name=SHDN-CURRENT-S04-V00-PSU-3V3
Added Room: Name=SHDN-CURRENT-S05-V00-CurrentInterface
Added Room: Name=SHDN-CURRENT-S06-V00-5kWSimulation
Added Room: Name=SHDN-CURRENT-S07-V00-LEMInterface
Added Room: Name=SHDN-CURRENT-S08-V00-5kWDetection
Added Room: Name=SHDN-CURRENT-S09-V00-PSU-5V
Added Room: Name=SHDN-CURRENT-S10-V00-5kWAlarm
Added Room: Name=SHDN-CURRENT-S11-V00-7SegmentDisplay1
Added Room: Name=SHDN-CURRENT-S11-V00-7SegmentDisplay2
Added Room: Name=SHDN-CURRENT-S12-V00-Buzzer
Added Room: Name=SHDN-CURRENT-S13-V00-ShutdownRelay
Added Room: Name=SHDN-CURRENT-S14-V00-Connector
