Removed Pin From Net: NetName=3V3 Pin=C26A-1
Removed Pin From Net: NetName=GND Pin=C26A-2
Removed Pin From Net: NetName=3V3 Pin=C26B-1
Removed Pin From Net: NetName=GND Pin=C26B-2
Removed Pin From Net: NetName=GND Pin=Q3A-S
Removed Pin From Net: NetName=GND Pin=Q3B-S
Removed Pin From Net: NetName=GND Pin=R41A-1
Removed Pin From Net: NetName=GND Pin=R41B-1
Removed Pin From Net: NetName=3V3 Pin=U8A-4
Removed Pin From Net: NetName=GND Pin=U8A-5
Removed Pin From Net: NetName=GND Pin=U8A-8
Removed Pin From Net: NetName=3V3 Pin=U8A-16
Removed Pin From Net: NetName=3V3 Pin=U8B-4
Removed Pin From Net: NetName=GND Pin=U8B-5
Removed Pin From Net: NetName=GND Pin=U8B-8
Removed Pin From Net: NetName=3V3 Pin=U8B-16
Added Component: Designator=TP6(TestPointSMD)
Added Component: Designator=TP7(TestPointSMD)
Added Component: Designator=TP8(TestPointSMD)
Added Component: Designator=TP9(TestPointSMD)
Added Component: Designator=TP10(TestPointSMD)
Added Component: Designator=TP11(TestPointSMD)
Added Pin To Net: NetName=3V3 Pin=TP6-1
Added Pin To Net: NetName=PWR SW Pin=TP7-1
Added Pin To Net: NetName=PWR FB Pin=TP8-1
Added Pin To Net: NetName=5V Pin=TP9-1
Added Pin To Net: NetName=PWR SW 5V Pin=TP10-1
Added Pin To Net: NetName=PWR FB 5V Pin=TP11-1
Added Pin To Net: NetName=BUZZER Pin=R43-1
Added Pin To Net: NetName=BUZZER Pin=U1-41
Added Net: Name=BUZZER
Added Member To Class: ClassName=SHDN-CURRENT-S04-V00-PSU-3V3 Member=Component TP6 TestPoint_SMD
Added Member To Class: ClassName=SHDN-CURRENT-S04-V00-PSU-3V3 Member=Component TP7 TestPoint_SMD
Added Member To Class: ClassName=SHDN-CURRENT-S04-V00-PSU-3V3 Member=Component TP8 TestPoint_SMD
Added Member To Class: ClassName=SHDN-CURRENT-S09-V00-PSU-5V Member=Component TP9 TestPoint_SMD
Added Member To Class: ClassName=SHDN-CURRENT-S09-V00-PSU-5V Member=Component TP10 TestPoint_SMD
Added Member To Class: ClassName=SHDN-CURRENT-S09-V00-PSU-5V Member=Component TP11 TestPoint_SMD
Change Room Name: Old Name=SHDN-CURRENT-S11-V00-7SegmentDisplay2 New Name=SHDN-CURRENT-S10-V00-5kWAlarm
Change Room Scope: Old Scope=InComponentClass('SHDN-CURRENT-S11-V00-7SegmentDisplay2') New Scope=InComponentClass('SHDN-CURRENT-S10-V00-5kWAlarm')
