Added Component: Designator=FID1(FIDUCIAL 1MM)
Added Component: Designator=FID2(FIDUCIAL 1MM)
Added Component: Designator=LOGO1(QUTMS LOGO 30MM)
Added Component: Designator=M1(M3.2 UNPLATED)
Added Component: Designator=M2(M3.2 UNPLATED)
Added Component: Designator=M3(M3.2 UNPLATED)
Added Component: Designator=M4(M3.2 UNPLATED)
Added Member To Class: ClassName=SHDN-IMD-S01-V00-IMDDaughter Member=Component FID1 Fiducial 1MM
Added Member To Class: ClassName=SHDN-IMD-S01-V00-IMDDaughter Member=Component FID2 Fiducial 1MM
Added Member To Class: ClassName=SHUTDOWN Member=Component K1 G5V-1-DC12
Added Member To Class: ClassName=SHDN-IMD-S01-V00-IMDDaughter Member=Component LOGO1 30mm Wide QUTMS Logo
Added Member To Class: ClassName=SHDN-IMD-S01-V00-IMDDaughter Member=Component M1 Hole M3 Tight Unplated
Added Member To Class: ClassName=SHDN-IMD-S01-V00-IMDDaughter Member=Component M2 Hole M3 Tight Unplated
Added Member To Class: ClassName=SHDN-IMD-S01-V00-IMDDaughter Member=Component M3 Hole M3 Tight Unplated
Added Member To Class: ClassName=SHDN-IMD-S01-V00-IMDDaughter Member=Component M4 Hole M3 Tight Unplated
Added Room: Name=CANBUS
Added Room: Name=IMD
Added Room: Name=MICROCONTROLLER
Added Room: Name=POWER SUPPLY
Added Room: Name=SHDN-IMD-S01-V00-IMDDaughter
Added Room: Name=SHUTDOWN
