Removed Pin From Net: NetName=ISO 3V3 Pin=C11-1
Removed Pin From Net: NetName=ISO 3V3 Pin=C12-2
Removed Pin From Net: NetName=+12 Pin=C17-A
Removed Pin From Net: NetName=GND Pin=C17-K
Removed Pin From Net: NetName=ISO 3V3 Pin=U4-3
Removed Pin From Net: NetName=ISO 3V3 Pin=U5-8
Removed Member From Class: ClassName=POWER SUPPLY Member=C17
Added Component: Designator=C?(Cap_Ceramic_1206)
Added Component: Designator=C?(Cap_Ceramic_1206)
Added Component: Designator=TP2(TestPointSMD)
Added Component: Designator=TP5(TestPointSMD)
Added Component: Designator=TP8(TestPointSMD)
Added Pin To Net: NetName=3V3 Pin=C11-1
Added Pin To Net: NetName=3V3 Pin=C12-2
Added Pin To Net: NetName=GND Pin=C?-1
Added Pin To Net: NetName=GND Pin=C?-1
Added Pin To Net: NetName=+12 Pin=C?-2
Added Pin To Net: NetName=+12 Pin=C?-2
Added Pin To Net: NetName=ISO CAN TX Pin=TP2-1
Added Pin To Net: NetName=ISO CAN RX Pin=TP5-1
Added Pin To Net: NetName=PWR SW Pin=TP8-1
Added Pin To Net: NetName=3V3 Pin=U4-3
Added Pin To Net: NetName=3V3 Pin=U5-8
Added Member To Class: ClassName=POWER SUPPLY Member=Component C? 22uF 35V 1206
Added Member To Class: ClassName=POWER SUPPLY Member=Component C? 22uF 35V 1206
Added Member To Class: ClassName=CANBUS Member=Component TP2 TestPoint_SMD
Added Member To Class: ClassName=CANBUS Member=Component TP5 TestPoint_SMD
Added Member To Class: ClassName=POWER SUPPLY Member=Component TP8 TestPoint_SMD
