Removed Pin From Net: NetName=3V3 Pin=C3-1
Removed Pin From Net: NetName=3V3 Pin=C4-1
Removed Pin From Net: NetName=3V3 Pin=C5-1
Removed Pin From Net: NetName=3V3 Pin=C6-1
Removed Pin From Net: NetName=3V3 Pin=C7-1
Removed Pin From Net: NetName=3V3 Pin=C8-1
Removed Pin From Net: NetName=3V3 Pin=C9-1
Removed Pin From Net: NetName=NRST Pin=C10-1
Removed Pin From Net: NetName=ISO 3V3 Pin=C11-1
Removed Pin From Net: NetName=ISO 3V3 Pin=C12-1
Removed Pin From Net: NetName=3V3 Pin=C13-1
Removed Pin From Net: NetName=3V3 Pin=C15-1
Removed Pin From Net: NetName=3V3 Pin=C16-1
Removed Pin From Net: NetName=36V Pin=C17-A
Removed Pin From Net: NetName=GND Pin=C17-K
Added Component: Designator=C3(Cap_Ceramic_0603)
Added Component: Designator=C4(Cap_Ceramic_0603)
Added Component: Designator=C5(Cap_Ceramic_0603)
Added Component: Designator=C6(Cap_Ceramic_0603)
Added Component: Designator=C7(Cap_Ceramic_0603)
Added Component: Designator=C8(Cap_Ceramic_0603)
Added Component: Designator=C9(Cap_Ceramic_0603)
Added Component: Designator=C10(Cap_Ceramic_0603)
Added Component: Designator=C11(Cap_Ceramic_0603)
Added Component: Designator=C12(Cap_Ceramic_0603)
Added Component: Designator=C13(Cap_Ceramic_0603)
Added Component: Designator=C15(Cap_Ceramic_0603)
Added Component: Designator=C16(Cap_Ceramic_0603)
Added Component: Designator=C17(CAP_ALU_10x10mm)
Added Pin To Net: NetName=GND Pin=C3-1
Added Pin To Net: NetName=3V3 Pin=C3-2
Added Pin To Net: NetName=GND Pin=C4-1
Added Pin To Net: NetName=3V3 Pin=C4-2
Added Pin To Net: NetName=GND Pin=C5-1
Added Pin To Net: NetName=3V3 Pin=C5-2
Added Pin To Net: NetName=GND Pin=C6-1
Added Pin To Net: NetName=3V3 Pin=C6-2
Added Pin To Net: NetName=GND Pin=C7-1
Added Pin To Net: NetName=3V3 Pin=C7-2
Added Pin To Net: NetName=GND Pin=C8-1
Added Pin To Net: NetName=3V3 Pin=C8-2
Added Pin To Net: NetName=GND Pin=C9-1
Added Pin To Net: NetName=3V3 Pin=C9-2
Added Pin To Net: NetName=GND Pin=C10-1
Added Pin To Net: NetName=NRST Pin=C10-2
Added Pin To Net: NetName=ISO 3V3 Pin=C11-1
Added Pin To Net: NetName=ISO GND Pin=C11-2
Added Pin To Net: NetName=ISO GND Pin=C12-1
Added Pin To Net: NetName=ISO 3V3 Pin=C12-2
Added Pin To Net: NetName=GND Pin=C13-1
Added Pin To Net: NetName=3V3 Pin=C13-2
Added Pin To Net: NetName=GND Pin=C15-1
Added Pin To Net: NetName=3V3 Pin=C15-2
Added Pin To Net: NetName=GND Pin=C16-1
Added Pin To Net: NetName=3V3 Pin=C16-2
Added Pin To Net: NetName=36V Pin=C17-A
Added Pin To Net: NetName=GND Pin=C17-K
Added Member To Class: ClassName=POWER SUPPLY Member=Component C14 100nF 100V 5% X7R 0603
