Added Component: Designator=C1(Cap_Ceramic_0603)
Added Component: Designator=C2(Cap_Ceramic_0603)
Added Component: Designator=C3(Cap_Ceramic_0603)
Added Component: Designator=C4(Cap_Ceramic_0603)
Added Component: Designator=C5(Cap_Ceramic_0603)
Added Component: Designator=C6(Cap_Ceramic_0603)
Added Component: Designator=C7(Cap_Ceramic_0603)
Added Component: Designator=C8(Cap_Ceramic_0603)
Added Component: Designator=C9(Cap_Ceramic_0603)
Added Component: Designator=C10(Cap_Ceramic_0603)
Added Component: Designator=C11(Cap_Ceramic_0603)
Added Component: Designator=C12(Cap_Ceramic_0603)
Added Component: Designator=C13(Cap_Ceramic_0603)
Added Component: Designator=C15(Cap_Ceramic_0603)
Added Component: Designator=C16(Cap_Ceramic_0603)
Added Component: Designator=D1(SMA)
Add component (AddParameter): Name = "Average Rectified Current"; Value = "150mA"; VariantName = "[No Variations]"
Add component (AddParameter): Name = "Category"; Value = "Rectifier Diodes"; VariantName = "[No Variations]"
Add component (AddParameter): Name = "Contact Plating"; Value = "Tin,Matte"; VariantName = "[No Variations]"
Add component (AddParameter): Name = "Element Configuration"; Value = "Single"; VariantName = "[No Variations]"
Add component (AddParameter): Name = "Forward Current"; Value = "150mA"; VariantName = "[No Variations]"
Add component (AddParameter): Name = "Forward Voltage"; Value = "1V"; VariantName = "[No Variations]"
Add component (AddParameter): Name = "Height"; Value = "1mm"; VariantName = "[No Variations]"
Add component (AddParameter): Name = "Lead Free"; Value = "Lead Free"; VariantName = "[No Variations]"
Add component (AddParameter): Name = "Length"; Value = "1.8mm"; VariantName = "[No Variations]"
Add component (AddParameter): Name = "Manufacturer"; Value = "ON Semiconductor / Fairchild"; VariantName = "[No Variations]"
Add component (AddParameter): Name = "Manufacturer Part Number"; Value = "1N914BWS"; VariantName = "[No Variations]"
Add component (AddParameter): Name = "Max Forward Surge Current (Ifsm)"; Value = "4A"; VariantName = "[No Variations]"
Add component (AddParameter): Name = "Max Operating Temperature"; Value = "150°C"; VariantName = "[No Variations]"
Add component (AddParameter): Name = "Max Repetitive Reverse Voltage (Vrrm)"; Value = "75V"; VariantName = "[No Variations]"
Add component (AddParameter): Name = "Max Reverse Leakage Current"; Value = "5uA"; VariantName = "[No Variations]"
Add component (AddParameter): Name = "Max Reverse Voltage (DC)"; Value = "75V"; VariantName = "[No Variations]"
Add component (AddParameter): Name = "Min Operating Temperature"; Value = "-55°C"; VariantName = "[No Variations]"
Add component (AddParameter): Name = "Mount"; Value = "Surface Mount"; VariantName = "[No Variations]"
Add component (AddParameter): Name = "Number of Pins"; Value = "2"; VariantName = "[No Variations]"
Add component (AddParameter): Name = "Package Quantity"; Value = "1"; VariantName = "[No Variations]"
Add component (AddParameter): Name = "Packaging"; Value = "Tape and Reel"; VariantName = "[No Variations]"
Add component (AddParameter): Name = "Parameter 1"; Value = ""; VariantName = "[No Variations]"
Add component (AddParameter): Name = "Peak Reverse Current"; Value = "5uA"; VariantName = "[No Variations]"
Add component (AddParameter): Name = "Power Dissipation"; Value = "200mW"; VariantName = "[No Variations]"
Add component (AddParameter): Name = "Radiation Hardening"; Value = "No"; VariantName = "[No Variations]"
Add component (AddParameter): Name = "REACH SVHC"; Value = "No SVHC"; VariantName = "[No Variations]"
Add component (AddParameter): Name = "Recovery Time"; Value = "4ns"; VariantName = "[No Variations]"
Add component (AddParameter): Name = "Reverse Recovery Time"; Value = "4ns"; VariantName = "[No Variations]"
Add component (AddParameter): Name = "Reverse Voltage"; Value = "75V"; VariantName = "[No Variations]"
Add component (AddParameter): Name = "Weight"; Value = "0.0276g"; VariantName = "[No Variations]"
Add component (AddParameter): Name = "Width"; Value = "1.35mm"; VariantName = "[No Variations]"
Added Component: Designator=D2(NUP2105L)
Add component (AddParameter): Name = "ComponentLink1Description"; Value = "Datasheet"; VariantName = "[No Variations]"
Add component (AddParameter): Name = "ComponentLink1URL"; Value = "https://www.onsemi.cn/PowerSolutions/document/NUP2105L-D.PDF"; VariantName = "[No Variations]"
Add component (AddParameter): Name = "ComponentLink2Description"; Value = "LCSC"; VariantName = "[No Variations]"
Add component (AddParameter): Name = "ComponentLink2URL"; Value = "https://lcsc.com/product-detail/TVS_ON-Semiconductor-NUP2105LT1G_C14486.html"; VariantName = "[No Variations]"
Add component (AddParameter): Name = "ComponentLink3Description"; Value = "Digikey"; VariantName = "[No Variations]"
Add component (AddParameter): Name = "ComponentLink3URL"; Value = "https://www.digikey.com.au/product-detail/en/on-semiconductor/SZNUP2105LT1G/SZNUP2105LT1GOSCT-ND/3487669"; VariantName = "[No Variations]"
Add component (AddParameter): Name = "Parameter 1"; Value = ""; VariantName = "[No Variations]"
Added Component: Designator=DS1(LED ORANGE 0603)
Added Component: Designator=DS2(LED ORANGE 0603)
Added Component: Designator=DS3(LED BLUE 0603)
Added Component: Designator=DS4(LED BLUE 0603)
Added Component: Designator=J2(IDC 1.27MM 10P)
Added Component: Designator=J3(Jumper_2Way_Pin)
Added Component: Designator=J4(Jumper_2Way_Pin)
Added Component: Designator=J5(Jumper_2Way_Pin)
Added Component: Designator=P1(HDR1X3)
Add component (AddParameter): Name = "LatestRevisionDate"; Value = "17-Jul-2002"; VariantName = "[No Variations]"
Add component (AddParameter): Name = "LatestRevisionNote"; Value = "Re-released for DXP Platform."; VariantName = "[No Variations]"
Add component (AddParameter): Name = "Publisher"; Value = "Altium Limited"; VariantName = "[No Variations]"
Added Component: Designator=Q1(PMV15UNEAR)
Add component (AddParameter): Name = "Manufacturer"; Value = "Nexperia"; VariantName = "[No Variations]"
Added Component: Designator=R1(Res_ThinFilm_0603)
Added Component: Designator=R2(Res_ThinFilm_0603)
Added Component: Designator=R3(Res_ThinFilm_0603)
Added Component: Designator=R4(Res_ThinFilm_0603)
Added Component: Designator=R5(Res_ThinFilm_0603)
Added Component: Designator=R6(Res_ThinFilm_0603)
Added Component: Designator=R7(Res_ThinFilm_0603)
Added Component: Designator=R8(Res_ThinFilm_0603)
Added Component: Designator=R9(Res_ThinFilm_0603)
Added Component: Designator=R10(Res_ThinFilm_0603)
Added Component: Designator=R15(Res_ThinFilm_0603)
Added Component: Designator=R16(Res_ThinFilm_0603)
Added Component: Designator=R17(Res_ThinFilm_0603)
Added Component: Designator=R18(Res_ThinFilm_1210)
Added Component: Designator=R19(Res_ThinFilm_0603)
Added Component: Designator=R20(Res_ThinFilm_0603)
Added Component: Designator=R23(Res_ThinFilm_0603)
Added Component: Designator=R24(Res_ThinFilm_0603)
Added Component: Designator=SW1(BTN B3U-1000P)
Add component (AddParameter): Name = "ComponentLink1Description"; Value = "LCSC"; VariantName = "[No Variations]"
Add component (AddParameter): Name = "ComponentLink1URL"; Value = "https://lcsc.com/product-detail/Tactile-Switches_BRIGHT-TSA063G50-250_C294565.html"; VariantName = "[No Variations]"
Added Component: Designator=TP1(TestPointSMD)
Added Component: Designator=TP2(TestPointSMD)
Added Component: Designator=TP3(TestPointSMD)
Added Component: Designator=TP4(TestPointSMD)
Added Component: Designator=TP5(TestPointSMD)
Added Component: Designator=TP6(TestPointSMD)
Added Component: Designator=TP7(TestPointSMD)
Added Component: Designator=TP9(TestPointSMD)
Added Component: Designator=U1(SI8640BB-B-IS1R)
Add component (AddParameter): Name = "ComponentLink1Description"; Value = "Digikey"; VariantName = "[No Variations]"
Add component (AddParameter): Name = "ComponentLink1URL"; Value = "https://www.digikey.com.au/product-detail/en/silicon-labs/SI8621BC-B-ISR/336-4774-1-ND/8611005"; VariantName = "[No Variations]"
Add component (AddParameter): Name = "ComponentLink2Description"; Value = "Datasheet"; VariantName = "[No Variations]"
Add component (AddParameter): Name = "ComponentLink2URL"; Value = "https://www.silabs.com/documents/public/data-sheets/si861x-2x-datasheet.pdf"; VariantName = "[No Variations]"
Added Component: Designator=U2(STM32F042C6)
Add component (AddParameter): Name = "ComponentLink1Description"; Value = "Digikey"; VariantName = "[No Variations]"
Add component (AddParameter): Name = "ComponentLink1URL"; Value = "https://www.digikey.com.au/product-detail/en/stmicroelectronics/STM32F042C6T6TR/497-19319-1-ND/10063344"; VariantName = "[No Variations]"
Add component (AddParameter): Name = "ComponentLink2Description"; Value = "Datasheet"; VariantName = "[No Variations]"
Add component (AddParameter): Name = "ComponentLink2URL"; Value = "https://www.st.com/resource/en/datasheet/stm32f042k6.pdf"; VariantName = "[No Variations]"
Added Component: Designator=U3(DSC1001DI1-008.0000TCT-ND)
Added Component: Designator=U4(SN65HVD233DR)
Add component (AddParameter): Name = "ComponentLink1Description"; Value = "LCSC"; VariantName = "[No Variations]"
Add component (AddParameter): Name = "ComponentLink1URL"; Value = "https://lcsc.com/product-detail/CAN-ICs_Texas-Instruments_SN65HVD233DRG4_Texas-Instruments-Texas-Instruments-SN65HVD233DRG4_C61643.html"; VariantName = "[No Variations]"
Add component (AddParameter): Name = "ComponentLink2Description"; Value = "Digikey"; VariantName = "[No Variations]"
Add component (AddParameter): Name = "ComponentLink2URL"; Value = "https://www.digikey.com.au/product-detail/en/texas-instruments/SN65HVD233DR/296-35967-1-ND/4134960"; VariantName = "[No Variations]"
Add component (AddParameter): Name = "ComponentLink3Description"; Value = "Datasheet"; VariantName = "[No Variations]"
Add component (AddParameter): Name = "ComponentLink3URL"; Value = "https://www.ti.com/lit/ds/symlink/sn65hvd233.pdf?ts=1588560888178"; VariantName = "[No Variations]"
Add component (AddParameter): Name = "ComponentLink4Description"; Value = "Ti Product Page"; VariantName = "[No Variations]"
Add component (AddParameter): Name = "ComponentLink4URL"; Value = "https://www.ti.com/product/SN65HVD233"; VariantName = "[No Variations]"
Added Component: Designator=U5(Si8621BC-B-IS)
Add component (AddParameter): Name = "ComponentLink1Description"; Value = "Digikey"; VariantName = "[No Variations]"
Add component (AddParameter): Name = "ComponentLink1URL"; Value = "https://www.digikey.com.au/product-detail/en/silicon-labs/SI8621BC-B-ISR/336-4774-1-ND/8611005"; VariantName = "[No Variations]"
Add component (AddParameter): Name = "ComponentLink2Description"; Value = "Datasheet"; VariantName = "[No Variations]"
Add component (AddParameter): Name = "ComponentLink2URL"; Value = "https://www.silabs.com/documents/public/data-sheets/si861x-2x-datasheet.pdf"; VariantName = "[No Variations]"
Added Pin To Net: NetName=GND Pin=C1-1
Added Pin To Net: NetName=3V3 Pin=C1-2
Added Pin To Net: NetName=GND Pin=C2-1
Added Pin To Net: NetName=3V3 Pin=C2-2
Added Pin To Net: NetName=GND Pin=C3-1
Added Pin To Net: NetName=3V3 Pin=C3-2
Added Pin To Net: NetName=GND Pin=C4-1
Added Pin To Net: NetName=3V3 Pin=C4-2
Added Pin To Net: NetName=GND Pin=C5-1
Added Pin To Net: NetName=3V3 Pin=C5-2
Added Pin To Net: NetName=GND Pin=C6-1
Added Pin To Net: NetName=3V3 Pin=C6-2
Added Pin To Net: NetName=GND Pin=C7-1
Added Pin To Net: NetName=3V3 Pin=C7-2
Added Pin To Net: NetName=GND Pin=C8-1
Added Pin To Net: NetName=3V3 Pin=C8-2
Added Pin To Net: NetName=GND Pin=C9-1
Added Pin To Net: NetName=3V3 Pin=C9-2
Added Pin To Net: NetName=GND Pin=C10-1
Added Pin To Net: NetName=NRST Pin=C10-2
Added Pin To Net: NetName=ISO 3V3 Pin=C11-1
Added Pin To Net: NetName=ISO GND Pin=C11-2
Added Pin To Net: NetName=ISO GND Pin=C12-1
Added Pin To Net: NetName=ISO 3V3 Pin=C12-2
Added Pin To Net: NetName=GND Pin=C13-1
Added Pin To Net: NetName=3V3 Pin=C13-2
Added Pin To Net: NetName=GND Pin=C15-1
Added Pin To Net: NetName=3V3 Pin=C15-2
Added Pin To Net: NetName=GND Pin=C16-1
Added Pin To Net: NetName=3V3 Pin=C16-2
Added Pin To Net: NetName=NetD1_A Pin=D1-A
Added Pin To Net: NetName=+12 Pin=D1-K
Added Pin To Net: NetName=CAN L Pin=D2-1
Added Pin To Net: NetName=CAN H Pin=D2-2
Added Pin To Net: NetName=ISO GND Pin=D2-3
Added Pin To Net: NetName=NetDS1_1 Pin=DS1-1
Added Pin To Net: NetName=LED0 Pin=DS1-2
Added Pin To Net: NetName=NetDS2_1 Pin=DS2-1
Added Pin To Net: NetName=LED1 Pin=DS2-2
Added Pin To Net: NetName=CAN LED Pin=DS3-1
Added Pin To Net: NetName=CAN TX LED Pin=DS3-2
Added Pin To Net: NetName=CAN LED Pin=DS4-1
Added Pin To Net: NetName=CAN RX LED Pin=DS4-2
Added Pin To Net: NetName=3V3 Pin=J2-1
Added Pin To Net: NetName=SWDIO Pin=J2-2
Added Pin To Net: NetName=GND Pin=J2-3
Added Pin To Net: NetName=SWCLK Pin=J2-4
Added Pin To Net: NetName=GND Pin=J2-5
Added Pin To Net: NetName=GND Pin=J2-9
Added Pin To Net: NetName=NRST Pin=J2-10
Added Pin To Net: NetName=CAN H Pin=J3-1
Added Pin To Net: NetName=NetJ3_2 Pin=J3-2
Added Pin To Net: NetName=ISO 3V3 Pin=J4-1
Added Pin To Net: NetName=CAN LBK Pin=J4-2
Added Pin To Net: NetName=3V3 Pin=J5-1
Added Pin To Net: NetName=CAN LED Pin=J5-2
Added Pin To Net: NetName=USART1 TX Pin=P1-1
Added Pin To Net: NetName=USART1 RX Pin=P1-2
Added Pin To Net: NetName=GND Pin=P1-3
Added Pin To Net: NetName=GND Pin=Q1-D
Added Pin To Net: NetName=NetQ1_G Pin=Q1-G
Added Pin To Net: NetName=NetD1_A Pin=Q1-S
Added Pin To Net: NetName=GND Pin=R1-1
Added Pin To Net: NetName=IMD S Pin=R1-2
Added Pin To Net: NetName=IMD ML Pin=R2-1
Added Pin To Net: NetName=+12 Pin=R2-2
Added Pin To Net: NetName=GND Pin=R3-1
Added Pin To Net: NetName=IMD M Pin=R3-2
Added Pin To Net: NetName=IMD MV Pin=R4-1
Added Pin To Net: NetName=IMD M Pin=R4-2
Added Pin To Net: NetName=GND Pin=R5-1
Added Pin To Net: NetName=IMD MV Pin=R5-2
Added Pin To Net: NetName=IMD MLV Pin=R6-1
Added Pin To Net: NetName=IMD ML Pin=R6-2
Added Pin To Net: NetName=GND Pin=R7-1
Added Pin To Net: NetName=IMD MLV Pin=R7-2
Added Pin To Net: NetName=IMD SV Pin=R8-1
Added Pin To Net: NetName=IMD S Pin=R8-2
Added Pin To Net: NetName=GND Pin=R9-1
Added Pin To Net: NetName=IMD SV Pin=R9-2
Added Pin To Net: NetName=IMD STAT Pin=R10-1
Added Pin To Net: NetName=NetQ1_G Pin=R10-2
Added Pin To Net: NetName=NRST Pin=R15-1
Added Pin To Net: NetName=3V3 Pin=R15-2
Added Pin To Net: NetName=NetDS1_1 Pin=R16-1
Added Pin To Net: NetName=3V3 Pin=R16-2
Added Pin To Net: NetName=NetDS2_1 Pin=R17-1
Added Pin To Net: NetName=3V3 Pin=R17-2
Added Pin To Net: NetName=CAN L Pin=R18-1
Added Pin To Net: NetName=NetJ3_2 Pin=R18-2
Added Pin To Net: NetName=CAN TX Pin=R19-1
Added Pin To Net: NetName=CAN TX LED Pin=R19-2
Added Pin To Net: NetName=CAN RX Pin=R20-1
Added Pin To Net: NetName=CAN RX LED Pin=R20-2
Added Pin To Net: NetName=PWR FB Pin=R23-1
Added Pin To Net: NetName=3V3 Pin=R23-2
Added Pin To Net: NetName=GND Pin=R24-1
Added Pin To Net: NetName=PWR FB Pin=R24-2
Added Pin To Net: NetName=GND Pin=SW1-1
Added Pin To Net: NetName=NRST Pin=SW1-2
Added Pin To Net: NetName=CAN H Pin=TP1-1
Added Pin To Net: NetName=ISO CAN TX Pin=TP2-1
Added Pin To Net: NetName=CAN TX Pin=TP3-1
Added Pin To Net: NetName=CAN L Pin=TP4-1
Added Pin To Net: NetName=ISO CAN RX Pin=TP5-1
Added Pin To Net: NetName=CAN RX Pin=TP6-1
Added Pin To Net: NetName=3V3 Pin=TP7-1
Added Pin To Net: NetName=PWR FB Pin=TP9-1
Added Pin To Net: NetName=3V3 Pin=U1-1
Added Pin To Net: NetName=IMD MV Pin=U1-3
Added Pin To Net: NetName=IMD MLV Pin=U1-4
Added Pin To Net: NetName=IMD SV Pin=U1-5
Added Pin To Net: NetName=GND Pin=U1-7
Added Pin To Net: NetName=GND Pin=U1-8
Added Pin To Net: NetName=GND Pin=U1-9
Added Pin To Net: NetName=3V3 Pin=U1-10
Added Pin To Net: NetName=IMD STAT Pin=U1-12
Added Pin To Net: NetName=NetU1_13 Pin=U1-13
Added Pin To Net: NetName=IMD MEAS Pin=U1-14
Added Pin To Net: NetName=GND Pin=U1-15
Added Pin To Net: NetName=3V3 Pin=U1-16
Added Pin To Net: NetName=3V3 Pin=U2-1
Added Pin To Net: NetName=OSC IN Pin=U2-5
Added Pin To Net: NetName=GND Pin=U2-6
Added Pin To Net: NetName=NRST Pin=U2-7
Added Pin To Net: NetName=GND Pin=U2-8
Added Pin To Net: NetName=3V3 Pin=U2-9
Added Pin To Net: NetName=IMD MEAS Pin=U2-10
Added Pin To Net: NetName=IMD STAT Pin=U2-11
Added Pin To Net: NetName=IMD STAT Pin=U2-19
Added Pin To Net: NetName=GND Pin=U2-23
Added Pin To Net: NetName=3V3 Pin=U2-24
Added Pin To Net: NetName=LED0 Pin=U2-27
Added Pin To Net: NetName=LED1 Pin=U2-28
Added Pin To Net: NetName=USART1 TX Pin=U2-30
Added Pin To Net: NetName=USART1 RX Pin=U2-31
Added Pin To Net: NetName=CAN RX Pin=U2-32
Added Pin To Net: NetName=CAN TX Pin=U2-33
Added Pin To Net: NetName=SWDIO Pin=U2-34
Added Pin To Net: NetName=GND Pin=U2-35
Added Pin To Net: NetName=3V3 Pin=U2-36
Added Pin To Net: NetName=SWCLK Pin=U2-37
Added Pin To Net: NetName=GND Pin=U2-47
Added Pin To Net: NetName=3V3 Pin=U2-48
Added Pin To Net: NetName=3V3 Pin=U3-1
Added Pin To Net: NetName=GND Pin=U3-2
Added Pin To Net: NetName=OSC IN Pin=U3-3
Added Pin To Net: NetName=3V3 Pin=U3-4
Added Pin To Net: NetName=ISO CAN TX Pin=U4-1
Added Pin To Net: NetName=ISO GND Pin=U4-2
Added Pin To Net: NetName=ISO 3V3 Pin=U4-3
Added Pin To Net: NetName=ISO CAN RX Pin=U4-4
Added Pin To Net: NetName=CAN LBK Pin=U4-5
Added Pin To Net: NetName=CAN L Pin=U4-6
Added Pin To Net: NetName=CAN H Pin=U4-7
Added Pin To Net: NetName=ISO GND Pin=U4-8
Added Pin To Net: NetName=3V3 Pin=U5-1
Added Pin To Net: NetName=CAN TX Pin=U5-2
Added Pin To Net: NetName=CAN RX Pin=U5-3
Added Pin To Net: NetName=GND Pin=U5-4
Added Pin To Net: NetName=ISO GND Pin=U5-5
Added Pin To Net: NetName=ISO CAN RX Pin=U5-6
Added Pin To Net: NetName=ISO CAN TX Pin=U5-7
Added Pin To Net: NetName=ISO 3V3 Pin=U5-8
Added Member To Class: ClassName=IMD Member=Component C1 100nF
Added Member To Class: ClassName=IMD Member=Component C2 100nF
Added Member To Class: ClassName=MICROCONTROLLER Member=Component C3 100nF
Added Member To Class: ClassName=MICROCONTROLLER Member=Component C4 4u7
Added Member To Class: ClassName=MICROCONTROLLER Member=Component C5 100nF
Added Member To Class: ClassName=MICROCONTROLLER Member=Component C6 4u7
Added Member To Class: ClassName=MICROCONTROLLER Member=Component C7 100nF
Added Member To Class: ClassName=MICROCONTROLLER Member=Component C8 4u7
Added Member To Class: ClassName=MICROCONTROLLER Member=Component C9 100nF
Added Member To Class: ClassName=MICROCONTROLLER Member=Component C10 100nF
Added Member To Class: ClassName=CANBUS Member=Component C11 100nF
Added Member To Class: ClassName=CANBUS Member=Component C12 100nF
Added Member To Class: ClassName=CANBUS Member=Component C13 100nF
Added Member To Class: ClassName=POWER SUPPLY Member=Component C15 47uF 16V 1210
Added Member To Class: ClassName=POWER SUPPLY Member=Component C16 47uF 16V 1210
Added Member To Class: ClassName=SHUTDOWN Member=Component D1 1N4448WQ-7-F
Added Member To Class: ClassName=CANBUS Member=Component D2 NUP2105L
Added Member To Class: ClassName=MICROCONTROLLER Member=Component DS1 LED Orange
Added Member To Class: ClassName=MICROCONTROLLER Member=Component DS2 LED Orange
Added Member To Class: ClassName=CANBUS Member=Component DS3 LED Blue 0603
Added Member To Class: ClassName=CANBUS Member=Component DS4 LED Blue 0603
Added Member To Class: ClassName=MICROCONTROLLER Member=Component J2 IDC 10P 2x5 1.27mm
Added Member To Class: ClassName=CANBUS Member=Component J3 Jumper 2Way Pins
Added Member To Class: ClassName=CANBUS Member=Component J4 Jumper 2Way Pins
Added Member To Class: ClassName=CANBUS Member=Component J5 Jumper 2Way Pins
Added Member To Class: ClassName=MICROCONTROLLER Member=Component P1 UART
Added Member To Class: ClassName=SHUTDOWN Member=Component Q1
Added Member To Class: ClassName=IMD Member=Component R1 2k2
Added Member To Class: ClassName=IMD Member=Component R2 2k2
Added Member To Class: ClassName=IMD Member=Component R3 2k2
Added Member To Class: ClassName=IMD Member=Component R4 10k
Added Member To Class: ClassName=IMD Member=Component R5 3k9
Added Member To Class: ClassName=IMD Member=Component R6 10k
Added Member To Class: ClassName=IMD Member=Component R7 3k9
Added Member To Class: ClassName=IMD Member=Component R8 10k
Added Member To Class: ClassName=IMD Member=Component R9 3k9
Added Member To Class: ClassName=SHUTDOWN Member=Component R10 1K
Added Member To Class: ClassName=MICROCONTROLLER Member=Component R15 4k7
Added Member To Class: ClassName=MICROCONTROLLER Member=Component R16 330R
Added Member To Class: ClassName=MICROCONTROLLER Member=Component R17 330R
Added Member To Class: ClassName=CANBUS Member=Component R18 120R 1% 1210
Added Member To Class: ClassName=CANBUS Member=Component R19 330R
Added Member To Class: ClassName=CANBUS Member=Component R20 330R
Added Member To Class: ClassName=POWER SUPPLY Member=Component R23 64k9 1%
Added Member To Class: ClassName=POWER SUPPLY Member=Component R24 19k6 1%
Added Member To Class: ClassName=MICROCONTROLLER Member=Component SW1 B3U-1000P
Added Member To Class: ClassName=CANBUS Member=Component TP1 TestPoint_SMD
Added Member To Class: ClassName=CANBUS Member=Component TP2 TestPoint_SMD
Added Member To Class: ClassName=CANBUS Member=Component TP3 TestPoint_SMD
Added Member To Class: ClassName=CANBUS Member=Component TP4 TestPoint_SMD
Added Member To Class: ClassName=CANBUS Member=Component TP5 TestPoint_SMD
Added Member To Class: ClassName=CANBUS Member=Component TP6 TestPoint_SMD
Added Member To Class: ClassName=POWER SUPPLY Member=Component TP7 TestPoint_SMD
Added Member To Class: ClassName=POWER SUPPLY Member=Component TP9 TestPoint_SMD
Added Member To Class: ClassName=IMD Member=Component U1 SI8640BB-B-IS1R
Added Member To Class: ClassName=MICROCONTROLLER Member=Component U2 STM32F042C6
Added Member To Class: ClassName=MICROCONTROLLER Member=Component U3 DSC1001DI1-008.0000T
Added Member To Class: ClassName=CANBUS Member=Component U4 SN65HVD233
Added Member To Class: ClassName=CANBUS Member=Component U5 Si8621BC-B-IS
Added Room: Name=CANBUS
Added Room: Name=IMD
Added Room: Name=MICROCONTROLLER
Added Room: Name=POWER SUPPLY
Added Room: Name=SHDN-IMD-S01-V00-IMDDaughter
Added Room: Name=SHUTDOWN
